[ 2017-07-18T11:53:48+08:00 ] ::1 /
INFO: [ app_init ] --START--
INFO: Run Behavior\BuildLiteBehavior [ RunTime:0.000000s ]
INFO: [ app_init ] --END-- [ RunTime:0.001000s ]
INFO: [ app_begin ] --START--
INFO: Run Behavior\ReadHtmlCacheBehavior [ RunTime:0.000000s ]
INFO: [ app_begin ] --END-- [ RunTime:0.000000s ]
SQL: SHOW COLUMNS FROM `dq_column` [ RunTime:0.0276s ]
SQL: SELECT `column_images` FROM `dq_column` WHERE `column_type` = 1 AND `column_show` = 1 ORDER BY column_sort asc LIMIT 4   [ RunTime:0.0000s ]
SQL: SELECT `column_type`,`column_images` FROM `dq_column` WHERE `column_type` > 1 AND `column_show` = 1 ORDER BY column_sort asc  [ RunTime:0.0000s ]
SQL: SHOW COLUMNS FROM `dq_config` [ RunTime:0.0130s ]
SQL: SELECT * FROM `dq_config` LIMIT 1   [ RunTime:0.0010s ]
SQL: SHOW COLUMNS FROM `dq_goods` [ RunTime:0.0740s ]
SQL: SELECT `id`,`name`,`jifen`,`pic`,`xianjing` FROM `dq_goods` WHERE `is_show` = 1 AND `fid` = 14 ORDER BY paixu desc LIMIT 10   [ RunTime:0.0220s ]
SQL: SELECT `id`,`name`,`jifen`,`pic`,`xianjing` FROM `dq_goods` WHERE `is_show` = 1 AND `index_post` = 1 ORDER BY paixu desc LIMIT 12   [ RunTime:0.0020s ]
SQL: SELECT `id`,`name`,`jifen`,`pic`,`xianjing` FROM `dq_goods` WHERE `is_show` = 1 AND `index_post` = 2 ORDER BY paixu desc LIMIT 12   [ RunTime:0.0020s ]
SQL: SELECT `id`,`name`,`jifen`,`pic`,`xianjing` FROM `dq_goods` WHERE `is_show` = 1 AND `index_post` = 3 ORDER BY paixu desc LIMIT 2   [ RunTime:0.0010s ]
SQL: SELECT `id`,`name`,`jifen`,`pic`,`xianjing` FROM `dq_goods` WHERE `is_show` = 1 AND `index_post` = 3 ORDER BY paixu desc LIMIT 2,12   [ RunTime:0.0020s ]
SQL: SELECT `id`,`name`,`jifen`,`pic`,`xianjing` FROM `dq_goods` WHERE `is_show` = 1 AND `index_post` = 4 ORDER BY paixu desc LIMIT 2   [ RunTime:0.0010s ]
SQL: SELECT `id`,`name`,`jifen`,`pic`,`xianjing` FROM `dq_goods` WHERE `is_show` = 1 AND `index_post` = 4 ORDER BY paixu desc LIMIT 2,12   [ RunTime:0.0010s ]
SQL: SHOW COLUMNS FROM `dq_message` [ RunTime:0.0170s ]
SQL: SELECT * FROM `dq_message` WHERE ( gb_dell=0 and gb_read=0 )  [ RunTime:0.0000s ]
INFO: [ view_parse ] --START--
INFO: [ template_filter ] --START--
INFO: Run Behavior\ContentReplaceBehavior [ RunTime:0.000000s ]
INFO: [ template_filter ] --END-- [ RunTime:0.000000s ]
NOTIC: [8] Undefined variable: bh D:\phpStudy\www\App\Runtime\Cache\Shangcheng\7cd59b35e99779a97088ae965b0c3710.php 第 69 行.
NOTIC: [8] Undefined variable: v D:\phpStudy\www\App\Runtime\Cache\Shangcheng\7cd59b35e99779a97088ae965b0c3710.php 第 318 行.
NOTIC: [8] Undefined variable: v D:\phpStudy\www\App\Runtime\Cache\Shangcheng\7cd59b35e99779a97088ae965b0c3710.php 第 318 行.
INFO: Run Behavior\ParseTemplateBehavior [ RunTime:0.018001s ]
INFO: [ view_parse ] --END-- [ RunTime:0.018001s ]
INFO: [ view_filter ] --START--
INFO: Run Behavior\WriteHtmlCacheBehavior [ RunTime:0.000000s ]
INFO: Run Behavior\TokenBuildBehavior [ RunTime:0.001000s ]
INFO: [ view_filter ] --END-- [ RunTime:0.001000s ]
INFO: [ app_end ] --START--
INFO: Run Behavior\ShowPageTraceBehavior [ RunTime:0.000000s ]
INFO: [ app_end ] --END-- [ RunTime:0.000000s ]

[ 2017-07-18T11:53:49+08:00 ] ::1 /
INFO: [ app_init ] --START--
INFO: Run Behavior\BuildLiteBehavior [ RunTime:0.000000s ]
INFO: [ app_init ] --END-- [ RunTime:0.000000s ]
INFO: [ app_begin ] --START--
INFO: Run Behavior\ReadHtmlCacheBehavior [ RunTime:0.000000s ]
INFO: [ app_begin ] --END-- [ RunTime:0.000000s ]
SQL: SHOW COLUMNS FROM `dq_column` [ RunTime:0.0100s ]
SQL: SELECT `column_images` FROM `dq_column` WHERE `column_type` = 1 AND `column_show` = 1 ORDER BY column_sort asc LIMIT 4   [ RunTime:0.0010s ]
SQL: SELECT `column_type`,`column_images` FROM `dq_column` WHERE `column_type` > 1 AND `column_show` = 1 ORDER BY column_sort asc  [ RunTime:0.0000s ]
SQL: SHOW COLUMNS FROM `dq_config` [ RunTime:0.0100s ]
SQL: SELECT * FROM `dq_config` LIMIT 1   [ RunTime:0.0010s ]
SQL: SHOW COLUMNS FROM `dq_goods` [ RunTime:0.0080s ]
SQL: SELECT `id`,`name`,`jifen`,`pic`,`xianjing` FROM `dq_goods` WHERE `is_show` = 1 AND `fid` = 14 ORDER BY paixu desc LIMIT 10   [ RunTime:0.0020s ]
SQL: SELECT `id`,`name`,`jifen`,`pic`,`xianjing` FROM `dq_goods` WHERE `is_show` = 1 AND `index_post` = 1 ORDER BY paixu desc LIMIT 12   [ RunTime:0.0030s ]
SQL: SELECT `id`,`name`,`jifen`,`pic`,`xianjing` FROM `dq_goods` WHERE `is_show` = 1 AND `index_post` = 2 ORDER BY paixu desc LIMIT 12   [ RunTime:0.0020s ]
SQL: SELECT `id`,`name`,`jifen`,`pic`,`xianjing` FROM `dq_goods` WHERE `is_show` = 1 AND `index_post` = 3 ORDER BY paixu desc LIMIT 2   [ RunTime:0.0020s ]
SQL: SELECT `id`,`name`,`jifen`,`pic`,`xianjing` FROM `dq_goods` WHERE `is_show` = 1 AND `index_post` = 3 ORDER BY paixu desc LIMIT 2,12   [ RunTime:0.0020s ]
SQL: SELECT `id`,`name`,`jifen`,`pic`,`xianjing` FROM `dq_goods` WHERE `is_show` = 1 AND `index_post` = 4 ORDER BY paixu desc LIMIT 2   [ RunTime:0.0020s ]
SQL: SELECT `id`,`name`,`jifen`,`pic`,`xianjing` FROM `dq_goods` WHERE `is_show` = 1 AND `index_post` = 4 ORDER BY paixu desc LIMIT 2,12   [ RunTime:0.0030s ]
SQL: SHOW COLUMNS FROM `dq_message` [ RunTime:0.0080s ]
SQL: SELECT * FROM `dq_message` WHERE ( gb_dell=0 and gb_read=0 )  [ RunTime:0.0010s ]
INFO: [ view_parse ] --START--
INFO: [ template_filter ] --START--
INFO: Run Behavior\ContentReplaceBehavior [ RunTime:0.000000s ]
INFO: [ template_filter ] --END-- [ RunTime:0.000000s ]
NOTIC: [8] Undefined variable: bh D:\phpStudy\www\App\Runtime\Cache\Shangcheng\7cd59b35e99779a97088ae965b0c3710.php 第 69 行.
NOTIC: [8] Undefined variable: v D:\phpStudy\www\App\Runtime\Cache\Shangcheng\7cd59b35e99779a97088ae965b0c3710.php 第 318 行.
NOTIC: [8] Undefined variable: v D:\phpStudy\www\App\Runtime\Cache\Shangcheng\7cd59b35e99779a97088ae965b0c3710.php 第 318 行.
INFO: Run Behavior\ParseTemplateBehavior [ RunTime:0.028002s ]
INFO: [ view_parse ] --END-- [ RunTime:0.029002s ]
INFO: [ view_filter ] --START--
INFO: Run Behavior\WriteHtmlCacheBehavior [ RunTime:0.000000s ]
INFO: Run Behavior\TokenBuildBehavior [ RunTime:0.001000s ]
INFO: [ view_filter ] --END-- [ RunTime:0.001000s ]
INFO: [ app_end ] --START--
INFO: Run Behavior\ShowPageTraceBehavior [ RunTime:0.002000s ]
INFO: [ app_end ] --END-- [ RunTime:0.002000s ]

[ 2017-07-18T11:53:49+08:00 ] 127.0.0.1 /Uploads/Tmp/20161015/5801a74c37e04.png
INFO: [ app_init ] --START--
INFO: Run Behavior\BuildLiteBehavior [ RunTime:0.000000s ]
INFO: [ app_init ] --END-- [ RunTime:0.000000s ]

[ 2017-07-18T11:53:49+08:00 ] ::1 /Uploads/Tmp/20161124/583680f4ad6a5.jpg
INFO: [ app_init ] --START--
INFO: Run Behavior\BuildLiteBehavior [ RunTime:0.000000s ]
INFO: [ app_init ] --END-- [ RunTime:0.000000s ]

[ 2017-07-18T11:53:49+08:00 ] ::1 /Uploads/Tmp/20161124/583680fee77ed.jpg
INFO: [ app_init ] --START--
INFO: Run Behavior\BuildLiteBehavior [ RunTime:0.000000s ]
INFO: [ app_init ] --END-- [ RunTime:0.000000s ]

[ 2017-07-18T11:53:49+08:00 ] 127.0.0.1 /Uploads/Tmp/20161124/5836810a4b390.jpg
INFO: [ app_init ] --START--
INFO: Run Behavior\BuildLiteBehavior [ RunTime:0.000000s ]
INFO: [ app_init ] --END-- [ RunTime:0.000000s ]

[ 2017-07-18T11:53:49+08:00 ] ::1 /Uploads/Tmp/20161124/58368112e2582.jpg
INFO: [ app_init ] --START--
INFO: Run Behavior\BuildLiteBehavior [ RunTime:0.000000s ]
INFO: [ app_init ] --END-- [ RunTime:0.001000s ]

[ 2017-07-18T11:53:49+08:00 ] ::1 /Uploads/Images/20161122/mini/5833b79aa4713.jpg
INFO: [ app_init ] --START--
INFO: Run Behavior\BuildLiteBehavior [ RunTime:0.000000s ]
INFO: [ app_init ] --END-- [ RunTime:0.000000s ]

[ 2017-07-18T11:53:49+08:00 ] ::1 /Uploads/Images/20161122/mini/5833b72dbc8e6.jpg
INFO: [ app_init ] --START--
INFO: Run Behavior\BuildLiteBehavior [ RunTime:0.000000s ]
INFO: [ app_init ] --END-- [ RunTime:0.000000s ]

[ 2017-07-18T11:53:49+08:00 ] ::1 /Uploads/Images/20161122/mini/5833b76984819.jpg
INFO: [ app_init ] --START--
INFO: Run Behavior\BuildLiteBehavior [ RunTime:0.000000s ]
INFO: [ app_init ] --END-- [ RunTime:0.000000s ]

[ 2017-07-18T11:53:49+08:00 ] ::1 /Uploads/Images/20161122/mini/5833b6e9aa071.jpg
INFO: [ app_init ] --START--
INFO: Run Behavior\BuildLiteBehavior [ RunTime:0.000000s ]
INFO: [ app_init ] --END-- [ RunTime:0.000000s ]

[ 2017-07-18T11:53:49+08:00 ] ::1 /Uploads/Images/20161122/mini/5833b7e9ec982.jpg
INFO: [ app_init ] --START--
INFO: Run Behavior\BuildLiteBehavior [ RunTime:0.000000s ]
INFO: [ app_init ] --END-- [ RunTime:0.001000s ]

[ 2017-07-18T11:53:49+08:00 ] ::1 /Uploads/Images/20161122/mini/5833b6110ea8a.jpg
INFO: [ app_init ] --START--
INFO: Run Behavior\BuildLiteBehavior [ RunTime:0.000000s ]
INFO: [ app_init ] --END-- [ RunTime:0.000000s ]

[ 2017-07-18T11:53:49+08:00 ] 127.0.0.1 /Uploads/Images/20161122/mini/5833b7041a5a7.jpg
INFO: [ app_init ] --START--
INFO: Run Behavior\BuildLiteBehavior [ RunTime:0.000000s ]
INFO: [ app_init ] --END-- [ RunTime:0.000000s ]

[ 2017-07-18T11:53:49+08:00 ] ::1 /Uploads/Images/20170516/mini/591a76ad01ff9.jpg
INFO: [ app_init ] --START--
INFO: Run Behavior\BuildLiteBehavior [ RunTime:0.000000s ]
INFO: [ app_init ] --END-- [ RunTime:0.000000s ]

[ 2017-07-18T11:53:49+08:00 ] ::1 /Uploads/Images/20170516/mini/591a786fafdf5.jpg
INFO: [ app_init ] --START--
INFO: Run Behavior\BuildLiteBehavior [ RunTime:0.000000s ]
INFO: [ app_init ] --END-- [ RunTime:0.000000s ]

[ 2017-07-18T11:53:49+08:00 ] ::1 /Uploads/Images/20161122/mini/5833b571a34fd.jpg
INFO: [ app_init ] --START--
INFO: Run Behavior\BuildLiteBehavior [ RunTime:0.000000s ]
INFO: [ app_init ] --END-- [ RunTime:0.000000s ]

[ 2017-07-18T11:53:49+08:00 ] ::1 /Uploads/Images/20170516/mini/591a6d2b24c31.jpg
INFO: [ app_init ] --START--
INFO: Run Behavior\BuildLiteBehavior [ RunTime:0.000000s ]
INFO: [ app_init ] --END-- [ RunTime:0.000000s ]

[ 2017-07-18T11:53:49+08:00 ] ::1 /Uploads/Images/20170504/mini/590aa223f0312.jpg
INFO: [ app_init ] --START--
INFO: Run Behavior\BuildLiteBehavior [ RunTime:0.000000s ]
INFO: [ app_init ] --END-- [ RunTime:0.001000s ]

[ 2017-07-18T11:53:49+08:00 ] ::1 /Uploads/Images/20170524/mini/5924febadc05d.jpg
INFO: [ app_init ] --START--
INFO: Run Behavior\BuildLiteBehavior [ RunTime:0.000000s ]
INFO: [ app_init ] --END-- [ RunTime:0.001000s ]

[ 2017-07-18T11:53:49+08:00 ] ::1 /Uploads/Images/20161125/mini/5837e09c01a36.jpg
INFO: [ app_init ] --START--
INFO: Run Behavior\BuildLiteBehavior [ RunTime:0.000000s ]
INFO: [ app_init ] --END-- [ RunTime:0.000000s ]

[ 2017-07-18T11:53:49+08:00 ] 127.0.0.1 /Uploads/Images/20170526/mini/592795bac6011.jpg
INFO: [ app_init ] --START--
INFO: Run Behavior\BuildLiteBehavior [ RunTime:0.000000s ]
INFO: [ app_init ] --END-- [ RunTime:0.000000s ]

[ 2017-07-18T11:53:49+08:00 ] ::1 /Uploads/Images/20161125/mini/5837e05f8a7d1.jpg
INFO: [ app_init ] --START--
INFO: Run Behavior\BuildLiteBehavior [ RunTime:0.000000s ]
INFO: [ app_init ] --END-- [ RunTime:0.000000s ]

[ 2017-07-18T11:53:49+08:00 ] ::1 /Uploads/Images/20170526/mini/592795920f552.jpg
INFO: [ app_init ] --START--
INFO: Run Behavior\BuildLiteBehavior [ RunTime:0.000000s ]
INFO: [ app_init ] --END-- [ RunTime:0.001001s ]

[ 2017-07-18T11:53:49+08:00 ] 127.0.0.1 /Uploads/Images/20161125/mini/5837e04059378.jpg
INFO: [ app_init ] --START--
INFO: Run Behavior\BuildLiteBehavior [ RunTime:0.000000s ]
INFO: [ app_init ] --END-- [ RunTime:0.000000s ]

[ 2017-07-18T11:53:49+08:00 ] ::1 /Uploads/Images/20170526/mini/592797f9bbd5d.jpg
INFO: [ app_init ] --START--
INFO: Run Behavior\BuildLiteBehavior [ RunTime:0.000000s ]
INFO: [ app_init ] --END-- [ RunTime:0.001000s ]

[ 2017-07-18T11:53:49+08:00 ] ::1 /Uploads/Images/20170526/mini/5927977e9ec93.jpg
INFO: [ app_init ] --START--
INFO: Run Behavior\BuildLiteBehavior [ RunTime:0.000000s ]
INFO: [ app_init ] --END-- [ RunTime:0.001000s ]

[ 2017-07-18T11:53:49+08:00 ] ::1 /Uploads/Images/20161125/mini/5837e04012345.jpg
INFO: [ app_init ] --START--
INFO: Run Behavior\BuildLiteBehavior [ RunTime:0.000000s ]
INFO: [ app_init ] --END-- [ RunTime:0.000000s ]

[ 2017-07-18T11:53:49+08:00 ] ::1 /Uploads/Images/20161125/mini/5837e0560f9ab.jpg
INFO: [ app_init ] --START--
INFO: Run Behavior\BuildLiteBehavior [ RunTime:0.000000s ]
INFO: [ app_init ] --END-- [ RunTime:0.000000s ]

[ 2017-07-18T11:53:49+08:00 ] ::1 /Uploads/Images/20170526/mini/59279628a59d6.jpg
INFO: [ app_init ] --START--
INFO: Run Behavior\BuildLiteBehavior [ RunTime:0.000000s ]
INFO: [ app_init ] --END-- [ RunTime:0.000000s ]

[ 2017-07-18T11:53:49+08:00 ] ::1 /Uploads/Images/20161125/mini/5837e0598cb7c.jpg
INFO: [ app_init ] --START--
INFO: Run Behavior\BuildLiteBehavior [ RunTime:0.000000s ]
INFO: [ app_init ] --END-- [ RunTime:0.000000s ]

[ 2017-07-18T11:53:49+08:00 ] 127.0.0.1 /Uploads/Images/20161125/mini/5837e0e6406c0.jpg
INFO: [ app_init ] --START--
INFO: Run Behavior\BuildLiteBehavior [ RunTime:0.000000s ]
INFO: [ app_init ] --END-- [ RunTime:0.000000s ]

[ 2017-07-18T11:53:49+08:00 ] ::1 /Uploads/Images/20170320/mini/58cf6e1868e43.jpg
INFO: [ app_init ] --START--
INFO: Run Behavior\BuildLiteBehavior [ RunTime:0.000000s ]
INFO: [ app_init ] --END-- [ RunTime:0.000000s ]

[ 2017-07-18T11:53:49+08:00 ] ::1 /Uploads/Images/20161125/mini/5837e135a4c7f.jpg
INFO: [ app_init ] --START--
INFO: Run Behavior\BuildLiteBehavior [ RunTime:0.000000s ]
INFO: [ app_init ] --END-- [ RunTime:0.001001s ]

[ 2017-07-18T11:53:49+08:00 ] ::1 /Uploads/Images/20161125/mini/5837e10969fcc.jpg
INFO: [ app_init ] --START--
INFO: Run Behavior\BuildLiteBehavior [ RunTime:0.000000s ]
INFO: [ app_init ] --END-- [ RunTime:0.001000s ]

[ 2017-07-18T11:53:49+08:00 ] ::1 /Uploads/Images/20161125/mini/5837e0c9d8293.jpg
INFO: [ app_init ] --START--
INFO: Run Behavior\BuildLiteBehavior [ RunTime:0.000000s ]
INFO: [ app_init ] --END-- [ RunTime:0.000000s ]

[ 2017-07-18T11:53:49+08:00 ] ::1 /Uploads/Images/20161125/mini/5837e0e535111.jpg
INFO: [ app_init ] --START--
INFO: Run Behavior\BuildLiteBehavior [ RunTime:0.000000s ]
INFO: [ app_init ] --END-- [ RunTime:0.000000s ]

[ 2017-07-18T11:53:49+08:00 ] ::1 /Uploads/Images/20161125/mini/5837e104d054b.jpg
INFO: [ app_init ] --START--
INFO: Run Behavior\BuildLiteBehavior [ RunTime:0.000000s ]
INFO: [ app_init ] --END-- [ RunTime:0.001000s ]

[ 2017-07-18T11:53:49+08:00 ] ::1 /Uploads/Images/20161125/mini/5837e0e625cce.jpg
INFO: [ app_init ] --START--
INFO: Run Behavior\BuildLiteBehavior [ RunTime:0.000000s ]
INFO: [ app_init ] --END-- [ RunTime:0.000000s ]

[ 2017-07-18T11:53:49+08:00 ] ::1 /Uploads/Images/20161125/mini/5837e1168c51c.jpg
INFO: [ app_init ] --START--
INFO: Run Behavior\BuildLiteBehavior [ RunTime:0.000000s ]
INFO: [ app_init ] --END-- [ RunTime:0.000000s ]

[ 2017-07-18T11:53:49+08:00 ] ::1 /Uploads/Images/20161125/mini/5837e12d0d62b.jpg
INFO: [ app_init ] --START--
INFO: Run Behavior\BuildLiteBehavior [ RunTime:0.000000s ]
INFO: [ app_init ] --END-- [ RunTime:0.001000s ]

[ 2017-07-18T11:53:49+08:00 ] ::1 /Uploads/Images/20161125/mini/5837e1400068d.jpg
INFO: [ app_init ] --START--
INFO: Run Behavior\BuildLiteBehavior [ RunTime:0.000000s ]
INFO: [ app_init ] --END-- [ RunTime:0.000000s ]

[ 2017-07-18T11:53:49+08:00 ] ::1 /Uploads/Images/20161125/mini/5837e1450ad88.jpg
INFO: [ app_init ] --START--
INFO: Run Behavior\BuildLiteBehavior [ RunTime:0.000000s ]
INFO: [ app_init ] --END-- [ RunTime:0.000000s ]

[ 2017-07-18T11:53:49+08:00 ] ::1 /Uploads/Images/20170105/mini/586dfd69deb36.jpg
INFO: [ app_init ] --START--
INFO: Run Behavior\BuildLiteBehavior [ RunTime:0.000000s ]
INFO: [ app_init ] --END-- [ RunTime:0.000000s ]

[ 2017-07-18T11:53:49+08:00 ] ::1 /Uploads/Images/20161122/mini/5833b76ec15ed.jpg
INFO: [ app_init ] --START--
INFO: Run Behavior\BuildLiteBehavior [ RunTime:0.000000s ]
INFO: [ app_init ] --END-- [ RunTime:0.000000s ]

[ 2017-07-18T11:53:49+08:00 ] ::1 /Uploads/Images/20161125/mini/5837dedd5a8ed.jpg
INFO: [ app_init ] --START--
INFO: Run Behavior\BuildLiteBehavior [ RunTime:0.000000s ]
INFO: [ app_init ] --END-- [ RunTime:0.000000s ]

[ 2017-07-18T11:53:49+08:00 ] 127.0.0.1 /Uploads/Images/20161125/mini/5837e0cbc4162.jpg
INFO: [ app_init ] --START--
INFO: Run Behavior\BuildLiteBehavior [ RunTime:0.000000s ]
INFO: [ app_init ] --END-- [ RunTime:0.000000s ]

[ 2017-07-18T11:53:49+08:00 ] ::1 /Uploads/Images/20161125/mini/5837df039112f.jpg
INFO: [ app_init ] --START--
INFO: Run Behavior\BuildLiteBehavior [ RunTime:0.000000s ]
INFO: [ app_init ] --END-- [ RunTime:0.000000s ]

[ 2017-07-18T11:53:49+08:00 ] ::1 /Uploads/Images/20161125/mini/5837dfc310f43.jpg
INFO: [ app_init ] --START--
INFO: Run Behavior\BuildLiteBehavior [ RunTime:0.000000s ]
INFO: [ app_init ] --END-- [ RunTime:0.000000s ]

[ 2017-07-18T11:53:49+08:00 ] ::1 /Uploads/Images/20161125/mini/5837df5feb642.jpg
INFO: [ app_init ] --START--
INFO: Run Behavior\BuildLiteBehavior [ RunTime:0.000000s ]
INFO: [ app_init ] --END-- [ RunTime:0.000000s ]

[ 2017-07-18T11:53:49+08:00 ] ::1 /Uploads/Images/20161125/mini/5837df38db9af.jpg
INFO: [ app_init ] --START--
INFO: Run Behavior\BuildLiteBehavior [ RunTime:0.000000s ]
INFO: [ app_init ] --END-- [ RunTime:0.000000s ]

[ 2017-07-18T11:53:49+08:00 ] ::1 /Uploads/Images/20161125/mini/5837dfa1318ad.jpg
INFO: [ app_init ] --START--
INFO: Run Behavior\BuildLiteBehavior [ RunTime:0.000000s ]
INFO: [ app_init ] --END-- [ RunTime:0.001000s ]

[ 2017-07-18T11:53:49+08:00 ] ::1 /Uploads/Images/20161125/mini/5837e02c10ab5.jpg
INFO: [ app_init ] --START--
INFO: Run Behavior\BuildLiteBehavior [ RunTime:0.000000s ]
INFO: [ app_init ] --END-- [ RunTime:0.000000s ]

[ 2017-07-18T11:53:49+08:00 ] ::1 /Uploads/Images/20161124/mini/5836b5ddee9ac.jpg
INFO: [ app_init ] --START--
INFO: Run Behavior\BuildLiteBehavior [ RunTime:0.000000s ]
INFO: [ app_init ] --END-- [ RunTime:0.000000s ]

[ 2017-07-18T11:53:49+08:00 ] ::1 /Uploads/Images/20161125/mini/5837e00dceeb8.jpg
INFO: [ app_init ] --START--
INFO: Run Behavior\BuildLiteBehavior [ RunTime:0.000000s ]
INFO: [ app_init ] --END-- [ RunTime:0.000000s ]

[ 2017-07-18T11:53:49+08:00 ] 127.0.0.1 /Uploads/Images/20161125/mini/5837dfeb98f6b.jpg
INFO: [ app_init ] --START--
INFO: Run Behavior\BuildLiteBehavior [ RunTime:0.000000s ]
INFO: [ app_init ] --END-- [ RunTime:0.000000s ]

[ 2017-07-18T11:53:49+08:00 ] ::1 /Uploads/Images/20161124/mini/5836b62b73ca3.jpg
INFO: [ app_init ] --START--
INFO: Run Behavior\BuildLiteBehavior [ RunTime:0.000000s ]
INFO: [ app_init ] --END-- [ RunTime:0.001000s ]

[ 2017-07-18T11:53:50+08:00 ] ::1 /favicon.ico
INFO: [ app_init ] --START--
INFO: Run Behavior\BuildLiteBehavior [ RunTime:0.000000s ]
INFO: [ app_init ] --END-- [ RunTime:0.000000s ]

