[ 2017-08-01T09:48:08+08:00 ] ::1 /
INFO: [ app_init ] --START--
INFO: Run Behavior\BuildLiteBehavior [ RunTime:0.000000s ]
INFO: [ app_init ] --END-- [ RunTime:0.001000s ]
INFO: [ app_begin ] --START--
INFO: Run Behavior\ReadHtmlCacheBehavior [ RunTime:0.001000s ]
INFO: [ app_begin ] --END-- [ RunTime:0.001000s ]
SQL: SHOW COLUMNS FROM `dq_column` [ RunTime:0.0290s ]
SQL: SELECT `column_images` FROM `dq_column` WHERE `column_type` = 1 AND `column_show` = 1 ORDER BY column_sort asc LIMIT 4   [ RunTime:0.0000s ]
SQL: SELECT `column_type`,`column_images` FROM `dq_column` WHERE `column_type` > 1 AND `column_show` = 1 ORDER BY column_sort asc  [ RunTime:0.0000s ]
SQL: SHOW COLUMNS FROM `dq_config` [ RunTime:0.0070s ]
SQL: SELECT * FROM `dq_config` LIMIT 1   [ RunTime:0.0000s ]
SQL: SHOW COLUMNS FROM `dq_goods` [ RunTime:0.0450s ]
SQL: SELECT `id`,`name`,`jifen`,`pic`,`xianjing` FROM `dq_goods` WHERE `is_show` = 1 AND `fid` = 14 ORDER BY paixu desc LIMIT 10   [ RunTime:0.0000s ]
SQL: SELECT `id`,`name`,`jifen`,`pic`,`xianjing` FROM `dq_goods` WHERE `is_show` = 1 AND `index_post` = 1 ORDER BY paixu asc,date desc LIMIT 12   [ RunTime:0.0010s ]
SQL: SELECT `id`,`name`,`jifen`,`pic`,`xianjing` FROM `dq_goods` WHERE `is_show` = 1 AND `index_post` = 3 ORDER BY paixu asc,date desc LIMIT 2   [ RunTime:0.0010s ]
SQL: SELECT `id`,`name`,`jifen`,`pic`,`xianjing` FROM `dq_goods` WHERE `is_show` = 1 AND `index_post` = 3 ORDER BY paixu desc LIMIT 2,12   [ RunTime:0.0000s ]
SQL: SELECT `id`,`name`,`jifen`,`pic`,`xianjing` FROM `dq_goods` WHERE `is_show` = 1 AND `index_post` = 4 ORDER BY paixu asc,date desc LIMIT 2   [ RunTime:0.0000s ]
SQL: SELECT `id`,`name`,`jifen`,`pic`,`xianjing` FROM `dq_goods` WHERE `is_show` = 1 AND `index_post` = 4 ORDER BY paixu desc LIMIT 2,12   [ RunTime:0.0000s ]
SQL: SHOW COLUMNS FROM `dq_message` [ RunTime:0.0130s ]
SQL: SELECT * FROM `dq_message` WHERE ( gb_dell=0 and gb_read=0 )  [ RunTime:0.0000s ]
INFO: [ view_parse ] --START--
INFO: [ template_filter ] --START--
INFO: Run Behavior\ContentReplaceBehavior [ RunTime:0.000000s ]
INFO: [ template_filter ] --END-- [ RunTime:0.000000s ]
NOTIC: [8] Undefined variable: bh D:\phpStudy\www\App\Runtime\Cache\Shangcheng\7cd59b35e99779a97088ae965b0c3710.php 第 69 行.
NOTIC: [8] Undefined variable: aglist D:\phpStudy\www\App\Runtime\Cache\Shangcheng\7cd59b35e99779a97088ae965b0c3710.php 第 250 行.
NOTIC: [8] Undefined variable: v D:\phpStudy\www\App\Runtime\Cache\Shangcheng\7cd59b35e99779a97088ae965b0c3710.php 第 321 行.
NOTIC: [8] Undefined variable: v D:\phpStudy\www\App\Runtime\Cache\Shangcheng\7cd59b35e99779a97088ae965b0c3710.php 第 321 行.
INFO: Run Behavior\ParseTemplateBehavior [ RunTime:0.115007s ]
INFO: [ view_parse ] --END-- [ RunTime:0.115007s ]
INFO: [ view_filter ] --START--
INFO: Run Behavior\WriteHtmlCacheBehavior [ RunTime:0.014001s ]
INFO: Run Behavior\TokenBuildBehavior [ RunTime:0.002000s ]
INFO: [ view_filter ] --END-- [ RunTime:0.016001s ]
INFO: [ app_end ] --START--
INFO: Run Behavior\ShowPageTraceBehavior [ RunTime:0.001000s ]
INFO: [ app_end ] --END-- [ RunTime:0.001000s ]

[ 2017-08-01T09:48:08+08:00 ] ::1 /Uploads/Images/20170526/mini/59279bf30ed0b.jpg
INFO: [ app_init ] --START--
INFO: Run Behavior\BuildLiteBehavior [ RunTime:0.000000s ]
INFO: [ app_init ] --END-- [ RunTime:0.001001s ]

[ 2017-08-01T09:48:09+08:00 ] ::1 /favicon.ico
INFO: [ app_init ] --START--
INFO: Run Behavior\BuildLiteBehavior [ RunTime:0.000000s ]
INFO: [ app_init ] --END-- [ RunTime:0.000000s ]

[ 2017-08-01T09:48:21+08:00 ] ::1 /zhuce
INFO: [ app_init ] --START--
INFO: Run Behavior\BuildLiteBehavior [ RunTime:0.000000s ]
INFO: [ app_init ] --END-- [ RunTime:0.000000s ]
INFO: [ app_begin ] --START--
INFO: Run Behavior\ReadHtmlCacheBehavior [ RunTime:0.001000s ]
INFO: [ app_begin ] --END-- [ RunTime:0.001000s ]
ERR: 无法加载控制器:Zhuce

[ 2017-08-01T09:48:31+08:00 ] ::1 /l.html
INFO: [ app_init ] --START--
INFO: Run Behavior\BuildLiteBehavior [ RunTime:0.000000s ]
INFO: [ app_init ] --END-- [ RunTime:0.001000s ]
INFO: [ app_begin ] --START--
INFO: Run Behavior\ReadHtmlCacheBehavior [ RunTime:0.000000s ]
INFO: [ app_begin ] --END-- [ RunTime:0.000000s ]
INFO: [ view_parse ] --START--
INFO: [ template_filter ] --START--
INFO: Run Behavior\ContentReplaceBehavior [ RunTime:0.000000s ]
INFO: [ template_filter ] --END-- [ RunTime:0.000000s ]
NOTIC: [8] Undefined variable: bh D:\phpStudy\www\App\Runtime\Cache\Shangcheng\ac42893af67704303ef879a7c1472c35.php 第 26 行.
INFO: Run Behavior\ParseTemplateBehavior [ RunTime:0.032002s ]
INFO: [ view_parse ] --END-- [ RunTime:0.032002s ]
INFO: [ view_filter ] --START--
INFO: Run Behavior\WriteHtmlCacheBehavior [ RunTime:0.000000s ]
INFO: Run Behavior\TokenBuildBehavior [ RunTime:0.001000s ]
INFO: [ view_filter ] --END-- [ RunTime:0.001000s ]
INFO: [ app_end ] --START--
INFO: Run Behavior\ShowPageTraceBehavior [ RunTime:0.001000s ]
INFO: [ app_end ] --END-- [ RunTime:0.001000s ]

[ 2017-08-01T09:48:33+08:00 ] ::1 /r.html
INFO: [ app_init ] --START--
INFO: Run Behavior\BuildLiteBehavior [ RunTime:0.000000s ]
INFO: [ app_init ] --END-- [ RunTime:0.001000s ]
INFO: [ app_begin ] --START--
INFO: Run Behavior\ReadHtmlCacheBehavior [ RunTime:0.000000s ]
INFO: [ app_begin ] --END-- [ RunTime:0.000000s ]
INFO: [ view_parse ] --START--
INFO: [ template_filter ] --START--
INFO: Run Behavior\ContentReplaceBehavior [ RunTime:0.000000s ]
INFO: [ template_filter ] --END-- [ RunTime:0.000000s ]
NOTIC: [8] Undefined variable: config D:\phpStudy\www\App\Runtime\Cache\Shangcheng\e265e09b26376e3e6fbdadc19991cf9b.php 第 9 行.
NOTIC: [8] Undefined variable: config D:\phpStudy\www\App\Runtime\Cache\Shangcheng\e265e09b26376e3e6fbdadc19991cf9b.php 第 10 行.
INFO: Run Behavior\ParseTemplateBehavior [ RunTime:0.013000s ]
INFO: [ view_parse ] --END-- [ RunTime:0.013000s ]
INFO: [ view_filter ] --START--
INFO: Run Behavior\WriteHtmlCacheBehavior [ RunTime:0.000000s ]
INFO: Run Behavior\TokenBuildBehavior [ RunTime:0.001000s ]
INFO: [ view_filter ] --END-- [ RunTime:0.001000s ]
INFO: [ app_end ] --START--
INFO: Run Behavior\ShowPageTraceBehavior [ RunTime:0.000000s ]
INFO: [ app_end ] --END-- [ RunTime:0.000000s ]

[ 2017-08-01T09:48:33+08:00 ] ::1 /Public/Mobile/Shangchengpc/images/bg.png
INFO: [ app_init ] --START--
INFO: Run Behavior\BuildLiteBehavior [ RunTime:0.000000s ]
INFO: [ app_init ] --END-- [ RunTime:0.001000s ]

[ 2017-08-01T10:09:08+08:00 ] ::1 /
INFO: [ app_init ] --START--
INFO: Run Behavior\BuildLiteBehavior [ RunTime:0.000000s ]
INFO: [ app_init ] --END-- [ RunTime:0.000000s ]
INFO: [ app_begin ] --START--
INFO: Run Behavior\ReadHtmlCacheBehavior [ RunTime:0.001000s ]
INFO: [ app_begin ] --END-- [ RunTime:0.001000s ]
SQL: SHOW COLUMNS FROM `dq_column` [ RunTime:0.0130s ]
SQL: SELECT `column_images` FROM `dq_column` WHERE `column_type` = 1 AND `column_show` = 1 ORDER BY column_sort asc LIMIT 4   [ RunTime:0.0000s ]
SQL: SELECT `column_type`,`column_images` FROM `dq_column` WHERE `column_type` > 1 AND `column_show` = 1 ORDER BY column_sort asc  [ RunTime:0.0000s ]
SQL: SHOW COLUMNS FROM `dq_goods` [ RunTime:0.0120s ]
SQL: SELECT `id`,`name`,`jifen`,`pic`,`xianjing` FROM `dq_goods` WHERE `is_show` = 1 AND `fid` = 14 ORDER BY paixu desc LIMIT 10   [ RunTime:0.0010s ]
SQL: SELECT `id`,`name`,`jifen`,`pic`,`xianjing` FROM `dq_goods` WHERE `is_show` = 1 AND `index_post` = 1 ORDER BY paixu asc,date desc LIMIT 12   [ RunTime:0.0010s ]
SQL: SELECT `id`,`name`,`jifen`,`pic`,`xianjing` FROM `dq_goods` WHERE `is_show` = 1 AND `index_post` = 3 ORDER BY paixu asc,date desc LIMIT 2   [ RunTime:0.0000s ]
SQL: SELECT `id`,`name`,`jifen`,`pic`,`xianjing` FROM `dq_goods` WHERE `is_show` = 1 AND `index_post` = 3 ORDER BY paixu desc LIMIT 2,12   [ RunTime:0.0010s ]
SQL: SELECT `id`,`name`,`jifen`,`pic`,`xianjing` FROM `dq_goods` WHERE `is_show` = 1 AND `index_post` = 4 ORDER BY paixu asc,date desc LIMIT 2   [ RunTime:0.0000s ]
SQL: SELECT `id`,`name`,`jifen`,`pic`,`xianjing` FROM `dq_goods` WHERE `is_show` = 1 AND `index_post` = 4 ORDER BY paixu desc LIMIT 2,12   [ RunTime:0.0000s ]
SQL: SHOW COLUMNS FROM `dq_message` [ RunTime:0.0060s ]
SQL: SELECT * FROM `dq_message` WHERE ( gb_dell=0 and gb_read=0 )  [ RunTime:0.0010s ]
INFO: [ view_parse ] --START--
INFO: [ template_filter ] --START--
INFO: Run Behavior\ContentReplaceBehavior [ RunTime:0.000000s ]
INFO: [ template_filter ] --END-- [ RunTime:0.000000s ]
NOTIC: [8] Undefined variable: bh D:\phpStudy\www\App\Runtime\Cache\Shangcheng\7cd59b35e99779a97088ae965b0c3710.php 第 69 行.
NOTIC: [8] Undefined variable: aglist D:\phpStudy\www\App\Runtime\Cache\Shangcheng\7cd59b35e99779a97088ae965b0c3710.php 第 250 行.
NOTIC: [8] Undefined variable: v D:\phpStudy\www\App\Runtime\Cache\Shangcheng\7cd59b35e99779a97088ae965b0c3710.php 第 321 行.
NOTIC: [8] Undefined variable: v D:\phpStudy\www\App\Runtime\Cache\Shangcheng\7cd59b35e99779a97088ae965b0c3710.php 第 321 行.
INFO: Run Behavior\ParseTemplateBehavior [ RunTime:0.024001s ]
INFO: [ view_parse ] --END-- [ RunTime:0.024001s ]
INFO: [ view_filter ] --START--
INFO: Run Behavior\WriteHtmlCacheBehavior [ RunTime:0.000000s ]
INFO: Run Behavior\TokenBuildBehavior [ RunTime:0.001000s ]
INFO: [ view_filter ] --END-- [ RunTime:0.001000s ]
INFO: [ app_end ] --START--
INFO: Run Behavior\ShowPageTraceBehavior [ RunTime:0.001000s ]
INFO: [ app_end ] --END-- [ RunTime:0.001000s ]

[ 2017-08-01T10:09:08+08:00 ] ::1 /Uploads/Images/20170526/mini/59279bf30ed0b.jpg
INFO: [ app_init ] --START--
INFO: Run Behavior\BuildLiteBehavior [ RunTime:0.000000s ]
INFO: [ app_init ] --END-- [ RunTime:0.000000s ]

[ 2017-08-01T10:09:08+08:00 ] ::1 /Uploads/Images/20170526/mini/59279c4455cb9.jpg
INFO: [ app_init ] --START--
INFO: Run Behavior\BuildLiteBehavior [ RunTime:0.001000s ]
INFO: [ app_init ] --END-- [ RunTime:0.001000s ]

[ 2017-08-01T10:09:10+08:00 ] ::1 /l.html
INFO: [ app_init ] --START--
INFO: Run Behavior\BuildLiteBehavior [ RunTime:0.000000s ]
INFO: [ app_init ] --END-- [ RunTime:0.000000s ]
INFO: [ app_begin ] --START--
INFO: Run Behavior\ReadHtmlCacheBehavior [ RunTime:0.000000s ]
INFO: [ app_begin ] --END-- [ RunTime:0.000000s ]
INFO: [ view_parse ] --START--
INFO: [ template_filter ] --START--
INFO: Run Behavior\ContentReplaceBehavior [ RunTime:0.000000s ]
INFO: [ template_filter ] --END-- [ RunTime:0.000000s ]
NOTIC: [8] Undefined variable: bh D:\phpStudy\www\App\Runtime\Cache\Shangcheng\ac42893af67704303ef879a7c1472c35.php 第 26 行.
INFO: Run Behavior\ParseTemplateBehavior [ RunTime:0.006001s ]
INFO: [ view_parse ] --END-- [ RunTime:0.006001s ]
INFO: [ view_filter ] --START--
INFO: Run Behavior\WriteHtmlCacheBehavior [ RunTime:0.000000s ]
INFO: Run Behavior\TokenBuildBehavior [ RunTime:0.001000s ]
INFO: [ view_filter ] --END-- [ RunTime:0.001000s ]
INFO: [ app_end ] --START--
INFO: Run Behavior\ShowPageTraceBehavior [ RunTime:0.001000s ]
INFO: [ app_end ] --END-- [ RunTime:0.001000s ]

[ 2017-08-01T10:09:12+08:00 ] ::1 /r.html
INFO: [ app_init ] --START--
INFO: Run Behavior\BuildLiteBehavior [ RunTime:0.000000s ]
INFO: [ app_init ] --END-- [ RunTime:0.000000s ]
INFO: [ app_begin ] --START--
INFO: Run Behavior\ReadHtmlCacheBehavior [ RunTime:0.000000s ]
INFO: [ app_begin ] --END-- [ RunTime:0.000000s ]
INFO: [ view_parse ] --START--
INFO: [ template_filter ] --START--
INFO: Run Behavior\ContentReplaceBehavior [ RunTime:0.000000s ]
INFO: [ template_filter ] --END-- [ RunTime:0.000000s ]
NOTIC: [8] Undefined variable: config D:\phpStudy\www\App\Runtime\Cache\Shangcheng\e265e09b26376e3e6fbdadc19991cf9b.php 第 9 行.
NOTIC: [8] Undefined variable: config D:\phpStudy\www\App\Runtime\Cache\Shangcheng\e265e09b26376e3e6fbdadc19991cf9b.php 第 10 行.
INFO: Run Behavior\ParseTemplateBehavior [ RunTime:0.009001s ]
INFO: [ view_parse ] --END-- [ RunTime:0.009001s ]
INFO: [ view_filter ] --START--
INFO: Run Behavior\WriteHtmlCacheBehavior [ RunTime:0.000000s ]
INFO: Run Behavior\TokenBuildBehavior [ RunTime:0.000000s ]
INFO: [ view_filter ] --END-- [ RunTime:0.000000s ]
INFO: [ app_end ] --START--
INFO: Run Behavior\ShowPageTraceBehavior [ RunTime:0.000000s ]
INFO: [ app_end ] --END-- [ RunTime:0.000000s ]

[ 2017-08-01T10:09:12+08:00 ] ::1 /Public/Mobile/Shangchengpc/images/bg.png
INFO: [ app_init ] --START--
INFO: Run Behavior\BuildLiteBehavior [ RunTime:0.000000s ]
INFO: [ app_init ] --END-- [ RunTime:0.001001s ]

[ 2017-08-01T10:09:36+08:00 ] ::1 /
INFO: [ app_init ] --START--
INFO: Run Behavior\BuildLiteBehavior [ RunTime:0.000000s ]
INFO: [ app_init ] --END-- [ RunTime:0.000000s ]
INFO: [ app_begin ] --START--
INFO: Run Behavior\ReadHtmlCacheBehavior [ RunTime:0.001000s ]
INFO: [ app_begin ] --END-- [ RunTime:0.001000s ]
SQL: SHOW COLUMNS FROM `dq_column` [ RunTime:0.0120s ]
SQL: SELECT `column_images` FROM `dq_column` WHERE `column_type` = 1 AND `column_show` = 1 ORDER BY column_sort asc LIMIT 4   [ RunTime:0.0010s ]
SQL: SELECT `column_type`,`column_images` FROM `dq_column` WHERE `column_type` > 1 AND `column_show` = 1 ORDER BY column_sort asc  [ RunTime:0.0010s ]
SQL: SHOW COLUMNS FROM `dq_goods` [ RunTime:0.0110s ]
SQL: SELECT `id`,`name`,`jifen`,`pic`,`xianjing` FROM `dq_goods` WHERE `is_show` = 1 AND `fid` = 14 ORDER BY paixu desc LIMIT 10   [ RunTime:0.0010s ]
SQL: SELECT `id`,`name`,`jifen`,`pic`,`xianjing` FROM `dq_goods` WHERE `is_show` = 1 AND `index_post` = 1 ORDER BY paixu asc,date desc LIMIT 12   [ RunTime:0.0010s ]
SQL: SELECT `id`,`name`,`jifen`,`pic`,`xianjing` FROM `dq_goods` WHERE `is_show` = 1 AND `index_post` = 3 ORDER BY paixu asc,date desc LIMIT 2   [ RunTime:0.0000s ]
SQL: SELECT `id`,`name`,`jifen`,`pic`,`xianjing` FROM `dq_goods` WHERE `is_show` = 1 AND `index_post` = 3 ORDER BY paixu desc LIMIT 2,12   [ RunTime:0.0000s ]
SQL: SELECT `id`,`name`,`jifen`,`pic`,`xianjing` FROM `dq_goods` WHERE `is_show` = 1 AND `index_post` = 4 ORDER BY paixu asc,date desc LIMIT 2   [ RunTime:0.0000s ]
SQL: SELECT `id`,`name`,`jifen`,`pic`,`xianjing` FROM `dq_goods` WHERE `is_show` = 1 AND `index_post` = 4 ORDER BY paixu desc LIMIT 2,12   [ RunTime:0.0000s ]
SQL: SHOW COLUMNS FROM `dq_message` [ RunTime:0.0080s ]
SQL: SELECT * FROM `dq_message` WHERE ( gb_dell=0 and gb_read=0 )  [ RunTime:0.0000s ]
INFO: [ view_parse ] --START--
INFO: [ template_filter ] --START--
INFO: Run Behavior\ContentReplaceBehavior [ RunTime:0.000000s ]
INFO: [ template_filter ] --END-- [ RunTime:0.000000s ]
NOTIC: [8] Undefined variable: bh D:\phpStudy\www\App\Runtime\Cache\Shangcheng\7cd59b35e99779a97088ae965b0c3710.php 第 69 行.
NOTIC: [8] Undefined variable: aglist D:\phpStudy\www\App\Runtime\Cache\Shangcheng\7cd59b35e99779a97088ae965b0c3710.php 第 250 行.
NOTIC: [8] Undefined variable: v D:\phpStudy\www\App\Runtime\Cache\Shangcheng\7cd59b35e99779a97088ae965b0c3710.php 第 321 行.
NOTIC: [8] Undefined variable: v D:\phpStudy\www\App\Runtime\Cache\Shangcheng\7cd59b35e99779a97088ae965b0c3710.php 第 321 行.
INFO: Run Behavior\ParseTemplateBehavior [ RunTime:0.025001s ]
INFO: [ view_parse ] --END-- [ RunTime:0.025001s ]
INFO: [ view_filter ] --START--
INFO: Run Behavior\WriteHtmlCacheBehavior [ RunTime:0.000000s ]
INFO: Run Behavior\TokenBuildBehavior [ RunTime:0.001000s ]
INFO: [ view_filter ] --END-- [ RunTime:0.001000s ]
INFO: [ app_end ] --START--
INFO: Run Behavior\ShowPageTraceBehavior [ RunTime:0.001000s ]
INFO: [ app_end ] --END-- [ RunTime:0.001000s ]

[ 2017-08-01T10:09:36+08:00 ] ::1 /Uploads/Images/20170526/mini/59279bf30ed0b.jpg
INFO: [ app_init ] --START--
INFO: Run Behavior\BuildLiteBehavior [ RunTime:0.000000s ]
INFO: [ app_init ] --END-- [ RunTime:0.001000s ]

[ 2017-08-01T10:09:36+08:00 ] ::1 /Uploads/Images/20170526/mini/59279c4455cb9.jpg
INFO: [ app_init ] --START--
INFO: Run Behavior\BuildLiteBehavior [ RunTime:0.000000s ]
INFO: [ app_init ] --END-- [ RunTime:0.001000s ]

[ 2017-08-01T10:09:44+08:00 ] ::1 /l.html
INFO: [ app_init ] --START--
INFO: Run Behavior\BuildLiteBehavior [ RunTime:0.000000s ]
INFO: [ app_init ] --END-- [ RunTime:0.001000s ]
INFO: [ app_begin ] --START--
INFO: Run Behavior\ReadHtmlCacheBehavior [ RunTime:0.001000s ]
INFO: [ app_begin ] --END-- [ RunTime:0.001000s ]
INFO: [ view_parse ] --START--
INFO: [ template_filter ] --START--
INFO: Run Behavior\ContentReplaceBehavior [ RunTime:0.000000s ]
INFO: [ template_filter ] --END-- [ RunTime:0.000000s ]
NOTIC: [8] Undefined variable: bh D:\phpStudy\www\App\Runtime\Cache\Shangcheng\ac42893af67704303ef879a7c1472c35.php 第 26 行.
INFO: Run Behavior\ParseTemplateBehavior [ RunTime:0.009000s ]
INFO: [ view_parse ] --END-- [ RunTime:0.009000s ]
INFO: [ view_filter ] --START--
INFO: Run Behavior\WriteHtmlCacheBehavior [ RunTime:0.000000s ]
INFO: Run Behavior\TokenBuildBehavior [ RunTime:0.001000s ]
INFO: [ view_filter ] --END-- [ RunTime:0.001000s ]
INFO: [ app_end ] --START--
INFO: Run Behavior\ShowPageTraceBehavior [ RunTime:0.001001s ]
INFO: [ app_end ] --END-- [ RunTime:0.001001s ]

[ 2017-08-01T10:09:46+08:00 ] ::1 /r.html
INFO: [ app_init ] --START--
INFO: Run Behavior\BuildLiteBehavior [ RunTime:0.000000s ]
INFO: [ app_init ] --END-- [ RunTime:0.000000s ]
INFO: [ app_begin ] --START--
INFO: Run Behavior\ReadHtmlCacheBehavior [ RunTime:0.001000s ]
INFO: [ app_begin ] --END-- [ RunTime:0.001000s ]
INFO: [ view_parse ] --START--
INFO: [ template_filter ] --START--
INFO: Run Behavior\ContentReplaceBehavior [ RunTime:0.000000s ]
INFO: [ template_filter ] --END-- [ RunTime:0.000000s ]
NOTIC: [8] Undefined variable: config D:\phpStudy\www\App\Runtime\Cache\Shangcheng\e265e09b26376e3e6fbdadc19991cf9b.php 第 9 行.
NOTIC: [8] Undefined variable: config D:\phpStudy\www\App\Runtime\Cache\Shangcheng\e265e09b26376e3e6fbdadc19991cf9b.php 第 10 行.
INFO: Run Behavior\ParseTemplateBehavior [ RunTime:0.006000s ]
INFO: [ view_parse ] --END-- [ RunTime:0.006000s ]
INFO: [ view_filter ] --START--
INFO: Run Behavior\WriteHtmlCacheBehavior [ RunTime:0.000000s ]
INFO: Run Behavior\TokenBuildBehavior [ RunTime:0.001000s ]
INFO: [ view_filter ] --END-- [ RunTime:0.001000s ]
INFO: [ app_end ] --START--
INFO: Run Behavior\ShowPageTraceBehavior [ RunTime:0.000000s ]
INFO: [ app_end ] --END-- [ RunTime:0.000000s ]

[ 2017-08-01T10:09:46+08:00 ] ::1 /Public/Mobile/Shangchengpc/images/bg.png
INFO: [ app_init ] --START--
INFO: Run Behavior\BuildLiteBehavior [ RunTime:0.000000s ]
INFO: [ app_init ] --END-- [ RunTime:0.001000s ]

[ 2017-08-01T10:11:15+08:00 ] ::1 /r.html
INFO: [ app_init ] --START--
INFO: Run Behavior\BuildLiteBehavior [ RunTime:0.000000s ]
INFO: [ app_init ] --END-- [ RunTime:0.000000s ]
INFO: [ app_begin ] --START--
INFO: Run Behavior\ReadHtmlCacheBehavior [ RunTime:0.001000s ]
INFO: [ app_begin ] --END-- [ RunTime:0.001000s ]
INFO: [ view_parse ] --START--
INFO: [ template_filter ] --START--
INFO: Run Behavior\ContentReplaceBehavior [ RunTime:0.000000s ]
INFO: [ template_filter ] --END-- [ RunTime:0.000000s ]
NOTIC: [8] Undefined variable: config D:\phpStudy\www\App\Runtime\Cache\Shangcheng\e265e09b26376e3e6fbdadc19991cf9b.php 第 9 行.
NOTIC: [8] Undefined variable: config D:\phpStudy\www\App\Runtime\Cache\Shangcheng\e265e09b26376e3e6fbdadc19991cf9b.php 第 10 行.
INFO: Run Behavior\ParseTemplateBehavior [ RunTime:0.006000s ]
INFO: [ view_parse ] --END-- [ RunTime:0.006000s ]
INFO: [ view_filter ] --START--
INFO: Run Behavior\WriteHtmlCacheBehavior [ RunTime:0.001000s ]
INFO: Run Behavior\TokenBuildBehavior [ RunTime:0.000000s ]
INFO: [ view_filter ] --END-- [ RunTime:0.001000s ]
INFO: [ app_end ] --START--
INFO: Run Behavior\ShowPageTraceBehavior [ RunTime:0.001000s ]
INFO: [ app_end ] --END-- [ RunTime:0.001000s ]

[ 2017-08-01T10:11:15+08:00 ] ::1 /Public/Mobile/Shangchengpc/images/bg.png
INFO: [ app_init ] --START--
INFO: Run Behavior\BuildLiteBehavior [ RunTime:0.000000s ]
INFO: [ app_init ] --END-- [ RunTime:0.000000s ]

[ 2017-08-01T10:11:28+08:00 ] ::1 /
INFO: [ app_init ] --START--
INFO: Run Behavior\BuildLiteBehavior [ RunTime:0.000000s ]
INFO: [ app_init ] --END-- [ RunTime:0.001000s ]
INFO: [ app_begin ] --START--
INFO: Run Behavior\ReadHtmlCacheBehavior [ RunTime:0.001000s ]
INFO: [ app_begin ] --END-- [ RunTime:0.001000s ]
SQL: SHOW COLUMNS FROM `dq_column` [ RunTime:0.0110s ]
SQL: SELECT `column_images` FROM `dq_column` WHERE `column_type` = 1 AND `column_show` = 1 ORDER BY column_sort asc LIMIT 4   [ RunTime:0.0000s ]
SQL: SELECT `column_type`,`column_images` FROM `dq_column` WHERE `column_type` > 1 AND `column_show` = 1 ORDER BY column_sort asc  [ RunTime:0.0000s ]
SQL: SHOW COLUMNS FROM `dq_goods` [ RunTime:0.0110s ]
SQL: SELECT `id`,`name`,`jifen`,`pic`,`xianjing` FROM `dq_goods` WHERE `is_show` = 1 AND `fid` = 14 ORDER BY paixu desc LIMIT 10   [ RunTime:0.0000s ]
SQL: SELECT `id`,`name`,`jifen`,`pic`,`xianjing` FROM `dq_goods` WHERE `is_show` = 1 AND `index_post` = 1 ORDER BY paixu asc,date desc LIMIT 12   [ RunTime:0.0010s ]
SQL: SELECT `id`,`name`,`jifen`,`pic`,`xianjing` FROM `dq_goods` WHERE `is_show` = 1 AND `index_post` = 3 ORDER BY paixu asc,date desc LIMIT 2   [ RunTime:0.0000s ]
SQL: SELECT `id`,`name`,`jifen`,`pic`,`xianjing` FROM `dq_goods` WHERE `is_show` = 1 AND `index_post` = 3 ORDER BY paixu desc LIMIT 2,12   [ RunTime:0.0000s ]
SQL: SELECT `id`,`name`,`jifen`,`pic`,`xianjing` FROM `dq_goods` WHERE `is_show` = 1 AND `index_post` = 4 ORDER BY paixu asc,date desc LIMIT 2   [ RunTime:0.0010s ]
SQL: SELECT `id`,`name`,`jifen`,`pic`,`xianjing` FROM `dq_goods` WHERE `is_show` = 1 AND `index_post` = 4 ORDER BY paixu desc LIMIT 2,12   [ RunTime:0.0000s ]
SQL: SHOW COLUMNS FROM `dq_message` [ RunTime:0.0060s ]
SQL: SELECT * FROM `dq_message` WHERE ( gb_dell=0 and gb_read=0 )  [ RunTime:0.0010s ]
INFO: [ view_parse ] --START--
INFO: [ template_filter ] --START--
INFO: Run Behavior\ContentReplaceBehavior [ RunTime:0.000000s ]
INFO: [ template_filter ] --END-- [ RunTime:0.000000s ]
NOTIC: [8] Undefined variable: bh D:\phpStudy\www\App\Runtime\Cache\Shangcheng\7cd59b35e99779a97088ae965b0c3710.php 第 69 行.
NOTIC: [8] Undefined variable: aglist D:\phpStudy\www\App\Runtime\Cache\Shangcheng\7cd59b35e99779a97088ae965b0c3710.php 第 250 行.
NOTIC: [8] Undefined variable: v D:\phpStudy\www\App\Runtime\Cache\Shangcheng\7cd59b35e99779a97088ae965b0c3710.php 第 321 行.
NOTIC: [8] Undefined variable: v D:\phpStudy\www\App\Runtime\Cache\Shangcheng\7cd59b35e99779a97088ae965b0c3710.php 第 321 行.
INFO: Run Behavior\ParseTemplateBehavior [ RunTime:0.025002s ]
INFO: [ view_parse ] --END-- [ RunTime:0.025002s ]
INFO: [ view_filter ] --START--
INFO: Run Behavior\WriteHtmlCacheBehavior [ RunTime:0.000000s ]
INFO: Run Behavior\TokenBuildBehavior [ RunTime:0.001000s ]
INFO: [ view_filter ] --END-- [ RunTime:0.001000s ]
INFO: [ app_end ] --START--
INFO: Run Behavior\ShowPageTraceBehavior [ RunTime:0.001000s ]
INFO: [ app_end ] --END-- [ RunTime:0.001000s ]

[ 2017-08-01T10:11:28+08:00 ] ::1 /Uploads/Images/20170526/mini/59279bf30ed0b.jpg
INFO: [ app_init ] --START--
INFO: Run Behavior\BuildLiteBehavior [ RunTime:0.000000s ]
INFO: [ app_init ] --END-- [ RunTime:0.000000s ]

[ 2017-08-01T10:11:28+08:00 ] ::1 /Uploads/Images/20170526/mini/59279c4455cb9.jpg
INFO: [ app_init ] --START--
INFO: Run Behavior\BuildLiteBehavior [ RunTime:0.000000s ]
INFO: [ app_init ] --END-- [ RunTime:0.001000s ]

[ 2017-08-01T10:11:33+08:00 ] ::1 /r
INFO: [ app_init ] --START--
INFO: Run Behavior\BuildLiteBehavior [ RunTime:0.000000s ]
INFO: [ app_init ] --END-- [ RunTime:0.000000s ]
INFO: [ app_begin ] --START--
INFO: Run Behavior\ReadHtmlCacheBehavior [ RunTime:0.001001s ]
INFO: [ app_begin ] --END-- [ RunTime:0.001001s ]
INFO: [ view_parse ] --START--
INFO: [ template_filter ] --START--
INFO: Run Behavior\ContentReplaceBehavior [ RunTime:0.000000s ]
INFO: [ template_filter ] --END-- [ RunTime:0.000000s ]
NOTIC: [8] Undefined variable: config D:\phpStudy\www\App\Runtime\Cache\Shangcheng\e265e09b26376e3e6fbdadc19991cf9b.php 第 9 行.
NOTIC: [8] Undefined variable: config D:\phpStudy\www\App\Runtime\Cache\Shangcheng\e265e09b26376e3e6fbdadc19991cf9b.php 第 10 行.
INFO: Run Behavior\ParseTemplateBehavior [ RunTime:0.009000s ]
INFO: [ view_parse ] --END-- [ RunTime:0.009000s ]
INFO: [ view_filter ] --START--
INFO: Run Behavior\WriteHtmlCacheBehavior [ RunTime:0.000000s ]
INFO: Run Behavior\TokenBuildBehavior [ RunTime:0.001000s ]
INFO: [ view_filter ] --END-- [ RunTime:0.001000s ]
INFO: [ app_end ] --START--
INFO: Run Behavior\ShowPageTraceBehavior [ RunTime:0.000000s ]
INFO: [ app_end ] --END-- [ RunTime:0.000000s ]

[ 2017-08-01T10:11:33+08:00 ] ::1 /Public/Mobile/Shangchengpc/images/bg.png
INFO: [ app_init ] --START--
INFO: Run Behavior\BuildLiteBehavior [ RunTime:0.000000s ]
INFO: [ app_init ] --END-- [ RunTime:0.001000s ]

[ 2017-08-01T10:13:31+08:00 ] ::1 /r
INFO: [ app_init ] --START--
INFO: Run Behavior\BuildLiteBehavior [ RunTime:0.000000s ]
INFO: [ app_init ] --END-- [ RunTime:0.001000s ]
INFO: [ app_begin ] --START--
INFO: Run Behavior\ReadHtmlCacheBehavior [ RunTime:0.000000s ]
INFO: [ app_begin ] --END-- [ RunTime:0.000000s ]
INFO: [ view_parse ] --START--
INFO: [ template_filter ] --START--
INFO: Run Behavior\ContentReplaceBehavior [ RunTime:0.000000s ]
INFO: [ template_filter ] --END-- [ RunTime:0.000000s ]
NOTIC: [8] Undefined variable: config D:\phpStudy\www\App\Runtime\Cache\Shangcheng\e265e09b26376e3e6fbdadc19991cf9b.php 第 9 行.
NOTIC: [8] Undefined variable: config D:\phpStudy\www\App\Runtime\Cache\Shangcheng\e265e09b26376e3e6fbdadc19991cf9b.php 第 10 行.
INFO: Run Behavior\ParseTemplateBehavior [ RunTime:0.009001s ]
INFO: [ view_parse ] --END-- [ RunTime:0.009001s ]
INFO: [ view_filter ] --START--
INFO: Run Behavior\WriteHtmlCacheBehavior [ RunTime:0.000000s ]
INFO: Run Behavior\TokenBuildBehavior [ RunTime:0.000000s ]
INFO: [ view_filter ] --END-- [ RunTime:0.000000s ]
INFO: [ app_end ] --START--
INFO: Run Behavior\ShowPageTraceBehavior [ RunTime:0.000000s ]
INFO: [ app_end ] --END-- [ RunTime:0.000000s ]

[ 2017-08-01T10:13:31+08:00 ] ::1 /Public/Mobile/Shangchengpc/images/bg.png
INFO: [ app_init ] --START--
INFO: Run Behavior\BuildLiteBehavior [ RunTime:0.000000s ]
INFO: [ app_init ] --END-- [ RunTime:0.001000s ]

[ 2017-08-01T10:16:40+08:00 ] ::1 /
INFO: [ app_init ] --START--
INFO: Run Behavior\BuildLiteBehavior [ RunTime:0.000000s ]
INFO: [ app_init ] --END-- [ RunTime:0.000000s ]
INFO: [ app_begin ] --START--
INFO: Run Behavior\ReadHtmlCacheBehavior [ RunTime:0.001000s ]
INFO: [ app_begin ] --END-- [ RunTime:0.001000s ]
SQL: SHOW COLUMNS FROM `dq_column` [ RunTime:0.0120s ]
SQL: SELECT `column_images` FROM `dq_column` WHERE `column_type` = 1 AND `column_show` = 1 ORDER BY column_sort asc LIMIT 4   [ RunTime:0.0010s ]
SQL: SELECT `column_type`,`column_images` FROM `dq_column` WHERE `column_type` > 1 AND `column_show` = 1 ORDER BY column_sort asc  [ RunTime:0.0010s ]
SQL: SHOW COLUMNS FROM `dq_goods` [ RunTime:0.0120s ]
SQL: SELECT `id`,`name`,`jifen`,`pic`,`xianjing` FROM `dq_goods` WHERE `is_show` = 1 AND `fid` = 14 ORDER BY paixu desc LIMIT 10   [ RunTime:0.0010s ]
SQL: SELECT `id`,`name`,`jifen`,`pic`,`xianjing` FROM `dq_goods` WHERE `is_show` = 1 AND `index_post` = 1 ORDER BY paixu asc,date desc LIMIT 12   [ RunTime:0.0000s ]
SQL: SELECT `id`,`name`,`jifen`,`pic`,`xianjing` FROM `dq_goods` WHERE `is_show` = 1 AND `index_post` = 3 ORDER BY paixu asc,date desc LIMIT 2   [ RunTime:0.0000s ]
SQL: SELECT `id`,`name`,`jifen`,`pic`,`xianjing` FROM `dq_goods` WHERE `is_show` = 1 AND `index_post` = 3 ORDER BY paixu desc LIMIT 2,12   [ RunTime:0.0000s ]
SQL: SELECT `id`,`name`,`jifen`,`pic`,`xianjing` FROM `dq_goods` WHERE `is_show` = 1 AND `index_post` = 4 ORDER BY paixu asc,date desc LIMIT 2   [ RunTime:0.0000s ]
SQL: SELECT `id`,`name`,`jifen`,`pic`,`xianjing` FROM `dq_goods` WHERE `is_show` = 1 AND `index_post` = 4 ORDER BY paixu desc LIMIT 2,12   [ RunTime:0.0010s ]
SQL: SHOW COLUMNS FROM `dq_message` [ RunTime:0.0060s ]
SQL: SELECT * FROM `dq_message` WHERE ( gb_dell=0 and gb_read=0 )  [ RunTime:0.0000s ]
INFO: [ view_parse ] --START--
INFO: [ template_filter ] --START--
INFO: Run Behavior\ContentReplaceBehavior [ RunTime:0.000000s ]
INFO: [ template_filter ] --END-- [ RunTime:0.000000s ]
NOTIC: [8] Undefined variable: bh D:\phpStudy\www\App\Runtime\Cache\Shangcheng\7cd59b35e99779a97088ae965b0c3710.php 第 69 行.
NOTIC: [8] Undefined variable: aglist D:\phpStudy\www\App\Runtime\Cache\Shangcheng\7cd59b35e99779a97088ae965b0c3710.php 第 250 行.
NOTIC: [8] Undefined variable: v D:\phpStudy\www\App\Runtime\Cache\Shangcheng\7cd59b35e99779a97088ae965b0c3710.php 第 321 行.
NOTIC: [8] Undefined variable: v D:\phpStudy\www\App\Runtime\Cache\Shangcheng\7cd59b35e99779a97088ae965b0c3710.php 第 321 行.
INFO: Run Behavior\ParseTemplateBehavior [ RunTime:0.023002s ]
INFO: [ view_parse ] --END-- [ RunTime:0.023002s ]
INFO: [ view_filter ] --START--
INFO: Run Behavior\WriteHtmlCacheBehavior [ RunTime:0.000000s ]
INFO: Run Behavior\TokenBuildBehavior [ RunTime:0.000000s ]
INFO: [ view_filter ] --END-- [ RunTime:0.000000s ]
INFO: [ app_end ] --START--
INFO: Run Behavior\ShowPageTraceBehavior [ RunTime:0.000000s ]
INFO: [ app_end ] --END-- [ RunTime:0.000000s ]

[ 2017-08-01T10:16:40+08:00 ] ::1 /Uploads/Images/20170526/mini/59279bf30ed0b.jpg
INFO: [ app_init ] --START--
INFO: Run Behavior\BuildLiteBehavior [ RunTime:0.000000s ]
INFO: [ app_init ] --END-- [ RunTime:0.000000s ]

[ 2017-08-01T10:16:40+08:00 ] ::1 /Uploads/Images/20170526/mini/59279c4455cb9.jpg
INFO: [ app_init ] --START--
INFO: Run Behavior\BuildLiteBehavior [ RunTime:0.000000s ]
INFO: [ app_init ] --END-- [ RunTime:0.000000s ]

[ 2017-08-01T10:16:44+08:00 ] ::1 /r
INFO: [ app_init ] --START--
INFO: Run Behavior\BuildLiteBehavior [ RunTime:0.000000s ]
INFO: [ app_init ] --END-- [ RunTime:0.000000s ]
INFO: [ app_begin ] --START--
INFO: Run Behavior\ReadHtmlCacheBehavior [ RunTime:0.001000s ]
INFO: [ app_begin ] --END-- [ RunTime:0.001000s ]
INFO: [ view_parse ] --START--
INFO: [ template_filter ] --START--
INFO: Run Behavior\ContentReplaceBehavior [ RunTime:0.000000s ]
INFO: [ template_filter ] --END-- [ RunTime:0.000000s ]
NOTIC: [8] Undefined variable: config D:\phpStudy\www\App\Runtime\Cache\Shangcheng\e265e09b26376e3e6fbdadc19991cf9b.php 第 9 行.
NOTIC: [8] Undefined variable: config D:\phpStudy\www\App\Runtime\Cache\Shangcheng\e265e09b26376e3e6fbdadc19991cf9b.php 第 10 行.
INFO: Run Behavior\ParseTemplateBehavior [ RunTime:0.068004s ]
INFO: [ view_parse ] --END-- [ RunTime:0.069004s ]
INFO: [ view_filter ] --START--
INFO: Run Behavior\WriteHtmlCacheBehavior [ RunTime:0.001000s ]
INFO: Run Behavior\TokenBuildBehavior [ RunTime:0.002000s ]
INFO: [ view_filter ] --END-- [ RunTime:0.003000s ]
INFO: [ app_end ] --START--
INFO: Run Behavior\ShowPageTraceBehavior [ RunTime:0.002001s ]
INFO: [ app_end ] --END-- [ RunTime:0.002001s ]

[ 2017-08-01T10:16:44+08:00 ] ::1 /Public/Mobile/Shangchengpc/images/bg.png
INFO: [ app_init ] --START--
INFO: Run Behavior\BuildLiteBehavior [ RunTime:0.000000s ]
INFO: [ app_init ] --END-- [ RunTime:0.000000s ]

[ 2017-08-01T10:18:19+08:00 ] ::1 /r
INFO: [ app_init ] --START--
INFO: Run Behavior\BuildLiteBehavior [ RunTime:0.000000s ]
INFO: [ app_init ] --END-- [ RunTime:0.001000s ]
INFO: [ app_begin ] --START--
INFO: Run Behavior\ReadHtmlCacheBehavior [ RunTime:0.001000s ]
INFO: [ app_begin ] --END-- [ RunTime:0.001000s ]
INFO: [ view_parse ] --START--
INFO: [ template_filter ] --START--
INFO: Run Behavior\ContentReplaceBehavior [ RunTime:0.000000s ]
INFO: [ template_filter ] --END-- [ RunTime:0.000000s ]
NOTIC: [8] Undefined variable: config D:\phpStudy\www\App\Runtime\Cache\Shangcheng\e265e09b26376e3e6fbdadc19991cf9b.php 第 9 行.
NOTIC: [8] Undefined variable: config D:\phpStudy\www\App\Runtime\Cache\Shangcheng\e265e09b26376e3e6fbdadc19991cf9b.php 第 10 行.
INFO: Run Behavior\ParseTemplateBehavior [ RunTime:0.007000s ]
INFO: [ view_parse ] --END-- [ RunTime:0.007000s ]
INFO: [ view_filter ] --START--
INFO: Run Behavior\WriteHtmlCacheBehavior [ RunTime:0.000000s ]
INFO: Run Behavior\TokenBuildBehavior [ RunTime:0.001000s ]
INFO: [ view_filter ] --END-- [ RunTime:0.001000s ]
INFO: [ app_end ] --START--
INFO: Run Behavior\ShowPageTraceBehavior [ RunTime:0.000000s ]
INFO: [ app_end ] --END-- [ RunTime:0.000000s ]

[ 2017-08-01T10:18:19+08:00 ] ::1 /Public/Mobile/Shangchengpc/images/bg.png
INFO: [ app_init ] --START--
INFO: Run Behavior\BuildLiteBehavior [ RunTime:0.000000s ]
INFO: [ app_init ] --END-- [ RunTime:0.000000s ]

[ 2017-08-01T10:19:50+08:00 ] ::1 /index/setcode.html
INFO: [ app_init ] --START--
INFO: Run Behavior\BuildLiteBehavior [ RunTime:0.000000s ]
INFO: [ app_init ] --END-- [ RunTime:0.001000s ]
INFO: [ app_begin ] --START--
INFO: Run Behavior\ReadHtmlCacheBehavior [ RunTime:0.001000s ]
INFO: [ app_begin ] --END-- [ RunTime:0.001000s ]
NOTIC: [4096] Object of class stdClass could not be converted to string D:\phpStudy\www\App\Shangcheng\Controller\IndexController.class.php 第 513 行.
INFO: [ app_end ] --START--
INFO: Run Behavior\ShowPageTraceBehavior [ RunTime:0.002001s ]
INFO: [ app_end ] --END-- [ RunTime:0.002001s ]

[ 2017-08-01T10:20:01+08:00 ] ::1 /index/do_reg.html
INFO: [ app_init ] --START--
INFO: Run Behavior\BuildLiteBehavior [ RunTime:0.000000s ]
INFO: [ app_init ] --END-- [ RunTime:0.001000s ]
INFO: [ app_begin ] --START--
INFO: Run Behavior\ReadHtmlCacheBehavior [ RunTime:0.001001s ]
INFO: [ app_begin ] --END-- [ RunTime:0.001001s ]
SQL: SHOW COLUMNS FROM `dq_user` [ RunTime:0.0430s ]
SQL: SELECT * FROM `dq_user` WHERE ( user_name="A13" )  [ RunTime:0.0696s ]

[ 2017-08-01T10:20:02+08:00 ] ::1 /index/do_reg.html
INFO: [ app_init ] --START--
INFO: Run Behavior\BuildLiteBehavior [ RunTime:0.000000s ]
INFO: [ app_init ] --END-- [ RunTime:0.000000s ]
INFO: [ app_begin ] --START--
INFO: Run Behavior\ReadHtmlCacheBehavior [ RunTime:0.000000s ]
INFO: [ app_begin ] --END-- [ RunTime:0.000000s ]
SQL: SHOW COLUMNS FROM `dq_user` [ RunTime:0.0140s ]
SQL: SELECT * FROM `dq_user` WHERE ( user_name="A13" )  [ RunTime:0.0090s ]

[ 2017-08-01T10:20:04+08:00 ] ::1 /index/do_reg.html
INFO: [ app_init ] --START--
INFO: Run Behavior\BuildLiteBehavior [ RunTime:0.000000s ]
INFO: [ app_init ] --END-- [ RunTime:0.001000s ]
INFO: [ app_begin ] --START--
INFO: Run Behavior\ReadHtmlCacheBehavior [ RunTime:0.000000s ]
INFO: [ app_begin ] --END-- [ RunTime:0.001000s ]
SQL: SHOW COLUMNS FROM `dq_user` [ RunTime:0.0130s ]
SQL: SELECT * FROM `dq_user` WHERE ( user_name="A13" )  [ RunTime:0.0120s ]

[ 2017-08-01T10:26:48+08:00 ] ::1 /r
INFO: [ app_init ] --START--
INFO: Run Behavior\BuildLiteBehavior [ RunTime:0.000000s ]
INFO: [ app_init ] --END-- [ RunTime:0.000000s ]
INFO: [ app_begin ] --START--
INFO: Run Behavior\ReadHtmlCacheBehavior [ RunTime:0.001000s ]
INFO: [ app_begin ] --END-- [ RunTime:0.001000s ]
INFO: [ view_parse ] --START--
INFO: [ template_filter ] --START--
INFO: Run Behavior\ContentReplaceBehavior [ RunTime:0.000000s ]
INFO: [ template_filter ] --END-- [ RunTime:0.000000s ]
NOTIC: [8] Undefined variable: config D:\phpStudy\www\App\Runtime\Cache\Shangcheng\e265e09b26376e3e6fbdadc19991cf9b.php 第 9 行.
NOTIC: [8] Undefined variable: config D:\phpStudy\www\App\Runtime\Cache\Shangcheng\e265e09b26376e3e6fbdadc19991cf9b.php 第 10 行.
INFO: Run Behavior\ParseTemplateBehavior [ RunTime:0.011001s ]
INFO: [ view_parse ] --END-- [ RunTime:0.011001s ]
INFO: [ view_filter ] --START--
INFO: Run Behavior\WriteHtmlCacheBehavior [ RunTime:0.000000s ]
INFO: Run Behavior\TokenBuildBehavior [ RunTime:0.001000s ]
INFO: [ view_filter ] --END-- [ RunTime:0.001000s ]
INFO: [ app_end ] --START--
INFO: Run Behavior\ShowPageTraceBehavior [ RunTime:0.001000s ]
INFO: [ app_end ] --END-- [ RunTime:0.001000s ]

[ 2017-08-01T10:26:48+08:00 ] ::1 /Public/Mobile/Shangchengpc/images/bg.png
INFO: [ app_init ] --START--
INFO: Run Behavior\BuildLiteBehavior [ RunTime:0.000000s ]
INFO: [ app_init ] --END-- [ RunTime:0.000000s ]

[ 2017-08-01T10:29:03+08:00 ] ::1 /r
INFO: [ app_init ] --START--
INFO: Run Behavior\BuildLiteBehavior [ RunTime:0.000000s ]
INFO: [ app_init ] --END-- [ RunTime:0.000000s ]
INFO: [ app_begin ] --START--
INFO: Run Behavior\ReadHtmlCacheBehavior [ RunTime:0.001001s ]
INFO: [ app_begin ] --END-- [ RunTime:0.001001s ]
INFO: [ view_parse ] --START--
INFO: [ template_filter ] --START--
INFO: Run Behavior\ContentReplaceBehavior [ RunTime:0.000000s ]
INFO: [ template_filter ] --END-- [ RunTime:0.000000s ]
NOTIC: [8] Undefined variable: config D:\phpStudy\www\App\Runtime\Cache\Shangcheng\e265e09b26376e3e6fbdadc19991cf9b.php 第 9 行.
NOTIC: [8] Undefined variable: config D:\phpStudy\www\App\Runtime\Cache\Shangcheng\e265e09b26376e3e6fbdadc19991cf9b.php 第 10 行.
INFO: Run Behavior\ParseTemplateBehavior [ RunTime:0.010000s ]
INFO: [ view_parse ] --END-- [ RunTime:0.010000s ]
INFO: [ view_filter ] --START--
INFO: Run Behavior\WriteHtmlCacheBehavior [ RunTime:0.001000s ]
INFO: Run Behavior\TokenBuildBehavior [ RunTime:0.000000s ]
INFO: [ view_filter ] --END-- [ RunTime:0.001000s ]
INFO: [ app_end ] --START--
INFO: Run Behavior\ShowPageTraceBehavior [ RunTime:0.000000s ]
INFO: [ app_end ] --END-- [ RunTime:0.000000s ]

[ 2017-08-01T10:29:03+08:00 ] ::1 /Public/Mobile/Shangchengpc/images/bg.png
INFO: [ app_init ] --START--
INFO: Run Behavior\BuildLiteBehavior [ RunTime:0.000000s ]
INFO: [ app_init ] --END-- [ RunTime:0.000000s ]

[ 2017-08-01T10:32:27+08:00 ] ::1 /index/setcode.html
INFO: [ app_init ] --START--
INFO: Run Behavior\BuildLiteBehavior [ RunTime:0.000000s ]
INFO: [ app_init ] --END-- [ RunTime:0.001000s ]
INFO: [ app_begin ] --START--
INFO: Run Behavior\ReadHtmlCacheBehavior [ RunTime:0.001000s ]
INFO: [ app_begin ] --END-- [ RunTime:0.001000s ]
NOTIC: [4096] Object of class stdClass could not be converted to string D:\phpStudy\www\App\Shangcheng\Controller\IndexController.class.php 第 513 行.
INFO: [ app_end ] --START--
INFO: Run Behavior\ShowPageTraceBehavior [ RunTime:0.001000s ]
INFO: [ app_end ] --END-- [ RunTime:0.001000s ]

[ 2017-08-01T10:35:51+08:00 ] ::1 /index/setcode.html
INFO: [ app_init ] --START--
INFO: Run Behavior\BuildLiteBehavior [ RunTime:0.000000s ]
INFO: [ app_init ] --END-- [ RunTime:0.000000s ]
INFO: [ app_begin ] --START--
INFO: Run Behavior\ReadHtmlCacheBehavior [ RunTime:0.001000s ]
INFO: [ app_begin ] --END-- [ RunTime:0.001000s ]
NOTIC: [4096] Object of class stdClass could not be converted to string D:\phpStudy\www\App\Shangcheng\Controller\IndexController.class.php 第 513 行.
INFO: [ app_end ] --START--
INFO: Run Behavior\ShowPageTraceBehavior [ RunTime:0.002000s ]
INFO: [ app_end ] --END-- [ RunTime:0.002000s ]

[ 2017-08-01T10:37:28+08:00 ] ::1 /index/setcode.html
INFO: [ app_init ] --START--
INFO: Run Behavior\BuildLiteBehavior [ RunTime:0.000000s ]
INFO: [ app_init ] --END-- [ RunTime:0.000000s ]
INFO: [ app_begin ] --START--
INFO: Run Behavior\ReadHtmlCacheBehavior [ RunTime:0.001000s ]
INFO: [ app_begin ] --END-- [ RunTime:0.001000s ]

[ 2017-08-01T10:40:03+08:00 ] ::1 /index/setcode.html
INFO: [ app_init ] --START--
INFO: Run Behavior\BuildLiteBehavior [ RunTime:0.000000s ]
INFO: [ app_init ] --END-- [ RunTime:0.000000s ]
INFO: [ app_begin ] --START--
INFO: Run Behavior\ReadHtmlCacheBehavior [ RunTime:0.001000s ]
INFO: [ app_begin ] --END-- [ RunTime:0.001000s ]
NOTIC: [4096] Object of class stdClass could not be converted to string D:\phpStudy\www\App\Shangcheng\Controller\IndexController.class.php 第 513 行.
INFO: [ app_end ] --START--
INFO: Run Behavior\ShowPageTraceBehavior [ RunTime:0.002000s ]
INFO: [ app_end ] --END-- [ RunTime:0.002000s ]

[ 2017-08-01T10:43:50+08:00 ] ::1 /r
INFO: [ app_init ] --START--
INFO: Run Behavior\BuildLiteBehavior [ RunTime:0.000000s ]
INFO: [ app_init ] --END-- [ RunTime:0.001000s ]
INFO: [ app_begin ] --START--
INFO: Run Behavior\ReadHtmlCacheBehavior [ RunTime:0.001000s ]
INFO: [ app_begin ] --END-- [ RunTime:0.001000s ]
INFO: [ view_parse ] --START--
INFO: [ template_filter ] --START--
INFO: Run Behavior\ContentReplaceBehavior [ RunTime:0.000000s ]
INFO: [ template_filter ] --END-- [ RunTime:0.000000s ]
NOTIC: [8] Undefined variable: config D:\phpStudy\www\App\Runtime\Cache\Shangcheng\e265e09b26376e3e6fbdadc19991cf9b.php 第 9 行.
NOTIC: [8] Undefined variable: config D:\phpStudy\www\App\Runtime\Cache\Shangcheng\e265e09b26376e3e6fbdadc19991cf9b.php 第 10 行.
INFO: Run Behavior\ParseTemplateBehavior [ RunTime:0.010000s ]
INFO: [ view_parse ] --END-- [ RunTime:0.010000s ]
INFO: [ view_filter ] --START--
INFO: Run Behavior\WriteHtmlCacheBehavior [ RunTime:0.001001s ]
INFO: Run Behavior\TokenBuildBehavior [ RunTime:0.001000s ]
INFO: [ view_filter ] --END-- [ RunTime:0.002001s ]
INFO: [ app_end ] --START--
INFO: Run Behavior\ShowPageTraceBehavior [ RunTime:0.001000s ]
INFO: [ app_end ] --END-- [ RunTime:0.001000s ]

[ 2017-08-01T10:43:50+08:00 ] ::1 /Public/Mobile/Shangchengpc/images/bg.png
INFO: [ app_init ] --START--
INFO: Run Behavior\BuildLiteBehavior [ RunTime:0.000000s ]
INFO: [ app_init ] --END-- [ RunTime:0.001000s ]

[ 2017-08-01T10:45:09+08:00 ] ::1 /r
INFO: [ app_init ] --START--
INFO: Run Behavior\BuildLiteBehavior [ RunTime:0.001000s ]
INFO: [ app_init ] --END-- [ RunTime:0.001000s ]
INFO: [ app_begin ] --START--
INFO: Run Behavior\ReadHtmlCacheBehavior [ RunTime:0.001000s ]
INFO: [ app_begin ] --END-- [ RunTime:0.001000s ]
INFO: [ view_parse ] --START--
INFO: [ template_filter ] --START--
INFO: Run Behavior\ContentReplaceBehavior [ RunTime:0.000000s ]
INFO: [ template_filter ] --END-- [ RunTime:0.000000s ]
NOTIC: [8] Undefined variable: config D:\phpStudy\www\App\Runtime\Cache\Shangcheng\e265e09b26376e3e6fbdadc19991cf9b.php 第 9 行.
NOTIC: [8] Undefined variable: config D:\phpStudy\www\App\Runtime\Cache\Shangcheng\e265e09b26376e3e6fbdadc19991cf9b.php 第 10 行.
INFO: Run Behavior\ParseTemplateBehavior [ RunTime:0.009001s ]
INFO: [ view_parse ] --END-- [ RunTime:0.009001s ]
INFO: [ view_filter ] --START--
INFO: Run Behavior\WriteHtmlCacheBehavior [ RunTime:0.001000s ]
INFO: Run Behavior\TokenBuildBehavior [ RunTime:0.000000s ]
INFO: [ view_filter ] --END-- [ RunTime:0.001000s ]
INFO: [ app_end ] --START--
INFO: Run Behavior\ShowPageTraceBehavior [ RunTime:0.000000s ]
INFO: [ app_end ] --END-- [ RunTime:0.000000s ]

[ 2017-08-01T10:45:10+08:00 ] ::1 /Public/Mobile/Shangchengpc/images/bg.png
INFO: [ app_init ] --START--
INFO: Run Behavior\BuildLiteBehavior [ RunTime:0.000000s ]
INFO: [ app_init ] --END-- [ RunTime:0.000000s ]

[ 2017-08-01T10:45:16+08:00 ] ::1 /index/setcode.html
INFO: [ app_init ] --START--
INFO: Run Behavior\BuildLiteBehavior [ RunTime:0.000000s ]
INFO: [ app_init ] --END-- [ RunTime:0.001000s ]
INFO: [ app_begin ] --START--
INFO: Run Behavior\ReadHtmlCacheBehavior [ RunTime:0.001000s ]
INFO: [ app_begin ] --END-- [ RunTime:0.001000s ]
NOTIC: [4096] Object of class stdClass could not be converted to string D:\phpStudy\www\App\Shangcheng\Controller\IndexController.class.php 第 513 行.
INFO: [ app_end ] --START--
INFO: Run Behavior\ShowPageTraceBehavior [ RunTime:0.001000s ]
INFO: [ app_end ] --END-- [ RunTime:0.001000s ]

[ 2017-08-01T10:45:48+08:00 ] ::1 /index/zhuce.html
INFO: [ app_init ] --START--
INFO: Run Behavior\BuildLiteBehavior [ RunTime:0.000000s ]
INFO: [ app_init ] --END-- [ RunTime:0.000000s ]
INFO: [ app_begin ] --START--
INFO: Run Behavior\ReadHtmlCacheBehavior [ RunTime:0.000000s ]
INFO: [ app_begin ] --END-- [ RunTime:0.001001s ]
SQL: SHOW COLUMNS FROM `dq_user` [ RunTime:0.0140s ]
SQL: SELECT * FROM `dq_user` WHERE ( user_login_bh="请输入推荐人编号" ) LIMIT 1   [ RunTime:0.0300s ]

[ 2017-08-01T10:46:34+08:00 ] ::1 /index/zhuce.html
INFO: [ app_init ] --START--
INFO: Run Behavior\BuildLiteBehavior [ RunTime:0.000000s ]
INFO: [ app_init ] --END-- [ RunTime:0.001000s ]
INFO: [ app_begin ] --START--
INFO: Run Behavior\ReadHtmlCacheBehavior [ RunTime:0.001000s ]
INFO: [ app_begin ] --END-- [ RunTime:0.001000s ]
SQL: SHOW COLUMNS FROM `dq_user` [ RunTime:0.0090s ]
SQL: SELECT * FROM `dq_user` WHERE ( user_login_bh="A13311278511" ) LIMIT 1   [ RunTime:0.0010s ]
SQL: SELECT COUNT(*) AS tp_count FROM `dq_user` WHERE ( user_phone="15711007816" ) LIMIT 1   [ RunTime:0.0040s ]
SQL: SELECT * FROM `dq_user` WHERE ( user_phone="15711007816" ) ORDER BY user_login_bh desc LIMIT 1   [ RunTime:0.0570s ]
SQL: INSERT INTO `dq_user` (`user_sjid2`,`user_sjid1`,`user_pass`,`user_zfpass`,`user_idcard`,`user_name`,`user_phone`,`user_ok`,`user_regdate`,`user_regip`,`user_login_bh`) VALUES ('A18500706612','A13311278511','67c782e92939f99c8164493afa2dfae8','68adf303a124827e6e677cbd9af95e05','142725198811250015','zhyg','15711007816','1','1501555594','0.0.0.0','A15711007816') [ RunTime:0.0010s ]
INFO: [ app_end ] --START--
INFO: Run Behavior\ShowPageTraceBehavior [ RunTime:0.000000s ]
INFO: [ app_end ] --END-- [ RunTime:0.000000s ]

[ 2017-08-01T10:46:54+08:00 ] ::1 /l.html
INFO: [ app_init ] --START--
INFO: Run Behavior\BuildLiteBehavior [ RunTime:0.000000s ]
INFO: [ app_init ] --END-- [ RunTime:0.000000s ]
INFO: [ app_begin ] --START--
INFO: Run Behavior\ReadHtmlCacheBehavior [ RunTime:0.001000s ]
INFO: [ app_begin ] --END-- [ RunTime:0.001000s ]
INFO: [ view_parse ] --START--
INFO: [ template_filter ] --START--
INFO: Run Behavior\ContentReplaceBehavior [ RunTime:0.000000s ]
INFO: [ template_filter ] --END-- [ RunTime:0.000000s ]
NOTIC: [8] Undefined variable: bh D:\phpStudy\www\App\Runtime\Cache\Shangcheng\ac42893af67704303ef879a7c1472c35.php 第 26 行.
INFO: Run Behavior\ParseTemplateBehavior [ RunTime:0.011001s ]
INFO: [ view_parse ] --END-- [ RunTime:0.011001s ]
INFO: [ view_filter ] --START--
INFO: Run Behavior\WriteHtmlCacheBehavior [ RunTime:0.001000s ]
INFO: Run Behavior\TokenBuildBehavior [ RunTime:0.001000s ]
INFO: [ view_filter ] --END-- [ RunTime:0.002000s ]
INFO: [ app_end ] --START--
INFO: Run Behavior\ShowPageTraceBehavior [ RunTime:0.000000s ]
INFO: [ app_end ] --END-- [ RunTime:0.000000s ]

[ 2017-08-01T10:47:11+08:00 ] ::1 /l.html
INFO: [ app_init ] --START--
INFO: Run Behavior\BuildLiteBehavior [ RunTime:0.001000s ]
INFO: [ app_init ] --END-- [ RunTime:0.001000s ]
INFO: [ app_begin ] --START--
INFO: Run Behavior\ReadHtmlCacheBehavior [ RunTime:0.000000s ]
INFO: [ app_begin ] --END-- [ RunTime:0.000000s ]
SQL: SHOW COLUMNS FROM `dq_user` [ RunTime:0.0140s ]
SQL: SELECT * FROM `dq_user` WHERE `user_login_bh` = 'A15711007816' LIMIT 1   [ RunTime:0.0000s ]
INFO: [ view_parse ] --START--
INFO: [ template_filter ] --START--
INFO: Run Behavior\ContentReplaceBehavior [ RunTime:0.000000s ]
INFO: [ template_filter ] --END-- [ RunTime:0.000000s ]
INFO: Run Behavior\ParseTemplateBehavior [ RunTime:0.018002s ]
INFO: [ view_parse ] --END-- [ RunTime:0.018002s ]
INFO: [ view_filter ] --START--
INFO: Run Behavior\WriteHtmlCacheBehavior [ RunTime:0.000000s ]
INFO: Run Behavior\TokenBuildBehavior [ RunTime:0.001000s ]
INFO: [ view_filter ] --END-- [ RunTime:0.001000s ]

[ 2017-08-01T10:47:14+08:00 ] ::1 /l.html
INFO: [ app_init ] --START--
INFO: Run Behavior\BuildLiteBehavior [ RunTime:0.000000s ]
INFO: [ app_init ] --END-- [ RunTime:0.001000s ]
INFO: [ app_begin ] --START--
INFO: Run Behavior\ReadHtmlCacheBehavior [ RunTime:0.000000s ]
INFO: [ app_begin ] --END-- [ RunTime:0.000000s ]
INFO: [ view_parse ] --START--
INFO: [ template_filter ] --START--
INFO: Run Behavior\ContentReplaceBehavior [ RunTime:0.000000s ]
INFO: [ template_filter ] --END-- [ RunTime:0.001000s ]
NOTIC: [8] Undefined variable: bh D:\phpStudy\www\App\Runtime\Cache\Shangcheng\ac42893af67704303ef879a7c1472c35.php 第 26 行.
INFO: Run Behavior\ParseTemplateBehavior [ RunTime:0.009000s ]
INFO: [ view_parse ] --END-- [ RunTime:0.009000s ]
INFO: [ view_filter ] --START--
INFO: Run Behavior\WriteHtmlCacheBehavior [ RunTime:0.000000s ]
INFO: Run Behavior\TokenBuildBehavior [ RunTime:0.000000s ]
INFO: [ view_filter ] --END-- [ RunTime:0.000000s ]
INFO: [ app_end ] --START--
INFO: Run Behavior\ShowPageTraceBehavior [ RunTime:0.000000s ]
INFO: [ app_end ] --END-- [ RunTime:0.000000s ]

[ 2017-08-01T10:47:43+08:00 ] ::1 /l.html
INFO: [ app_init ] --START--
INFO: Run Behavior\BuildLiteBehavior [ RunTime:0.000000s ]
INFO: [ app_init ] --END-- [ RunTime:0.001000s ]
INFO: [ app_begin ] --START--
INFO: Run Behavior\ReadHtmlCacheBehavior [ RunTime:0.001000s ]
INFO: [ app_begin ] --END-- [ RunTime:0.001000s ]
SQL: SHOW COLUMNS FROM `dq_user` [ RunTime:0.0220s ]
SQL: SELECT * FROM `dq_user` WHERE `user_login_bh` = 'A15711007816' LIMIT 1   [ RunTime:0.0010s ]
SQL: UPDATE `dq_user` SET `user_login`=user_login+1,`user_oldip`=NULL,`user_ip`='0.0.0.0',`user_olddate`=NULL,`user_date`='1501555663' WHERE `id` = 5640 [ RunTime:0.0010s ]
NOTIC: [8] Undefined variable: log D:\phpStudy\www\App\Shangcheng\Controller\IndexController.class.php 第 216 行.
SQL: SHOW COLUMNS FROM `dq_user_loginlog` [ RunTime:0.0970s ]
SQL: INSERT INTO `dq_user_loginlog` (`uid`,`user_login_bh`,`login_time`,`login_ip`,`login_liulanqi`) VALUES ('5640','A15711007816','1501555663','0.0.0.0','Mozilla/5.0 (iPhone; CPU iPhone OS 9_1 like Mac OS X) AppleWebKit/601.1.46 (KHTML, like Gecko) Version/9.0 Mobile/13B143 Safari/601.1') [ RunTime:0.0400s ]
INFO: [ view_parse ] --START--
INFO: [ template_filter ] --START--
INFO: Run Behavior\ContentReplaceBehavior [ RunTime:0.000000s ]
INFO: [ template_filter ] --END-- [ RunTime:0.000000s ]
INFO: Run Behavior\ParseTemplateBehavior [ RunTime:0.007000s ]
INFO: [ view_parse ] --END-- [ RunTime:0.007000s ]
INFO: [ view_filter ] --START--
INFO: Run Behavior\WriteHtmlCacheBehavior [ RunTime:0.000000s ]
INFO: Run Behavior\TokenBuildBehavior [ RunTime:0.000000s ]
INFO: [ view_filter ] --END-- [ RunTime:0.000000s ]
INFO: [ app_end ] --START--
INFO: Run Behavior\ShowPageTraceBehavior [ RunTime:0.001000s ]
INFO: [ app_end ] --END-- [ RunTime:0.001000s ]

[ 2017-08-01T10:47:44+08:00 ] ::1 /u.html
INFO: [ app_init ] --START--
INFO: Run Behavior\BuildLiteBehavior [ RunTime:0.000000s ]
INFO: [ app_init ] --END-- [ RunTime:0.001000s ]
INFO: [ app_begin ] --START--
INFO: Run Behavior\ReadHtmlCacheBehavior [ RunTime:0.001000s ]
INFO: [ app_begin ] --END-- [ RunTime:0.001000s ]
SQL: SHOW COLUMNS FROM `dq_user` [ RunTime:0.0150s ]
SQL: SELECT * FROM `dq_user` WHERE `user_login_bh` = 'A15711007816' LIMIT 1   [ RunTime:0.0010s ]
NOTIC: [8] Undefined variable: puser D:\phpStudy\www\App\Shangcheng\Controller\UserController.class.php 第 72 行.
INFO: [ view_parse ] --START--
INFO: [ template_filter ] --START--
INFO: Run Behavior\ContentReplaceBehavior [ RunTime:0.000000s ]
INFO: [ template_filter ] --END-- [ RunTime:0.000000s ]
NOTIC: [8] Undefined index: user_zs_baodanjifen D:\phpStudy\www\App\Runtime\Cache\Shangcheng\3e8525ef934c3c89d41b2307e0449fbe.php 第 125 行.
INFO: Run Behavior\ParseTemplateBehavior [ RunTime:0.070004s ]
INFO: [ view_parse ] --END-- [ RunTime:0.070004s ]
INFO: [ view_filter ] --START--
INFO: Run Behavior\WriteHtmlCacheBehavior [ RunTime:0.001000s ]
INFO: Run Behavior\TokenBuildBehavior [ RunTime:0.000000s ]
INFO: [ view_filter ] --END-- [ RunTime:0.001000s ]
INFO: [ app_end ] --START--
INFO: Run Behavior\ShowPageTraceBehavior [ RunTime:0.000000s ]
INFO: [ app_end ] --END-- [ RunTime:0.000000s ]

[ 2017-08-01T18:04:09+08:00 ] 192.168.0.104 /guoshu/
INFO: [ app_init ] --START--
INFO: Run Behavior\BuildLiteBehavior [ RunTime:0.000000s ]
INFO: [ app_init ] --END-- [ RunTime:0.003000s ]
INFO: [ app_begin ] --START--
INFO: Run Behavior\ReadHtmlCacheBehavior [ RunTime:0.002000s ]
INFO: [ app_begin ] --END-- [ RunTime:0.002000s ]
ERR: 无法加载控制器:Guoshu

[ 2017-08-01T18:04:11+08:00 ] 192.168.0.104 /favicon.ico
INFO: [ app_init ] --START--
INFO: Run Behavior\BuildLiteBehavior [ RunTime:0.000000s ]
INFO: [ app_init ] --END-- [ RunTime:0.000000s ]

[ 2017-08-01T18:04:36+08:00 ] 192.168.0.104 /guoshu/index.php
INFO: [ app_init ] --START--
INFO: Run Behavior\BuildLiteBehavior [ RunTime:0.000000s ]
INFO: [ app_init ] --END-- [ RunTime:0.001000s ]
INFO: [ app_begin ] --START--
INFO: Run Behavior\ReadHtmlCacheBehavior [ RunTime:0.001000s ]
INFO: [ app_begin ] --END-- [ RunTime:0.001000s ]
ERR: 无法加载控制器:Guoshu

[ 2017-08-01T18:04:36+08:00 ] 192.168.0.104 /favicon.ico
INFO: [ app_init ] --START--
INFO: Run Behavior\BuildLiteBehavior [ RunTime:0.000000s ]
INFO: [ app_init ] --END-- [ RunTime:0.001000s ]

[ 2017-08-01T18:05:28+08:00 ] 192.168.0.104 /guoshu/index.php
INFO: [ app_init ] --START--
INFO: Run Behavior\BuildLiteBehavior [ RunTime:0.000000s ]
INFO: [ app_init ] --END-- [ RunTime:0.001000s ]
INFO: [ app_begin ] --START--
INFO: Run Behavior\ReadHtmlCacheBehavior [ RunTime:0.002000s ]
INFO: [ app_begin ] --END-- [ RunTime:0.002000s ]
ERR: 无法加载控制器:Guoshu

[ 2017-08-01T18:06:04+08:00 ] 192.168.0.104 /guoshu/index.php
INFO: [ app_init ] --START--
INFO: Run Behavior\BuildLiteBehavior [ RunTime:0.000000s ]
INFO: [ app_init ] --END-- [ RunTime:0.001000s ]
INFO: [ app_begin ] --START--
INFO: Run Behavior\ReadHtmlCacheBehavior [ RunTime:0.001000s ]
INFO: [ app_begin ] --END-- [ RunTime:0.001000s ]
ERR: 无法加载控制器:Guoshu

[ 2017-08-01T18:06:06+08:00 ] 192.168.0.104 /guoshu/index.php
INFO: [ app_init ] --START--
INFO: Run Behavior\BuildLiteBehavior [ RunTime:0.000000s ]
INFO: [ app_init ] --END-- [ RunTime:0.001000s ]
INFO: [ app_begin ] --START--
INFO: Run Behavior\ReadHtmlCacheBehavior [ RunTime:0.001000s ]
INFO: [ app_begin ] --END-- [ RunTime:0.001000s ]
ERR: 无法加载控制器:Guoshu

[ 2017-08-01T18:06:08+08:00 ] 192.168.0.104 /guoshu/index.php
INFO: [ app_init ] --START--
INFO: Run Behavior\BuildLiteBehavior [ RunTime:0.001000s ]
INFO: [ app_init ] --END-- [ RunTime:0.001000s ]
INFO: [ app_begin ] --START--
INFO: Run Behavior\ReadHtmlCacheBehavior [ RunTime:0.000000s ]
INFO: [ app_begin ] --END-- [ RunTime:0.000000s ]
ERR: 无法加载控制器:Guoshu

[ 2017-08-01T18:06:15+08:00 ] 192.168.0.104 /guoshu/index.php
INFO: [ app_init ] --START--
INFO: Run Behavior\BuildLiteBehavior [ RunTime:0.000000s ]
INFO: [ app_init ] --END-- [ RunTime:0.002000s ]
INFO: [ app_begin ] --START--
INFO: Run Behavior\ReadHtmlCacheBehavior [ RunTime:0.001000s ]
INFO: [ app_begin ] --END-- [ RunTime:0.001000s ]
ERR: 无法加载控制器:Guoshu

[ 2017-08-01T18:06:44+08:00 ] 192.168.0.104 /
INFO: [ app_init ] --START--
INFO: Run Behavior\BuildLiteBehavior [ RunTime:0.000000s ]
INFO: [ app_init ] --END-- [ RunTime:0.001000s ]
INFO: [ app_begin ] --START--
INFO: Run Behavior\ReadHtmlCacheBehavior [ RunTime:0.001000s ]
INFO: [ app_begin ] --END-- [ RunTime:0.001000s ]
ERR: SQLSTATE[HY000] [1045] Access denied for user 'root'@'localhost' (using password: YES)

[ 2017-08-01T18:06:45+08:00 ] 192.168.0.104 /favicon.ico
INFO: [ app_init ] --START--
INFO: Run Behavior\BuildLiteBehavior [ RunTime:0.000000s ]
INFO: [ app_init ] --END-- [ RunTime:0.000000s ]

[ 2017-08-01T18:06:57+08:00 ] 192.168.0.104 /guoshu
INFO: [ app_init ] --START--
INFO: Run Behavior\BuildLiteBehavior [ RunTime:0.000000s ]
INFO: [ app_init ] --END-- [ RunTime:0.000000s ]
INFO: [ app_begin ] --START--
INFO: Run Behavior\ReadHtmlCacheBehavior [ RunTime:0.001000s ]
INFO: [ app_begin ] --END-- [ RunTime:0.001000s ]
ERR: 无法加载控制器:Guoshu

[ 2017-08-01T18:06:57+08:00 ] 192.168.0.104 /favicon.ico
INFO: [ app_init ] --START--
INFO: Run Behavior\BuildLiteBehavior [ RunTime:0.000000s ]
INFO: [ app_init ] --END-- [ RunTime:0.000000s ]

[ 2017-08-01T18:07:27+08:00 ] 192.168.0.104 /guoshu
INFO: [ app_init ] --START--
INFO: Run Behavior\BuildLiteBehavior [ RunTime:0.000000s ]
INFO: [ app_init ] --END-- [ RunTime:0.001000s ]
INFO: [ app_begin ] --START--
INFO: Run Behavior\ReadHtmlCacheBehavior [ RunTime:0.001000s ]
INFO: [ app_begin ] --END-- [ RunTime:0.002000s ]
ERR: 无法加载控制器:Guoshu

[ 2017-08-01T18:07:29+08:00 ] 192.168.0.104 /guoshu
INFO: [ app_init ] --START--
INFO: Run Behavior\BuildLiteBehavior [ RunTime:0.000000s ]
INFO: [ app_init ] --END-- [ RunTime:0.001000s ]
INFO: [ app_begin ] --START--
INFO: Run Behavior\ReadHtmlCacheBehavior [ RunTime:0.001000s ]
INFO: [ app_begin ] --END-- [ RunTime:0.001000s ]
ERR: 无法加载控制器:Guoshu

[ 2017-08-01T18:07:56+08:00 ] 192.168.0.104 /guoshu/public
INFO: [ app_init ] --START--
INFO: Run Behavior\BuildLiteBehavior [ RunTime:0.000000s ]
INFO: [ app_init ] --END-- [ RunTime:0.001000s ]
INFO: [ app_begin ] --START--
INFO: Run Behavior\ReadHtmlCacheBehavior [ RunTime:0.001000s ]
INFO: [ app_begin ] --END-- [ RunTime:0.001000s ]
ERR: 无法加载控制器:Guoshu

[ 2017-08-01T18:07:57+08:00 ] 192.168.0.104 /favicon.ico
INFO: [ app_init ] --START--
INFO: Run Behavior\BuildLiteBehavior [ RunTime:0.000000s ]
INFO: [ app_init ] --END-- [ RunTime:0.001000s ]

[ 2017-08-01T18:08:51+08:00 ] 192.168.0.104 /guoshu/
INFO: [ app_init ] --START--
INFO: Run Behavior\BuildLiteBehavior [ RunTime:0.000000s ]
INFO: [ app_init ] --END-- [ RunTime:0.001000s ]
INFO: [ app_begin ] --START--
INFO: Run Behavior\ReadHtmlCacheBehavior [ RunTime:0.001000s ]
INFO: [ app_begin ] --END-- [ RunTime:0.001000s ]
ERR: 无法加载控制器:Guoshu

[ 2017-08-01T18:08:52+08:00 ] 192.168.0.104 /favicon.ico
INFO: [ app_init ] --START--
INFO: Run Behavior\BuildLiteBehavior [ RunTime:0.000000s ]
INFO: [ app_init ] --END-- [ RunTime:0.000000s ]

