[ 2017-08-09T08:59:50+08:00 ] ::1 /
INFO: [ app_init ] --START--
INFO: Run Behavior\BuildLiteBehavior [ RunTime:0.000000s ]
INFO: [ app_init ] --END-- [ RunTime:0.045003s ]
INFO: [ app_begin ] --START--
INFO: Run Behavior\ReadHtmlCacheBehavior [ RunTime:0.001000s ]
INFO: [ app_begin ] --END-- [ RunTime:0.001000s ]
SQL: SHOW COLUMNS FROM `dq_column` [ RunTime:0.1410s ]
SQL: SELECT `column_images` FROM `dq_column` WHERE `column_type` = 1 AND `column_show` = 1 ORDER BY column_sort asc LIMIT 4   [ RunTime:0.0010s ]
SQL: SELECT `column_type`,`column_images` FROM `dq_column` WHERE `column_type` > 1 AND `column_show` = 1 ORDER BY column_sort asc  [ RunTime:0.0000s ]
SQL: SHOW COLUMNS FROM `dq_config` [ RunTime:0.0760s ]
SQL: SELECT * FROM `dq_config` LIMIT 1   [ RunTime:0.0000s ]
SQL: SHOW COLUMNS FROM `dq_goods` [ RunTime:0.0970s ]
SQL: SELECT `id`,`name`,`jifen`,`pic`,`xianjing` FROM `dq_goods` WHERE `is_show` = 1 AND `fid` = 14 ORDER BY paixu desc LIMIT 10   [ RunTime:0.0010s ]
SQL: SELECT `id`,`name`,`jifen`,`pic`,`xianjing` FROM `dq_goods` WHERE `is_show` = 1 AND `index_post` = 1 ORDER BY paixu asc,date desc LIMIT 12   [ RunTime:0.0010s ]
SQL: SELECT `id`,`name`,`jifen`,`pic`,`xianjing` FROM `dq_goods` WHERE `is_show` = 1 AND `index_post` = 3 ORDER BY paixu asc,date desc LIMIT 2   [ RunTime:0.0010s ]
SQL: SELECT `id`,`name`,`jifen`,`pic`,`xianjing` FROM `dq_goods` WHERE `is_show` = 1 AND `index_post` = 3 ORDER BY paixu desc LIMIT 2,12   [ RunTime:0.0010s ]
SQL: SELECT `id`,`name`,`jifen`,`pic`,`xianjing` FROM `dq_goods` WHERE `is_show` = 1 AND `index_post` = 4 ORDER BY paixu asc,date desc LIMIT 2   [ RunTime:0.0010s ]
SQL: SELECT `id`,`name`,`jifen`,`pic`,`xianjing` FROM `dq_goods` WHERE `is_show` = 1 AND `index_post` = 4 ORDER BY paixu desc LIMIT 2,12   [ RunTime:0.0010s ]
SQL: SHOW COLUMNS FROM `dq_message` [ RunTime:0.0490s ]
SQL: SELECT * FROM `dq_message` WHERE ( gb_dell=0 and gb_read=0 )  [ RunTime:0.0000s ]
INFO: [ view_parse ] --START--
INFO: [ template_filter ] --START--
INFO: Run Behavior\ContentReplaceBehavior [ RunTime:0.000000s ]
INFO: [ template_filter ] --END-- [ RunTime:0.000000s ]
NOTIC: [8] Undefined variable: bh D:\phpStudy\www\App\Runtime\Cache\Shangcheng\7cd59b35e99779a97088ae965b0c3710.php 第 78 行.
NOTIC: [8] Undefined variable: aglist D:\phpStudy\www\App\Runtime\Cache\Shangcheng\7cd59b35e99779a97088ae965b0c3710.php 第 259 行.
NOTIC: [8] Undefined variable: v D:\phpStudy\www\App\Runtime\Cache\Shangcheng\7cd59b35e99779a97088ae965b0c3710.php 第 330 行.
NOTIC: [8] Undefined variable: v D:\phpStudy\www\App\Runtime\Cache\Shangcheng\7cd59b35e99779a97088ae965b0c3710.php 第 330 行.
INFO: Run Behavior\ParseTemplateBehavior [ RunTime:0.267015s ]
INFO: [ view_parse ] --END-- [ RunTime:0.267015s ]
INFO: [ view_filter ] --START--
INFO: Run Behavior\WriteHtmlCacheBehavior [ RunTime:0.035002s ]
INFO: Run Behavior\TokenBuildBehavior [ RunTime:0.003000s ]
INFO: [ view_filter ] --END-- [ RunTime:0.038002s ]
INFO: [ app_end ] --START--
INFO: Run Behavior\ShowPageTraceBehavior [ RunTime:0.017001s ]
INFO: [ app_end ] --END-- [ RunTime:0.017001s ]

[ 2017-08-09T08:59:50+08:00 ] ::1 /Uploads/Tmp/20170731/597ee71ce8675.jpg
INFO: [ app_init ] --START--
INFO: Run Behavior\BuildLiteBehavior [ RunTime:0.000000s ]
INFO: [ app_init ] --END-- [ RunTime:0.001000s ]

[ 2017-08-09T08:59:50+08:00 ] ::1 /Uploads/Tmp/20170727/5979cf45f145a.jpg
INFO: [ app_init ] --START--
INFO: Run Behavior\BuildLiteBehavior [ RunTime:0.001000s ]
INFO: [ app_init ] --END-- [ RunTime:0.001000s ]

[ 2017-08-09T08:59:50+08:00 ] ::1 /Uploads/Tmp/20170727/5979ce4938c2b.jpg
INFO: [ app_init ] --START--
INFO: Run Behavior\BuildLiteBehavior [ RunTime:0.000000s ]
INFO: [ app_init ] --END-- [ RunTime:0.000000s ]

[ 2017-08-09T08:59:52+08:00 ] ::1 /Uploads/Images/20170727/mini/5979e45be803e.png
INFO: [ app_init ] --START--
INFO: Run Behavior\BuildLiteBehavior [ RunTime:0.000000s ]
INFO: [ app_init ] --END-- [ RunTime:0.000000s ]

[ 2017-08-09T08:59:53+08:00 ] ::1 /favicon.ico
INFO: [ app_init ] --START--
INFO: Run Behavior\BuildLiteBehavior [ RunTime:0.000000s ]
INFO: [ app_init ] --END-- [ RunTime:0.001000s ]

