[ 2017-08-14T09:59:17+08:00 ] ::1 /
INFO: [ app_init ] --START--
INFO: Run Behavior\BuildLiteBehavior [ RunTime:0.000000s ]
INFO: [ app_init ] --END-- [ RunTime:0.001000s ]
INFO: [ app_begin ] --START--
INFO: Run Behavior\ReadHtmlCacheBehavior [ RunTime:0.001000s ]
INFO: [ app_begin ] --END-- [ RunTime:0.002000s ]
SQL: SHOW COLUMNS FROM `dq_column` [ RunTime:0.0440s ]
SQL: SELECT `column_images` FROM `dq_column` WHERE `column_type` = 1 AND `column_show` = 1 ORDER BY column_sort asc LIMIT 4   [ RunTime:0.0010s ]
SQL: SELECT `column_type`,`column_images` FROM `dq_column` WHERE `column_type` > 1 AND `column_show` = 1 ORDER BY column_sort asc  [ RunTime:0.0010s ]
SQL: SHOW COLUMNS FROM `dq_config` [ RunTime:0.0420s ]
SQL: SELECT * FROM `dq_config` LIMIT 1   [ RunTime:0.0000s ]
SQL: SHOW COLUMNS FROM `dq_goods` [ RunTime:0.0590s ]
SQL: SELECT `id`,`name`,`jifen`,`pic`,`xianjing` FROM `dq_goods` WHERE `is_show` = 1 AND `fid` = 14 ORDER BY paixu desc LIMIT 10   [ RunTime:0.0000s ]
SQL: SELECT `id`,`name`,`jifen`,`pic`,`xianjing` FROM `dq_goods` WHERE `is_show` = 1 AND `index_post` = 1 ORDER BY paixu asc,date desc LIMIT 12   [ RunTime:0.0010s ]
SQL: SELECT `id`,`name`,`jifen`,`pic`,`xianjing` FROM `dq_goods` WHERE `is_show` = 1 AND `index_post` = 3 ORDER BY paixu asc,date desc LIMIT 2   [ RunTime:0.0000s ]
SQL: SELECT `id`,`name`,`jifen`,`pic`,`xianjing` FROM `dq_goods` WHERE `is_show` = 1 AND `index_post` = 3 ORDER BY paixu desc LIMIT 2,12   [ RunTime:0.0010s ]
SQL: SELECT `id`,`name`,`jifen`,`pic`,`xianjing` FROM `dq_goods` WHERE `is_show` = 1 AND `index_post` = 4 ORDER BY paixu asc,date desc LIMIT 2   [ RunTime:0.0010s ]
SQL: SELECT `id`,`name`,`jifen`,`pic`,`xianjing` FROM `dq_goods` WHERE `is_show` = 1 AND `index_post` = 4 ORDER BY paixu desc LIMIT 2,12   [ RunTime:0.0010s ]
SQL: SHOW COLUMNS FROM `dq_message` [ RunTime:0.0450s ]
SQL: SELECT * FROM `dq_message` WHERE ( gb_dell=0 and gb_read=0 )  [ RunTime:0.0000s ]
INFO: [ view_parse ] --START--
INFO: [ template_filter ] --START--
INFO: Run Behavior\ContentReplaceBehavior [ RunTime:0.000000s ]
INFO: [ template_filter ] --END-- [ RunTime:0.000000s ]
NOTIC: [8] Undefined variable: bh D:\phpStudy\www\App\Runtime\Cache\Shangcheng\7cd59b35e99779a97088ae965b0c3710.php 第 78 行.
NOTIC: [8] Undefined variable: aglist D:\phpStudy\www\App\Runtime\Cache\Shangcheng\7cd59b35e99779a97088ae965b0c3710.php 第 259 行.
NOTIC: [8] Undefined variable: v D:\phpStudy\www\App\Runtime\Cache\Shangcheng\7cd59b35e99779a97088ae965b0c3710.php 第 330 行.
NOTIC: [8] Undefined variable: v D:\phpStudy\www\App\Runtime\Cache\Shangcheng\7cd59b35e99779a97088ae965b0c3710.php 第 330 行.
INFO: Run Behavior\ParseTemplateBehavior [ RunTime:0.047003s ]
INFO: [ view_parse ] --END-- [ RunTime:0.047003s ]
INFO: [ view_filter ] --START--
INFO: Run Behavior\WriteHtmlCacheBehavior [ RunTime:0.001000s ]
INFO: Run Behavior\TokenBuildBehavior [ RunTime:0.001000s ]
INFO: [ view_filter ] --END-- [ RunTime:0.002000s ]
INFO: [ app_end ] --START--
INFO: Run Behavior\ShowPageTraceBehavior [ RunTime:0.001000s ]
INFO: [ app_end ] --END-- [ RunTime:0.001000s ]

[ 2017-08-14T09:59:17+08:00 ] ::1 /Uploads/Tmp/20170731/597ee71ce8675.jpg
INFO: [ app_init ] --START--
INFO: Run Behavior\BuildLiteBehavior [ RunTime:0.000000s ]
INFO: [ app_init ] --END-- [ RunTime:0.001000s ]

[ 2017-08-14T09:59:17+08:00 ] ::1 /Uploads/Tmp/20170727/5979cf45f145a.jpg
INFO: [ app_init ] --START--
INFO: Run Behavior\BuildLiteBehavior [ RunTime:0.000000s ]
INFO: [ app_init ] --END-- [ RunTime:0.000000s ]

[ 2017-08-14T09:59:17+08:00 ] ::1 /Uploads/Tmp/20170727/5979ce4938c2b.jpg
INFO: [ app_init ] --START--
INFO: Run Behavior\BuildLiteBehavior [ RunTime:0.000000s ]
INFO: [ app_init ] --END-- [ RunTime:0.000000s ]

[ 2017-08-14T09:59:17+08:00 ] ::1 /Uploads/Images/20170727/mini/5979e45be803e.png
INFO: [ app_init ] --START--
INFO: Run Behavior\BuildLiteBehavior [ RunTime:0.000000s ]
INFO: [ app_init ] --END-- [ RunTime:0.001000s ]

[ 2017-08-14T09:59:18+08:00 ] ::1 /favicon.ico
INFO: [ app_init ] --START--
INFO: Run Behavior\BuildLiteBehavior [ RunTime:0.000000s ]
INFO: [ app_init ] --END-- [ RunTime:0.000000s ]

[ 2017-08-14T09:59:21+08:00 ] ::1 /l.html
INFO: [ app_init ] --START--
INFO: Run Behavior\BuildLiteBehavior [ RunTime:0.000000s ]
INFO: [ app_init ] --END-- [ RunTime:0.001000s ]
INFO: [ app_begin ] --START--
INFO: Run Behavior\ReadHtmlCacheBehavior [ RunTime:0.001000s ]
INFO: [ app_begin ] --END-- [ RunTime:0.001000s ]
INFO: [ view_parse ] --START--
INFO: [ template_filter ] --START--
INFO: Run Behavior\ContentReplaceBehavior [ RunTime:0.001000s ]
INFO: [ template_filter ] --END-- [ RunTime:0.001000s ]
NOTIC: [8] Undefined variable: bh D:\phpStudy\www\App\Runtime\Cache\Shangcheng\ac42893af67704303ef879a7c1472c35.php 第 26 行.
INFO: Run Behavior\ParseTemplateBehavior [ RunTime:0.019001s ]
INFO: [ view_parse ] --END-- [ RunTime:0.019001s ]
INFO: [ view_filter ] --START--
INFO: Run Behavior\WriteHtmlCacheBehavior [ RunTime:0.000000s ]
INFO: Run Behavior\TokenBuildBehavior [ RunTime:0.001000s ]
INFO: [ view_filter ] --END-- [ RunTime:0.001000s ]
INFO: [ app_end ] --START--
INFO: Run Behavior\ShowPageTraceBehavior [ RunTime:0.000000s ]
INFO: [ app_end ] --END-- [ RunTime:0.000000s ]

[ 2017-08-14T09:59:35+08:00 ] ::1 /l.html
INFO: [ app_init ] --START--
INFO: Run Behavior\BuildLiteBehavior [ RunTime:0.000000s ]
INFO: [ app_init ] --END-- [ RunTime:0.001000s ]
INFO: [ app_begin ] --START--
INFO: Run Behavior\ReadHtmlCacheBehavior [ RunTime:0.001001s ]
INFO: [ app_begin ] --END-- [ RunTime:0.001001s ]
SQL: SHOW COLUMNS FROM `dq_user` [ RunTime:0.0560s ]
SQL: SELECT * FROM `dq_user` WHERE `user_login_bh` = 'A15098297728' LIMIT 1   [ RunTime:0.0120s ]
INFO: [ view_parse ] --START--
INFO: [ template_filter ] --START--
INFO: Run Behavior\ContentReplaceBehavior [ RunTime:0.000000s ]
INFO: [ template_filter ] --END-- [ RunTime:0.001000s ]
INFO: Run Behavior\ParseTemplateBehavior [ RunTime:0.026001s ]
INFO: [ view_parse ] --END-- [ RunTime:0.026001s ]
INFO: [ view_filter ] --START--
INFO: Run Behavior\WriteHtmlCacheBehavior [ RunTime:0.001000s ]
INFO: Run Behavior\TokenBuildBehavior [ RunTime:0.001000s ]
INFO: [ view_filter ] --END-- [ RunTime:0.002000s ]

[ 2017-08-14T09:59:38+08:00 ] ::1 /l.html
INFO: [ app_init ] --START--
INFO: Run Behavior\BuildLiteBehavior [ RunTime:0.000000s ]
INFO: [ app_init ] --END-- [ RunTime:0.000000s ]
INFO: [ app_begin ] --START--
INFO: Run Behavior\ReadHtmlCacheBehavior [ RunTime:0.001000s ]
INFO: [ app_begin ] --END-- [ RunTime:0.001000s ]
INFO: [ view_parse ] --START--
INFO: [ template_filter ] --START--
INFO: Run Behavior\ContentReplaceBehavior [ RunTime:0.000000s ]
INFO: [ template_filter ] --END-- [ RunTime:0.000000s ]
NOTIC: [8] Undefined variable: bh D:\phpStudy\www\App\Runtime\Cache\Shangcheng\ac42893af67704303ef879a7c1472c35.php 第 26 行.
INFO: Run Behavior\ParseTemplateBehavior [ RunTime:0.009000s ]
INFO: [ view_parse ] --END-- [ RunTime:0.009000s ]
INFO: [ view_filter ] --START--
INFO: Run Behavior\WriteHtmlCacheBehavior [ RunTime:0.000000s ]
INFO: Run Behavior\TokenBuildBehavior [ RunTime:0.000000s ]
INFO: [ view_filter ] --END-- [ RunTime:0.001000s ]
INFO: [ app_end ] --START--
INFO: Run Behavior\ShowPageTraceBehavior [ RunTime:0.000000s ]
INFO: [ app_end ] --END-- [ RunTime:0.000000s ]

[ 2017-08-14T09:59:42+08:00 ] ::1 /l.html
INFO: [ app_init ] --START--
INFO: Run Behavior\BuildLiteBehavior [ RunTime:0.000000s ]
INFO: [ app_init ] --END-- [ RunTime:0.000000s ]
INFO: [ app_begin ] --START--
INFO: Run Behavior\ReadHtmlCacheBehavior [ RunTime:0.000000s ]
INFO: [ app_begin ] --END-- [ RunTime:0.001000s ]
INFO: [ view_parse ] --START--
INFO: [ template_filter ] --START--
INFO: Run Behavior\ContentReplaceBehavior [ RunTime:0.000000s ]
INFO: [ template_filter ] --END-- [ RunTime:0.000000s ]
INFO: Run Behavior\ParseTemplateBehavior [ RunTime:0.011001s ]
INFO: [ view_parse ] --END-- [ RunTime:0.011001s ]
INFO: [ view_filter ] --START--
INFO: Run Behavior\WriteHtmlCacheBehavior [ RunTime:0.001000s ]
INFO: Run Behavior\TokenBuildBehavior [ RunTime:0.001000s ]
INFO: [ view_filter ] --END-- [ RunTime:0.002000s ]

[ 2017-08-14T09:59:45+08:00 ] ::1 /l.html
INFO: [ app_init ] --START--
INFO: Run Behavior\BuildLiteBehavior [ RunTime:0.000000s ]
INFO: [ app_init ] --END-- [ RunTime:0.000000s ]
INFO: [ app_begin ] --START--
INFO: Run Behavior\ReadHtmlCacheBehavior [ RunTime:0.000000s ]
INFO: [ app_begin ] --END-- [ RunTime:0.001000s ]
INFO: [ view_parse ] --START--
INFO: [ template_filter ] --START--
INFO: Run Behavior\ContentReplaceBehavior [ RunTime:0.000000s ]
INFO: [ template_filter ] --END-- [ RunTime:0.000000s ]
NOTIC: [8] Undefined variable: bh D:\phpStudy\www\App\Runtime\Cache\Shangcheng\ac42893af67704303ef879a7c1472c35.php 第 26 行.
INFO: Run Behavior\ParseTemplateBehavior [ RunTime:0.007000s ]
INFO: [ view_parse ] --END-- [ RunTime:0.007000s ]
INFO: [ view_filter ] --START--
INFO: Run Behavior\WriteHtmlCacheBehavior [ RunTime:0.000000s ]
INFO: Run Behavior\TokenBuildBehavior [ RunTime:0.001000s ]
INFO: [ view_filter ] --END-- [ RunTime:0.001000s ]
INFO: [ app_end ] --START--
INFO: Run Behavior\ShowPageTraceBehavior [ RunTime:0.000000s ]
INFO: [ app_end ] --END-- [ RunTime:0.000000s ]

[ 2017-08-14T09:59:56+08:00 ] ::1 /l.html
INFO: [ app_init ] --START--
INFO: Run Behavior\BuildLiteBehavior [ RunTime:0.000000s ]
INFO: [ app_init ] --END-- [ RunTime:0.001000s ]
INFO: [ app_begin ] --START--
INFO: Run Behavior\ReadHtmlCacheBehavior [ RunTime:0.001000s ]
INFO: [ app_begin ] --END-- [ RunTime:0.001000s ]
SQL: SHOW COLUMNS FROM `dq_user` [ RunTime:0.0230s ]
SQL: SELECT * FROM `dq_user` WHERE `user_login_bh` = 'A15098297728' LIMIT 1   [ RunTime:0.0010s ]
SQL: UPDATE `dq_user` SET `user_login`=user_login+1,`user_oldip`='0.0.0.0',`user_ip`='0.0.0.0',`user_olddate`='1501721954',`user_date`='1502675995' WHERE `id` = 728 [ RunTime:0.0010s ]
NOTIC: [8] Undefined variable: log D:\phpStudy\www\App\Shangcheng\Controller\IndexController.class.php 第 216 行.
SQL: SHOW COLUMNS FROM `dq_user_loginlog` [ RunTime:0.2870s ]
SQL: INSERT INTO `dq_user_loginlog` (`uid`,`user_login_bh`,`login_time`,`login_ip`,`login_liulanqi`) VALUES ('728','A15098297728','1502675995','0.0.0.0','Mozilla/5.0 (Windows NT 6.1; Win64; x64) AppleWebKit/537.36 (KHTML, like Gecko) Chrome/58.0.3029.110 Safari/537.36') [ RunTime:0.0560s ]
INFO: [ view_parse ] --START--
INFO: [ template_filter ] --START--
INFO: Run Behavior\ContentReplaceBehavior [ RunTime:0.000000s ]
INFO: [ template_filter ] --END-- [ RunTime:0.000000s ]
INFO: Run Behavior\ParseTemplateBehavior [ RunTime:0.025002s ]
INFO: [ view_parse ] --END-- [ RunTime:0.025002s ]
INFO: [ view_filter ] --START--
INFO: Run Behavior\WriteHtmlCacheBehavior [ RunTime:0.001000s ]
INFO: Run Behavior\TokenBuildBehavior [ RunTime:0.002000s ]
INFO: [ view_filter ] --END-- [ RunTime:0.003000s ]
INFO: [ app_end ] --START--
INFO: Run Behavior\ShowPageTraceBehavior [ RunTime:0.001000s ]
INFO: [ app_end ] --END-- [ RunTime:0.001000s ]

[ 2017-08-14T09:59:57+08:00 ] ::1 /u.html
INFO: [ app_init ] --START--
INFO: Run Behavior\BuildLiteBehavior [ RunTime:0.000000s ]
INFO: [ app_init ] --END-- [ RunTime:0.001000s ]
INFO: [ app_begin ] --START--
INFO: Run Behavior\ReadHtmlCacheBehavior [ RunTime:0.000000s ]
INFO: [ app_begin ] --END-- [ RunTime:0.000000s ]
SQL: SHOW COLUMNS FROM `dq_user` [ RunTime:0.0280s ]
SQL: SELECT * FROM `dq_user` WHERE `user_login_bh` = 'A15098297728' LIMIT 1   [ RunTime:0.0010s ]
SQL: SHOW COLUMNS FROM `dq_jifenfanhuan_zs` [ RunTime:0.0840s ]
SQL: SELECT COUNT(*) AS tp_count FROM `dq_jifenfanhuan_zs` WHERE ( pbh="A15098297728" ) LIMIT 1   [ RunTime:0.0480s ]
SQL: SELECT COUNT(*) AS tp_count FROM `dq_jifenfanhuan_zs` WHERE ( ppbh="A15098297728" ) LIMIT 1   [ RunTime:0.0070s ]
SQL: SHOW COLUMNS FROM `dq_user` [ RunTime:0.0250s ]
NOTIC: [2] Invalid argument supplied for foreach() D:\phpStudy\www\Core\Library\Think\Db\Driver.class.php 第 493 行.
SQL: SELECT `id`,`user_login_bh`,`user_sjid1` FROM `dq_user`  [ RunTime:0.0560s ]
NOTIC: [8] Undefined variable: arr2 D:\phpStudy\www\App\Shangcheng\Controller\UserController.class.php 第 53 行.
INFO: [ view_parse ] --START--
INFO: [ template_filter ] --START--
INFO: Run Behavior\ContentReplaceBehavior [ RunTime:0.001001s ]
INFO: [ template_filter ] --END-- [ RunTime:0.001001s ]
INFO: Run Behavior\ParseTemplateBehavior [ RunTime:0.020001s ]
INFO: [ view_parse ] --END-- [ RunTime:0.020001s ]
INFO: [ view_filter ] --START--
INFO: Run Behavior\WriteHtmlCacheBehavior [ RunTime:0.001000s ]
INFO: Run Behavior\TokenBuildBehavior [ RunTime:0.000000s ]
INFO: [ view_filter ] --END-- [ RunTime:0.001000s ]
INFO: [ app_end ] --START--
INFO: Run Behavior\ShowPageTraceBehavior [ RunTime:0.001000s ]
INFO: [ app_end ] --END-- [ RunTime:0.001000s ]

[ 2017-08-14T10:00:02+08:00 ] ::1 /futoushenhe.html
INFO: [ app_init ] --START--
INFO: Run Behavior\BuildLiteBehavior [ RunTime:0.000000s ]
INFO: [ app_init ] --END-- [ RunTime:0.001000s ]
INFO: [ app_begin ] --START--
INFO: Run Behavior\ReadHtmlCacheBehavior [ RunTime:0.000000s ]
INFO: [ app_begin ] --END-- [ RunTime:0.000000s ]
SQL: SHOW COLUMNS FROM `dq_user` [ RunTime:0.0260s ]
SQL: SELECT `user_dengji` FROM `dq_user` WHERE `user_login_bh` = 'A15098297728' LIMIT 1   [ RunTime:0.0010s ]
INFO: [ view_parse ] --START--
INFO: [ template_filter ] --START--
INFO: Run Behavior\ContentReplaceBehavior [ RunTime:0.000000s ]
INFO: [ template_filter ] --END-- [ RunTime:0.000000s ]
NOTIC: [8] Undefined variable: config D:\phpStudy\www\App\Runtime\Cache\Shangcheng\942278260b28b9b541400fef504a8127.php 第 6 行.
NOTIC: [8] Undefined variable: config D:\phpStudy\www\App\Runtime\Cache\Shangcheng\942278260b28b9b541400fef504a8127.php 第 7 行.
NOTIC: [8] Undefined variable: html D:\phpStudy\www\App\Runtime\Cache\Shangcheng\942278260b28b9b541400fef504a8127.php 第 69 行.
INFO: Run Behavior\ParseTemplateBehavior [ RunTime:0.027002s ]
INFO: [ view_parse ] --END-- [ RunTime:0.027002s ]
INFO: [ view_filter ] --START--
INFO: Run Behavior\WriteHtmlCacheBehavior [ RunTime:0.001000s ]
INFO: Run Behavior\TokenBuildBehavior [ RunTime:0.001000s ]
INFO: [ view_filter ] --END-- [ RunTime:0.002000s ]
INFO: [ app_end ] --START--
INFO: Run Behavior\ShowPageTraceBehavior [ RunTime:0.001000s ]
INFO: [ app_end ] --END-- [ RunTime:0.001000s ]

[ 2017-08-14T10:00:03+08:00 ] ::1 /futoushenhe.html
INFO: [ app_init ] --START--
INFO: Run Behavior\BuildLiteBehavior [ RunTime:0.000000s ]
INFO: [ app_init ] --END-- [ RunTime:0.000000s ]
INFO: [ app_begin ] --START--
INFO: Run Behavior\ReadHtmlCacheBehavior [ RunTime:0.000000s ]
INFO: [ app_begin ] --END-- [ RunTime:0.000000s ]
SQL: SHOW COLUMNS FROM `dq_user` [ RunTime:0.0260s ]
SQL: SELECT `user_dengji` FROM `dq_user` WHERE `user_login_bh` = 'A15098297728' LIMIT 1   [ RunTime:0.0010s ]
SQL: SHOW COLUMNS FROM `dq_jifenfanhuan_zs` [ RunTime:0.0170s ]
SQL: SELECT * FROM `dq_jifenfanhuan_zs` WHERE ( shenhe_bh="A15098297728" OR shenhe_bh="" ) ORDER BY id desc LIMIT 0,100   [ RunTime:0.0220s ]
SQL: SELECT * FROM `dq_user` WHERE ( user_login_bh = 'A18081421294' ) LIMIT 1   [ RunTime:0.0010s ]
SQL: SELECT * FROM `dq_user` WHERE ( user_login_bh = 'A18080271005' ) LIMIT 1   [ RunTime:0.0010s ]
SQL: SELECT * FROM `dq_user` WHERE ( user_login_bh = 'A13350314111' ) LIMIT 1   [ RunTime:0.0010s ]
SQL: SELECT * FROM `dq_user` WHERE ( user_login_bh = 'A13140372888' ) LIMIT 1   [ RunTime:0.0000s ]
SQL: SELECT * FROM `dq_user` WHERE ( user_login_bh = 'B13883880378' ) LIMIT 1   [ RunTime:0.0000s ]
SQL: SELECT * FROM `dq_user` WHERE ( user_login_bh = 'A13883880378' ) LIMIT 1   [ RunTime:0.0010s ]
SQL: SELECT * FROM `dq_user` WHERE ( user_login_bh = 'B13676326301' ) LIMIT 1   [ RunTime:0.0010s ]
SQL: SELECT * FROM `dq_user` WHERE ( user_login_bh = 'A13676326301' ) LIMIT 1   [ RunTime:0.0000s ]
SQL: SELECT * FROM `dq_user` WHERE ( user_login_bh = 'A13561130638' ) LIMIT 1   [ RunTime:0.0000s ]
SQL: SELECT * FROM `dq_user` WHERE ( user_login_bh = 'A13165215993' ) LIMIT 1   [ RunTime:0.0010s ]
SQL: SELECT * FROM `dq_user` WHERE ( user_login_bh = 'A13676326301' ) LIMIT 1   [ RunTime:0.0010s ]
SQL: SELECT * FROM `dq_user` WHERE ( user_login_bh = 'A13561130638' ) LIMIT 1   [ RunTime:0.0000s ]
SQL: SELECT * FROM `dq_user` WHERE ( user_login_bh = 'A13676326301' ) LIMIT 1   [ RunTime:0.0000s ]
SQL: SELECT * FROM `dq_user` WHERE ( user_login_bh = 'A13561130638' ) LIMIT 1   [ RunTime:0.0010s ]
SQL: SELECT * FROM `dq_user` WHERE ( user_login_bh = 'B13776443938' ) LIMIT 1   [ RunTime:0.0010s ]
SQL: SELECT * FROM `dq_user` WHERE ( user_login_bh = 'A13773963698' ) LIMIT 1   [ RunTime:0.0000s ]
SQL: SELECT * FROM `dq_user` WHERE ( user_login_bh = 'A18761109998' ) LIMIT 1   [ RunTime:0.0000s ]
SQL: SELECT * FROM `dq_user` WHERE ( user_login_bh = 'A13401880957' ) LIMIT 1   [ RunTime:0.0010s ]
SQL: SELECT * FROM `dq_user` WHERE ( user_login_bh = 'A18653921936' ) LIMIT 1   [ RunTime:0.0010s ]
SQL: SELECT * FROM `dq_user` WHERE ( user_login_bh = 'B13589261365' ) LIMIT 1   [ RunTime:0.0000s ]
SQL: SELECT * FROM `dq_user` WHERE ( user_login_bh = 'B13365253935' ) LIMIT 1   [ RunTime:0.0000s ]
SQL: SELECT * FROM `dq_user` WHERE ( user_login_bh = 'A13773963698' ) LIMIT 1   [ RunTime:0.0010s ]
SQL: SELECT * FROM `dq_user` WHERE ( user_login_bh = 'A18761109998' ) LIMIT 1   [ RunTime:0.0010s ]
SQL: SELECT * FROM `dq_user` WHERE ( user_login_bh = 'A13401880957' ) LIMIT 1   [ RunTime:0.0010s ]
SQL: SELECT * FROM `dq_user` WHERE ( user_login_bh = 'A18653921936' ) LIMIT 1   [ RunTime:0.0000s ]
SQL: SELECT * FROM `dq_user` WHERE ( user_login_bh = 'B13589261365' ) LIMIT 1   [ RunTime:0.0000s ]
SQL: SELECT * FROM `dq_user` WHERE ( user_login_bh = 'A13365253935' ) LIMIT 1   [ RunTime:0.0010s ]
SQL: SELECT * FROM `dq_user` WHERE ( user_login_bh = 'A13773963698' ) LIMIT 1   [ RunTime:0.0010s ]
SQL: SELECT * FROM `dq_user` WHERE ( user_login_bh = 'A18761109998' ) LIMIT 1   [ RunTime:0.0000s ]
SQL: SELECT * FROM `dq_user` WHERE ( user_login_bh = 'A13401880957' ) LIMIT 1   [ RunTime:0.0000s ]
SQL: SELECT * FROM `dq_user` WHERE ( user_login_bh = 'A18653921936' ) LIMIT 1   [ RunTime:0.0010s ]
SQL: SELECT * FROM `dq_user` WHERE ( user_login_bh = 'B13589261365' ) LIMIT 1   [ RunTime:0.0010s ]
SQL: SELECT * FROM `dq_user` WHERE ( user_login_bh = 'G13365253935' ) LIMIT 1   [ RunTime:0.0000s ]
SQL: SELECT * FROM `dq_user` WHERE ( user_login_bh = 'A13773963698' ) LIMIT 1   [ RunTime:0.0000s ]
SQL: SELECT * FROM `dq_user` WHERE ( user_login_bh = 'A18761109998' ) LIMIT 1   [ RunTime:0.0010s ]
SQL: SELECT * FROM `dq_user` WHERE ( user_login_bh = 'A13401880957' ) LIMIT 1   [ RunTime:0.0010s ]
SQL: SELECT * FROM `dq_user` WHERE ( user_login_bh = 'A18653921936' ) LIMIT 1   [ RunTime:0.0000s ]
SQL: SELECT * FROM `dq_user` WHERE ( user_login_bh = 'B13589261365' ) LIMIT 1   [ RunTime:0.0000s ]
SQL: SELECT * FROM `dq_user` WHERE ( user_login_bh = 'F13365253935' ) LIMIT 1   [ RunTime:0.0010s ]
SQL: SELECT * FROM `dq_user` WHERE ( user_login_bh = 'A13773963698' ) LIMIT 1   [ RunTime:0.0010s ]
SQL: SELECT * FROM `dq_user` WHERE ( user_login_bh = 'A18761109998' ) LIMIT 1   [ RunTime:0.0010s ]
SQL: SELECT * FROM `dq_user` WHERE ( user_login_bh = 'A13401880957' ) LIMIT 1   [ RunTime:0.0000s ]
SQL: SELECT * FROM `dq_user` WHERE ( user_login_bh = 'A18653921936' ) LIMIT 1   [ RunTime:0.0010s ]
SQL: SELECT * FROM `dq_user` WHERE ( user_login_bh = 'B13589261365' ) LIMIT 1   [ RunTime:0.0010s ]
SQL: SELECT * FROM `dq_user` WHERE ( user_login_bh = 'E13365253935' ) LIMIT 1   [ RunTime:0.0010s ]
SQL: SELECT * FROM `dq_user` WHERE ( user_login_bh = 'A13773963698' ) LIMIT 1   [ RunTime:0.0000s ]
SQL: SELECT * FROM `dq_user` WHERE ( user_login_bh = 'A18761109998' ) LIMIT 1   [ RunTime:0.0000s ]
SQL: SELECT * FROM `dq_user` WHERE ( user_login_bh = 'A13401880957' ) LIMIT 1   [ RunTime:0.0010s ]
SQL: SELECT * FROM `dq_user` WHERE ( user_login_bh = 'A18653921936' ) LIMIT 1   [ RunTime:0.0010s ]
SQL: SELECT * FROM `dq_user` WHERE ( user_login_bh = 'B13589261365' ) LIMIT 1   [ RunTime:0.0000s ]
SQL: SELECT * FROM `dq_user` WHERE ( user_login_bh = 'D13365253935' ) LIMIT 1   [ RunTime:0.0000s ]
SQL: SELECT * FROM `dq_user` WHERE ( user_login_bh = 'A13773963698' ) LIMIT 1   [ RunTime:0.0010s ]
SQL: SELECT * FROM `dq_user` WHERE ( user_login_bh = 'A18761109998' ) LIMIT 1   [ RunTime:0.0010s ]
SQL: SELECT * FROM `dq_user` WHERE ( user_login_bh = 'A13401880957' ) LIMIT 1   [ RunTime:0.0000s ]
SQL: SELECT * FROM `dq_user` WHERE ( user_login_bh = 'A18653921936' ) LIMIT 1   [ RunTime:0.0000s ]
SQL: SELECT * FROM `dq_user` WHERE ( user_login_bh = 'B13589261365' ) LIMIT 1   [ RunTime:0.0010s ]
SQL: SELECT * FROM `dq_user` WHERE ( user_login_bh = 'C13365253935' ) LIMIT 1   [ RunTime:0.0010s ]
SQL: SELECT * FROM `dq_user` WHERE ( user_login_bh = 'A13773963698' ) LIMIT 1   [ RunTime:0.0000s ]
SQL: SELECT * FROM `dq_user` WHERE ( user_login_bh = 'A18761109998' ) LIMIT 1   [ RunTime:0.0000s ]
SQL: SELECT * FROM `dq_user` WHERE ( user_login_bh = 'A13401880957' ) LIMIT 1   [ RunTime:0.0010s ]
SQL: SELECT * FROM `dq_user` WHERE ( user_login_bh = 'A18653921936' ) LIMIT 1   [ RunTime:0.0010s ]
SQL: SELECT * FROM `dq_user` WHERE ( user_login_bh = 'B13589261365' ) LIMIT 1   [ RunTime:0.0000s ]
SQL: SELECT * FROM `dq_user` WHERE ( user_login_bh = 'A13773963698' ) LIMIT 1   [ RunTime:0.0000s ]
SQL: SELECT * FROM `dq_user` WHERE ( user_login_bh = 'A18761109998' ) LIMIT 1   [ RunTime:0.0000s ]
SQL: SELECT * FROM `dq_user` WHERE ( user_login_bh = 'A13401880957' ) LIMIT 1   [ RunTime:0.0010s ]
SQL: SELECT * FROM `dq_user` WHERE ( user_login_bh = 'A18653921936' ) LIMIT 1   [ RunTime:0.0010s ]
SQL: SELECT * FROM `dq_user` WHERE ( user_login_bh = 'B13589261365' ) LIMIT 1   [ RunTime:0.0000s ]
SQL: SELECT * FROM `dq_user` WHERE ( user_login_bh = 'A18500256992' ) LIMIT 1   [ RunTime:0.0000s ]
SQL: SELECT * FROM `dq_user` WHERE ( user_login_bh = 'A13326329909' ) LIMIT 1   [ RunTime:0.0010s ]
SQL: SELECT * FROM `dq_user` WHERE ( user_login_bh = 'C13396375819' ) LIMIT 1   [ RunTime:0.0010s ]
SQL: SELECT * FROM `dq_user` WHERE ( user_login_bh = 'A13396375819' ) LIMIT 1   [ RunTime:0.0000s ]
SQL: SELECT * FROM `dq_user` WHERE ( user_login_bh = 'A18363737777' ) LIMIT 1   [ RunTime:0.0000s ]
SQL: SELECT * FROM `dq_user` WHERE ( user_login_bh = 'A18266689177' ) LIMIT 1   [ RunTime:0.0010s ]
SQL: SELECT * FROM `dq_user` WHERE ( user_login_bh = 'A13562226062' ) LIMIT 1   [ RunTime:0.0010s ]
SQL: SELECT * FROM `dq_user` WHERE ( user_login_bh = 'G13396375819' ) LIMIT 1   [ RunTime:0.0010s ]
SQL: SELECT * FROM `dq_user` WHERE ( user_login_bh = 'A13396375819' ) LIMIT 1   [ RunTime:0.0000s ]
SQL: SELECT * FROM `dq_user` WHERE ( user_login_bh = 'A18363737777' ) LIMIT 1   [ RunTime:0.0000s ]
SQL: SELECT * FROM `dq_user` WHERE ( user_login_bh = 'A18266689177' ) LIMIT 1   [ RunTime:0.0010s ]
SQL: SELECT * FROM `dq_user` WHERE ( user_login_bh = 'A18992764903' ) LIMIT 1   [ RunTime:0.0010s ]
SQL: SELECT * FROM `dq_user` WHERE ( user_login_bh = 'A13709273058' ) LIMIT 1   [ RunTime:0.0000s ]
SQL: SELECT * FROM `dq_user` WHERE ( user_login_bh = 'B15667440488' ) LIMIT 1   [ RunTime:0.0000s ]
SQL: SELECT * FROM `dq_user` WHERE ( user_login_bh = 'A15667440488' ) LIMIT 1   [ RunTime:0.0010s ]
SQL: SELECT * FROM `dq_user` WHERE ( user_login_bh = 'B13892416340' ) LIMIT 1   [ RunTime:0.0010s ]
SQL: SELECT * FROM `dq_user` WHERE ( user_login_bh = 'A13892416340' ) LIMIT 1   [ RunTime:0.0000s ]
SQL: SELECT * FROM `dq_user` WHERE ( user_login_bh = 'B13701081238' ) LIMIT 1   [ RunTime:0.0000s ]
SQL: SELECT * FROM `dq_user` WHERE ( user_login_bh = 'A13701081238' ) LIMIT 1   [ RunTime:0.0010s ]
SQL: SELECT * FROM `dq_user` WHERE ( user_login_bh = 'B15631691315' ) LIMIT 1   [ RunTime:0.0010s ]
SQL: SELECT * FROM `dq_user` WHERE ( user_login_bh = 'A15631691315' ) LIMIT 1   [ RunTime:0.0000s ]
SQL: SELECT * FROM `dq_user` WHERE ( user_login_bh = 'A18992764903' ) LIMIT 1   [ RunTime:0.0000s ]
SQL: SELECT * FROM `dq_user` WHERE ( user_login_bh = 'A13709273058' ) LIMIT 1   [ RunTime:0.0010s ]
SQL: SELECT * FROM `dq_user` WHERE ( user_login_bh = 'B15667440488' ) LIMIT 1   [ RunTime:0.0010s ]
SQL: SELECT * FROM `dq_user` WHERE ( user_login_bh = 'A15667440488' ) LIMIT 1   [ RunTime:0.0000s ]
SQL: SELECT * FROM `dq_user` WHERE ( user_login_bh = 'B13892416340' ) LIMIT 1   [ RunTime:0.0010s ]
SQL: SELECT * FROM `dq_user` WHERE ( user_login_bh = 'A13892416340' ) LIMIT 1   [ RunTime:0.0010s ]
SQL: SELECT * FROM `dq_user` WHERE ( user_login_bh = 'B13701081238' ) LIMIT 1   [ RunTime:0.0000s ]
SQL: SELECT * FROM `dq_user` WHERE ( user_login_bh = 'A13701081238' ) LIMIT 1   [ RunTime:0.0000s ]
SQL: SELECT * FROM `dq_user` WHERE ( user_login_bh = 'B15631691315' ) LIMIT 1   [ RunTime:0.0010s ]
SQL: SELECT * FROM `dq_user` WHERE ( user_login_bh = 'A15631691315' ) LIMIT 1   [ RunTime:0.0010s ]
SQL: SELECT * FROM `dq_user` WHERE ( user_login_bh = 'A18992764903' ) LIMIT 1   [ RunTime:0.0000s ]
SQL: SELECT * FROM `dq_user` WHERE ( user_login_bh = 'A13709273058' ) LIMIT 1   [ RunTime:0.0000s ]
SQL: SELECT * FROM `dq_user` WHERE ( user_login_bh = 'B15667440488' ) LIMIT 1   [ RunTime:0.0010s ]
SQL: SELECT * FROM `dq_user` WHERE ( user_login_bh = 'A15667440488' ) LIMIT 1   [ RunTime:0.0010s ]
SQL: SELECT * FROM `dq_user` WHERE ( user_login_bh = 'B13892416340' ) LIMIT 1   [ RunTime:0.0000s ]
SQL: SELECT * FROM `dq_user` WHERE ( user_login_bh = 'A13892416340' ) LIMIT 1   [ RunTime:0.0000s ]
SQL: SELECT * FROM `dq_user` WHERE ( user_login_bh = 'B13701081238' ) LIMIT 1   [ RunTime:0.0010s ]
SQL: SELECT * FROM `dq_user` WHERE ( user_login_bh = 'A13701081238' ) LIMIT 1   [ RunTime:0.0010s ]
SQL: SELECT * FROM `dq_user` WHERE ( user_login_bh = 'B15631691315' ) LIMIT 1   [ RunTime:0.0000s ]
SQL: SELECT * FROM `dq_user` WHERE ( user_login_bh = 'A15631691315' ) LIMIT 1   [ RunTime:0.0000s ]
SQL: SELECT * FROM `dq_user` WHERE ( user_login_bh = 'A18992764903' ) LIMIT 1   [ RunTime:0.0010s ]
SQL: SELECT * FROM `dq_user` WHERE ( user_login_bh = 'A13709273058' ) LIMIT 1   [ RunTime:0.0010s ]
SQL: SELECT * FROM `dq_user` WHERE ( user_login_bh = 'B15667440488' ) LIMIT 1   [ RunTime:0.0000s ]
SQL: SELECT * FROM `dq_user` WHERE ( user_login_bh = 'A15667440488' ) LIMIT 1   [ RunTime:0.0010s ]
SQL: SELECT * FROM `dq_user` WHERE ( user_login_bh = 'B13892416340' ) LIMIT 1   [ RunTime:0.0010s ]
SQL: SELECT * FROM `dq_user` WHERE ( user_login_bh = 'A13892416340' ) LIMIT 1   [ RunTime:0.0010s ]
SQL: SELECT * FROM `dq_user` WHERE ( user_login_bh = 'B13701081238' ) LIMIT 1   [ RunTime:0.0000s ]
SQL: SELECT * FROM `dq_user` WHERE ( user_login_bh = 'A13701081238' ) LIMIT 1   [ RunTime:0.0010s ]
SQL: SELECT * FROM `dq_user` WHERE ( user_login_bh = 'B15631691315' ) LIMIT 1   [ RunTime:0.0010s ]
SQL: SELECT * FROM `dq_user` WHERE ( user_login_bh = 'A15631691315' ) LIMIT 1   [ RunTime:0.0000s ]
SQL: SELECT * FROM `dq_user` WHERE ( user_login_bh = 'B13104092225' ) LIMIT 1   [ RunTime:0.0000s ]
SQL: SELECT * FROM `dq_user` WHERE ( user_login_bh = 'C13907922799' ) LIMIT 1   [ RunTime:0.0010s ]
SQL: SELECT * FROM `dq_user` WHERE ( user_login_bh = 'A13907922799' ) LIMIT 1   [ RunTime:0.0010s ]
SQL: SELECT * FROM `dq_user` WHERE ( user_login_bh = 'A13863226848' ) LIMIT 1   [ RunTime:0.0010s ]
SQL: SELECT * FROM `dq_user` WHERE ( user_login_bh = 'A18663231567' ) LIMIT 1   [ RunTime:0.0000s ]
SQL: SELECT * FROM `dq_user` WHERE ( user_login_bh = 'A13676327637' ) LIMIT 1   [ RunTime:0.0010s ]
SQL: SELECT * FROM `dq_user` WHERE ( user_login_bh = 'A13356320918' ) LIMIT 1   [ RunTime:0.0010s ]
SQL: SELECT * FROM `dq_user` WHERE ( user_login_bh = 'A18363737777' ) LIMIT 1   [ RunTime:0.0000s ]
SQL: SELECT * FROM `dq_user` WHERE ( user_login_bh = 'A18266689177' ) LIMIT 1   [ RunTime:0.0000s ]
SQL: SELECT * FROM `dq_user` WHERE ( user_login_bh = 'A15970826333' ) LIMIT 1   [ RunTime:0.0010s ]
SQL: SELECT * FROM `dq_user` WHERE ( user_login_bh = 'A15779074458' ) LIMIT 1   [ RunTime:0.0010s ]
SQL: SELECT * FROM `dq_user` WHERE ( user_login_bh = 'B18214927868' ) LIMIT 1   [ RunTime:0.0000s ]
SQL: SELECT * FROM `dq_user` WHERE ( user_login_bh = 'A18214927868' ) LIMIT 1   [ RunTime:0.0000s ]
SQL: SELECT * FROM `dq_user` WHERE ( user_login_bh = 'A13396376826' ) LIMIT 1   [ RunTime:0.0010s ]
SQL: SELECT * FROM `dq_user` WHERE ( user_login_bh = 'A18663231567' ) LIMIT 1   [ RunTime:0.0010s ]
SQL: SELECT * FROM `dq_user` WHERE ( user_login_bh = 'A13676327637' ) LIMIT 1   [ RunTime:0.0000s ]
SQL: SELECT * FROM `dq_user` WHERE ( user_login_bh = 'A13356320918' ) LIMIT 1   [ RunTime:0.0000s ]
SQL: SELECT * FROM `dq_user` WHERE ( user_login_bh = 'A18363737777' ) LIMIT 1   [ RunTime:0.0010s ]
SQL: SELECT * FROM `dq_user` WHERE ( user_login_bh = 'A18266689177' ) LIMIT 1   [ RunTime:0.0010s ]
SQL: SELECT * FROM `dq_user` WHERE ( user_login_bh = 'A18663231567' ) LIMIT 1   [ RunTime:0.0000s ]
SQL: SELECT * FROM `dq_user` WHERE ( user_login_bh = 'A13676327637' ) LIMIT 1   [ RunTime:0.0010s ]
SQL: SELECT * FROM `dq_user` WHERE ( user_login_bh = 'A13356320918' ) LIMIT 1   [ RunTime:0.0010s ]
SQL: SELECT * FROM `dq_user` WHERE ( user_login_bh = 'A18363737777' ) LIMIT 1   [ RunTime:0.0010s ]
SQL: SELECT * FROM `dq_user` WHERE ( user_login_bh = 'A18266689177' ) LIMIT 1   [ RunTime:0.0000s ]
SQL: SELECT * FROM `dq_user` WHERE ( user_login_bh = 'A15098297728' ) LIMIT 1   [ RunTime:0.0010s ]
SQL: SELECT `user_dengji` FROM `dq_user` WHERE ( user_login_bh="A15098297728" ) LIMIT 1   [ RunTime:0.0010s ]
SQL: SELECT `user_name` FROM `dq_user` WHERE `user_login_bh` = 'A15098297728' LIMIT 1   [ RunTime:0.0000s ]
SQL: SELECT * FROM `dq_user` WHERE ( user_login_bh = 'D13361120007' ) LIMIT 1   [ RunTime:0.0010s ]
SQL: SELECT * FROM `dq_user` WHERE ( user_login_bh = 'A13361120007' ) LIMIT 1   [ RunTime:0.0010s ]
SQL: SELECT * FROM `dq_user` WHERE ( user_login_bh = 'D15606329617' ) LIMIT 1   [ RunTime:0.0000s ]
SQL: SELECT * FROM `dq_user` WHERE ( user_login_bh = 'A15606329617' ) LIMIT 1   [ RunTime:0.0010s ]
SQL: SELECT * FROM `dq_user` WHERE ( user_login_bh = 'B18264269678' ) LIMIT 1   [ RunTime:0.0010s ]
SQL: SELECT * FROM `dq_user` WHERE ( user_login_bh = 'A15098297728' ) LIMIT 1   [ RunTime:0.0000s ]
SQL: SELECT `user_dengji` FROM `dq_user` WHERE ( user_login_bh="A15098297728" ) LIMIT 1   [ RunTime:0.0000s ]
SQL: SELECT `user_name` FROM `dq_user` WHERE `user_login_bh` = 'D13361120007' LIMIT 1   [ RunTime:0.0010s ]
SQL: SELECT * FROM `dq_user` WHERE ( user_login_bh = 'A13361120007' ) LIMIT 1   [ RunTime:0.0000s ]
SQL: SELECT * FROM `dq_user` WHERE ( user_login_bh = 'D15606329617' ) LIMIT 1   [ RunTime:0.0010s ]
SQL: SELECT * FROM `dq_user` WHERE ( user_login_bh = 'A15606329617' ) LIMIT 1   [ RunTime:0.0010s ]
SQL: SELECT * FROM `dq_user` WHERE ( user_login_bh = 'B18264269678' ) LIMIT 1   [ RunTime:0.0000s ]
SQL: SELECT * FROM `dq_user` WHERE ( user_login_bh = 'A15098297728' ) LIMIT 1   [ RunTime:0.0000s ]
SQL: SELECT `user_dengji` FROM `dq_user` WHERE ( user_login_bh="A15098297728" ) LIMIT 1   [ RunTime:0.0010s ]
SQL: SELECT `user_name` FROM `dq_user` WHERE `user_login_bh` = 'A13361120007' LIMIT 1   [ RunTime:0.0000s ]
SQL: SELECT * FROM `dq_user` WHERE ( user_login_bh = 'F15306324788' ) LIMIT 1   [ RunTime:0.0000s ]
SQL: SELECT * FROM `dq_user` WHERE ( user_login_bh = 'A15306324788' ) LIMIT 1   [ RunTime:0.0010s ]
SQL: SELECT * FROM `dq_user` WHERE ( user_login_bh = 'A13256326179' ) LIMIT 1   [ RunTime:0.0010s ]
SQL: SELECT * FROM `dq_user` WHERE ( user_login_bh = 'B13020631921' ) LIMIT 1   [ RunTime:0.0000s ]
SQL: SELECT * FROM `dq_user` WHERE ( user_login_bh = 'A15588498206' ) LIMIT 1   [ RunTime:0.0000s ]
SQL: SELECT * FROM `dq_user` WHERE ( user_login_bh = 'A15098297728' ) LIMIT 1   [ RunTime:0.0010s ]
SQL: SELECT `user_dengji` FROM `dq_user` WHERE ( user_login_bh="A15098297728" ) LIMIT 1   [ RunTime:0.0000s ]
SQL: SELECT `user_name` FROM `dq_user` WHERE `user_login_bh` = 'F15306324788' LIMIT 1   [ RunTime:0.0000s ]
SQL: SELECT * FROM `dq_user` WHERE ( user_login_bh = 'G15306324788' ) LIMIT 1   [ RunTime:0.0010s ]
SQL: SELECT * FROM `dq_user` WHERE ( user_login_bh = 'A15306324788' ) LIMIT 1   [ RunTime:0.0000s ]
SQL: SELECT * FROM `dq_user` WHERE ( user_login_bh = 'A13256326179' ) LIMIT 1   [ RunTime:0.0000s ]
SQL: SELECT * FROM `dq_user` WHERE ( user_login_bh = 'B13020631921' ) LIMIT 1   [ RunTime:0.0010s ]
SQL: SELECT * FROM `dq_user` WHERE ( user_login_bh = 'A15588498206' ) LIMIT 1   [ RunTime:0.0010s ]
SQL: SELECT * FROM `dq_user` WHERE ( user_login_bh = 'A15098297728' ) LIMIT 1   [ RunTime:0.0000s ]
SQL: SELECT `user_dengji` FROM `dq_user` WHERE ( user_login_bh="A15098297728" ) LIMIT 1   [ RunTime:0.0000s ]
SQL: SELECT `user_name` FROM `dq_user` WHERE `user_login_bh` = 'G15306324788' LIMIT 1   [ RunTime:0.0010s ]
SQL: SELECT * FROM `dq_user` WHERE ( user_login_bh = 'E15306324788' ) LIMIT 1   [ RunTime:0.0000s ]
SQL: SELECT * FROM `dq_user` WHERE ( user_login_bh = 'A15306324788' ) LIMIT 1   [ RunTime:0.0010s ]
SQL: SELECT * FROM `dq_user` WHERE ( user_login_bh = 'A13256326179' ) LIMIT 1   [ RunTime:0.0010s ]
SQL: SELECT * FROM `dq_user` WHERE ( user_login_bh = 'B13020631921' ) LIMIT 1   [ RunTime:0.0010s ]
SQL: SELECT * FROM `dq_user` WHERE ( user_login_bh = 'A15588498206' ) LIMIT 1   [ RunTime:0.0000s ]
SQL: SELECT * FROM `dq_user` WHERE ( user_login_bh = 'A15098297728' ) LIMIT 1   [ RunTime:0.0010s ]
SQL: SELECT `user_dengji` FROM `dq_user` WHERE ( user_login_bh="A15098297728" ) LIMIT 1   [ RunTime:0.0010s ]
SQL: SELECT `user_name` FROM `dq_user` WHERE `user_login_bh` = 'E15306324788' LIMIT 1   [ RunTime:0.0000s ]
SQL: SELECT * FROM `dq_user` WHERE ( user_login_bh = 'D15306324788' ) LIMIT 1   [ RunTime:0.0010s ]
SQL: SELECT * FROM `dq_user` WHERE ( user_login_bh = 'A15306324788' ) LIMIT 1   [ RunTime:0.0010s ]
SQL: SELECT * FROM `dq_user` WHERE ( user_login_bh = 'A13256326179' ) LIMIT 1   [ RunTime:0.0000s ]
SQL: SELECT * FROM `dq_user` WHERE ( user_login_bh = 'B13020631921' ) LIMIT 1   [ RunTime:0.0000s ]
SQL: SELECT * FROM `dq_user` WHERE ( user_login_bh = 'A15588498206' ) LIMIT 1   [ RunTime:0.0010s ]
SQL: SELECT * FROM `dq_user` WHERE ( user_login_bh = 'A15098297728' ) LIMIT 1   [ RunTime:0.0010s ]
SQL: SELECT `user_dengji` FROM `dq_user` WHERE ( user_login_bh="A15098297728" ) LIMIT 1   [ RunTime:0.0000s ]
SQL: SELECT `user_name` FROM `dq_user` WHERE `user_login_bh` = 'D15306324788' LIMIT 1   [ RunTime:0.0010s ]
SQL: SELECT * FROM `dq_user` WHERE ( user_login_bh = 'C15306324788' ) LIMIT 1   [ RunTime:0.0000s ]
SQL: SELECT * FROM `dq_user` WHERE ( user_login_bh = 'A15306324788' ) LIMIT 1   [ RunTime:0.0000s ]
SQL: SELECT * FROM `dq_user` WHERE ( user_login_bh = 'A13256326179' ) LIMIT 1   [ RunTime:0.0010s ]
SQL: SELECT * FROM `dq_user` WHERE ( user_login_bh = 'B13020631921' ) LIMIT 1   [ RunTime:0.0010s ]
SQL: SELECT * FROM `dq_user` WHERE ( user_login_bh = 'A15588498206' ) LIMIT 1   [ RunTime:0.0000s ]
SQL: SELECT * FROM `dq_user` WHERE ( user_login_bh = 'A15098297728' ) LIMIT 1   [ RunTime:0.0000s ]
SQL: SELECT `user_dengji` FROM `dq_user` WHERE ( user_login_bh="A15098297728" ) LIMIT 1   [ RunTime:0.0010s ]
SQL: SELECT `user_name` FROM `dq_user` WHERE `user_login_bh` = 'C15306324788' LIMIT 1   [ RunTime:0.0000s ]
SQL: SELECT * FROM `dq_user` WHERE ( user_login_bh = 'B15306324788' ) LIMIT 1   [ RunTime:0.0010s ]
SQL: SELECT * FROM `dq_user` WHERE ( user_login_bh = 'A15306324788' ) LIMIT 1   [ RunTime:0.0010s ]
SQL: SELECT * FROM `dq_user` WHERE ( user_login_bh = 'A13256326179' ) LIMIT 1   [ RunTime:0.0010s ]
SQL: SELECT * FROM `dq_user` WHERE ( user_login_bh = 'B13020631921' ) LIMIT 1   [ RunTime:0.0000s ]
SQL: SELECT * FROM `dq_user` WHERE ( user_login_bh = 'A15588498206' ) LIMIT 1   [ RunTime:0.0000s ]
SQL: SELECT * FROM `dq_user` WHERE ( user_login_bh = 'A15098297728' ) LIMIT 1   [ RunTime:0.0010s ]
SQL: SELECT `user_dengji` FROM `dq_user` WHERE ( user_login_bh="A15098297728" ) LIMIT 1   [ RunTime:0.0000s ]
SQL: SELECT `user_name` FROM `dq_user` WHERE `user_login_bh` = 'B15306324788' LIMIT 1   [ RunTime:0.0000s ]
SQL: SELECT * FROM `dq_user` WHERE ( user_login_bh = 'A15306324788' ) LIMIT 1   [ RunTime:0.0010s ]
SQL: SELECT * FROM `dq_user` WHERE ( user_login_bh = 'A13256326179' ) LIMIT 1   [ RunTime:0.0000s ]
SQL: SELECT * FROM `dq_user` WHERE ( user_login_bh = 'B13020631921' ) LIMIT 1   [ RunTime:0.0000s ]
SQL: SELECT * FROM `dq_user` WHERE ( user_login_bh = 'A15588498206' ) LIMIT 1   [ RunTime:0.0010s ]
SQL: SELECT * FROM `dq_user` WHERE ( user_login_bh = 'A15098297728' ) LIMIT 1   [ RunTime:0.0010s ]
SQL: SELECT `user_dengji` FROM `dq_user` WHERE ( user_login_bh="A15098297728" ) LIMIT 1   [ RunTime:0.0000s ]
SQL: SELECT `user_name` FROM `dq_user` WHERE `user_login_bh` = 'A15306324788' LIMIT 1   [ RunTime:0.0010s ]
SQL: SELECT * FROM `dq_user` WHERE ( user_login_bh = 'A18613679317' ) LIMIT 1   [ RunTime:0.0000s ]
SQL: SELECT * FROM `dq_user` WHERE ( user_login_bh = 'A13676327637' ) LIMIT 1   [ RunTime:0.0000s ]
SQL: SELECT * FROM `dq_user` WHERE ( user_login_bh = 'A13356320918' ) LIMIT 1   [ RunTime:0.0010s ]
SQL: SELECT * FROM `dq_user` WHERE ( user_login_bh = 'A18363737777' ) LIMIT 1   [ RunTime:0.0010s ]
SQL: SELECT * FROM `dq_user` WHERE ( user_login_bh = 'A18266689177' ) LIMIT 1   [ RunTime:0.0000s ]
SQL: SELECT * FROM `dq_user` WHERE ( user_login_bh = 'A13863273934' ) LIMIT 1   [ RunTime:0.0000s ]
SQL: SELECT * FROM `dq_user` WHERE ( user_login_bh = 'A13455755933' ) LIMIT 1   [ RunTime:0.0010s ]
SQL: SELECT * FROM `dq_user` WHERE ( user_login_bh = 'A13062086222' ) LIMIT 1   [ RunTime:0.0010s ]
SQL: SELECT * FROM `dq_user` WHERE ( user_login_bh = 'A15098297728' ) LIMIT 1   [ RunTime:0.0000s ]
SQL: SELECT `user_dengji` FROM `dq_user` WHERE ( user_login_bh="A15098297728" ) LIMIT 1   [ RunTime:0.0000s ]
SQL: SELECT `user_name` FROM `dq_user` WHERE `user_login_bh` = 'A13863273934' LIMIT 1   [ RunTime:0.0000s ]
SQL: SELECT * FROM `dq_user` WHERE ( user_login_bh = 'A13020631921' ) LIMIT 1   [ RunTime:0.0000s ]
SQL: SELECT * FROM `dq_user` WHERE ( user_login_bh = 'A13455755933' ) LIMIT 1   [ RunTime:0.0010s ]
SQL: SELECT * FROM `dq_user` WHERE ( user_login_bh = 'A13062086222' ) LIMIT 1   [ RunTime:0.0010s ]
SQL: SELECT * FROM `dq_user` WHERE ( user_login_bh = 'A15098297728' ) LIMIT 1   [ RunTime:0.0000s ]
SQL: SELECT `user_dengji` FROM `dq_user` WHERE ( user_login_bh="A15098297728" ) LIMIT 1   [ RunTime:0.0000s ]
SQL: SELECT `user_name` FROM `dq_user` WHERE `user_login_bh` = 'A13020631921' LIMIT 1   [ RunTime:0.0000s ]
SQL: SELECT * FROM `dq_user` WHERE ( user_login_bh = 'A13562218519' ) LIMIT 1   [ RunTime:0.0000s ]
SQL: SELECT * FROM `dq_user` WHERE ( user_login_bh = 'A15063234996' ) LIMIT 1   [ RunTime:0.0010s ]
SQL: SELECT * FROM `dq_user` WHERE ( user_login_bh = 'A13589635966' ) LIMIT 1   [ RunTime:0.0010s ]
SQL: SELECT * FROM `dq_user` WHERE ( user_login_bh = 'B15665280677' ) LIMIT 1   [ RunTime:0.0010s ]
SQL: SELECT * FROM `dq_user` WHERE ( user_login_bh = 'A15665280677' ) LIMIT 1   [ RunTime:0.0000s ]
SQL: SELECT * FROM `dq_user` WHERE ( user_login_bh = 'A15098297728' ) LIMIT 1   [ RunTime:0.0010s ]
SQL: SELECT `user_dengji` FROM `dq_user` WHERE ( user_login_bh="A15098297728" ) LIMIT 1   [ RunTime:0.0010s ]
SQL: SELECT `user_name` FROM `dq_user` WHERE `user_login_bh` = 'A13562218519' LIMIT 1   [ RunTime:0.0000s ]
SQL: SELECT * FROM `dq_user` WHERE ( user_login_bh = 'A18265201113' ) LIMIT 1   [ RunTime:0.0010s ]
SQL: SELECT * FROM `dq_user` WHERE ( user_login_bh = 'A13589635966' ) LIMIT 1   [ RunTime:0.0010s ]
SQL: SELECT * FROM `dq_user` WHERE ( user_login_bh = 'B15665280677' ) LIMIT 1   [ RunTime:0.0000s ]
SQL: SELECT * FROM `dq_user` WHERE ( user_login_bh = 'A15665280677' ) LIMIT 1   [ RunTime:0.0000s ]
SQL: SELECT * FROM `dq_user` WHERE ( user_login_bh = 'A15098297728' ) LIMIT 1   [ RunTime:0.0010s ]
SQL: SELECT `user_dengji` FROM `dq_user` WHERE ( user_login_bh="A15098297728" ) LIMIT 1   [ RunTime:0.0000s ]
SQL: SELECT `user_name` FROM `dq_user` WHERE `user_login_bh` = 'A18265201113' LIMIT 1   [ RunTime:0.0010s ]
SQL: SELECT * FROM `dq_user` WHERE ( user_login_bh = 'A15266281172' ) LIMIT 1   [ RunTime:0.0010s ]
SQL: SELECT * FROM `dq_user` WHERE ( user_login_bh = 'A13589635966' ) LIMIT 1   [ RunTime:0.0000s ]
SQL: SELECT * FROM `dq_user` WHERE ( user_login_bh = 'B15665280677' ) LIMIT 1   [ RunTime:0.0000s ]
SQL: SELECT * FROM `dq_user` WHERE ( user_login_bh = 'A15665280677' ) LIMIT 1   [ RunTime:0.0010s ]
SQL: SELECT * FROM `dq_user` WHERE ( user_login_bh = 'A15098297728' ) LIMIT 1   [ RunTime:0.0000s ]
SQL: SELECT `user_dengji` FROM `dq_user` WHERE ( user_login_bh="A15098297728" ) LIMIT 1   [ RunTime:0.0000s ]
SQL: SELECT `user_name` FROM `dq_user` WHERE `user_login_bh` = 'A15266281172' LIMIT 1   [ RunTime:0.0010s ]
SQL: SELECT * FROM `dq_user` WHERE ( user_login_bh = 'A13806376485' ) LIMIT 1   [ RunTime:0.0000s ]
SQL: SELECT * FROM `dq_user` WHERE ( user_login_bh = 'A13589635966' ) LIMIT 1   [ RunTime:0.0000s ]
SQL: SELECT * FROM `dq_user` WHERE ( user_login_bh = 'B15665280677' ) LIMIT 1   [ RunTime:0.0010s ]
SQL: SELECT * FROM `dq_user` WHERE ( user_login_bh = 'A15665280677' ) LIMIT 1   [ RunTime:0.0010s ]
SQL: SELECT * FROM `dq_user` WHERE ( user_login_bh = 'A15098297728' ) LIMIT 1   [ RunTime:0.0000s ]
SQL: SELECT `user_dengji` FROM `dq_user` WHERE ( user_login_bh="A15098297728" ) LIMIT 1   [ RunTime:0.0000s ]
SQL: SELECT `user_name` FROM `dq_user` WHERE `user_login_bh` = 'A13806376485' LIMIT 1   [ RunTime:0.0000s ]
SQL: SELECT * FROM `dq_user` WHERE ( user_login_bh = 'A15063234996' ) LIMIT 1   [ RunTime:0.0000s ]
SQL: SELECT * FROM `dq_user` WHERE ( user_login_bh = 'A13589635966' ) LIMIT 1   [ RunTime:0.0010s ]
SQL: SELECT * FROM `dq_user` WHERE ( user_login_bh = 'B15665280677' ) LIMIT 1   [ RunTime:0.0010s ]
SQL: SELECT * FROM `dq_user` WHERE ( user_login_bh = 'A15665280677' ) LIMIT 1   [ RunTime:0.0000s ]
SQL: SELECT * FROM `dq_user` WHERE ( user_login_bh = 'A15098297728' ) LIMIT 1   [ RunTime:0.0000s ]
SQL: SELECT `user_dengji` FROM `dq_user` WHERE ( user_login_bh="A15098297728" ) LIMIT 1   [ RunTime:0.0010s ]
SQL: SELECT `user_name` FROM `dq_user` WHERE `user_login_bh` = 'A15063234996' LIMIT 1   [ RunTime:0.0000s ]
SQL: SELECT * FROM `dq_user` WHERE ( user_login_bh = 'A15665223688' ) LIMIT 1   [ RunTime:0.0010s ]
SQL: SELECT * FROM `dq_user` WHERE ( user_login_bh = 'A18264227100' ) LIMIT 1   [ RunTime:0.0010s ]
SQL: SELECT * FROM `dq_user` WHERE ( user_login_bh = 'A13589635966' ) LIMIT 1   [ RunTime:0.0000s ]
SQL: SELECT * FROM `dq_user` WHERE ( user_login_bh = 'B15665280677' ) LIMIT 1   [ RunTime:0.0000s ]
SQL: SELECT * FROM `dq_user` WHERE ( user_login_bh = 'A15665280677' ) LIMIT 1   [ RunTime:0.0010s ]
SQL: SELECT * FROM `dq_user` WHERE ( user_login_bh = 'A15098297728' ) LIMIT 1   [ RunTime:0.0010s ]
SQL: SELECT `user_dengji` FROM `dq_user` WHERE ( user_login_bh="A15098297728" ) LIMIT 1   [ RunTime:0.0000s ]
SQL: SELECT `user_name` FROM `dq_user` WHERE `user_login_bh` = 'A15665223688' LIMIT 1   [ RunTime:0.0010s ]
SQL: SELECT * FROM `dq_user` WHERE ( user_login_bh = 'A13562218326' ) LIMIT 1   [ RunTime:0.0000s ]
SQL: SELECT * FROM `dq_user` WHERE ( user_login_bh = 'A18265221113' ) LIMIT 1   [ RunTime:0.0000s ]
SQL: SELECT * FROM `dq_user` WHERE ( user_login_bh = 'A13589635966' ) LIMIT 1   [ RunTime:0.0010s ]
SQL: SELECT * FROM `dq_user` WHERE ( user_login_bh = 'B15665280677' ) LIMIT 1   [ RunTime:0.0010s ]
SQL: SELECT * FROM `dq_user` WHERE ( user_login_bh = 'A15665280677' ) LIMIT 1   [ RunTime:0.0000s ]
SQL: SELECT * FROM `dq_user` WHERE ( user_login_bh = 'A15098297728' ) LIMIT 1   [ RunTime:0.0010s ]
SQL: SELECT `user_dengji` FROM `dq_user` WHERE ( user_login_bh="A15098297728" ) LIMIT 1   [ RunTime:0.0010s ]
SQL: SELECT `user_name` FROM `dq_user` WHERE `user_login_bh` = 'A13562218326' LIMIT 1   [ RunTime:0.0000s ]
SQL: SELECT * FROM `dq_user` WHERE ( user_login_bh = 'A18265221113' ) LIMIT 1   [ RunTime:0.0010s ]
SQL: SELECT * FROM `dq_user` WHERE ( user_login_bh = 'A13589635966' ) LIMIT 1   [ RunTime:0.0010s ]
SQL: SELECT * FROM `dq_user` WHERE ( user_login_bh = 'B15665280677' ) LIMIT 1   [ RunTime:0.0000s ]
SQL: SELECT * FROM `dq_user` WHERE ( user_login_bh = 'A15665280677' ) LIMIT 1   [ RunTime:0.0000s ]
SQL: SELECT * FROM `dq_user` WHERE ( user_login_bh = 'A15098297728' ) LIMIT 1   [ RunTime:0.0010s ]
SQL: SELECT `user_dengji` FROM `dq_user` WHERE ( user_login_bh="A15098297728" ) LIMIT 1   [ RunTime:0.0000s ]
SQL: SELECT `user_name` FROM `dq_user` WHERE `user_login_bh` = 'A18265221113' LIMIT 1   [ RunTime:0.0000s ]
SQL: SELECT * FROM `dq_user` WHERE ( user_login_bh = 'A13326377698' ) LIMIT 1   [ RunTime:0.0010s ]
SQL: SELECT * FROM `dq_user` WHERE ( user_login_bh = 'A15863219736' ) LIMIT 1   [ RunTime:0.0000s ]
SQL: SELECT * FROM `dq_user` WHERE ( user_login_bh = 'A13589635966' ) LIMIT 1   [ RunTime:0.0000s ]
SQL: SELECT * FROM `dq_user` WHERE ( user_login_bh = 'B15665280677' ) LIMIT 1   [ RunTime:0.0010s ]
SQL: SELECT * FROM `dq_user` WHERE ( user_login_bh = 'A15665280677' ) LIMIT 1   [ RunTime:0.0010s ]
SQL: SELECT * FROM `dq_user` WHERE ( user_login_bh = 'A15098297728' ) LIMIT 1   [ RunTime:0.0000s ]
SQL: SELECT `user_dengji` FROM `dq_user` WHERE ( user_login_bh="A15098297728" ) LIMIT 1   [ RunTime:0.0000s ]
SQL: SELECT `user_name` FROM `dq_user` WHERE `user_login_bh` = 'A13326377698' LIMIT 1   [ RunTime:0.0010s ]
SQL: SELECT * FROM `dq_user` WHERE ( user_login_bh = 'A15863219736' ) LIMIT 1   [ RunTime:0.0000s ]
SQL: SELECT * FROM `dq_user` WHERE ( user_login_bh = 'A13589635966' ) LIMIT 1   [ RunTime:0.0000s ]
SQL: SELECT * FROM `dq_user` WHERE ( user_login_bh = 'B15665280677' ) LIMIT 1   [ RunTime:0.0010s ]
SQL: SELECT * FROM `dq_user` WHERE ( user_login_bh = 'A15665280677' ) LIMIT 1   [ RunTime:0.0010s ]
SQL: SELECT * FROM `dq_user` WHERE ( user_login_bh = 'A15098297728' ) LIMIT 1   [ RunTime:0.0000s ]
SQL: SELECT `user_dengji` FROM `dq_user` WHERE ( user_login_bh="A15098297728" ) LIMIT 1   [ RunTime:0.0010s ]
SQL: SELECT `user_name` FROM `dq_user` WHERE `user_login_bh` = 'A15863219736' LIMIT 1   [ RunTime:0.0000s ]
SQL: SELECT * FROM `dq_user` WHERE ( user_login_bh = 'A13280202610' ) LIMIT 1   [ RunTime:0.0000s ]
SQL: SELECT * FROM `dq_user` WHERE ( user_login_bh = 'A15750750687' ) LIMIT 1   [ RunTime:0.0010s ]
SQL: SELECT * FROM `dq_user` WHERE ( user_login_bh = 'A13455755933' ) LIMIT 1   [ RunTime:0.0010s ]
SQL: SELECT * FROM `dq_user` WHERE ( user_login_bh = 'A13062086222' ) LIMIT 1   [ RunTime:0.0000s ]
SQL: SELECT * FROM `dq_user` WHERE ( user_login_bh = 'A15098297728' ) LIMIT 1   [ RunTime:0.0000s ]
SQL: SELECT `user_dengji` FROM `dq_user` WHERE ( user_login_bh="A15098297728" ) LIMIT 1   [ RunTime:0.0010s ]
SQL: SELECT `user_name` FROM `dq_user` WHERE `user_login_bh` = 'A13280202610' LIMIT 1   [ RunTime:0.0000s ]
SQL: SELECT * FROM `dq_user` WHERE ( user_login_bh = 'A15004609138' ) LIMIT 1   [ RunTime:0.0000s ]
SQL: SELECT * FROM `dq_user` WHERE ( user_login_bh = 'C13796105119' ) LIMIT 1   [ RunTime:0.0010s ]
SQL: SELECT * FROM `dq_user` WHERE ( user_login_bh = 'A13763768667' ) LIMIT 1   [ RunTime:0.0010s ]
SQL: SELECT * FROM `dq_user` WHERE ( user_login_bh = 'A13562248518' ) LIMIT 1   [ RunTime:0.0000s ]
SQL: SELECT * FROM `dq_user` WHERE ( user_login_bh = 'A13561103810' ) LIMIT 1   [ RunTime:0.0000s ]
SQL: SELECT * FROM `dq_user` WHERE ( user_login_bh = 'A13280202610' ) LIMIT 1   [ RunTime:0.0010s ]
SQL: SELECT * FROM `dq_user` WHERE ( user_login_bh = 'A15750750687' ) LIMIT 1   [ RunTime:0.0010s ]
SQL: SELECT * FROM `dq_user` WHERE ( user_login_bh = 'A13455755933' ) LIMIT 1   [ RunTime:0.0010s ]
SQL: SELECT * FROM `dq_user` WHERE ( user_login_bh = 'A13062086222' ) LIMIT 1   [ RunTime:0.0000s ]
SQL: SELECT * FROM `dq_user` WHERE ( user_login_bh = 'A15098297728' ) LIMIT 1   [ RunTime:0.0010s ]
SQL: SELECT `user_dengji` FROM `dq_user` WHERE ( user_login_bh="A15098297728" ) LIMIT 1   [ RunTime:0.0000s ]
SQL: SELECT `user_name` FROM `dq_user` WHERE `user_login_bh` = 'A13562248518' LIMIT 1   [ RunTime:0.0000s ]
SQL: SELECT * FROM `dq_user` WHERE ( user_login_bh = 'B13561103810' ) LIMIT 1   [ RunTime:0.0010s ]
SQL: SELECT * FROM `dq_user` WHERE ( user_login_bh = 'A13561103810' ) LIMIT 1   [ RunTime:0.0010s ]
SQL: SELECT * FROM `dq_user` WHERE ( user_login_bh = 'A13280202610' ) LIMIT 1   [ RunTime:0.0000s ]
SQL: SELECT * FROM `dq_user` WHERE ( user_login_bh = 'A15750750687' ) LIMIT 1   [ RunTime:0.0000s ]
SQL: SELECT * FROM `dq_user` WHERE ( user_login_bh = 'A13455755933' ) LIMIT 1   [ RunTime:0.0010s ]
SQL: SELECT * FROM `dq_user` WHERE ( user_login_bh = 'A13062086222' ) LIMIT 1   [ RunTime:0.0010s ]
SQL: SELECT * FROM `dq_user` WHERE ( user_login_bh = 'A15098297728' ) LIMIT 1   [ RunTime:0.0000s ]
SQL: SELECT `user_dengji` FROM `dq_user` WHERE ( user_login_bh="A15098297728" ) LIMIT 1   [ RunTime:0.0000s ]
SQL: SELECT `user_name` FROM `dq_user` WHERE `user_login_bh` = 'B13561103810' LIMIT 1   [ RunTime:0.0010s ]
SQL: SELECT * FROM `dq_user` WHERE ( user_login_bh = 'A13561103810' ) LIMIT 1   [ RunTime:0.0000s ]
SQL: SELECT * FROM `dq_user` WHERE ( user_login_bh = 'A13280202610' ) LIMIT 1   [ RunTime:0.0000s ]
SQL: SELECT * FROM `dq_user` WHERE ( user_login_bh = 'A15750750687' ) LIMIT 1   [ RunTime:0.0010s ]
SQL: SELECT * FROM `dq_user` WHERE ( user_login_bh = 'A13455755933' ) LIMIT 1   [ RunTime:0.0010s ]
SQL: SELECT * FROM `dq_user` WHERE ( user_login_bh = 'A13062086222' ) LIMIT 1   [ RunTime:0.0000s ]
SQL: SELECT * FROM `dq_user` WHERE ( user_login_bh = 'A15098297728' ) LIMIT 1   [ RunTime:0.0000s ]
SQL: SELECT `user_dengji` FROM `dq_user` WHERE ( user_login_bh="A15098297728" ) LIMIT 1   [ RunTime:0.0010s ]
SQL: SELECT `user_name` FROM `dq_user` WHERE `user_login_bh` = 'A13561103810' LIMIT 1   [ RunTime:0.0000s ]
SQL: SELECT * FROM `dq_user` WHERE ( user_login_bh = 'H18206506866' ) LIMIT 1   [ RunTime:0.0010s ]
SQL: SELECT * FROM `dq_user` WHERE ( user_login_bh = 'B18206506866' ) LIMIT 1   [ RunTime:0.0010s ]
SQL: SELECT * FROM `dq_user` WHERE ( user_login_bh = 'A18766669199' ) LIMIT 1   [ RunTime:0.0000s ]
SQL: SELECT * FROM `dq_user` WHERE ( user_login_bh = 'A13210785193' ) LIMIT 1   [ RunTime:0.0000s ]
SQL: SELECT * FROM `dq_user` WHERE ( user_login_bh = 'A13127223088' ) LIMIT 1   [ RunTime:0.0010s ]
SQL: SELECT * FROM `dq_user` WHERE ( user_login_bh = 'A15098297728' ) LIMIT 1   [ RunTime:0.0010s ]
SQL: SELECT `user_dengji` FROM `dq_user` WHERE ( user_login_bh="A15098297728" ) LIMIT 1   [ RunTime:0.0000s ]
SQL: SELECT `user_name` FROM `dq_user` WHERE `user_login_bh` = 'H18206506866' LIMIT 1   [ RunTime:0.0010s ]
SQL: SELECT * FROM `dq_user` WHERE ( user_login_bh = 'G18206506866' ) LIMIT 1   [ RunTime:0.0010s ]
SQL: SELECT * FROM `dq_user` WHERE ( user_login_bh = 'B18206506866' ) LIMIT 1   [ RunTime:0.0000s ]
SQL: SELECT * FROM `dq_user` WHERE ( user_login_bh = 'A18766669199' ) LIMIT 1   [ RunTime:0.0010s ]
SQL: SELECT * FROM `dq_user` WHERE ( user_login_bh = 'A13210785193' ) LIMIT 1   [ RunTime:0.0010s ]
SQL: SELECT * FROM `dq_user` WHERE ( user_login_bh = 'A13127223088' ) LIMIT 1   [ RunTime:0.0010s ]
SQL: SELECT * FROM `dq_user` WHERE ( user_login_bh = 'A15098297728' ) LIMIT 1   [ RunTime:0.0000s ]
SQL: SELECT `user_dengji` FROM `dq_user` WHERE ( user_login_bh="A15098297728" ) LIMIT 1   [ RunTime:0.0010s ]
SQL: SELECT `user_name` FROM `dq_user` WHERE `user_login_bh` = 'G18206506866' LIMIT 1   [ RunTime:0.0000s ]
SQL: SELECT * FROM `dq_user` WHERE ( user_login_bh = 'F18206506866' ) LIMIT 1   [ RunTime:0.0000s ]
SQL: SELECT * FROM `dq_user` WHERE ( user_login_bh = 'B18206506866' ) LIMIT 1   [ RunTime:0.0010s ]
SQL: SELECT * FROM `dq_user` WHERE ( user_login_bh = 'A18766669199' ) LIMIT 1   [ RunTime:0.0010s ]
SQL: SELECT * FROM `dq_user` WHERE ( user_login_bh = 'A13210785193' ) LIMIT 1   [ RunTime:0.0000s ]
SQL: SELECT * FROM `dq_user` WHERE ( user_login_bh = 'A13127223088' ) LIMIT 1   [ RunTime:0.0000s ]
SQL: SELECT * FROM `dq_user` WHERE ( user_login_bh = 'A15098297728' ) LIMIT 1   [ RunTime:0.0010s ]
SQL: SELECT `user_dengji` FROM `dq_user` WHERE ( user_login_bh="A15098297728" ) LIMIT 1   [ RunTime:0.0000s ]
SQL: SELECT `user_name` FROM `dq_user` WHERE `user_login_bh` = 'F18206506866' LIMIT 1   [ RunTime:0.0010s ]
SQL: SELECT * FROM `dq_user` WHERE ( user_login_bh = 'E18206506866' ) LIMIT 1   [ RunTime:0.0010s ]
SQL: SELECT * FROM `dq_user` WHERE ( user_login_bh = 'B18206506866' ) LIMIT 1   [ RunTime:0.0000s ]
SQL: SELECT * FROM `dq_user` WHERE ( user_login_bh = 'A18766669199' ) LIMIT 1   [ RunTime:0.0000s ]
SQL: SELECT * FROM `dq_user` WHERE ( user_login_bh = 'A13210785193' ) LIMIT 1   [ RunTime:0.0010s ]
SQL: SELECT * FROM `dq_user` WHERE ( user_login_bh = 'A13127223088' ) LIMIT 1   [ RunTime:0.0010s ]
SQL: SELECT * FROM `dq_user` WHERE ( user_login_bh = 'A15098297728' ) LIMIT 1   [ RunTime:0.0000s ]
SQL: SELECT `user_dengji` FROM `dq_user` WHERE ( user_login_bh="A15098297728" ) LIMIT 1   [ RunTime:0.0000s ]
SQL: SELECT `user_name` FROM `dq_user` WHERE `user_login_bh` = 'E18206506866' LIMIT 1   [ RunTime:0.0000s ]
SQL: SELECT * FROM `dq_user` WHERE ( user_login_bh = 'D18206506866' ) LIMIT 1   [ RunTime:0.0000s ]
SQL: SELECT * FROM `dq_user` WHERE ( user_login_bh = 'B18206506866' ) LIMIT 1   [ RunTime:0.0010s ]
SQL: SELECT * FROM `dq_user` WHERE ( user_login_bh = 'A18766669199' ) LIMIT 1   [ RunTime:0.0010s ]
SQL: SELECT * FROM `dq_user` WHERE ( user_login_bh = 'A13210785193' ) LIMIT 1   [ RunTime:0.0000s ]
SQL: SELECT * FROM `dq_user` WHERE ( user_login_bh = 'A13127223088' ) LIMIT 1   [ RunTime:0.0000s ]
SQL: SELECT * FROM `dq_user` WHERE ( user_login_bh = 'A15098297728' ) LIMIT 1   [ RunTime:0.0010s ]
SQL: SELECT `user_dengji` FROM `dq_user` WHERE ( user_login_bh="A15098297728" ) LIMIT 1   [ RunTime:0.0000s ]
SQL: SELECT `user_name` FROM `dq_user` WHERE `user_login_bh` = 'D18206506866' LIMIT 1   [ RunTime:0.0000s ]
SQL: SELECT * FROM `dq_user` WHERE ( user_login_bh = 'C18206506866' ) LIMIT 1   [ RunTime:0.0010s ]
SQL: SELECT * FROM `dq_user` WHERE ( user_login_bh = 'B18206506866' ) LIMIT 1   [ RunTime:0.0000s ]
SQL: SELECT * FROM `dq_user` WHERE ( user_login_bh = 'A18766669199' ) LIMIT 1   [ RunTime:0.0000s ]
SQL: SELECT * FROM `dq_user` WHERE ( user_login_bh = 'A13210785193' ) LIMIT 1   [ RunTime:0.0010s ]
SQL: SELECT * FROM `dq_user` WHERE ( user_login_bh = 'A13127223088' ) LIMIT 1   [ RunTime:0.0010s ]
SQL: SELECT * FROM `dq_user` WHERE ( user_login_bh = 'A15098297728' ) LIMIT 1   [ RunTime:0.0010s ]
SQL: SELECT `user_dengji` FROM `dq_user` WHERE ( user_login_bh="A15098297728" ) LIMIT 1   [ RunTime:0.0000s ]
SQL: SELECT `user_name` FROM `dq_user` WHERE `user_login_bh` = 'C18206506866' LIMIT 1   [ RunTime:0.0010s ]
SQL: SELECT * FROM `dq_user` WHERE ( user_login_bh = 'B18206506866' ) LIMIT 1   [ RunTime:0.0000s ]
SQL: SELECT * FROM `dq_user` WHERE ( user_login_bh = 'A18766669199' ) LIMIT 1   [ RunTime:0.0000s ]
SQL: SELECT * FROM `dq_user` WHERE ( user_login_bh = 'A13210785193' ) LIMIT 1   [ RunTime:0.0010s ]
SQL: SELECT * FROM `dq_user` WHERE ( user_login_bh = 'A13127223088' ) LIMIT 1   [ RunTime:0.0010s ]
SQL: SELECT * FROM `dq_user` WHERE ( user_login_bh = 'A15098297728' ) LIMIT 1   [ RunTime:0.0000s ]
SQL: SELECT `user_dengji` FROM `dq_user` WHERE ( user_login_bh="A15098297728" ) LIMIT 1   [ RunTime:0.0000s ]
SQL: SELECT `user_name` FROM `dq_user` WHERE `user_login_bh` = 'B18206506866' LIMIT 1   [ RunTime:0.0000s ]
SQL: SELECT * FROM `dq_user` WHERE ( user_login_bh = 'A18206506866' ) LIMIT 1   [ RunTime:0.0000s ]
SQL: SELECT * FROM `dq_user` WHERE ( user_login_bh = 'B18206506866' ) LIMIT 1   [ RunTime:0.0010s ]
SQL: SELECT * FROM `dq_user` WHERE ( user_login_bh = 'A18766669199' ) LIMIT 1   [ RunTime:0.0010s ]
SQL: SELECT * FROM `dq_user` WHERE ( user_login_bh = 'A13210785193' ) LIMIT 1   [ RunTime:0.0000s ]
SQL: SELECT * FROM `dq_user` WHERE ( user_login_bh = 'A13127223088' ) LIMIT 1   [ RunTime:0.0000s ]
SQL: SELECT * FROM `dq_user` WHERE ( user_login_bh = 'A15098297728' ) LIMIT 1   [ RunTime:0.0010s ]
SQL: SELECT `user_dengji` FROM `dq_user` WHERE ( user_login_bh="A15098297728" ) LIMIT 1   [ RunTime:0.0000s ]
SQL: SELECT `user_name` FROM `dq_user` WHERE `user_login_bh` = 'A18206506866' LIMIT 1   [ RunTime:0.0000s ]
SQL: SELECT * FROM `dq_user` WHERE ( user_login_bh = 'B15163473493' ) LIMIT 1   [ RunTime:0.0010s ]
SQL: SELECT * FROM `dq_user` WHERE ( user_login_bh = 'A15163473493' ) LIMIT 1   [ RunTime:0.0000s ]
SQL: SELECT * FROM `dq_user` WHERE ( user_login_bh = 'B15336340975' ) LIMIT 1   [ RunTime:0.0000s ]
SQL: SELECT * FROM `dq_user` WHERE ( user_login_bh = 'A15336340975' ) LIMIT 1   [ RunTime:0.0010s ]
SQL: SELECT * FROM `dq_user` WHERE ( user_login_bh = 'B15963856189' ) LIMIT 1   [ RunTime:0.0010s ]
SQL: SELECT * FROM `dq_user` WHERE ( user_login_bh = 'A15569669671' ) LIMIT 1   [ RunTime:0.0010s ]
SQL: SELECT * FROM `dq_user` WHERE ( user_login_bh = 'A15963856189' ) LIMIT 1   [ RunTime:0.0000s ]
SQL: SELECT * FROM `dq_user` WHERE ( user_login_bh = 'A18396726116' ) LIMIT 1   [ RunTime:0.0010s ]
SQL: SELECT * FROM `dq_user` WHERE ( user_login_bh = 'B13589261365' ) LIMIT 1   [ RunTime:0.0010s ]
SQL: SELECT * FROM `dq_user` WHERE ( user_login_bh = 'A15163473493' ) LIMIT 1   [ RunTime:0.0010s ]
SQL: SELECT * FROM `dq_user` WHERE ( user_login_bh = 'B15336340975' ) LIMIT 1   [ RunTime:0.0000s ]
SQL: SELECT * FROM `dq_user` WHERE ( user_login_bh = 'A15336340975' ) LIMIT 1   [ RunTime:0.0000s ]
SQL: SELECT * FROM `dq_user` WHERE ( user_login_bh = 'B15963856189' ) LIMIT 1   [ RunTime:0.0010s ]
SQL: SELECT * FROM `dq_user` WHERE ( user_login_bh = 'A15569669671' ) LIMIT 1   [ RunTime:0.0010s ]
SQL: SELECT * FROM `dq_user` WHERE ( user_login_bh = 'A15963856189' ) LIMIT 1   [ RunTime:0.0000s ]
SQL: SELECT * FROM `dq_user` WHERE ( user_login_bh = 'A18396726116' ) LIMIT 1   [ RunTime:0.0010s ]
SQL: SELECT * FROM `dq_user` WHERE ( user_login_bh = 'B13589261365' ) LIMIT 1   [ RunTime:0.0010s ]
SQL: SELECT * FROM `dq_user` WHERE ( user_login_bh = 'C15666289777' ) LIMIT 1   [ RunTime:0.0010s ]
SQL: SELECT * FROM `dq_user` WHERE ( user_login_bh = 'B15666289777' ) LIMIT 1   [ RunTime:0.0000s ]
SQL: SELECT * FROM `dq_user` WHERE ( user_login_bh = 'B15336340975' ) LIMIT 1   [ RunTime:0.0010s ]
SQL: SELECT * FROM `dq_user` WHERE ( user_login_bh = 'A15336340975' ) LIMIT 1   [ RunTime:0.0010s ]
SQL: SELECT * FROM `dq_user` WHERE ( user_login_bh = 'B15963856189' ) LIMIT 1   [ RunTime:0.0010s ]
SQL: SELECT * FROM `dq_user` WHERE ( user_login_bh = 'A15569669671' ) LIMIT 1   [ RunTime:0.0000s ]
SQL: SELECT * FROM `dq_user` WHERE ( user_login_bh = 'A15963856189' ) LIMIT 1   [ RunTime:0.0000s ]
SQL: SELECT * FROM `dq_user` WHERE ( user_login_bh = 'A18396726116' ) LIMIT 1   [ RunTime:0.0010s ]
SQL: SELECT * FROM `dq_user` WHERE ( user_login_bh = 'B13589261365' ) LIMIT 1   [ RunTime:0.0010s ]
SQL: SELECT * FROM `dq_user` WHERE ( user_login_bh = 'B15666289777' ) LIMIT 1   [ RunTime:0.0000s ]
SQL: SELECT * FROM `dq_user` WHERE ( user_login_bh = 'B15336340975' ) LIMIT 1   [ RunTime:0.0000s ]
SQL: SELECT * FROM `dq_user` WHERE ( user_login_bh = 'A15336340975' ) LIMIT 1   [ RunTime:0.0010s ]
SQL: SELECT * FROM `dq_user` WHERE ( user_login_bh = 'B15963856189' ) LIMIT 1   [ RunTime:0.0010s ]
SQL: SELECT * FROM `dq_user` WHERE ( user_login_bh = 'A15569669671' ) LIMIT 1   [ RunTime:0.0000s ]
SQL: SELECT * FROM `dq_user` WHERE ( user_login_bh = 'A15963856189' ) LIMIT 1   [ RunTime:0.0000s ]
SQL: SELECT * FROM `dq_user` WHERE ( user_login_bh = 'A18396726116' ) LIMIT 1   [ RunTime:0.0010s ]
SQL: SELECT * FROM `dq_user` WHERE ( user_login_bh = 'B13589261365' ) LIMIT 1   [ RunTime:0.0010s ]
SQL: SELECT * FROM `dq_user` WHERE ( user_login_bh = 'B18663459209' ) LIMIT 1   [ RunTime:0.0000s ]
SQL: SELECT * FROM `dq_user` WHERE ( user_login_bh = 'A18663459209' ) LIMIT 1   [ RunTime:0.0000s ]
SQL: SELECT * FROM `dq_user` WHERE ( user_login_bh = 'B15336340975' ) LIMIT 1   [ RunTime:0.0010s ]
SQL: SELECT * FROM `dq_user` WHERE ( user_login_bh = 'A15336340975' ) LIMIT 1   [ RunTime:0.0010s ]
SQL: SELECT * FROM `dq_user` WHERE ( user_login_bh = 'B15963856189' ) LIMIT 1   [ RunTime:0.0010s ]
SQL: SELECT * FROM `dq_user` WHERE ( user_login_bh = 'A15569669671' ) LIMIT 1   [ RunTime:0.0000s ]
SQL: SELECT * FROM `dq_user` WHERE ( user_login_bh = 'A15963856189' ) LIMIT 1   [ RunTime:0.0010s ]
SQL: SELECT * FROM `dq_user` WHERE ( user_login_bh = 'A18396726116' ) LIMIT 1   [ RunTime:0.0010s ]
SQL: SELECT * FROM `dq_user` WHERE ( user_login_bh = 'B13589261365' ) LIMIT 1   [ RunTime:0.0010s ]
SQL: SELECT * FROM `dq_user` WHERE ( user_login_bh = 'A18663459209' ) LIMIT 1   [ RunTime:0.0000s ]
SQL: SELECT * FROM `dq_user` WHERE ( user_login_bh = 'B15336340975' ) LIMIT 1   [ RunTime:0.0000s ]
SQL: SELECT * FROM `dq_user` WHERE ( user_login_bh = 'A15336340975' ) LIMIT 1   [ RunTime:0.0010s ]
SQL: SELECT * FROM `dq_user` WHERE ( user_login_bh = 'B15963856189' ) LIMIT 1   [ RunTime:0.0010s ]
SQL: SELECT * FROM `dq_user` WHERE ( user_login_bh = 'A15569669671' ) LIMIT 1   [ RunTime:0.0000s ]
SQL: SELECT * FROM `dq_user` WHERE ( user_login_bh = 'A15963856189' ) LIMIT 1   [ RunTime:0.0000s ]
SQL: SELECT * FROM `dq_user` WHERE ( user_login_bh = 'A18396726116' ) LIMIT 1   [ RunTime:0.0010s ]
SQL: SELECT * FROM `dq_user` WHERE ( user_login_bh = 'B13589261365' ) LIMIT 1   [ RunTime:0.0010s ]
SQL: SELECT * FROM `dq_user` WHERE ( user_login_bh = 'B18863431017' ) LIMIT 1   [ RunTime:0.0000s ]
SQL: SELECT * FROM `dq_user` WHERE ( user_login_bh = 'A18863431017' ) LIMIT 1   [ RunTime:0.0000s ]
SQL: SELECT * FROM `dq_user` WHERE ( user_login_bh = 'B15336340975' ) LIMIT 1   [ RunTime:0.0010s ]
SQL: SELECT * FROM `dq_user` WHERE ( user_login_bh = 'A15336340975' ) LIMIT 1   [ RunTime:0.0010s ]
SQL: SELECT * FROM `dq_user` WHERE ( user_login_bh = 'B15963856189' ) LIMIT 1   [ RunTime:0.0010s ]
SQL: SELECT * FROM `dq_user` WHERE ( user_login_bh = 'A15569669671' ) LIMIT 1   [ RunTime:0.0000s ]
SQL: SELECT * FROM `dq_user` WHERE ( user_login_bh = 'A15963856189' ) LIMIT 1   [ RunTime:0.0000s ]
SQL: SELECT * FROM `dq_user` WHERE ( user_login_bh = 'A18396726116' ) LIMIT 1   [ RunTime:0.0010s ]
SQL: SELECT * FROM `dq_user` WHERE ( user_login_bh = 'B13589261365' ) LIMIT 1   [ RunTime:0.0010s ]
SQL: SELECT * FROM `dq_user` WHERE ( user_login_bh = 'A18863431017' ) LIMIT 1   [ RunTime:0.0000s ]
SQL: SELECT * FROM `dq_user` WHERE ( user_login_bh = 'B15336340975' ) LIMIT 1   [ RunTime:0.0000s ]
SQL: SELECT * FROM `dq_user` WHERE ( user_login_bh = 'A15336340975' ) LIMIT 1   [ RunTime:0.0010s ]
SQL: SELECT * FROM `dq_user` WHERE ( user_login_bh = 'B15963856189' ) LIMIT 1   [ RunTime:0.0010s ]
SQL: SELECT * FROM `dq_user` WHERE ( user_login_bh = 'A15569669671' ) LIMIT 1   [ RunTime:0.0000s ]
SQL: SELECT * FROM `dq_user` WHERE ( user_login_bh = 'A15963856189' ) LIMIT 1   [ RunTime:0.0000s ]
SQL: SELECT * FROM `dq_user` WHERE ( user_login_bh = 'A18396726116' ) LIMIT 1   [ RunTime:0.0010s ]
SQL: SELECT * FROM `dq_user` WHERE ( user_login_bh = 'B13589261365' ) LIMIT 1   [ RunTime:0.0010s ]
SQL: SELECT * FROM `dq_user` WHERE ( user_login_bh = 'A15336340975' ) LIMIT 1   [ RunTime:0.0010s ]
SQL: SELECT * FROM `dq_user` WHERE ( user_login_bh = 'B15963856189' ) LIMIT 1   [ RunTime:0.0000s ]
SQL: SELECT * FROM `dq_user` WHERE ( user_login_bh = 'A15569669671' ) LIMIT 1   [ RunTime:0.0010s ]
SQL: SELECT * FROM `dq_user` WHERE ( user_login_bh = 'A15963856189' ) LIMIT 1   [ RunTime:0.0010s ]
SQL: SELECT * FROM `dq_user` WHERE ( user_login_bh = 'A18396726116' ) LIMIT 1   [ RunTime:0.0000s ]
SQL: SELECT * FROM `dq_user` WHERE ( user_login_bh = 'B13589261365' ) LIMIT 1   [ RunTime:0.0000s ]
SQL: SELECT * FROM `dq_user` WHERE ( user_login_bh = 'H17362093596' ) LIMIT 1   [ RunTime:0.0010s ]
SQL: SELECT * FROM `dq_user` WHERE ( user_login_bh = 'A17362093596' ) LIMIT 1   [ RunTime:0.0010s ]
SQL: SELECT * FROM `dq_user` WHERE ( user_login_bh = 'D13361120007' ) LIMIT 1   [ RunTime:0.0000s ]
SQL: SELECT * FROM `dq_user` WHERE ( user_login_bh = 'A13361120007' ) LIMIT 1   [ RunTime:0.0000s ]
SQL: SELECT * FROM `dq_user` WHERE ( user_login_bh = 'D15606329617' ) LIMIT 1   [ RunTime:0.0010s ]
SQL: SELECT * FROM `dq_user` WHERE ( user_login_bh = 'A15606329617' ) LIMIT 1   [ RunTime:0.0010s ]
SQL: SELECT * FROM `dq_user` WHERE ( user_login_bh = 'B18264269678' ) LIMIT 1   [ RunTime:0.0000s ]
SQL: SELECT * FROM `dq_user` WHERE ( user_login_bh = 'A15098297728' ) LIMIT 1   [ RunTime:0.0000s ]
SQL: SELECT `user_dengji` FROM `dq_user` WHERE ( user_login_bh="A15098297728" ) LIMIT 1   [ RunTime:0.0010s ]
SQL: SELECT `user_name` FROM `dq_user` WHERE `user_login_bh` = 'H17362093596' LIMIT 1   [ RunTime:0.0000s ]
SQL: SELECT * FROM `dq_user` WHERE ( user_login_bh = 'G17362093596' ) LIMIT 1   [ RunTime:0.0000s ]
SQL: SELECT * FROM `dq_user` WHERE ( user_login_bh = 'A17362093596' ) LIMIT 1   [ RunTime:0.0010s ]
SQL: SELECT * FROM `dq_user` WHERE ( user_login_bh = 'D13361120007' ) LIMIT 1   [ RunTime:0.0010s ]
SQL: SELECT * FROM `dq_user` WHERE ( user_login_bh = 'A13361120007' ) LIMIT 1   [ RunTime:0.0000s ]
SQL: SELECT * FROM `dq_user` WHERE ( user_login_bh = 'D15606329617' ) LIMIT 1   [ RunTime:0.0010s ]
SQL: SELECT * FROM `dq_user` WHERE ( user_login_bh = 'A15606329617' ) LIMIT 1   [ RunTime:0.0010s ]
SQL: SELECT * FROM `dq_user` WHERE ( user_login_bh = 'B18264269678' ) LIMIT 1   [ RunTime:0.0000s ]
SQL: SELECT * FROM `dq_user` WHERE ( user_login_bh = 'A15098297728' ) LIMIT 1   [ RunTime:0.0000s ]
SQL: SELECT `user_dengji` FROM `dq_user` WHERE ( user_login_bh="A15098297728" ) LIMIT 1   [ RunTime:0.0010s ]
SQL: SELECT `user_name` FROM `dq_user` WHERE `user_login_bh` = 'G17362093596' LIMIT 1   [ RunTime:0.0000s ]
SQL: SELECT * FROM `dq_user` WHERE ( user_login_bh = 'F17362093596' ) LIMIT 1   [ RunTime:0.0010s ]
SQL: SELECT * FROM `dq_user` WHERE ( user_login_bh = 'A17362093596' ) LIMIT 1   [ RunTime:0.0010s ]
SQL: SELECT * FROM `dq_user` WHERE ( user_login_bh = 'D13361120007' ) LIMIT 1   [ RunTime:0.0000s ]
SQL: SELECT * FROM `dq_user` WHERE ( user_login_bh = 'A13361120007' ) LIMIT 1   [ RunTime:0.0000s ]
SQL: SELECT * FROM `dq_user` WHERE ( user_login_bh = 'D15606329617' ) LIMIT 1   [ RunTime:0.0010s ]
SQL: SELECT * FROM `dq_user` WHERE ( user_login_bh = 'A15606329617' ) LIMIT 1   [ RunTime:0.0010s ]
SQL: SELECT * FROM `dq_user` WHERE ( user_login_bh = 'B18264269678' ) LIMIT 1   [ RunTime:0.0000s ]
SQL: SELECT * FROM `dq_user` WHERE ( user_login_bh = 'A15098297728' ) LIMIT 1   [ RunTime:0.0000s ]
SQL: SELECT `user_dengji` FROM `dq_user` WHERE ( user_login_bh="A15098297728" ) LIMIT 1   [ RunTime:0.0010s ]
SQL: SELECT `user_name` FROM `dq_user` WHERE `user_login_bh` = 'F17362093596' LIMIT 1   [ RunTime:0.0000s ]
SQL: SELECT * FROM `dq_user` WHERE ( user_login_bh = 'E17362093596' ) LIMIT 1   [ RunTime:0.0010s ]
SQL: SELECT * FROM `dq_user` WHERE ( user_login_bh = 'A17362093596' ) LIMIT 1   [ RunTime:0.0010s ]
SQL: SELECT * FROM `dq_user` WHERE ( user_login_bh = 'D13361120007' ) LIMIT 1   [ RunTime:0.0000s ]
SQL: SELECT * FROM `dq_user` WHERE ( user_login_bh = 'A13361120007' ) LIMIT 1   [ RunTime:0.0000s ]
SQL: SELECT * FROM `dq_user` WHERE ( user_login_bh = 'D15606329617' ) LIMIT 1   [ RunTime:0.0010s ]
SQL: SELECT * FROM `dq_user` WHERE ( user_login_bh = 'A15606329617' ) LIMIT 1   [ RunTime:0.0010s ]
SQL: SELECT * FROM `dq_user` WHERE ( user_login_bh = 'B18264269678' ) LIMIT 1   [ RunTime:0.0000s ]
SQL: SELECT * FROM `dq_user` WHERE ( user_login_bh = 'A15098297728' ) LIMIT 1   [ RunTime:0.0000s ]
SQL: SELECT `user_dengji` FROM `dq_user` WHERE ( user_login_bh="A15098297728" ) LIMIT 1   [ RunTime:0.0010s ]
SQL: SELECT `user_name` FROM `dq_user` WHERE `user_login_bh` = 'E17362093596' LIMIT 1   [ RunTime:0.0000s ]
SQL: SELECT * FROM `dq_user` WHERE ( user_login_bh = 'D17362093596' ) LIMIT 1   [ RunTime:0.0010s ]
SQL: SELECT * FROM `dq_user` WHERE ( user_login_bh = 'A17362093596' ) LIMIT 1   [ RunTime:0.0010s ]
SQL: SELECT * FROM `dq_user` WHERE ( user_login_bh = 'D13361120007' ) LIMIT 1   [ RunTime:0.0000s ]
SQL: SELECT * FROM `dq_user` WHERE ( user_login_bh = 'A13361120007' ) LIMIT 1   [ RunTime:0.0000s ]
SQL: SELECT * FROM `dq_user` WHERE ( user_login_bh = 'D15606329617' ) LIMIT 1   [ RunTime:0.0010s ]
SQL: SELECT * FROM `dq_user` WHERE ( user_login_bh = 'A15606329617' ) LIMIT 1   [ RunTime:0.0010s ]
SQL: SELECT * FROM `dq_user` WHERE ( user_login_bh = 'B18264269678' ) LIMIT 1   [ RunTime:0.0000s ]
SQL: SELECT * FROM `dq_user` WHERE ( user_login_bh = 'A15098297728' ) LIMIT 1   [ RunTime:0.0000s ]
SQL: SELECT `user_dengji` FROM `dq_user` WHERE ( user_login_bh="A15098297728" ) LIMIT 1   [ RunTime:0.0010s ]
SQL: SELECT `user_name` FROM `dq_user` WHERE `user_login_bh` = 'D17362093596' LIMIT 1   [ RunTime:0.0000s ]
SQL: SELECT * FROM `dq_user` WHERE ( user_login_bh = 'C17362093596' ) LIMIT 1   [ RunTime:0.0010s ]
SQL: SELECT * FROM `dq_user` WHERE ( user_login_bh = 'A17362093596' ) LIMIT 1   [ RunTime:0.0010s ]
SQL: SELECT * FROM `dq_user` WHERE ( user_login_bh = 'D13361120007' ) LIMIT 1   [ RunTime:0.0000s ]
SQL: SELECT * FROM `dq_user` WHERE ( user_login_bh = 'A13361120007' ) LIMIT 1   [ RunTime:0.0000s ]
SQL: SELECT * FROM `dq_user` WHERE ( user_login_bh = 'D15606329617' ) LIMIT 1   [ RunTime:0.0010s ]
SQL: SELECT * FROM `dq_user` WHERE ( user_login_bh = 'A15606329617' ) LIMIT 1   [ RunTime:0.0010s ]
SQL: SELECT * FROM `dq_user` WHERE ( user_login_bh = 'B18264269678' ) LIMIT 1   [ RunTime:0.0000s ]
SQL: SELECT * FROM `dq_user` WHERE ( user_login_bh = 'A15098297728' ) LIMIT 1   [ RunTime:0.0000s ]
SQL: SELECT `user_dengji` FROM `dq_user` WHERE ( user_login_bh="A15098297728" ) LIMIT 1   [ RunTime:0.0010s ]
SQL: SELECT `user_name` FROM `dq_user` WHERE `user_login_bh` = 'C17362093596' LIMIT 1   [ RunTime:0.0000s ]
SQL: SELECT * FROM `dq_user` WHERE ( user_login_bh = 'B17362093596' ) LIMIT 1   [ RunTime:0.0010s ]
SQL: SELECT * FROM `dq_user` WHERE ( user_login_bh = 'A17362093596' ) LIMIT 1   [ RunTime:0.0010s ]
SQL: SELECT * FROM `dq_user` WHERE ( user_login_bh = 'D13361120007' ) LIMIT 1   [ RunTime:0.0000s ]
SQL: SELECT * FROM `dq_user` WHERE ( user_login_bh = 'A13361120007' ) LIMIT 1   [ RunTime:0.0000s ]
SQL: SELECT * FROM `dq_user` WHERE ( user_login_bh = 'D15606329617' ) LIMIT 1   [ RunTime:0.0010s ]
SQL: SELECT * FROM `dq_user` WHERE ( user_login_bh = 'A15606329617' ) LIMIT 1   [ RunTime:0.0010s ]
SQL: SELECT * FROM `dq_user` WHERE ( user_login_bh = 'B18264269678' ) LIMIT 1   [ RunTime:0.0000s ]
SQL: SELECT * FROM `dq_user` WHERE ( user_login_bh = 'A15098297728' ) LIMIT 1   [ RunTime:0.0000s ]
SQL: SELECT `user_dengji` FROM `dq_user` WHERE ( user_login_bh="A15098297728" ) LIMIT 1   [ RunTime:0.0010s ]
SQL: SELECT `user_name` FROM `dq_user` WHERE `user_login_bh` = 'B17362093596' LIMIT 1   [ RunTime:0.0000s ]
SQL: SELECT * FROM `dq_user` WHERE ( user_login_bh = 'A17362093596' ) LIMIT 1   [ RunTime:0.0010s ]
SQL: SELECT * FROM `dq_user` WHERE ( user_login_bh = 'D13361120007' ) LIMIT 1   [ RunTime:0.0010s ]
SQL: SELECT * FROM `dq_user` WHERE ( user_login_bh = 'A13361120007' ) LIMIT 1   [ RunTime:0.0000s ]
SQL: SELECT * FROM `dq_user` WHERE ( user_login_bh = 'D15606329617' ) LIMIT 1   [ RunTime:0.0000s ]
SQL: SELECT * FROM `dq_user` WHERE ( user_login_bh = 'A15606329617' ) LIMIT 1   [ RunTime:0.0010s ]
SQL: SELECT * FROM `dq_user` WHERE ( user_login_bh = 'B18264269678' ) LIMIT 1   [ RunTime:0.0010s ]
SQL: SELECT * FROM `dq_user` WHERE ( user_login_bh = 'A15098297728' ) LIMIT 1   [ RunTime:0.0000s ]
SQL: SELECT `user_dengji` FROM `dq_user` WHERE ( user_login_bh="A15098297728" ) LIMIT 1   [ RunTime:0.0000s ]
SQL: SELECT `user_name` FROM `dq_user` WHERE `user_login_bh` = 'A17362093596' LIMIT 1   [ RunTime:0.0010s ]
SQL: SELECT * FROM `dq_user` WHERE ( user_login_bh = 'D13361120007' ) LIMIT 1   [ RunTime:0.0000s ]
SQL: SELECT * FROM `dq_user` WHERE ( user_login_bh = 'A13361120007' ) LIMIT 1   [ RunTime:0.0010s ]
SQL: SELECT * FROM `dq_user` WHERE ( user_login_bh = 'D15606329617' ) LIMIT 1   [ RunTime:0.0010s ]
SQL: SELECT * FROM `dq_user` WHERE ( user_login_bh = 'A15606329617' ) LIMIT 1   [ RunTime:0.0000s ]
SQL: SELECT * FROM `dq_user` WHERE ( user_login_bh = 'B18264269678' ) LIMIT 1   [ RunTime:0.0000s ]
SQL: SELECT * FROM `dq_user` WHERE ( user_login_bh = 'A15098297728' ) LIMIT 1   [ RunTime:0.0010s ]
SQL: SELECT `user_dengji` FROM `dq_user` WHERE ( user_login_bh="A15098297728" ) LIMIT 1   [ RunTime:0.0000s ]
SQL: SELECT `user_name` FROM `dq_user` WHERE `user_login_bh` = 'D13361120007' LIMIT 1   [ RunTime:0.0000s ]
SQL: SELECT * FROM `dq_user` WHERE ( user_login_bh = 'A13361120007' ) LIMIT 1   [ RunTime:0.0010s ]
SQL: SELECT * FROM `dq_user` WHERE ( user_login_bh = 'D15606329617' ) LIMIT 1   [ RunTime:0.0000s ]
SQL: SELECT * FROM `dq_user` WHERE ( user_login_bh = 'A15606329617' ) LIMIT 1   [ RunTime:0.0000s ]
SQL: SELECT * FROM `dq_user` WHERE ( user_login_bh = 'B18264269678' ) LIMIT 1   [ RunTime:0.0010s ]
SQL: SELECT * FROM `dq_user` WHERE ( user_login_bh = 'A15098297728' ) LIMIT 1   [ RunTime:0.0010s ]
SQL: SELECT `user_dengji` FROM `dq_user` WHERE ( user_login_bh="A15098297728" ) LIMIT 1   [ RunTime:0.0000s ]
SQL: SELECT `user_name` FROM `dq_user` WHERE `user_login_bh` = 'A13361120007' LIMIT 1   [ RunTime:0.0010s ]
SQL: SELECT * FROM `dq_user` WHERE ( user_login_bh = 'A13276373396' ) LIMIT 1   [ RunTime:0.0000s ]
SQL: SELECT * FROM `dq_user` WHERE ( user_login_bh = 'H13563289988' ) LIMIT 1   [ RunTime:0.0000s ]
SQL: SELECT * FROM `dq_user` WHERE ( user_login_bh = 'A13563289988' ) LIMIT 1   [ RunTime:0.0010s ]
SQL: SELECT * FROM `dq_user` WHERE ( user_login_bh = 'D15606329617' ) LIMIT 1   [ RunTime:0.0010s ]
SQL: SELECT * FROM `dq_user` WHERE ( user_login_bh = 'A15606329617' ) LIMIT 1   [ RunTime:0.0010s ]
SQL: SELECT * FROM `dq_user` WHERE ( user_login_bh = 'B18264269678' ) LIMIT 1   [ RunTime:0.0000s ]
SQL: SELECT * FROM `dq_user` WHERE ( user_login_bh = 'A15098297728' ) LIMIT 1   [ RunTime:0.0010s ]
SQL: SELECT `user_dengji` FROM `dq_user` WHERE ( user_login_bh="A15098297728" ) LIMIT 1   [ RunTime:0.0010s ]
SQL: SELECT `user_name` FROM `dq_user` WHERE `user_login_bh` = 'A13276373396' LIMIT 1   [ RunTime:0.0000s ]
SQL: SELECT * FROM `dq_user` WHERE ( user_login_bh = 'A15750750687' ) LIMIT 1   [ RunTime:0.0010s ]
SQL: SELECT * FROM `dq_user` WHERE ( user_login_bh = 'A13455755933' ) LIMIT 1   [ RunTime:0.0010s ]
SQL: SELECT * FROM `dq_user` WHERE ( user_login_bh = 'A13062086222' ) LIMIT 1   [ RunTime:0.0000s ]
SQL: SELECT * FROM `dq_user` WHERE ( user_login_bh = 'A15098297728' ) LIMIT 1   [ RunTime:0.0000s ]
SQL: SELECT `user_dengji` FROM `dq_user` WHERE ( user_login_bh="A15098297728" ) LIMIT 1   [ RunTime:0.0010s ]
SQL: SELECT `user_name` FROM `dq_user` WHERE `user_login_bh` = 'A15750750687' LIMIT 1   [ RunTime:0.0000s ]
SQL: SELECT * FROM `dq_user` WHERE ( user_login_bh = 'A18254478996' ) LIMIT 1   [ RunTime:0.0010s ]
SQL: SELECT * FROM `dq_user` WHERE ( user_login_bh = 'A13863227408' ) LIMIT 1   [ RunTime:0.0010s ]
SQL: SELECT * FROM `dq_user` WHERE ( user_login_bh = 'C18263715181' ) LIMIT 1   [ RunTime:0.0000s ]
SQL: SELECT * FROM `dq_user` WHERE ( user_login_bh = 'A15098297728' ) LIMIT 1   [ RunTime:0.0000s ]
SQL: SELECT `user_dengji` FROM `dq_user` WHERE ( user_login_bh="A15098297728" ) LIMIT 1   [ RunTime:0.0010s ]
SQL: SELECT `user_name` FROM `dq_user` WHERE `user_login_bh` = 'A18254478996' LIMIT 1   [ RunTime:0.0000s ]
SQL: SELECT * FROM `dq_user` WHERE ( user_login_bh = 'H15336340975' ) LIMIT 1   [ RunTime:0.0010s ]
SQL: SELECT * FROM `dq_user` WHERE ( user_login_bh = 'A15336340975' ) LIMIT 1   [ RunTime:0.0010s ]
SQL: SELECT * FROM `dq_user` WHERE ( user_login_bh = 'B15963856189' ) LIMIT 1   [ RunTime:0.0000s ]
SQL: SELECT * FROM `dq_user` WHERE ( user_login_bh = 'A15569669671' ) LIMIT 1   [ RunTime:0.0000s ]
SQL: SELECT * FROM `dq_user` WHERE ( user_login_bh = 'A15963856189' ) LIMIT 1   [ RunTime:0.0010s ]
SQL: SELECT * FROM `dq_user` WHERE ( user_login_bh = 'A18396726116' ) LIMIT 1   [ RunTime:0.0010s ]
SQL: SELECT * FROM `dq_user` WHERE ( user_login_bh = 'B13589261365' ) LIMIT 1   [ RunTime:0.0000s ]
SQL: SELECT * FROM `dq_user` WHERE ( user_login_bh = 'G15336340975' ) LIMIT 1   [ RunTime:0.0000s ]
SQL: SELECT * FROM `dq_user` WHERE ( user_login_bh = 'A15336340975' ) LIMIT 1   [ RunTime:0.0010s ]
SQL: SELECT * FROM `dq_user` WHERE ( user_login_bh = 'B15963856189' ) LIMIT 1   [ RunTime:0.0010s ]
SQL: SELECT * FROM `dq_user` WHERE ( user_login_bh = 'A15569669671' ) LIMIT 1   [ RunTime:0.0000s ]
SQL: SELECT * FROM `dq_user` WHERE ( user_login_bh = 'A15963856189' ) LIMIT 1   [ RunTime:0.0000s ]
SQL: SELECT * FROM `dq_user` WHERE ( user_login_bh = 'A18396726116' ) LIMIT 1   [ RunTime:0.0010s ]
SQL: SELECT * FROM `dq_user` WHERE ( user_login_bh = 'B13589261365' ) LIMIT 1   [ RunTime:0.0010s ]
SQL: SELECT * FROM `dq_user` WHERE ( user_login_bh = 'F15336340975' ) LIMIT 1   [ RunTime:0.0010s ]
SQL: SELECT * FROM `dq_user` WHERE ( user_login_bh = 'A15336340975' ) LIMIT 1   [ RunTime:0.0000s ]
SQL: SELECT * FROM `dq_user` WHERE ( user_login_bh = 'B15963856189' ) LIMIT 1   [ RunTime:0.0000s ]
SQL: SELECT * FROM `dq_user` WHERE ( user_login_bh = 'A15569669671' ) LIMIT 1   [ RunTime:0.0010s ]
SQL: SELECT * FROM `dq_user` WHERE ( user_login_bh = 'A15963856189' ) LIMIT 1   [ RunTime:0.0010s ]
SQL: SELECT * FROM `dq_user` WHERE ( user_login_bh = 'A18396726116' ) LIMIT 1   [ RunTime:0.0000s ]
SQL: SELECT * FROM `dq_user` WHERE ( user_login_bh = 'B13589261365' ) LIMIT 1   [ RunTime:0.0010s ]
SQL: SELECT * FROM `dq_user` WHERE ( user_login_bh = 'E15336340975' ) LIMIT 1   [ RunTime:0.0010s ]
SQL: SELECT * FROM `dq_user` WHERE ( user_login_bh = 'A15336340975' ) LIMIT 1   [ RunTime:0.0010s ]
SQL: SELECT * FROM `dq_user` WHERE ( user_login_bh = 'B15963856189' ) LIMIT 1   [ RunTime:0.0000s ]
SQL: SELECT * FROM `dq_user` WHERE ( user_login_bh = 'A15569669671' ) LIMIT 1   [ RunTime:0.0000s ]
SQL: SELECT * FROM `dq_user` WHERE ( user_login_bh = 'A15963856189' ) LIMIT 1   [ RunTime:0.0010s ]
SQL: SELECT * FROM `dq_user` WHERE ( user_login_bh = 'A18396726116' ) LIMIT 1   [ RunTime:0.0010s ]
SQL: SELECT * FROM `dq_user` WHERE ( user_login_bh = 'B13589261365' ) LIMIT 1   [ RunTime:0.0000s ]
SQL: SELECT * FROM `dq_user` WHERE ( user_login_bh = 'D15336340975' ) LIMIT 1   [ RunTime:0.0000s ]
SQL: SELECT * FROM `dq_user` WHERE ( user_login_bh = 'A15336340975' ) LIMIT 1   [ RunTime:0.0010s ]
SQL: SELECT * FROM `dq_user` WHERE ( user_login_bh = 'B15963856189' ) LIMIT 1   [ RunTime:0.0010s ]
SQL: SELECT * FROM `dq_user` WHERE ( user_login_bh = 'A15569669671' ) LIMIT 1   [ RunTime:0.0000s ]
SQL: SELECT * FROM `dq_user` WHERE ( user_login_bh = 'A15963856189' ) LIMIT 1   [ RunTime:0.0000s ]
SQL: SELECT * FROM `dq_user` WHERE ( user_login_bh = 'A18396726116' ) LIMIT 1   [ RunTime:0.0010s ]
SQL: SELECT * FROM `dq_user` WHERE ( user_login_bh = 'B13589261365' ) LIMIT 1   [ RunTime:0.0010s ]
SQL: SELECT * FROM `dq_user` WHERE ( user_login_bh = 'C15336340975' ) LIMIT 1   [ RunTime:0.0000s ]
SQL: SELECT * FROM `dq_user` WHERE ( user_login_bh = 'A15336340975' ) LIMIT 1   [ RunTime:0.0000s ]
SQL: SELECT * FROM `dq_user` WHERE ( user_login_bh = 'B15963856189' ) LIMIT 1   [ RunTime:0.0010s ]
SQL: SELECT * FROM `dq_user` WHERE ( user_login_bh = 'A15569669671' ) LIMIT 1   [ RunTime:0.0010s ]
SQL: SELECT * FROM `dq_user` WHERE ( user_login_bh = 'A15963856189' ) LIMIT 1   [ RunTime:0.0000s ]
SQL: SELECT * FROM `dq_user` WHERE ( user_login_bh = 'A18396726116' ) LIMIT 1   [ RunTime:0.0000s ]
SQL: SELECT * FROM `dq_user` WHERE ( user_login_bh = 'B13589261365' ) LIMIT 1   [ RunTime:0.0010s ]
SQL: SELECT * FROM `dq_user` WHERE ( user_login_bh = 'B15336340975' ) LIMIT 1   [ RunTime:0.0010s ]
SQL: SELECT * FROM `dq_user` WHERE ( user_login_bh = 'A15336340975' ) LIMIT 1   [ RunTime:0.0010s ]
SQL: SELECT * FROM `dq_user` WHERE ( user_login_bh = 'B15963856189' ) LIMIT 1   [ RunTime:0.0000s ]
SQL: SELECT * FROM `dq_user` WHERE ( user_login_bh = 'A15569669671' ) LIMIT 1   [ RunTime:0.0000s ]
SQL: SELECT * FROM `dq_user` WHERE ( user_login_bh = 'A15963856189' ) LIMIT 1   [ RunTime:0.0010s ]
SQL: SELECT * FROM `dq_user` WHERE ( user_login_bh = 'A18396726116' ) LIMIT 1   [ RunTime:0.0010s ]
SQL: SELECT * FROM `dq_user` WHERE ( user_login_bh = 'B13589261365' ) LIMIT 1   [ RunTime:0.0000s ]
SQL: SELECT * FROM `dq_user` WHERE ( user_login_bh = 'B15336340975' ) LIMIT 1   [ RunTime:0.0000s ]
SQL: SELECT * FROM `dq_user` WHERE ( user_login_bh = 'A15336340975' ) LIMIT 1   [ RunTime:0.0010s ]
SQL: SELECT * FROM `dq_user` WHERE ( user_login_bh = 'B15963856189' ) LIMIT 1   [ RunTime:0.0010s ]
SQL: SELECT * FROM `dq_user` WHERE ( user_login_bh = 'A15569669671' ) LIMIT 1   [ RunTime:0.0000s ]
SQL: SELECT * FROM `dq_user` WHERE ( user_login_bh = 'A15963856189' ) LIMIT 1   [ RunTime:0.0000s ]
SQL: SELECT * FROM `dq_user` WHERE ( user_login_bh = 'A18396726116' ) LIMIT 1   [ RunTime:0.0010s ]
SQL: SELECT * FROM `dq_user` WHERE ( user_login_bh = 'B13589261365' ) LIMIT 1   [ RunTime:0.0010s ]
SQL: SELECT * FROM `dq_user` WHERE ( user_login_bh = 'A13326323658' ) LIMIT 1   [ RunTime:0.0000s ]
SQL: SELECT * FROM `dq_user` WHERE ( user_login_bh = 'B15589229688' ) LIMIT 1   [ RunTime:0.0000s ]
SQL: SELECT * FROM `dq_user` WHERE ( user_login_bh = 'A15589229688' ) LIMIT 1   [ RunTime:0.0010s ]
SQL: SELECT * FROM `dq_user` WHERE ( user_login_bh = 'A15098297728' ) LIMIT 1   [ RunTime:0.0010s ]
SQL: SELECT `user_dengji` FROM `dq_user` WHERE ( user_login_bh="A15098297728" ) LIMIT 1   [ RunTime:0.0000s ]
SQL: SELECT `user_name` FROM `dq_user` WHERE `user_login_bh` = 'A13326323658' LIMIT 1   [ RunTime:0.0010s ]
SQL: SELECT * FROM `dq_user` WHERE ( user_login_bh = 'A15006749387' ) LIMIT 1   [ RunTime:0.0010s ]
SQL: SELECT * FROM `dq_user` WHERE ( user_login_bh = 'A15206625549' ) LIMIT 1   [ RunTime:0.0000s ]
SQL: SELECT * FROM `dq_user` WHERE ( user_login_bh = 'A15589229688' ) LIMIT 1   [ RunTime:0.0000s ]
SQL: SELECT * FROM `dq_user` WHERE ( user_login_bh = 'A15098297728' ) LIMIT 1   [ RunTime:0.0010s ]
SQL: SELECT `user_dengji` FROM `dq_user` WHERE ( user_login_bh="A15098297728" ) LIMIT 1   [ RunTime:0.0000s ]
SQL: SELECT `user_name` FROM `dq_user` WHERE `user_login_bh` = 'A15006749387' LIMIT 1   [ RunTime:0.0000s ]
SQL: SELECT * FROM `dq_user` WHERE ( user_login_bh = 'A15040813666' ) LIMIT 1   [ RunTime:0.0010s ]
SQL: SELECT * FROM `dq_user` WHERE ( user_login_bh = 'A15065959816' ) LIMIT 1   [ RunTime:0.0010s ]
SQL: SELECT * FROM `dq_user` WHERE ( user_login_bh = 'A18861359877' ) LIMIT 1   [ RunTime:0.0000s ]
SQL: SELECT * FROM `dq_user` WHERE ( user_login_bh = 'B15852315876' ) LIMIT 1   [ RunTime:0.0000s ]
SQL: SELECT * FROM `dq_user` WHERE ( user_login_bh = 'A15852315876' ) LIMIT 1   [ RunTime:0.0010s ]
SQL: SELECT * FROM `dq_user` WHERE ( user_login_bh = 'A13396370938' ) LIMIT 1   [ RunTime:0.0010s ]
SQL: SELECT * FROM `dq_user` WHERE ( user_login_bh = 'A18106370192' ) LIMIT 1   [ RunTime:0.0000s ]
SQL: SELECT * FROM `dq_user` WHERE ( user_login_bh = 'A15564683002' ) LIMIT 1   [ RunTime:0.0000s ]
SQL: SELECT * FROM `dq_user` WHERE ( user_login_bh = 'A15863224991' ) LIMIT 1   [ RunTime:0.0010s ]
SQL: SELECT * FROM `dq_user` WHERE ( user_login_bh = 'A13562472899' ) LIMIT 1   [ RunTime:0.0010s ]
SQL: SELECT * FROM `dq_user` WHERE ( user_login_bh = 'A15098297728' ) LIMIT 1   [ RunTime:0.0000s ]
SQL: SELECT `user_dengji` FROM `dq_user` WHERE ( user_login_bh="A15098297728" ) LIMIT 1   [ RunTime:0.0000s ]
SQL: SELECT `user_name` FROM `dq_user` WHERE `user_login_bh` = 'A13396370938' LIMIT 1   [ RunTime:0.0010s ]
SQL: SELECT * FROM `dq_user` WHERE ( user_login_bh = 'B18106370192' ) LIMIT 1   [ RunTime:0.0000s ]
SQL: SELECT * FROM `dq_user` WHERE ( user_login_bh = 'A18106370192' ) LIMIT 1   [ RunTime:0.0010s ]
SQL: SELECT * FROM `dq_user` WHERE ( user_login_bh = 'A15564683002' ) LIMIT 1   [ RunTime:0.0010s ]
SQL: SELECT * FROM `dq_user` WHERE ( user_login_bh = 'A15863224991' ) LIMIT 1   [ RunTime:0.0010s ]
SQL: SELECT * FROM `dq_user` WHERE ( user_login_bh = 'A13562472899' ) LIMIT 1   [ RunTime:0.0000s ]
SQL: SELECT * FROM `dq_user` WHERE ( user_login_bh = 'A15098297728' ) LIMIT 1   [ RunTime:0.0000s ]
SQL: SELECT `user_dengji` FROM `dq_user` WHERE ( user_login_bh="A15098297728" ) LIMIT 1   [ RunTime:0.0010s ]
SQL: SELECT `user_name` FROM `dq_user` WHERE `user_login_bh` = 'B18106370192' LIMIT 1   [ RunTime:0.0000s ]
SQL: SELECT * FROM `dq_user` WHERE ( user_login_bh = 'H15863224991' ) LIMIT 1   [ RunTime:0.0010s ]
SQL: SELECT * FROM `dq_user` WHERE ( user_login_bh = 'A13376375209' ) LIMIT 1   [ RunTime:0.0010s ]
SQL: SELECT * FROM `dq_user` WHERE ( user_login_bh = 'A15863224991' ) LIMIT 1   [ RunTime:0.0000s ]
SQL: SELECT * FROM `dq_user` WHERE ( user_login_bh = 'A13562472899' ) LIMIT 1   [ RunTime:0.0000s ]
SQL: SELECT * FROM `dq_user` WHERE ( user_login_bh = 'A15098297728' ) LIMIT 1   [ RunTime:0.0010s ]
SQL: SELECT `user_dengji` FROM `dq_user` WHERE ( user_login_bh="A15098297728" ) LIMIT 1   [ RunTime:0.0010s ]
SQL: SELECT `user_name` FROM `dq_user` WHERE `user_login_bh` = 'H15863224991' LIMIT 1   [ RunTime:0.0000s ]
SQL: SELECT * FROM `dq_user` WHERE ( user_login_bh = 'A15863229968' ) LIMIT 1   [ RunTime:0.0010s ]
SQL: SELECT * FROM `dq_user` WHERE ( user_login_bh = 'A18265229968' ) LIMIT 1   [ RunTime:0.0010s ]
SQL: SELECT * FROM `dq_user` WHERE ( user_login_bh = 'A13376375209' ) LIMIT 1   [ RunTime:0.0000s ]
SQL: SELECT * FROM `dq_user` WHERE ( user_login_bh = 'A15863224991' ) LIMIT 1   [ RunTime:0.0000s ]
SQL: SELECT * FROM `dq_user` WHERE ( user_login_bh = 'A13562472899' ) LIMIT 1   [ RunTime:0.0010s ]
SQL: SELECT * FROM `dq_user` WHERE ( user_login_bh = 'A15098297728' ) LIMIT 1   [ RunTime:0.0010s ]
SQL: SELECT `user_dengji` FROM `dq_user` WHERE ( user_login_bh="A15098297728" ) LIMIT 1   [ RunTime:0.0000s ]
SQL: SELECT `user_name` FROM `dq_user` WHERE `user_login_bh` = 'A15863229968' LIMIT 1   [ RunTime:0.0010s ]
SQL: SELECT * FROM `dq_user` WHERE ( user_login_bh = 'G15863224991' ) LIMIT 1   [ RunTime:0.0010s ]
SQL: SELECT * FROM `dq_user` WHERE ( user_login_bh = 'A18265229968' ) LIMIT 1   [ RunTime:0.0000s ]
SQL: SELECT * FROM `dq_user` WHERE ( user_login_bh = 'A13376375209' ) LIMIT 1   [ RunTime:0.0010s ]
SQL: SELECT * FROM `dq_user` WHERE ( user_login_bh = 'A15863224991' ) LIMIT 1   [ RunTime:0.0010s ]
SQL: SELECT * FROM `dq_user` WHERE ( user_login_bh = 'A13562472899' ) LIMIT 1   [ RunTime:0.0010s ]
SQL: SELECT * FROM `dq_user` WHERE ( user_login_bh = 'A15098297728' ) LIMIT 1   [ RunTime:0.0000s ]
SQL: SELECT `user_dengji` FROM `dq_user` WHERE ( user_login_bh="A15098297728" ) LIMIT 1   [ RunTime:0.0000s ]
SQL: SELECT `user_name` FROM `dq_user` WHERE `user_login_bh` = 'G15863224991' LIMIT 1   [ RunTime:0.0000s ]
SQL: SELECT * FROM `dq_user` WHERE ( user_login_bh = 'F15863224991' ) LIMIT 1   [ RunTime:0.0000s ]
SQL: SELECT * FROM `dq_user` WHERE ( user_login_bh = 'A18265229968' ) LIMIT 1   [ RunTime:0.0010s ]
SQL: SELECT * FROM `dq_user` WHERE ( user_login_bh = 'A13376375209' ) LIMIT 1   [ RunTime:0.0010s ]
SQL: SELECT * FROM `dq_user` WHERE ( user_login_bh = 'A15863224991' ) LIMIT 1   [ RunTime:0.0000s ]
SQL: SELECT * FROM `dq_user` WHERE ( user_login_bh = 'A13562472899' ) LIMIT 1   [ RunTime:0.0000s ]
SQL: SELECT * FROM `dq_user` WHERE ( user_login_bh = 'A15098297728' ) LIMIT 1   [ RunTime:0.0010s ]
SQL: SELECT `user_dengji` FROM `dq_user` WHERE ( user_login_bh="A15098297728" ) LIMIT 1   [ RunTime:0.0000s ]
SQL: SELECT `user_name` FROM `dq_user` WHERE `user_login_bh` = 'F15863224991' LIMIT 1   [ RunTime:0.0000s ]

