[ 2017-08-22T09:49:02+08:00 ] ::1 /shangchengmanage/
INFO: [ app_init ] --START--
INFO: Run Behavior\BuildLiteBehavior [ RunTime:0.000000s ]
INFO: [ app_init ] --END-- [ RunTime:0.000000s ]
INFO: [ app_begin ] --START--
INFO: Run Behavior\ReadHtmlCacheBehavior [ RunTime:0.000000s ]
INFO: [ app_begin ] --END-- [ RunTime:0.000000s ]
NOTIC: [8] A session had already been started - ignoring session_start() D:\phpStudy\www\App\Shangchengmanage\Controller\CommonController.class.php 第 10 行.

[ 2017-08-22T09:49:02+08:00 ] ::1 /shangchengmanage/login/index.html
INFO: [ app_init ] --START--
INFO: Run Behavior\BuildLiteBehavior [ RunTime:0.000000s ]
INFO: [ app_init ] --END-- [ RunTime:0.000000s ]
INFO: [ app_begin ] --START--
INFO: Run Behavior\ReadHtmlCacheBehavior [ RunTime:0.000000s ]
INFO: [ app_begin ] --END-- [ RunTime:0.000000s ]
INFO: [ view_parse ] --START--
INFO: [ template_filter ] --START--
INFO: Run Behavior\ContentReplaceBehavior [ RunTime:0.000000s ]
INFO: [ template_filter ] --END-- [ RunTime:0.001000s ]
INFO: Run Behavior\ParseTemplateBehavior [ RunTime:0.054003s ]
INFO: [ view_parse ] --END-- [ RunTime:0.054003s ]
INFO: [ view_filter ] --START--
INFO: Run Behavior\WriteHtmlCacheBehavior [ RunTime:0.001000s ]
INFO: Run Behavior\TokenBuildBehavior [ RunTime:0.001000s ]
INFO: [ view_filter ] --END-- [ RunTime:0.002000s ]
INFO: [ app_end ] --START--
INFO: Run Behavior\ShowPageTraceBehavior [ RunTime:0.002000s ]
INFO: [ app_end ] --END-- [ RunTime:0.002000s ]

[ 2017-08-22T09:49:03+08:00 ] ::1 /Shangchengmanage/Login/verify.html
INFO: [ app_init ] --START--
INFO: Run Behavior\BuildLiteBehavior [ RunTime:0.000000s ]
INFO: [ app_init ] --END-- [ RunTime:0.000000s ]
INFO: [ app_begin ] --START--
INFO: Run Behavior\ReadHtmlCacheBehavior [ RunTime:0.001000s ]
INFO: [ app_begin ] --END-- [ RunTime:0.001000s ]
NOTIC: [8] Uninitialized string offset: 18 D:\phpStudy\www\Core\Library\Think\Verify.class.php 第 256 行.
NOTIC: [8] Uninitialized string offset: 19 D:\phpStudy\www\Core\Library\Think\Verify.class.php 第 256 行.
NOTIC: [8] Uninitialized string offset: 25 D:\phpStudy\www\Core\Library\Think\Verify.class.php 第 256 行.
NOTIC: [8] Uninitialized string offset: 19 D:\phpStudy\www\Core\Library\Think\Verify.class.php 第 256 行.
NOTIC: [8] Uninitialized string offset: 16 D:\phpStudy\www\Core\Library\Think\Verify.class.php 第 256 行.
NOTIC: [8] Uninitialized string offset: 18 D:\phpStudy\www\Core\Library\Think\Verify.class.php 第 256 行.
NOTIC: [8] Uninitialized string offset: 28 D:\phpStudy\www\Core\Library\Think\Verify.class.php 第 256 行.
NOTIC: [8] Uninitialized string offset: 16 D:\phpStudy\www\Core\Library\Think\Verify.class.php 第 256 行.
NOTIC: [8] Uninitialized string offset: 17 D:\phpStudy\www\Core\Library\Think\Verify.class.php 第 256 行.
NOTIC: [8] Uninitialized string offset: 16 D:\phpStudy\www\Core\Library\Think\Verify.class.php 第 256 行.
NOTIC: [8] Uninitialized string offset: 10 D:\phpStudy\www\Core\Library\Think\Verify.class.php 第 256 行.
NOTIC: [8] Uninitialized string offset: 19 D:\phpStudy\www\Core\Library\Think\Verify.class.php 第 256 行.
NOTIC: [8] Uninitialized string offset: 12 D:\phpStudy\www\Core\Library\Think\Verify.class.php 第 256 行.
NOTIC: [8] Uninitialized string offset: 19 D:\phpStudy\www\Core\Library\Think\Verify.class.php 第 256 行.
NOTIC: [8] Uninitialized string offset: 14 D:\phpStudy\www\Core\Library\Think\Verify.class.php 第 256 行.
NOTIC: [8] Uninitialized string offset: 21 D:\phpStudy\www\Core\Library\Think\Verify.class.php 第 256 行.
NOTIC: [8] Uninitialized string offset: 21 D:\phpStudy\www\Core\Library\Think\Verify.class.php 第 256 行.
NOTIC: [8] Uninitialized string offset: 14 D:\phpStudy\www\Core\Library\Think\Verify.class.php 第 256 行.
NOTIC: [8] Uninitialized string offset: 25 D:\phpStudy\www\Core\Library\Think\Verify.class.php 第 256 行.
NOTIC: [8] Uninitialized string offset: 14 D:\phpStudy\www\Core\Library\Think\Verify.class.php 第 256 行.
NOTIC: [8] Uninitialized string offset: 28 D:\phpStudy\www\Core\Library\Think\Verify.class.php 第 256 行.
NOTIC: [8] Uninitialized string offset: 26 D:\phpStudy\www\Core\Library\Think\Verify.class.php 第 256 行.
NOTIC: [8] Uninitialized string offset: 25 D:\phpStudy\www\Core\Library\Think\Verify.class.php 第 256 行.
NOTIC: [8] Uninitialized string offset: 24 D:\phpStudy\www\Core\Library\Think\Verify.class.php 第 256 行.
NOTIC: [8] Uninitialized string offset: 13 D:\phpStudy\www\Core\Library\Think\Verify.class.php 第 256 行.
NOTIC: [8] Uninitialized string offset: 25 D:\phpStudy\www\Core\Library\Think\Verify.class.php 第 256 行.
NOTIC: [8] Uninitialized string offset: 18 D:\phpStudy\www\Core\Library\Think\Verify.class.php 第 256 行.
NOTIC: [8] Uninitialized string offset: 22 D:\phpStudy\www\Core\Library\Think\Verify.class.php 第 256 行.
NOTIC: [8] Uninitialized string offset: 27 D:\phpStudy\www\Core\Library\Think\Verify.class.php 第 256 行.
NOTIC: [8] Uninitialized string offset: 24 D:\phpStudy\www\Core\Library\Think\Verify.class.php 第 256 行.
NOTIC: [8] Uninitialized string offset: 22 D:\phpStudy\www\Core\Library\Think\Verify.class.php 第 256 行.
NOTIC: [8] Uninitialized string offset: 23 D:\phpStudy\www\Core\Library\Think\Verify.class.php 第 256 行.
INFO: [ app_end ] --START--
INFO: Run Behavior\ShowPageTraceBehavior [ RunTime:0.001001s ]
INFO: [ app_end ] --END-- [ RunTime:0.001001s ]

[ 2017-08-22T09:54:31+08:00 ] ::1 /shangchengmanage/login/do_login
INFO: [ app_init ] --START--
INFO: Run Behavior\BuildLiteBehavior [ RunTime:0.000000s ]
INFO: [ app_init ] --END-- [ RunTime:0.001000s ]
INFO: [ app_begin ] --START--
INFO: Run Behavior\ReadHtmlCacheBehavior [ RunTime:0.002000s ]
INFO: [ app_begin ] --END-- [ RunTime:0.002000s ]
SQL: SHOW COLUMNS FROM `dq_admin` [ RunTime:0.0330s ]
SQL: SELECT `id`,`admin_name`,`admin_pass`,`admin_date`,`admin_ip`,`admin_ok`,`admin_type` FROM `dq_admin` WHERE `admin_name` = 'lizhiqiang' LIMIT 1   [ RunTime:0.0010s ]
NOTIC: [8] A session had already been started - ignoring session_start() D:\phpStudy\www\App\Shangchengmanage\Controller\LoginController.class.php 第 44 行.
SQL: UPDATE `dq_admin` SET `admin_date`='1503366871',`admin_ip`='0.0.0.0',`admin_login`=admin_login+1,`admin_olddate`='1503297702',`admin_oldip`='0.0.0.0' WHERE `id` = 24 [ RunTime:0.0010s ]

[ 2017-08-22T09:54:31+08:00 ] ::1 /shangchengmanage/admin/index.html
INFO: [ app_init ] --START--
INFO: Run Behavior\BuildLiteBehavior [ RunTime:0.000000s ]
INFO: [ app_init ] --END-- [ RunTime:0.000000s ]
INFO: [ app_begin ] --START--
INFO: Run Behavior\ReadHtmlCacheBehavior [ RunTime:0.000000s ]
INFO: [ app_begin ] --END-- [ RunTime:0.000000s ]
NOTIC: [8] A session had already been started - ignoring session_start() D:\phpStudy\www\App\Shangchengmanage\Controller\CommonController.class.php 第 10 行.
INFO: [ view_parse ] --START--
INFO: [ template_filter ] --START--
INFO: Run Behavior\ContentReplaceBehavior [ RunTime:0.000000s ]
INFO: [ template_filter ] --END-- [ RunTime:0.000000s ]
INFO: Run Behavior\ParseTemplateBehavior [ RunTime:0.025002s ]
INFO: [ view_parse ] --END-- [ RunTime:0.025002s ]
INFO: [ view_filter ] --START--
INFO: Run Behavior\WriteHtmlCacheBehavior [ RunTime:0.001000s ]
INFO: Run Behavior\TokenBuildBehavior [ RunTime:0.001000s ]
INFO: [ view_filter ] --END-- [ RunTime:0.002000s ]
INFO: [ app_end ] --START--
INFO: Run Behavior\ShowPageTraceBehavior [ RunTime:0.001000s ]
INFO: [ app_end ] --END-- [ RunTime:0.001000s ]

[ 2017-08-22T09:54:32+08:00 ] ::1 /shangchengmanage/user/index.html
INFO: [ app_init ] --START--
INFO: Run Behavior\BuildLiteBehavior [ RunTime:0.000000s ]
INFO: [ app_init ] --END-- [ RunTime:0.001000s ]
INFO: [ app_begin ] --START--
INFO: Run Behavior\ReadHtmlCacheBehavior [ RunTime:0.001000s ]
INFO: [ app_begin ] --END-- [ RunTime:0.001000s ]
NOTIC: [8] A session had already been started - ignoring session_start() D:\phpStudy\www\App\Shangchengmanage\Controller\CommonController.class.php 第 10 行.
SQL: SHOW COLUMNS FROM `dq_user` [ RunTime:0.0320s ]
SQL: SELECT COUNT(*) AS tp_count FROM `dq_user` LIMIT 1   [ RunTime:0.0010s ]
SQL: SELECT * FROM `dq_user` ORDER BY id desc LIMIT 0,15   [ RunTime:0.0180s ]
SQL: SELECT * FROM `dq_user` WHERE `user_login_bh` = 'C15779074458' LIMIT 1   [ RunTime:0.0020s ]
SQL: SELECT * FROM `dq_user` WHERE `user_login_bh` = 'A15779074458' LIMIT 1   [ RunTime:0.0080s ]
SQL: SELECT * FROM `dq_user` WHERE `user_login_bh` = 'A13311278511' LIMIT 1   [ RunTime:0.0010s ]
SQL: SELECT * FROM `dq_user` WHERE `user_login_bh` = 'A18500706612' LIMIT 1   [ RunTime:0.0060s ]
SQL: SELECT * FROM `dq_user` WHERE `user_login_bh` = 'A18500706612' LIMIT 1   [ RunTime:0.0010s ]
SQL: SELECT * FROM `dq_user` WHERE `user_login_bh` = 'A800001' LIMIT 1   [ RunTime:0.0010s ]
SQL: SELECT * FROM `dq_user` WHERE `user_login_bh` = 'A13033288973' LIMIT 1   [ RunTime:0.0010s ]
SQL: SELECT * FROM `dq_user` WHERE `user_login_bh` = 'D15270751382' LIMIT 1   [ RunTime:0.0010s ]
SQL: SELECT * FROM `dq_user` WHERE `user_login_bh` = 'C13970788755' LIMIT 1   [ RunTime:0.0010s ]
SQL: SELECT * FROM `dq_user` WHERE `user_login_bh` = 'A13970788755' LIMIT 1   [ RunTime:0.0010s ]
SQL: SELECT * FROM `dq_user` WHERE `user_login_bh` = 'H15270929679' LIMIT 1   [ RunTime:0.0100s ]
SQL: SELECT * FROM `dq_user` WHERE `user_login_bh` = 'A15270929679' LIMIT 1   [ RunTime:0.0000s ]
SQL: SELECT * FROM `dq_user` WHERE `user_login_bh` = 'C13608915998' LIMIT 1   [ RunTime:0.0010s ]
SQL: SELECT * FROM `dq_user` WHERE `user_login_bh` = 'A13608915998' LIMIT 1   [ RunTime:0.0010s ]
SQL: SELECT * FROM `dq_user` WHERE `user_login_bh` = 'A18905240761' LIMIT 1   [ RunTime:0.0010s ]
SQL: SELECT * FROM `dq_user` WHERE `user_login_bh` = 'B13773992525' LIMIT 1   [ RunTime:0.0010s ]
SQL: SELECT * FROM `dq_user` WHERE `user_login_bh` = 'A18763039928' LIMIT 1   [ RunTime:0.0010s ]
SQL: SELECT * FROM `dq_user` WHERE `user_login_bh` = 'D15805244005' LIMIT 1   [ RunTime:0.0000s ]
SQL: SELECT * FROM `dq_user` WHERE `user_login_bh` = 'A18763039928' LIMIT 1   [ RunTime:0.0000s ]
SQL: SELECT * FROM `dq_user` WHERE `user_login_bh` = 'D15805244005' LIMIT 1   [ RunTime:0.0010s ]
SQL: SELECT * FROM `dq_user` WHERE `user_login_bh` = 'A18763039928' LIMIT 1   [ RunTime:0.0010s ]
SQL: SELECT * FROM `dq_user` WHERE `user_login_bh` = 'D15805244005' LIMIT 1   [ RunTime:0.0000s ]
SQL: SELECT * FROM `dq_user` WHERE `user_login_bh` = 'B13815786032' LIMIT 1   [ RunTime:0.0010s ]
SQL: SELECT * FROM `dq_user` WHERE `user_login_bh` = 'A13815786032' LIMIT 1   [ RunTime:0.0010s ]
SQL: SELECT * FROM `dq_user` WHERE `user_login_bh` = 'A15538776863' LIMIT 1   [ RunTime:0.0010s ]
SQL: SELECT * FROM `dq_user` WHERE `user_login_bh` = 'A18337713522' LIMIT 1   [ RunTime:0.0010s ]
SQL: SELECT * FROM `dq_user` WHERE `user_login_bh` = 'A15538776863' LIMIT 1   [ RunTime:0.0010s ]
SQL: SELECT * FROM `dq_user` WHERE `user_login_bh` = 'A18337713522' LIMIT 1   [ RunTime:0.0000s ]
INFO: [ view_parse ] --START--
INFO: [ template_filter ] --START--
INFO: Run Behavior\ContentReplaceBehavior [ RunTime:0.000000s ]
INFO: [ template_filter ] --END-- [ RunTime:0.000000s ]
NOTIC: [8] Use of undefined constant GROUP_NAME - assumed 'GROUP_NAME' D:\phpStudy\www\App\Runtime\Cache\Shangchengmanage\f9973b170a5dccd6f55b8cb48c38571c.php 第 65 行.
NOTIC: [8] Undefined index: sj D:\phpStudy\www\App\Runtime\Cache\Shangchengmanage\f9973b170a5dccd6f55b8cb48c38571c.php 第 93 行.
NOTIC: [8] Undefined index: sj2 D:\phpStudy\www\App\Runtime\Cache\Shangchengmanage\f9973b170a5dccd6f55b8cb48c38571c.php 第 94 行.
NOTIC: [8] Undefined index: p D:\phpStudy\www\App\Runtime\Cache\Shangchengmanage\f9973b170a5dccd6f55b8cb48c38571c.php 第 120 行.
INFO: Run Behavior\ParseTemplateBehavior [ RunTime:0.020001s ]
INFO: [ view_parse ] --END-- [ RunTime:0.020001s ]
INFO: [ view_filter ] --START--
INFO: Run Behavior\WriteHtmlCacheBehavior [ RunTime:0.001000s ]
INFO: Run Behavior\TokenBuildBehavior [ RunTime:0.000000s ]
INFO: [ view_filter ] --END-- [ RunTime:0.001000s ]
INFO: [ app_end ] --START--
INFO: Run Behavior\ShowPageTraceBehavior [ RunTime:0.001000s ]
INFO: [ app_end ] --END-- [ RunTime:0.001000s ]

[ 2017-08-22T09:54:45+08:00 ] ::1 /Shangchengmanage/Login/verify.html
INFO: [ app_init ] --START--
INFO: Run Behavior\BuildLiteBehavior [ RunTime:0.000000s ]
INFO: [ app_init ] --END-- [ RunTime:0.001000s ]
INFO: [ app_begin ] --START--
INFO: Run Behavior\ReadHtmlCacheBehavior [ RunTime:0.001000s ]
INFO: [ app_begin ] --END-- [ RunTime:0.001000s ]
NOTIC: [8] Uninitialized string offset: 17 D:\phpStudy\www\Core\Library\Think\Verify.class.php 第 256 行.
NOTIC: [8] Uninitialized string offset: 15 D:\phpStudy\www\Core\Library\Think\Verify.class.php 第 256 行.
NOTIC: [8] Uninitialized string offset: 20 D:\phpStudy\www\Core\Library\Think\Verify.class.php 第 256 行.
NOTIC: [8] Uninitialized string offset: 14 D:\phpStudy\www\Core\Library\Think\Verify.class.php 第 256 行.
NOTIC: [8] Uninitialized string offset: 15 D:\phpStudy\www\Core\Library\Think\Verify.class.php 第 256 行.
NOTIC: [8] Uninitialized string offset: 13 D:\phpStudy\www\Core\Library\Think\Verify.class.php 第 256 行.
NOTIC: [8] Uninitialized string offset: 13 D:\phpStudy\www\Core\Library\Think\Verify.class.php 第 256 行.
NOTIC: [8] Uninitialized string offset: 19 D:\phpStudy\www\Core\Library\Think\Verify.class.php 第 256 行.
NOTIC: [8] Uninitialized string offset: 15 D:\phpStudy\www\Core\Library\Think\Verify.class.php 第 256 行.
NOTIC: [8] Uninitialized string offset: 18 D:\phpStudy\www\Core\Library\Think\Verify.class.php 第 256 行.
NOTIC: [8] Uninitialized string offset: 12 D:\phpStudy\www\Core\Library\Think\Verify.class.php 第 256 行.
NOTIC: [8] Uninitialized string offset: 28 D:\phpStudy\www\Core\Library\Think\Verify.class.php 第 256 行.
NOTIC: [8] Uninitialized string offset: 22 D:\phpStudy\www\Core\Library\Think\Verify.class.php 第 256 行.
NOTIC: [8] Uninitialized string offset: 21 D:\phpStudy\www\Core\Library\Think\Verify.class.php 第 256 行.
NOTIC: [8] Uninitialized string offset: 21 D:\phpStudy\www\Core\Library\Think\Verify.class.php 第 256 行.
NOTIC: [8] Uninitialized string offset: 23 D:\phpStudy\www\Core\Library\Think\Verify.class.php 第 256 行.
NOTIC: [8] Uninitialized string offset: 15 D:\phpStudy\www\Core\Library\Think\Verify.class.php 第 256 行.
NOTIC: [8] Uninitialized string offset: 11 D:\phpStudy\www\Core\Library\Think\Verify.class.php 第 256 行.
NOTIC: [8] Uninitialized string offset: 27 D:\phpStudy\www\Core\Library\Think\Verify.class.php 第 256 行.
NOTIC: [8] Uninitialized string offset: 24 D:\phpStudy\www\Core\Library\Think\Verify.class.php 第 256 行.
NOTIC: [8] Uninitialized string offset: 14 D:\phpStudy\www\Core\Library\Think\Verify.class.php 第 256 行.
NOTIC: [8] Uninitialized string offset: 26 D:\phpStudy\www\Core\Library\Think\Verify.class.php 第 256 行.
NOTIC: [8] Uninitialized string offset: 22 D:\phpStudy\www\Core\Library\Think\Verify.class.php 第 256 行.
NOTIC: [8] Uninitialized string offset: 10 D:\phpStudy\www\Core\Library\Think\Verify.class.php 第 256 行.
NOTIC: [8] Uninitialized string offset: 26 D:\phpStudy\www\Core\Library\Think\Verify.class.php 第 256 行.
NOTIC: [8] Uninitialized string offset: 16 D:\phpStudy\www\Core\Library\Think\Verify.class.php 第 256 行.
NOTIC: [8] Uninitialized string offset: 15 D:\phpStudy\www\Core\Library\Think\Verify.class.php 第 256 行.
NOTIC: [8] Uninitialized string offset: 20 D:\phpStudy\www\Core\Library\Think\Verify.class.php 第 256 行.
NOTIC: [8] Uninitialized string offset: 24 D:\phpStudy\www\Core\Library\Think\Verify.class.php 第 256 行.
NOTIC: [8] Uninitialized string offset: 29 D:\phpStudy\www\Core\Library\Think\Verify.class.php 第 256 行.
NOTIC: [8] Uninitialized string offset: 19 D:\phpStudy\www\Core\Library\Think\Verify.class.php 第 256 行.
NOTIC: [8] Uninitialized string offset: 28 D:\phpStudy\www\Core\Library\Think\Verify.class.php 第 256 行.
INFO: [ app_end ] --START--
INFO: Run Behavior\ShowPageTraceBehavior [ RunTime:0.001000s ]
INFO: [ app_end ] --END-- [ RunTime:0.001000s ]

[ 2017-08-22T10:26:56+08:00 ] ::1 /Shangchengmanage/Login/verify.html?0.46010396784520635
INFO: [ app_init ] --START--
INFO: Run Behavior\BuildLiteBehavior [ RunTime:0.000000s ]
INFO: [ app_init ] --END-- [ RunTime:0.001000s ]
INFO: [ app_begin ] --START--
INFO: Run Behavior\ReadHtmlCacheBehavior [ RunTime:0.001001s ]
INFO: [ app_begin ] --END-- [ RunTime:0.001001s ]
NOTIC: [8] Uninitialized string offset: 24 D:\phpStudy\www\Core\Library\Think\Verify.class.php 第 256 行.
NOTIC: [8] Uninitialized string offset: 22 D:\phpStudy\www\Core\Library\Think\Verify.class.php 第 256 行.
NOTIC: [8] Uninitialized string offset: 13 D:\phpStudy\www\Core\Library\Think\Verify.class.php 第 256 行.
NOTIC: [8] Uninitialized string offset: 14 D:\phpStudy\www\Core\Library\Think\Verify.class.php 第 256 行.
NOTIC: [8] Uninitialized string offset: 20 D:\phpStudy\www\Core\Library\Think\Verify.class.php 第 256 行.
NOTIC: [8] Uninitialized string offset: 13 D:\phpStudy\www\Core\Library\Think\Verify.class.php 第 256 行.
NOTIC: [8] Uninitialized string offset: 25 D:\phpStudy\www\Core\Library\Think\Verify.class.php 第 256 行.
NOTIC: [8] Uninitialized string offset: 18 D:\phpStudy\www\Core\Library\Think\Verify.class.php 第 256 行.
NOTIC: [8] Uninitialized string offset: 12 D:\phpStudy\www\Core\Library\Think\Verify.class.php 第 256 行.
NOTIC: [8] Uninitialized string offset: 28 D:\phpStudy\www\Core\Library\Think\Verify.class.php 第 256 行.
NOTIC: [8] Uninitialized string offset: 20 D:\phpStudy\www\Core\Library\Think\Verify.class.php 第 256 行.
NOTIC: [8] Uninitialized string offset: 11 D:\phpStudy\www\Core\Library\Think\Verify.class.php 第 256 行.
NOTIC: [8] Uninitialized string offset: 12 D:\phpStudy\www\Core\Library\Think\Verify.class.php 第 256 行.
NOTIC: [8] Uninitialized string offset: 28 D:\phpStudy\www\Core\Library\Think\Verify.class.php 第 256 行.
NOTIC: [8] Uninitialized string offset: 11 D:\phpStudy\www\Core\Library\Think\Verify.class.php 第 256 行.
NOTIC: [8] Uninitialized string offset: 29 D:\phpStudy\www\Core\Library\Think\Verify.class.php 第 256 行.
NOTIC: [8] Uninitialized string offset: 18 D:\phpStudy\www\Core\Library\Think\Verify.class.php 第 256 行.
NOTIC: [8] Uninitialized string offset: 15 D:\phpStudy\www\Core\Library\Think\Verify.class.php 第 256 行.
NOTIC: [8] Uninitialized string offset: 28 D:\phpStudy\www\Core\Library\Think\Verify.class.php 第 256 行.
NOTIC: [8] Uninitialized string offset: 21 D:\phpStudy\www\Core\Library\Think\Verify.class.php 第 256 行.
NOTIC: [8] Uninitialized string offset: 17 D:\phpStudy\www\Core\Library\Think\Verify.class.php 第 256 行.
NOTIC: [8] Uninitialized string offset: 13 D:\phpStudy\www\Core\Library\Think\Verify.class.php 第 256 行.
NOTIC: [8] Uninitialized string offset: 18 D:\phpStudy\www\Core\Library\Think\Verify.class.php 第 256 行.
NOTIC: [8] Uninitialized string offset: 25 D:\phpStudy\www\Core\Library\Think\Verify.class.php 第 256 行.
NOTIC: [8] Uninitialized string offset: 20 D:\phpStudy\www\Core\Library\Think\Verify.class.php 第 256 行.
NOTIC: [8] Uninitialized string offset: 11 D:\phpStudy\www\Core\Library\Think\Verify.class.php 第 256 行.
NOTIC: [8] Uninitialized string offset: 23 D:\phpStudy\www\Core\Library\Think\Verify.class.php 第 256 行.
NOTIC: [8] Uninitialized string offset: 20 D:\phpStudy\www\Core\Library\Think\Verify.class.php 第 256 行.
NOTIC: [8] Uninitialized string offset: 27 D:\phpStudy\www\Core\Library\Think\Verify.class.php 第 256 行.
NOTIC: [8] Uninitialized string offset: 28 D:\phpStudy\www\Core\Library\Think\Verify.class.php 第 256 行.
NOTIC: [8] Uninitialized string offset: 28 D:\phpStudy\www\Core\Library\Think\Verify.class.php 第 256 行.
NOTIC: [8] Uninitialized string offset: 29 D:\phpStudy\www\Core\Library\Think\Verify.class.php 第 256 行.
INFO: [ app_end ] --START--
INFO: Run Behavior\ShowPageTraceBehavior [ RunTime:0.000000s ]
INFO: [ app_end ] --END-- [ RunTime:0.000000s ]

[ 2017-08-22T10:27:05+08:00 ] ::1 /Shangchengmanage/Login/verify.html
INFO: [ app_init ] --START--
INFO: Run Behavior\BuildLiteBehavior [ RunTime:0.000000s ]
INFO: [ app_init ] --END-- [ RunTime:0.001000s ]
INFO: [ app_begin ] --START--
INFO: Run Behavior\ReadHtmlCacheBehavior [ RunTime:0.000000s ]
INFO: [ app_begin ] --END-- [ RunTime:0.000000s ]
NOTIC: [8] Uninitialized string offset: 11 D:\phpStudy\www\Core\Library\Think\Verify.class.php 第 256 行.
NOTIC: [8] Uninitialized string offset: 27 D:\phpStudy\www\Core\Library\Think\Verify.class.php 第 256 行.
NOTIC: [8] Uninitialized string offset: 29 D:\phpStudy\www\Core\Library\Think\Verify.class.php 第 256 行.
NOTIC: [8] Uninitialized string offset: 24 D:\phpStudy\www\Core\Library\Think\Verify.class.php 第 256 行.
NOTIC: [8] Uninitialized string offset: 13 D:\phpStudy\www\Core\Library\Think\Verify.class.php 第 256 行.
NOTIC: [8] Uninitialized string offset: 25 D:\phpStudy\www\Core\Library\Think\Verify.class.php 第 256 行.
NOTIC: [8] Uninitialized string offset: 26 D:\phpStudy\www\Core\Library\Think\Verify.class.php 第 256 行.
NOTIC: [8] Uninitialized string offset: 17 D:\phpStudy\www\Core\Library\Think\Verify.class.php 第 256 行.
NOTIC: [8] Uninitialized string offset: 18 D:\phpStudy\www\Core\Library\Think\Verify.class.php 第 256 行.
NOTIC: [8] Uninitialized string offset: 15 D:\phpStudy\www\Core\Library\Think\Verify.class.php 第 256 行.
NOTIC: [8] Uninitialized string offset: 19 D:\phpStudy\www\Core\Library\Think\Verify.class.php 第 256 行.
NOTIC: [8] Uninitialized string offset: 11 D:\phpStudy\www\Core\Library\Think\Verify.class.php 第 256 行.
NOTIC: [8] Uninitialized string offset: 17 D:\phpStudy\www\Core\Library\Think\Verify.class.php 第 256 行.
NOTIC: [8] Uninitialized string offset: 29 D:\phpStudy\www\Core\Library\Think\Verify.class.php 第 256 行.
NOTIC: [8] Uninitialized string offset: 22 D:\phpStudy\www\Core\Library\Think\Verify.class.php 第 256 行.
NOTIC: [8] Uninitialized string offset: 18 D:\phpStudy\www\Core\Library\Think\Verify.class.php 第 256 行.
NOTIC: [8] Uninitialized string offset: 28 D:\phpStudy\www\Core\Library\Think\Verify.class.php 第 256 行.
NOTIC: [8] Uninitialized string offset: 17 D:\phpStudy\www\Core\Library\Think\Verify.class.php 第 256 行.
NOTIC: [8] Uninitialized string offset: 12 D:\phpStudy\www\Core\Library\Think\Verify.class.php 第 256 行.
NOTIC: [8] Uninitialized string offset: 28 D:\phpStudy\www\Core\Library\Think\Verify.class.php 第 256 行.
NOTIC: [8] Uninitialized string offset: 16 D:\phpStudy\www\Core\Library\Think\Verify.class.php 第 256 行.
NOTIC: [8] Uninitialized string offset: 12 D:\phpStudy\www\Core\Library\Think\Verify.class.php 第 256 行.
NOTIC: [8] Uninitialized string offset: 28 D:\phpStudy\www\Core\Library\Think\Verify.class.php 第 256 行.
NOTIC: [8] Uninitialized string offset: 22 D:\phpStudy\www\Core\Library\Think\Verify.class.php 第 256 行.
NOTIC: [8] Uninitialized string offset: 21 D:\phpStudy\www\Core\Library\Think\Verify.class.php 第 256 行.
NOTIC: [8] Uninitialized string offset: 13 D:\phpStudy\www\Core\Library\Think\Verify.class.php 第 256 行.
NOTIC: [8] Uninitialized string offset: 27 D:\phpStudy\www\Core\Library\Think\Verify.class.php 第 256 行.
NOTIC: [8] Uninitialized string offset: 11 D:\phpStudy\www\Core\Library\Think\Verify.class.php 第 256 行.
NOTIC: [8] Uninitialized string offset: 26 D:\phpStudy\www\Core\Library\Think\Verify.class.php 第 256 行.
NOTIC: [8] Uninitialized string offset: 12 D:\phpStudy\www\Core\Library\Think\Verify.class.php 第 256 行.
NOTIC: [8] Uninitialized string offset: 18 D:\phpStudy\www\Core\Library\Think\Verify.class.php 第 256 行.
NOTIC: [8] Uninitialized string offset: 11 D:\phpStudy\www\Core\Library\Think\Verify.class.php 第 256 行.
NOTIC: [8] Uninitialized string offset: 22 D:\phpStudy\www\Core\Library\Think\Verify.class.php 第 256 行.
NOTIC: [8] Uninitialized string offset: 24 D:\phpStudy\www\Core\Library\Think\Verify.class.php 第 256 行.
NOTIC: [8] Uninitialized string offset: 26 D:\phpStudy\www\Core\Library\Think\Verify.class.php 第 256 行.
INFO: [ app_end ] --START--
INFO: Run Behavior\ShowPageTraceBehavior [ RunTime:0.000000s ]
INFO: [ app_end ] --END-- [ RunTime:0.000000s ]

[ 2017-08-22T10:27:36+08:00 ] ::1 /Shangchengmanage/Login/verify.html?0.8496360986496889
INFO: [ app_init ] --START--
INFO: Run Behavior\BuildLiteBehavior [ RunTime:0.000000s ]
INFO: [ app_init ] --END-- [ RunTime:0.000000s ]
INFO: [ app_begin ] --START--
INFO: Run Behavior\ReadHtmlCacheBehavior [ RunTime:0.001000s ]
INFO: [ app_begin ] --END-- [ RunTime:0.001000s ]
NOTIC: [8] Uninitialized string offset: 23 D:\phpStudy\www\Core\Library\Think\Verify.class.php 第 256 行.
NOTIC: [8] Uninitialized string offset: 13 D:\phpStudy\www\Core\Library\Think\Verify.class.php 第 256 行.
NOTIC: [8] Uninitialized string offset: 18 D:\phpStudy\www\Core\Library\Think\Verify.class.php 第 256 行.
NOTIC: [8] Uninitialized string offset: 21 D:\phpStudy\www\Core\Library\Think\Verify.class.php 第 256 行.
NOTIC: [8] Uninitialized string offset: 25 D:\phpStudy\www\Core\Library\Think\Verify.class.php 第 256 行.
NOTIC: [8] Uninitialized string offset: 10 D:\phpStudy\www\Core\Library\Think\Verify.class.php 第 256 行.
NOTIC: [8] Uninitialized string offset: 24 D:\phpStudy\www\Core\Library\Think\Verify.class.php 第 256 行.
NOTIC: [8] Uninitialized string offset: 16 D:\phpStudy\www\Core\Library\Think\Verify.class.php 第 256 行.
NOTIC: [8] Uninitialized string offset: 14 D:\phpStudy\www\Core\Library\Think\Verify.class.php 第 256 行.
NOTIC: [8] Uninitialized string offset: 16 D:\phpStudy\www\Core\Library\Think\Verify.class.php 第 256 行.
NOTIC: [8] Uninitialized string offset: 18 D:\phpStudy\www\Core\Library\Think\Verify.class.php 第 256 行.
NOTIC: [8] Uninitialized string offset: 18 D:\phpStudy\www\Core\Library\Think\Verify.class.php 第 256 行.
NOTIC: [8] Uninitialized string offset: 23 D:\phpStudy\www\Core\Library\Think\Verify.class.php 第 256 行.
NOTIC: [8] Uninitialized string offset: 13 D:\phpStudy\www\Core\Library\Think\Verify.class.php 第 256 行.
NOTIC: [8] Uninitialized string offset: 28 D:\phpStudy\www\Core\Library\Think\Verify.class.php 第 256 行.
NOTIC: [8] Uninitialized string offset: 13 D:\phpStudy\www\Core\Library\Think\Verify.class.php 第 256 行.
NOTIC: [8] Uninitialized string offset: 17 D:\phpStudy\www\Core\Library\Think\Verify.class.php 第 256 行.
NOTIC: [8] Uninitialized string offset: 20 D:\phpStudy\www\Core\Library\Think\Verify.class.php 第 256 行.
NOTIC: [8] Uninitialized string offset: 15 D:\phpStudy\www\Core\Library\Think\Verify.class.php 第 256 行.
NOTIC: [8] Uninitialized string offset: 21 D:\phpStudy\www\Core\Library\Think\Verify.class.php 第 256 行.
NOTIC: [8] Uninitialized string offset: 28 D:\phpStudy\www\Core\Library\Think\Verify.class.php 第 256 行.
NOTIC: [8] Uninitialized string offset: 18 D:\phpStudy\www\Core\Library\Think\Verify.class.php 第 256 行.
NOTIC: [8] Uninitialized string offset: 10 D:\phpStudy\www\Core\Library\Think\Verify.class.php 第 256 行.
NOTIC: [8] Uninitialized string offset: 10 D:\phpStudy\www\Core\Library\Think\Verify.class.php 第 256 行.
NOTIC: [8] Uninitialized string offset: 10 D:\phpStudy\www\Core\Library\Think\Verify.class.php 第 256 行.
NOTIC: [8] Uninitialized string offset: 19 D:\phpStudy\www\Core\Library\Think\Verify.class.php 第 256 行.
NOTIC: [8] Uninitialized string offset: 10 D:\phpStudy\www\Core\Library\Think\Verify.class.php 第 256 行.
NOTIC: [8] Uninitialized string offset: 22 D:\phpStudy\www\Core\Library\Think\Verify.class.php 第 256 行.
NOTIC: [8] Uninitialized string offset: 12 D:\phpStudy\www\Core\Library\Think\Verify.class.php 第 256 行.
NOTIC: [8] Uninitialized string offset: 20 D:\phpStudy\www\Core\Library\Think\Verify.class.php 第 256 行.
NOTIC: [8] Uninitialized string offset: 20 D:\phpStudy\www\Core\Library\Think\Verify.class.php 第 256 行.
NOTIC: [8] Uninitialized string offset: 11 D:\phpStudy\www\Core\Library\Think\Verify.class.php 第 256 行.
NOTIC: [8] Uninitialized string offset: 28 D:\phpStudy\www\Core\Library\Think\Verify.class.php 第 256 行.
NOTIC: [8] Uninitialized string offset: 28 D:\phpStudy\www\Core\Library\Think\Verify.class.php 第 256 行.
NOTIC: [8] Uninitialized string offset: 25 D:\phpStudy\www\Core\Library\Think\Verify.class.php 第 256 行.
NOTIC: [8] Uninitialized string offset: 12 D:\phpStudy\www\Core\Library\Think\Verify.class.php 第 256 行.
NOTIC: [8] Uninitialized string offset: 10 D:\phpStudy\www\Core\Library\Think\Verify.class.php 第 256 行.
NOTIC: [8] Uninitialized string offset: 18 D:\phpStudy\www\Core\Library\Think\Verify.class.php 第 256 行.
NOTIC: [8] Uninitialized string offset: 22 D:\phpStudy\www\Core\Library\Think\Verify.class.php 第 256 行.
NOTIC: [8] Uninitialized string offset: 27 D:\phpStudy\www\Core\Library\Think\Verify.class.php 第 256 行.
NOTIC: [8] Uninitialized string offset: 15 D:\phpStudy\www\Core\Library\Think\Verify.class.php 第 256 行.
INFO: [ app_end ] --START--
INFO: Run Behavior\ShowPageTraceBehavior [ RunTime:0.000000s ]
INFO: [ app_end ] --END-- [ RunTime:0.000000s ]

[ 2017-08-22T10:27:57+08:00 ] ::1 /Shangchengmanage/Login/verify.html?0.4463771916011705
INFO: [ app_init ] --START--
INFO: Run Behavior\BuildLiteBehavior [ RunTime:0.000000s ]
INFO: [ app_init ] --END-- [ RunTime:0.000000s ]
INFO: [ app_begin ] --START--
INFO: Run Behavior\ReadHtmlCacheBehavior [ RunTime:0.001000s ]
INFO: [ app_begin ] --END-- [ RunTime:0.001000s ]
NOTIC: [8] Uninitialized string offset: 20 D:\phpStudy\www\Core\Library\Think\Verify.class.php 第 256 行.
NOTIC: [8] Uninitialized string offset: 23 D:\phpStudy\www\Core\Library\Think\Verify.class.php 第 256 行.
NOTIC: [8] Uninitialized string offset: 16 D:\phpStudy\www\Core\Library\Think\Verify.class.php 第 256 行.
NOTIC: [8] Uninitialized string offset: 27 D:\phpStudy\www\Core\Library\Think\Verify.class.php 第 256 行.
NOTIC: [8] Uninitialized string offset: 15 D:\phpStudy\www\Core\Library\Think\Verify.class.php 第 256 行.
NOTIC: [8] Uninitialized string offset: 13 D:\phpStudy\www\Core\Library\Think\Verify.class.php 第 256 行.
NOTIC: [8] Uninitialized string offset: 25 D:\phpStudy\www\Core\Library\Think\Verify.class.php 第 256 行.
NOTIC: [8] Uninitialized string offset: 27 D:\phpStudy\www\Core\Library\Think\Verify.class.php 第 256 行.
NOTIC: [8] Uninitialized string offset: 24 D:\phpStudy\www\Core\Library\Think\Verify.class.php 第 256 行.
NOTIC: [8] Uninitialized string offset: 25 D:\phpStudy\www\Core\Library\Think\Verify.class.php 第 256 行.
NOTIC: [8] Uninitialized string offset: 17 D:\phpStudy\www\Core\Library\Think\Verify.class.php 第 256 行.
NOTIC: [8] Uninitialized string offset: 16 D:\phpStudy\www\Core\Library\Think\Verify.class.php 第 256 行.
NOTIC: [8] Uninitialized string offset: 17 D:\phpStudy\www\Core\Library\Think\Verify.class.php 第 256 行.
NOTIC: [8] Uninitialized string offset: 24 D:\phpStudy\www\Core\Library\Think\Verify.class.php 第 256 行.
NOTIC: [8] Uninitialized string offset: 11 D:\phpStudy\www\Core\Library\Think\Verify.class.php 第 256 行.
NOTIC: [8] Uninitialized string offset: 10 D:\phpStudy\www\Core\Library\Think\Verify.class.php 第 256 行.
NOTIC: [8] Uninitialized string offset: 23 D:\phpStudy\www\Core\Library\Think\Verify.class.php 第 256 行.
NOTIC: [8] Uninitialized string offset: 14 D:\phpStudy\www\Core\Library\Think\Verify.class.php 第 256 行.
NOTIC: [8] Uninitialized string offset: 14 D:\phpStudy\www\Core\Library\Think\Verify.class.php 第 256 行.
NOTIC: [8] Uninitialized string offset: 16 D:\phpStudy\www\Core\Library\Think\Verify.class.php 第 256 行.
NOTIC: [8] Uninitialized string offset: 14 D:\phpStudy\www\Core\Library\Think\Verify.class.php 第 256 行.
NOTIC: [8] Uninitialized string offset: 12 D:\phpStudy\www\Core\Library\Think\Verify.class.php 第 256 行.
NOTIC: [8] Uninitialized string offset: 11 D:\phpStudy\www\Core\Library\Think\Verify.class.php 第 256 行.
NOTIC: [8] Uninitialized string offset: 25 D:\phpStudy\www\Core\Library\Think\Verify.class.php 第 256 行.
NOTIC: [8] Uninitialized string offset: 29 D:\phpStudy\www\Core\Library\Think\Verify.class.php 第 256 行.
NOTIC: [8] Uninitialized string offset: 14 D:\phpStudy\www\Core\Library\Think\Verify.class.php 第 256 行.
NOTIC: [8] Uninitialized string offset: 17 D:\phpStudy\www\Core\Library\Think\Verify.class.php 第 256 行.
NOTIC: [8] Uninitialized string offset: 27 D:\phpStudy\www\Core\Library\Think\Verify.class.php 第 256 行.
NOTIC: [8] Uninitialized string offset: 20 D:\phpStudy\www\Core\Library\Think\Verify.class.php 第 256 行.
NOTIC: [8] Uninitialized string offset: 24 D:\phpStudy\www\Core\Library\Think\Verify.class.php 第 256 行.
NOTIC: [8] Uninitialized string offset: 10 D:\phpStudy\www\Core\Library\Think\Verify.class.php 第 256 行.
NOTIC: [8] Uninitialized string offset: 24 D:\phpStudy\www\Core\Library\Think\Verify.class.php 第 256 行.
NOTIC: [8] Uninitialized string offset: 10 D:\phpStudy\www\Core\Library\Think\Verify.class.php 第 256 行.
NOTIC: [8] Uninitialized string offset: 13 D:\phpStudy\www\Core\Library\Think\Verify.class.php 第 256 行.
NOTIC: [8] Uninitialized string offset: 26 D:\phpStudy\www\Core\Library\Think\Verify.class.php 第 256 行.
NOTIC: [8] Uninitialized string offset: 13 D:\phpStudy\www\Core\Library\Think\Verify.class.php 第 256 行.
INFO: [ app_end ] --START--
INFO: Run Behavior\ShowPageTraceBehavior [ RunTime:0.001001s ]
INFO: [ app_end ] --END-- [ RunTime:0.001001s ]

[ 2017-08-22T10:28:31+08:00 ] ::1 /shangchengmanage/goods/index.html
INFO: [ app_init ] --START--
INFO: Run Behavior\BuildLiteBehavior [ RunTime:0.000000s ]
INFO: [ app_init ] --END-- [ RunTime:0.000000s ]
INFO: [ app_begin ] --START--
INFO: Run Behavior\ReadHtmlCacheBehavior [ RunTime:0.000000s ]
INFO: [ app_begin ] --END-- [ RunTime:0.000000s ]
NOTIC: [8] A session had already been started - ignoring session_start() D:\phpStudy\www\App\Shangchengmanage\Controller\CommonController.class.php 第 10 行.
SQL: SHOW COLUMNS FROM `dq_goodsfenlei` [ RunTime:0.0130s ]
SQL: SELECT * FROM `dq_goodsfenlei` WHERE `is_show` = 1 AND `fid` = 0 ORDER BY id asc  [ RunTime:0.0010s ]
SQL: SHOW COLUMNS FROM `dq_goods` [ RunTime:0.0110s ]
SQL: SELECT COUNT(*) AS tp_count FROM `dq_goods` LIMIT 1   [ RunTime:0.0010s ]
SQL: SELECT * FROM `dq_goodsfenlei` WHERE `is_show` = 1 ORDER BY paixu asc  [ RunTime:0.0000s ]
SQL: SELECT * FROM `dq_goods` ORDER BY id desc LIMIT 0,15   [ RunTime:0.0000s ]
SQL: SHOW COLUMNS FROM `dq_goodsfenlei` [ RunTime:0.0060s ]
SQL: SELECT `name` FROM `dq_goodsfenlei` WHERE `id` = 41 LIMIT 1   [ RunTime:0.0000s ]
SQL: SELECT `name` FROM `dq_goodsfenlei` WHERE `id` = 51 LIMIT 1   [ RunTime:0.0000s ]
SQL: SELECT `name` FROM `dq_goodsfenlei` WHERE `id` = 51 LIMIT 1   [ RunTime:0.0000s ]
SQL: SELECT `name` FROM `dq_goodsfenlei` WHERE `id` = 51 LIMIT 1   [ RunTime:0.0010s ]
SQL: SELECT `name` FROM `dq_goodsfenlei` WHERE `id` = 51 LIMIT 1   [ RunTime:0.0000s ]
SQL: SELECT `name` FROM `dq_goodsfenlei` WHERE `id` = 51 LIMIT 1   [ RunTime:0.0010s ]
SQL: SELECT `name` FROM `dq_goodsfenlei` WHERE `id` = 51 LIMIT 1   [ RunTime:0.0000s ]
SQL: SELECT `name` FROM `dq_goodsfenlei` WHERE `id` = 51 LIMIT 1   [ RunTime:0.0010s ]
SQL: SELECT `name` FROM `dq_goodsfenlei` WHERE `id` = 51 LIMIT 1   [ RunTime:0.0000s ]
SQL: SELECT `name` FROM `dq_goodsfenlei` WHERE `id` = 51 LIMIT 1   [ RunTime:0.0000s ]
SQL: SELECT `name` FROM `dq_goodsfenlei` WHERE `id` = 56 LIMIT 1   [ RunTime:0.0000s ]
SQL: SELECT `name` FROM `dq_goodsfenlei` WHERE `id` = 51 LIMIT 1   [ RunTime:0.0000s ]
SQL: SELECT `name` FROM `dq_goodsfenlei` WHERE `id` = 51 LIMIT 1   [ RunTime:0.0000s ]
SQL: SELECT `name` FROM `dq_goodsfenlei` WHERE `id` = 54 LIMIT 1   [ RunTime:0.0000s ]
SQL: SELECT `name` FROM `dq_goodsfenlei` WHERE `id` = 56 LIMIT 1   [ RunTime:0.0000s ]
INFO: [ view_parse ] --START--
INFO: [ template_filter ] --START--
INFO: Run Behavior\ContentReplaceBehavior [ RunTime:0.000000s ]
INFO: [ template_filter ] --END-- [ RunTime:0.000000s ]
INFO: Run Behavior\ParseTemplateBehavior [ RunTime:0.031002s ]
INFO: [ view_parse ] --END-- [ RunTime:0.031002s ]
INFO: [ view_filter ] --START--
INFO: Run Behavior\WriteHtmlCacheBehavior [ RunTime:0.000000s ]
INFO: Run Behavior\TokenBuildBehavior [ RunTime:0.001000s ]
INFO: [ view_filter ] --END-- [ RunTime:0.001000s ]
INFO: [ app_end ] --START--
INFO: Run Behavior\ShowPageTraceBehavior [ RunTime:0.001000s ]
INFO: [ app_end ] --END-- [ RunTime:0.001000s ]

[ 2017-08-22T10:28:36+08:00 ] ::1 /shangchengmanage/goods/edit/id/1694
INFO: [ app_init ] --START--
INFO: Run Behavior\BuildLiteBehavior [ RunTime:0.000000s ]
INFO: [ app_init ] --END-- [ RunTime:0.001000s ]
INFO: [ app_begin ] --START--
INFO: Run Behavior\ReadHtmlCacheBehavior [ RunTime:0.001000s ]
INFO: [ app_begin ] --END-- [ RunTime:0.001000s ]
NOTIC: [8] A session had already been started - ignoring session_start() D:\phpStudy\www\App\Shangchengmanage\Controller\CommonController.class.php 第 10 行.
SQL: SHOW COLUMNS FROM `dq_goods` [ RunTime:0.0120s ]
SQL: SELECT * FROM `dq_goods` WHERE `id` = 1694 LIMIT 1   [ RunTime:0.0000s ]
SQL: SHOW COLUMNS FROM `dq_goodsfenlei` [ RunTime:0.0110s ]
SQL: SELECT * FROM `dq_goodsfenlei` WHERE `is_show` = 1 AND `fid` = 0 ORDER BY paixu asc  [ RunTime:0.0010s ]
SQL: SELECT * FROM `dq_goodsfenlei` WHERE `is_show` = 1 AND `id` = 41 ORDER BY paixu asc LIMIT 1   [ RunTime:0.0010s ]
NOTIC: [8] Undefined variable: pics2 D:\phpStudy\www\App\Shangchengmanage\Controller\GoodsController.class.php 第 92 行.
INFO: [ view_parse ] --START--
INFO: [ template_filter ] --START--
INFO: Run Behavior\ContentReplaceBehavior [ RunTime:0.001000s ]
INFO: [ template_filter ] --END-- [ RunTime:0.001000s ]
INFO: Run Behavior\ParseTemplateBehavior [ RunTime:0.041003s ]
INFO: [ view_parse ] --END-- [ RunTime:0.041003s ]
INFO: [ view_filter ] --START--
INFO: Run Behavior\WriteHtmlCacheBehavior [ RunTime:0.001000s ]
INFO: Run Behavior\TokenBuildBehavior [ RunTime:0.001000s ]
INFO: [ view_filter ] --END-- [ RunTime:0.002000s ]
INFO: [ app_end ] --START--
INFO: Run Behavior\ShowPageTraceBehavior [ RunTime:0.002000s ]
INFO: [ app_end ] --END-- [ RunTime:0.002000s ]

[ 2017-08-22T10:28:46+08:00 ] ::1 /shangchengmanage/goods/index.html
INFO: [ app_init ] --START--
INFO: Run Behavior\BuildLiteBehavior [ RunTime:0.000000s ]
INFO: [ app_init ] --END-- [ RunTime:0.000000s ]
INFO: [ app_begin ] --START--
INFO: Run Behavior\ReadHtmlCacheBehavior [ RunTime:0.001000s ]
INFO: [ app_begin ] --END-- [ RunTime:0.001000s ]
NOTIC: [8] A session had already been started - ignoring session_start() D:\phpStudy\www\App\Shangchengmanage\Controller\CommonController.class.php 第 10 行.
SQL: SHOW COLUMNS FROM `dq_goodsfenlei` [ RunTime:0.0110s ]
SQL: SELECT * FROM `dq_goodsfenlei` WHERE `is_show` = 1 AND `fid` = 0 ORDER BY id asc  [ RunTime:0.0010s ]
SQL: SHOW COLUMNS FROM `dq_goods` [ RunTime:0.0120s ]
SQL: SELECT COUNT(*) AS tp_count FROM `dq_goods` LIMIT 1   [ RunTime:0.0000s ]
SQL: SELECT * FROM `dq_goodsfenlei` WHERE `is_show` = 1 ORDER BY paixu asc  [ RunTime:0.0010s ]
SQL: SELECT * FROM `dq_goods` ORDER BY id desc LIMIT 0,15   [ RunTime:0.0010s ]
SQL: SHOW COLUMNS FROM `dq_goodsfenlei` [ RunTime:0.0110s ]
SQL: SELECT `name` FROM `dq_goodsfenlei` WHERE `id` = 41 LIMIT 1   [ RunTime:0.0000s ]
SQL: SELECT `name` FROM `dq_goodsfenlei` WHERE `id` = 51 LIMIT 1   [ RunTime:0.0010s ]
SQL: SELECT `name` FROM `dq_goodsfenlei` WHERE `id` = 51 LIMIT 1   [ RunTime:0.0010s ]
SQL: SELECT `name` FROM `dq_goodsfenlei` WHERE `id` = 51 LIMIT 1   [ RunTime:0.0000s ]
SQL: SELECT `name` FROM `dq_goodsfenlei` WHERE `id` = 51 LIMIT 1   [ RunTime:0.0010s ]
SQL: SELECT `name` FROM `dq_goodsfenlei` WHERE `id` = 51 LIMIT 1   [ RunTime:0.0000s ]
SQL: SELECT `name` FROM `dq_goodsfenlei` WHERE `id` = 51 LIMIT 1   [ RunTime:0.0000s ]
SQL: SELECT `name` FROM `dq_goodsfenlei` WHERE `id` = 51 LIMIT 1   [ RunTime:0.0000s ]
SQL: SELECT `name` FROM `dq_goodsfenlei` WHERE `id` = 51 LIMIT 1   [ RunTime:0.0000s ]
SQL: SELECT `name` FROM `dq_goodsfenlei` WHERE `id` = 51 LIMIT 1   [ RunTime:0.0000s ]
SQL: SELECT `name` FROM `dq_goodsfenlei` WHERE `id` = 56 LIMIT 1   [ RunTime:0.0000s ]
SQL: SELECT `name` FROM `dq_goodsfenlei` WHERE `id` = 51 LIMIT 1   [ RunTime:0.0000s ]
SQL: SELECT `name` FROM `dq_goodsfenlei` WHERE `id` = 51 LIMIT 1   [ RunTime:0.0000s ]
SQL: SELECT `name` FROM `dq_goodsfenlei` WHERE `id` = 54 LIMIT 1   [ RunTime:0.0000s ]
SQL: SELECT `name` FROM `dq_goodsfenlei` WHERE `id` = 56 LIMIT 1   [ RunTime:0.0000s ]
INFO: [ view_parse ] --START--
INFO: [ template_filter ] --START--
INFO: Run Behavior\ContentReplaceBehavior [ RunTime:0.000000s ]
INFO: [ template_filter ] --END-- [ RunTime:0.000000s ]
INFO: Run Behavior\ParseTemplateBehavior [ RunTime:0.015001s ]
INFO: [ view_parse ] --END-- [ RunTime:0.015001s ]
INFO: [ view_filter ] --START--
INFO: Run Behavior\WriteHtmlCacheBehavior [ RunTime:0.001000s ]
INFO: Run Behavior\TokenBuildBehavior [ RunTime:0.001000s ]
INFO: [ view_filter ] --END-- [ RunTime:0.002000s ]
INFO: [ app_end ] --START--
INFO: Run Behavior\ShowPageTraceBehavior [ RunTime:0.001000s ]
INFO: [ app_end ] --END-- [ RunTime:0.001000s ]

[ 2017-08-22T10:28:48+08:00 ] ::1 /shangchengmanage/goods/add
INFO: [ app_init ] --START--
INFO: Run Behavior\BuildLiteBehavior [ RunTime:0.000000s ]
INFO: [ app_init ] --END-- [ RunTime:0.001000s ]
INFO: [ app_begin ] --START--
INFO: Run Behavior\ReadHtmlCacheBehavior [ RunTime:0.000000s ]
INFO: [ app_begin ] --END-- [ RunTime:0.000000s ]
NOTIC: [8] A session had already been started - ignoring session_start() D:\phpStudy\www\App\Shangchengmanage\Controller\CommonController.class.php 第 10 行.
SQL: SHOW COLUMNS FROM `dq_goodsfenlei` [ RunTime:0.0110s ]
SQL: SELECT * FROM `dq_goodsfenlei` WHERE `is_show` = 1 ORDER BY paixu asc  [ RunTime:0.0020s ]
INFO: [ view_parse ] --START--
INFO: [ template_filter ] --START--
INFO: Run Behavior\ContentReplaceBehavior [ RunTime:0.000000s ]
INFO: [ template_filter ] --END-- [ RunTime:0.000000s ]
NOTIC: [8] Undefined variable: fl2 D:\phpStudy\www\App\Runtime\Cache\Shangchengmanage\47eb17e17a19e120c09ac969d8e25fa3.php 第 71 行.
INFO: Run Behavior\ParseTemplateBehavior [ RunTime:0.027002s ]
INFO: [ view_parse ] --END-- [ RunTime:0.027002s ]
INFO: [ view_filter ] --START--
INFO: Run Behavior\WriteHtmlCacheBehavior [ RunTime:0.001000s ]
INFO: Run Behavior\TokenBuildBehavior [ RunTime:0.000000s ]
INFO: [ view_filter ] --END-- [ RunTime:0.001000s ]
INFO: [ app_end ] --START--
INFO: Run Behavior\ShowPageTraceBehavior [ RunTime:0.001000s ]
INFO: [ app_end ] --END-- [ RunTime:0.001000s ]

[ 2017-08-22T10:35:19+08:00 ] ::1 /shangchengmanage/goods/index.html
INFO: [ app_init ] --START--
INFO: Run Behavior\BuildLiteBehavior [ RunTime:0.000000s ]
INFO: [ app_init ] --END-- [ RunTime:0.000000s ]
INFO: [ app_begin ] --START--
INFO: Run Behavior\ReadHtmlCacheBehavior [ RunTime:0.000000s ]
INFO: [ app_begin ] --END-- [ RunTime:0.000000s ]
NOTIC: [8] A session had already been started - ignoring session_start() D:\phpStudy\www\App\Shangchengmanage\Controller\CommonController.class.php 第 10 行.
SQL: SHOW COLUMNS FROM `dq_goodsfenlei` [ RunTime:0.0210s ]
SQL: SELECT * FROM `dq_goodsfenlei` WHERE `is_show` = 1 AND `fid` = 0 ORDER BY id asc  [ RunTime:0.0010s ]
SQL: SHOW COLUMNS FROM `dq_goods` [ RunTime:0.0160s ]
SQL: SELECT COUNT(*) AS tp_count FROM `dq_goods` LIMIT 1   [ RunTime:0.0000s ]
SQL: SELECT * FROM `dq_goodsfenlei` WHERE `is_show` = 1 ORDER BY paixu asc  [ RunTime:0.0010s ]
SQL: SELECT * FROM `dq_goods` ORDER BY id desc LIMIT 0,15   [ RunTime:0.0000s ]
SQL: SHOW COLUMNS FROM `dq_goodsfenlei` [ RunTime:0.0090s ]
SQL: SELECT `name` FROM `dq_goodsfenlei` WHERE `id` = 41 LIMIT 1   [ RunTime:0.0000s ]
SQL: SELECT `name` FROM `dq_goodsfenlei` WHERE `id` = 51 LIMIT 1   [ RunTime:0.0000s ]
SQL: SELECT `name` FROM `dq_goodsfenlei` WHERE `id` = 51 LIMIT 1   [ RunTime:0.0010s ]
SQL: SELECT `name` FROM `dq_goodsfenlei` WHERE `id` = 51 LIMIT 1   [ RunTime:0.0000s ]
SQL: SELECT `name` FROM `dq_goodsfenlei` WHERE `id` = 51 LIMIT 1   [ RunTime:0.0000s ]
SQL: SELECT `name` FROM `dq_goodsfenlei` WHERE `id` = 51 LIMIT 1   [ RunTime:0.0000s ]
SQL: SELECT `name` FROM `dq_goodsfenlei` WHERE `id` = 51 LIMIT 1   [ RunTime:0.0000s ]
SQL: SELECT `name` FROM `dq_goodsfenlei` WHERE `id` = 51 LIMIT 1   [ RunTime:0.0000s ]
SQL: SELECT `name` FROM `dq_goodsfenlei` WHERE `id` = 51 LIMIT 1   [ RunTime:0.0000s ]
SQL: SELECT `name` FROM `dq_goodsfenlei` WHERE `id` = 51 LIMIT 1   [ RunTime:0.0000s ]
SQL: SELECT `name` FROM `dq_goodsfenlei` WHERE `id` = 56 LIMIT 1   [ RunTime:0.0000s ]
SQL: SELECT `name` FROM `dq_goodsfenlei` WHERE `id` = 51 LIMIT 1   [ RunTime:0.0000s ]
SQL: SELECT `name` FROM `dq_goodsfenlei` WHERE `id` = 51 LIMIT 1   [ RunTime:0.0000s ]
SQL: SELECT `name` FROM `dq_goodsfenlei` WHERE `id` = 54 LIMIT 1   [ RunTime:0.0000s ]
SQL: SELECT `name` FROM `dq_goodsfenlei` WHERE `id` = 56 LIMIT 1   [ RunTime:0.0000s ]
INFO: [ view_parse ] --START--
INFO: [ template_filter ] --START--
INFO: Run Behavior\ContentReplaceBehavior [ RunTime:0.000000s ]
INFO: [ template_filter ] --END-- [ RunTime:0.000000s ]
INFO: Run Behavior\ParseTemplateBehavior [ RunTime:0.012001s ]
INFO: [ view_parse ] --END-- [ RunTime:0.012001s ]
INFO: [ view_filter ] --START--
INFO: Run Behavior\WriteHtmlCacheBehavior [ RunTime:0.000000s ]
INFO: Run Behavior\TokenBuildBehavior [ RunTime:0.001000s ]
INFO: [ view_filter ] --END-- [ RunTime:0.001000s ]
INFO: [ app_end ] --START--
INFO: Run Behavior\ShowPageTraceBehavior [ RunTime:0.000000s ]
INFO: [ app_end ] --END-- [ RunTime:0.000000s ]

[ 2017-08-22T10:35:21+08:00 ] ::1 /shangchengmanage/goods/add
INFO: [ app_init ] --START--
INFO: Run Behavior\BuildLiteBehavior [ RunTime:0.000000s ]
INFO: [ app_init ] --END-- [ RunTime:0.001000s ]
INFO: [ app_begin ] --START--
INFO: Run Behavior\ReadHtmlCacheBehavior [ RunTime:0.000000s ]
INFO: [ app_begin ] --END-- [ RunTime:0.000000s ]
NOTIC: [8] A session had already been started - ignoring session_start() D:\phpStudy\www\App\Shangchengmanage\Controller\CommonController.class.php 第 10 行.
SQL: SHOW COLUMNS FROM `dq_goodsfenlei` [ RunTime:0.0310s ]
SQL: SELECT * FROM `dq_goodsfenlei` WHERE `is_show` = 1 ORDER BY paixu asc  [ RunTime:0.0010s ]
INFO: [ view_parse ] --START--
INFO: [ template_filter ] --START--
INFO: Run Behavior\ContentReplaceBehavior [ RunTime:0.000000s ]
INFO: [ template_filter ] --END-- [ RunTime:0.001000s ]
NOTIC: [8] Undefined variable: fl2 D:\phpStudy\www\App\Runtime\Cache\Shangchengmanage\47eb17e17a19e120c09ac969d8e25fa3.php 第 71 行.
INFO: Run Behavior\ParseTemplateBehavior [ RunTime:0.031002s ]
INFO: [ view_parse ] --END-- [ RunTime:0.031002s ]
INFO: [ view_filter ] --START--
INFO: Run Behavior\WriteHtmlCacheBehavior [ RunTime:0.000000s ]
INFO: Run Behavior\TokenBuildBehavior [ RunTime:0.001000s ]
INFO: [ view_filter ] --END-- [ RunTime:0.001000s ]
INFO: [ app_end ] --START--
INFO: Run Behavior\ShowPageTraceBehavior [ RunTime:0.001000s ]
INFO: [ app_end ] --END-- [ RunTime:0.001000s ]

[ 2017-08-22T10:36:57+08:00 ] ::1 /shangchengmanage/goods/do_add
INFO: [ app_init ] --START--
INFO: Run Behavior\BuildLiteBehavior [ RunTime:0.000000s ]
INFO: [ app_init ] --END-- [ RunTime:0.000000s ]
INFO: [ app_begin ] --START--
INFO: Run Behavior\ReadHtmlCacheBehavior [ RunTime:0.000000s ]
INFO: [ app_begin ] --END-- [ RunTime:0.001000s ]
NOTIC: [8] A session had already been started - ignoring session_start() D:\phpStudy\www\App\Shangchengmanage\Controller\CommonController.class.php 第 10 行.
NOTIC: [2] call_user_func() expects parameter 1 to be a valid callback, no array or string given D:\phpStudy\www\Core\Library\Think\Upload.class.php 第 170 行.
NOTIC: [8] Undefined variable: url D:\phpStudy\www\Core\Library\Think\Upload.class.php 第 196 行.
NOTIC: [2] getimagesize(C:\Users\Administrator\AppData\Local\Temp\php79F.tmp): failed to open stream: No such file or directory D:\phpStudy\www\Core\Library\Think\Upload.class.php 第 222 行.
NOTIC: [2] strip_tags() expects parameter 1 to be string, array given D:\phpStudy\www\Core\Library\Think\Upload.class.php 第 148 行.
SQL: SHOW COLUMNS FROM `dq_goods` [ RunTime:0.0190s ]
NOTIC: [8] Undefined index: pic_arr D:\phpStudy\www\App\Shangchengmanage\Controller\GoodsController.class.php 第 328 行.
NOTIC: [8] Undefined variable: file_mini2 D:\phpStudy\www\App\Shangchengmanage\Controller\GoodsController.class.php 第 329 行.
SQL: INSERT INTO `dq_goods` (`fid`,`name`,`xianjing`,`index_post`,`jifen`,`agxfq`,`jiangli`,`guige`,`kucun`,`pic`,`paixu`,`date`,`user`) VALUES ('41','aiguoxfq02','100','2','150','200','0','12个/箱','320','./Uploads/Images/20170822/mini/599b98c847a2b.png','90','1503369417','lizhiqiang') [ RunTime:0.0430s ]
INFO: [ view_parse ] --START--
INFO: [ template_filter ] --START--
INFO: Run Behavior\ContentReplaceBehavior [ RunTime:0.000000s ]
INFO: [ template_filter ] --END-- [ RunTime:0.000000s ]
INFO: Run Behavior\ParseTemplateBehavior [ RunTime:0.015001s ]
INFO: [ view_parse ] --END-- [ RunTime:0.015001s ]
INFO: [ view_filter ] --START--
INFO: Run Behavior\WriteHtmlCacheBehavior [ RunTime:0.001000s ]
INFO: Run Behavior\TokenBuildBehavior [ RunTime:0.001000s ]
INFO: [ view_filter ] --END-- [ RunTime:0.003000s ]
INFO: [ app_end ] --START--
INFO: Run Behavior\ShowPageTraceBehavior [ RunTime:0.001000s ]
INFO: [ app_end ] --END-- [ RunTime:0.001000s ]

[ 2017-08-22T10:36:59+08:00 ] ::1 /shangchengmanage/goods/index.html
INFO: [ app_init ] --START--
INFO: Run Behavior\BuildLiteBehavior [ RunTime:0.000000s ]
INFO: [ app_init ] --END-- [ RunTime:0.001001s ]
INFO: [ app_begin ] --START--
INFO: Run Behavior\ReadHtmlCacheBehavior [ RunTime:0.001000s ]
INFO: [ app_begin ] --END-- [ RunTime:0.001000s ]
NOTIC: [8] A session had already been started - ignoring session_start() D:\phpStudy\www\App\Shangchengmanage\Controller\CommonController.class.php 第 10 行.
SQL: SHOW COLUMNS FROM `dq_goodsfenlei` [ RunTime:0.0090s ]
SQL: SELECT * FROM `dq_goodsfenlei` WHERE `is_show` = 1 AND `fid` = 0 ORDER BY id asc  [ RunTime:0.0000s ]
SQL: SHOW COLUMNS FROM `dq_goods` [ RunTime:0.0090s ]
SQL: SELECT COUNT(*) AS tp_count FROM `dq_goods` LIMIT 1   [ RunTime:0.0000s ]
SQL: SELECT * FROM `dq_goodsfenlei` WHERE `is_show` = 1 ORDER BY paixu asc  [ RunTime:0.0000s ]
SQL: SELECT * FROM `dq_goods` ORDER BY id desc LIMIT 0,15   [ RunTime:0.0000s ]
SQL: SHOW COLUMNS FROM `dq_goodsfenlei` [ RunTime:0.0090s ]
SQL: SELECT `name` FROM `dq_goodsfenlei` WHERE `id` = 41 LIMIT 1   [ RunTime:0.0000s ]
SQL: SELECT `name` FROM `dq_goodsfenlei` WHERE `id` = 41 LIMIT 1   [ RunTime:0.0000s ]
SQL: SELECT `name` FROM `dq_goodsfenlei` WHERE `id` = 51 LIMIT 1   [ RunTime:0.0010s ]
SQL: SELECT `name` FROM `dq_goodsfenlei` WHERE `id` = 51 LIMIT 1   [ RunTime:0.0000s ]
SQL: SELECT `name` FROM `dq_goodsfenlei` WHERE `id` = 51 LIMIT 1   [ RunTime:0.0000s ]
SQL: SELECT `name` FROM `dq_goodsfenlei` WHERE `id` = 51 LIMIT 1   [ RunTime:0.0010s ]
SQL: SELECT `name` FROM `dq_goodsfenlei` WHERE `id` = 51 LIMIT 1   [ RunTime:0.0000s ]
SQL: SELECT `name` FROM `dq_goodsfenlei` WHERE `id` = 51 LIMIT 1   [ RunTime:0.0000s ]
SQL: SELECT `name` FROM `dq_goodsfenlei` WHERE `id` = 51 LIMIT 1   [ RunTime:0.0000s ]
SQL: SELECT `name` FROM `dq_goodsfenlei` WHERE `id` = 51 LIMIT 1   [ RunTime:0.0000s ]
SQL: SELECT `name` FROM `dq_goodsfenlei` WHERE `id` = 51 LIMIT 1   [ RunTime:0.0000s ]
SQL: SELECT `name` FROM `dq_goodsfenlei` WHERE `id` = 56 LIMIT 1   [ RunTime:0.0000s ]
SQL: SELECT `name` FROM `dq_goodsfenlei` WHERE `id` = 51 LIMIT 1   [ RunTime:0.0000s ]
SQL: SELECT `name` FROM `dq_goodsfenlei` WHERE `id` = 51 LIMIT 1   [ RunTime:0.0000s ]
SQL: SELECT `name` FROM `dq_goodsfenlei` WHERE `id` = 54 LIMIT 1   [ RunTime:0.0000s ]
INFO: [ view_parse ] --START--
INFO: [ template_filter ] --START--
INFO: Run Behavior\ContentReplaceBehavior [ RunTime:0.000000s ]
INFO: [ template_filter ] --END-- [ RunTime:0.000000s ]
INFO: Run Behavior\ParseTemplateBehavior [ RunTime:0.010000s ]
INFO: [ view_parse ] --END-- [ RunTime:0.010000s ]
INFO: [ view_filter ] --START--
INFO: Run Behavior\WriteHtmlCacheBehavior [ RunTime:0.001000s ]
INFO: Run Behavior\TokenBuildBehavior [ RunTime:0.000000s ]
INFO: [ view_filter ] --END-- [ RunTime:0.001000s ]
INFO: [ app_end ] --START--
INFO: Run Behavior\ShowPageTraceBehavior [ RunTime:0.001000s ]
INFO: [ app_end ] --END-- [ RunTime:0.001000s ]

[ 2017-08-22T10:42:12+08:00 ] ::1 /shangchengmanage/goods/edit/id/1694
INFO: [ app_init ] --START--
INFO: Run Behavior\BuildLiteBehavior [ RunTime:0.000000s ]
INFO: [ app_init ] --END-- [ RunTime:0.000000s ]
INFO: [ app_begin ] --START--
INFO: Run Behavior\ReadHtmlCacheBehavior [ RunTime:0.001000s ]
INFO: [ app_begin ] --END-- [ RunTime:0.001000s ]
NOTIC: [8] A session had already been started - ignoring session_start() D:\phpStudy\www\App\Shangchengmanage\Controller\CommonController.class.php 第 10 行.
SQL: SHOW COLUMNS FROM `dq_goods` [ RunTime:0.0130s ]
SQL: SELECT * FROM `dq_goods` WHERE `id` = 1694 LIMIT 1   [ RunTime:0.0010s ]
SQL: SHOW COLUMNS FROM `dq_goodsfenlei` [ RunTime:0.0100s ]
SQL: SELECT * FROM `dq_goodsfenlei` WHERE `is_show` = 1 AND `fid` = 0 ORDER BY paixu asc  [ RunTime:0.0010s ]
SQL: SELECT * FROM `dq_goodsfenlei` WHERE `is_show` = 1 AND `id` = 41 ORDER BY paixu asc LIMIT 1   [ RunTime:0.0010s ]
NOTIC: [8] Undefined variable: pics2 D:\phpStudy\www\App\Shangchengmanage\Controller\GoodsController.class.php 第 92 行.
INFO: [ view_parse ] --START--
INFO: [ template_filter ] --START--
INFO: Run Behavior\ContentReplaceBehavior [ RunTime:0.000000s ]
INFO: [ template_filter ] --END-- [ RunTime:0.000000s ]
INFO: Run Behavior\ParseTemplateBehavior [ RunTime:0.024001s ]
INFO: [ view_parse ] --END-- [ RunTime:0.024001s ]
INFO: [ view_filter ] --START--
INFO: Run Behavior\WriteHtmlCacheBehavior [ RunTime:0.000000s ]
INFO: Run Behavior\TokenBuildBehavior [ RunTime:0.001000s ]
INFO: [ view_filter ] --END-- [ RunTime:0.001000s ]
INFO: [ app_end ] --START--
INFO: Run Behavior\ShowPageTraceBehavior [ RunTime:0.001000s ]
INFO: [ app_end ] --END-- [ RunTime:0.001000s ]

[ 2017-08-22T10:42:37+08:00 ] ::1 /shangchengmanage/goods/do_edit
INFO: [ app_init ] --START--
INFO: Run Behavior\BuildLiteBehavior [ RunTime:0.000000s ]
INFO: [ app_init ] --END-- [ RunTime:0.000000s ]
INFO: [ app_begin ] --START--
INFO: Run Behavior\ReadHtmlCacheBehavior [ RunTime:0.001000s ]
INFO: [ app_begin ] --END-- [ RunTime:0.001000s ]
NOTIC: [8] A session had already been started - ignoring session_start() D:\phpStudy\www\App\Shangchengmanage\Controller\CommonController.class.php 第 10 行.
SQL: SHOW COLUMNS FROM `dq_goods` [ RunTime:0.0140s ]
SQL: SELECT * FROM `dq_goods` WHERE ( id=1694 )  [ RunTime:0.0010s ]
NOTIC: [8] Undefined index: pic_arr D:\phpStudy\www\App\Shangchengmanage\Controller\GoodsController.class.php 第 140 行.
NOTIC: [2] Invalid argument supplied for foreach() D:\phpStudy\www\App\Shangchengmanage\Controller\GoodsController.class.php 第 256 行.
NOTIC: [8] Undefined variable: file_mini D:\phpStudy\www\App\Shangchengmanage\Controller\GoodsController.class.php 第 169 行.
NOTIC: [8] Undefined index: pic_arr D:\phpStudy\www\App\Shangchengmanage\Controller\GoodsController.class.php 第 170 行.
NOTIC: [8] Undefined variable: file_mini2 D:\phpStudy\www\App\Shangchengmanage\Controller\GoodsController.class.php 第 171 行.
SQL: SHOW COLUMNS FROM `dq_goods` [ RunTime:0.0140s ]
SQL: UPDATE `dq_goods` SET `is_show`='1',`fid`='41',`name`='爱国消费good1',`xianjing`='20',`jifen`='40',`agxfq`='60',`jiangli`='0',`guige`='asdgasg',`kucun`='332',`paixu`='0',`user`='lizhiqiang',`date`='1503369756' WHERE `id` = 1694 [ RunTime:0.0530s ]
INFO: [ view_parse ] --START--
INFO: [ template_filter ] --START--
INFO: Run Behavior\ContentReplaceBehavior [ RunTime:0.001000s ]
INFO: [ template_filter ] --END-- [ RunTime:0.001000s ]
INFO: Run Behavior\ParseTemplateBehavior [ RunTime:0.018001s ]
INFO: [ view_parse ] --END-- [ RunTime:0.018001s ]
INFO: [ view_filter ] --START--
INFO: Run Behavior\WriteHtmlCacheBehavior [ RunTime:0.001000s ]
INFO: Run Behavior\TokenBuildBehavior [ RunTime:0.001000s ]
INFO: [ view_filter ] --END-- [ RunTime:0.002000s ]
INFO: [ app_end ] --START--
INFO: Run Behavior\ShowPageTraceBehavior [ RunTime:0.001000s ]
INFO: [ app_end ] --END-- [ RunTime:0.001000s ]

[ 2017-08-22T10:42:39+08:00 ] ::1 /shangchengmanage/goods/index/p/1.html
INFO: [ app_init ] --START--
INFO: Run Behavior\BuildLiteBehavior [ RunTime:0.000000s ]
INFO: [ app_init ] --END-- [ RunTime:0.001000s ]
INFO: [ app_begin ] --START--
INFO: Run Behavior\ReadHtmlCacheBehavior [ RunTime:0.001000s ]
INFO: [ app_begin ] --END-- [ RunTime:0.001000s ]
NOTIC: [8] A session had already been started - ignoring session_start() D:\phpStudy\www\App\Shangchengmanage\Controller\CommonController.class.php 第 10 行.
SQL: SHOW COLUMNS FROM `dq_goodsfenlei` [ RunTime:0.0060s ]
SQL: SELECT * FROM `dq_goodsfenlei` WHERE `is_show` = 1 AND `fid` = 0 ORDER BY id asc  [ RunTime:0.0000s ]
SQL: SHOW COLUMNS FROM `dq_goods` [ RunTime:0.0060s ]
SQL: SELECT COUNT(*) AS tp_count FROM `dq_goods` LIMIT 1   [ RunTime:0.0010s ]
SQL: SELECT * FROM `dq_goodsfenlei` WHERE `is_show` = 1 ORDER BY paixu asc  [ RunTime:0.0000s ]
SQL: SELECT * FROM `dq_goods` ORDER BY id desc LIMIT 0,15   [ RunTime:0.0010s ]
SQL: SHOW COLUMNS FROM `dq_goodsfenlei` [ RunTime:0.0040s ]
SQL: SELECT `name` FROM `dq_goodsfenlei` WHERE `id` = 41 LIMIT 1   [ RunTime:0.0000s ]
SQL: SELECT `name` FROM `dq_goodsfenlei` WHERE `id` = 41 LIMIT 1   [ RunTime:0.0000s ]
SQL: SELECT `name` FROM `dq_goodsfenlei` WHERE `id` = 51 LIMIT 1   [ RunTime:0.0000s ]
SQL: SELECT `name` FROM `dq_goodsfenlei` WHERE `id` = 51 LIMIT 1   [ RunTime:0.0000s ]
SQL: SELECT `name` FROM `dq_goodsfenlei` WHERE `id` = 51 LIMIT 1   [ RunTime:0.0000s ]
SQL: SELECT `name` FROM `dq_goodsfenlei` WHERE `id` = 51 LIMIT 1   [ RunTime:0.0000s ]
SQL: SELECT `name` FROM `dq_goodsfenlei` WHERE `id` = 51 LIMIT 1   [ RunTime:0.0000s ]
SQL: SELECT `name` FROM `dq_goodsfenlei` WHERE `id` = 51 LIMIT 1   [ RunTime:0.0000s ]
SQL: SELECT `name` FROM `dq_goodsfenlei` WHERE `id` = 51 LIMIT 1   [ RunTime:0.0000s ]
SQL: SELECT `name` FROM `dq_goodsfenlei` WHERE `id` = 51 LIMIT 1   [ RunTime:0.0000s ]
SQL: SELECT `name` FROM `dq_goodsfenlei` WHERE `id` = 51 LIMIT 1   [ RunTime:0.0000s ]
SQL: SELECT `name` FROM `dq_goodsfenlei` WHERE `id` = 56 LIMIT 1   [ RunTime:0.0000s ]
SQL: SELECT `name` FROM `dq_goodsfenlei` WHERE `id` = 51 LIMIT 1   [ RunTime:0.0000s ]
SQL: SELECT `name` FROM `dq_goodsfenlei` WHERE `id` = 51 LIMIT 1   [ RunTime:0.0010s ]
SQL: SELECT `name` FROM `dq_goodsfenlei` WHERE `id` = 54 LIMIT 1   [ RunTime:0.0000s ]
INFO: [ view_parse ] --START--
INFO: [ template_filter ] --START--
INFO: Run Behavior\ContentReplaceBehavior [ RunTime:0.000000s ]
INFO: [ template_filter ] --END-- [ RunTime:0.000000s ]
INFO: Run Behavior\ParseTemplateBehavior [ RunTime:0.008000s ]
INFO: [ view_parse ] --END-- [ RunTime:0.008000s ]
INFO: [ view_filter ] --START--
INFO: Run Behavior\WriteHtmlCacheBehavior [ RunTime:0.001000s ]
INFO: Run Behavior\TokenBuildBehavior [ RunTime:0.000000s ]
INFO: [ view_filter ] --END-- [ RunTime:0.001000s ]
INFO: [ app_end ] --START--
INFO: Run Behavior\ShowPageTraceBehavior [ RunTime:0.000000s ]
INFO: [ app_end ] --END-- [ RunTime:0.000000s ]

[ 2017-08-22T11:08:29+08:00 ] ::1 /shangchengmanage/goods/add
INFO: [ app_init ] --START--
INFO: Run Behavior\BuildLiteBehavior [ RunTime:0.000000s ]
INFO: [ app_init ] --END-- [ RunTime:0.001000s ]
INFO: [ app_begin ] --START--
INFO: Run Behavior\ReadHtmlCacheBehavior [ RunTime:0.001000s ]
INFO: [ app_begin ] --END-- [ RunTime:0.001000s ]
NOTIC: [8] A session had already been started - ignoring session_start() D:\phpStudy\www\App\Shangchengmanage\Controller\CommonController.class.php 第 10 行.
SQL: SHOW COLUMNS FROM `dq_goodsfenlei` [ RunTime:0.0140s ]
SQL: SELECT * FROM `dq_goodsfenlei` WHERE `is_show` = 1 ORDER BY paixu asc  [ RunTime:0.0020s ]
INFO: [ view_parse ] --START--
INFO: [ template_filter ] --START--
INFO: Run Behavior\ContentReplaceBehavior [ RunTime:0.000000s ]
INFO: [ template_filter ] --END-- [ RunTime:0.000000s ]
NOTIC: [8] Undefined variable: fl2 D:\phpStudy\www\App\Runtime\Cache\Shangchengmanage\47eb17e17a19e120c09ac969d8e25fa3.php 第 71 行.
INFO: Run Behavior\ParseTemplateBehavior [ RunTime:0.026002s ]
INFO: [ view_parse ] --END-- [ RunTime:0.026002s ]
INFO: [ view_filter ] --START--
INFO: Run Behavior\WriteHtmlCacheBehavior [ RunTime:0.001000s ]
INFO: Run Behavior\TokenBuildBehavior [ RunTime:0.001000s ]
INFO: [ view_filter ] --END-- [ RunTime:0.002000s ]
INFO: [ app_end ] --START--
INFO: Run Behavior\ShowPageTraceBehavior [ RunTime:0.001000s ]
INFO: [ app_end ] --END-- [ RunTime:0.001000s ]

[ 2017-08-22T11:40:41+08:00 ] ::1 /shangchengmanage/goodsfenlei/index.html
INFO: [ app_init ] --START--
INFO: Run Behavior\BuildLiteBehavior [ RunTime:0.000000s ]
INFO: [ app_init ] --END-- [ RunTime:0.001000s ]
INFO: [ app_begin ] --START--
INFO: Run Behavior\ReadHtmlCacheBehavior [ RunTime:0.000000s ]
INFO: [ app_begin ] --END-- [ RunTime:0.000000s ]
NOTIC: [8] A session had already been started - ignoring session_start() D:\phpStudy\www\App\Shangchengmanage\Controller\CommonController.class.php 第 10 行.
SQL: SHOW COLUMNS FROM `dq_goodsfenlei` [ RunTime:0.0110s ]
SQL: SELECT COUNT(*) AS tp_count FROM `dq_goodsfenlei` LIMIT 1   [ RunTime:0.0010s ]
SQL: SELECT * FROM `dq_goodsfenlei` ORDER BY id desc LIMIT 0,15   [ RunTime:0.0010s ]
INFO: [ view_parse ] --START--
INFO: [ template_filter ] --START--
INFO: Run Behavior\ContentReplaceBehavior [ RunTime:0.000000s ]
INFO: [ template_filter ] --END-- [ RunTime:0.000000s ]
INFO: Run Behavior\ParseTemplateBehavior [ RunTime:0.030002s ]
INFO: [ view_parse ] --END-- [ RunTime:0.030002s ]
INFO: [ view_filter ] --START--
INFO: Run Behavior\WriteHtmlCacheBehavior [ RunTime:0.001000s ]
INFO: Run Behavior\TokenBuildBehavior [ RunTime:0.001000s ]
INFO: [ view_filter ] --END-- [ RunTime:0.002000s ]
INFO: [ app_end ] --START--
INFO: Run Behavior\ShowPageTraceBehavior [ RunTime:0.001000s ]
INFO: [ app_end ] --END-- [ RunTime:0.001000s ]

[ 2017-08-22T11:40:49+08:00 ] ::1 /shangchengmanage/goods/index.html
INFO: [ app_init ] --START--
INFO: Run Behavior\BuildLiteBehavior [ RunTime:0.000000s ]
INFO: [ app_init ] --END-- [ RunTime:0.001000s ]
INFO: [ app_begin ] --START--
INFO: Run Behavior\ReadHtmlCacheBehavior [ RunTime:0.001000s ]
INFO: [ app_begin ] --END-- [ RunTime:0.001000s ]
NOTIC: [8] A session had already been started - ignoring session_start() D:\phpStudy\www\App\Shangchengmanage\Controller\CommonController.class.php 第 10 行.
SQL: SHOW COLUMNS FROM `dq_goodsfenlei` [ RunTime:0.0040s ]
SQL: SELECT * FROM `dq_goodsfenlei` WHERE `is_show` = 1 AND `fid` = 0 ORDER BY id asc  [ RunTime:0.0000s ]
SQL: SHOW COLUMNS FROM `dq_goods` [ RunTime:0.0050s ]
SQL: SELECT COUNT(*) AS tp_count FROM `dq_goods` LIMIT 1   [ RunTime:0.0000s ]
SQL: SELECT * FROM `dq_goodsfenlei` WHERE `is_show` = 1 ORDER BY paixu asc  [ RunTime:0.0000s ]
SQL: SELECT * FROM `dq_goods` ORDER BY id desc LIMIT 0,15   [ RunTime:0.0010s ]
SQL: SHOW COLUMNS FROM `dq_goodsfenlei` [ RunTime:0.0040s ]
SQL: SELECT `name` FROM `dq_goodsfenlei` WHERE `id` = 41 LIMIT 1   [ RunTime:0.0010s ]
SQL: SELECT `name` FROM `dq_goodsfenlei` WHERE `id` = 41 LIMIT 1   [ RunTime:0.0000s ]
SQL: SELECT `name` FROM `dq_goodsfenlei` WHERE `id` = 51 LIMIT 1   [ RunTime:0.0000s ]
SQL: SELECT `name` FROM `dq_goodsfenlei` WHERE `id` = 51 LIMIT 1   [ RunTime:0.0010s ]
SQL: SELECT `name` FROM `dq_goodsfenlei` WHERE `id` = 51 LIMIT 1   [ RunTime:0.0000s ]
SQL: SELECT `name` FROM `dq_goodsfenlei` WHERE `id` = 51 LIMIT 1   [ RunTime:0.0000s ]
SQL: SELECT `name` FROM `dq_goodsfenlei` WHERE `id` = 51 LIMIT 1   [ RunTime:0.0000s ]
SQL: SELECT `name` FROM `dq_goodsfenlei` WHERE `id` = 51 LIMIT 1   [ RunTime:0.0000s ]
SQL: SELECT `name` FROM `dq_goodsfenlei` WHERE `id` = 51 LIMIT 1   [ RunTime:0.0000s ]
SQL: SELECT `name` FROM `dq_goodsfenlei` WHERE `id` = 51 LIMIT 1   [ RunTime:0.0000s ]
SQL: SELECT `name` FROM `dq_goodsfenlei` WHERE `id` = 51 LIMIT 1   [ RunTime:0.0000s ]
SQL: SELECT `name` FROM `dq_goodsfenlei` WHERE `id` = 56 LIMIT 1   [ RunTime:0.0000s ]
SQL: SELECT `name` FROM `dq_goodsfenlei` WHERE `id` = 51 LIMIT 1   [ RunTime:0.0000s ]
SQL: SELECT `name` FROM `dq_goodsfenlei` WHERE `id` = 51 LIMIT 1   [ RunTime:0.0000s ]
SQL: SELECT `name` FROM `dq_goodsfenlei` WHERE `id` = 54 LIMIT 1   [ RunTime:0.0000s ]
INFO: [ view_parse ] --START--
INFO: [ template_filter ] --START--
INFO: Run Behavior\ContentReplaceBehavior [ RunTime:0.000000s ]
INFO: [ template_filter ] --END-- [ RunTime:0.000000s ]
INFO: Run Behavior\ParseTemplateBehavior [ RunTime:0.010001s ]
INFO: [ view_parse ] --END-- [ RunTime:0.010001s ]
INFO: [ view_filter ] --START--
INFO: Run Behavior\WriteHtmlCacheBehavior [ RunTime:0.000000s ]
INFO: Run Behavior\TokenBuildBehavior [ RunTime:0.000000s ]
INFO: [ view_filter ] --END-- [ RunTime:0.000000s ]
INFO: [ app_end ] --START--
INFO: Run Behavior\ShowPageTraceBehavior [ RunTime:0.000000s ]
INFO: [ app_end ] --END-- [ RunTime:0.000000s ]

[ 2017-08-22T11:40:53+08:00 ] ::1 /shangchengmanage/goods/edit/id/1695
INFO: [ app_init ] --START--
INFO: Run Behavior\BuildLiteBehavior [ RunTime:0.000000s ]
INFO: [ app_init ] --END-- [ RunTime:0.001000s ]
INFO: [ app_begin ] --START--
INFO: Run Behavior\ReadHtmlCacheBehavior [ RunTime:0.000000s ]
INFO: [ app_begin ] --END-- [ RunTime:0.001000s ]
NOTIC: [8] A session had already been started - ignoring session_start() D:\phpStudy\www\App\Shangchengmanage\Controller\CommonController.class.php 第 10 行.
SQL: SHOW COLUMNS FROM `dq_goods` [ RunTime:0.0120s ]
SQL: SELECT * FROM `dq_goods` WHERE `id` = 1695 LIMIT 1   [ RunTime:0.0010s ]
SQL: SHOW COLUMNS FROM `dq_goodsfenlei` [ RunTime:0.0110s ]
SQL: SELECT * FROM `dq_goodsfenlei` WHERE `is_show` = 1 AND `fid` = 0 ORDER BY paixu asc  [ RunTime:0.0010s ]
SQL: SELECT * FROM `dq_goodsfenlei` WHERE `is_show` = 1 AND `id` = 41 ORDER BY paixu asc LIMIT 1   [ RunTime:0.0000s ]
NOTIC: [8] Undefined variable: pics2 D:\phpStudy\www\App\Shangchengmanage\Controller\GoodsController.class.php 第 92 行.
INFO: [ view_parse ] --START--
INFO: [ template_filter ] --START--
INFO: Run Behavior\ContentReplaceBehavior [ RunTime:0.000000s ]
INFO: [ template_filter ] --END-- [ RunTime:0.000000s ]
INFO: Run Behavior\ParseTemplateBehavior [ RunTime:0.032002s ]
INFO: [ view_parse ] --END-- [ RunTime:0.032002s ]
INFO: [ view_filter ] --START--
INFO: Run Behavior\WriteHtmlCacheBehavior [ RunTime:0.001000s ]
INFO: Run Behavior\TokenBuildBehavior [ RunTime:0.000000s ]
INFO: [ view_filter ] --END-- [ RunTime:0.002000s ]
INFO: [ app_end ] --START--
INFO: Run Behavior\ShowPageTraceBehavior [ RunTime:0.002000s ]
INFO: [ app_end ] --END-- [ RunTime:0.002000s ]

[ 2017-08-22T11:41:00+08:00 ] ::1 /shangchengmanage/goods/do_edit
INFO: [ app_init ] --START--
INFO: Run Behavior\BuildLiteBehavior [ RunTime:0.000000s ]
INFO: [ app_init ] --END-- [ RunTime:0.001000s ]
INFO: [ app_begin ] --START--
INFO: Run Behavior\ReadHtmlCacheBehavior [ RunTime:0.001000s ]
INFO: [ app_begin ] --END-- [ RunTime:0.001000s ]
NOTIC: [8] A session had already been started - ignoring session_start() D:\phpStudy\www\App\Shangchengmanage\Controller\CommonController.class.php 第 10 行.
SQL: SHOW COLUMNS FROM `dq_goods` [ RunTime:0.0140s ]
SQL: SELECT * FROM `dq_goods` WHERE ( id=1695 )  [ RunTime:0.0010s ]
NOTIC: [8] Undefined index: pic_arr D:\phpStudy\www\App\Shangchengmanage\Controller\GoodsController.class.php 第 140 行.
NOTIC: [2] Invalid argument supplied for foreach() D:\phpStudy\www\App\Shangchengmanage\Controller\GoodsController.class.php 第 256 行.
NOTIC: [8] Undefined variable: file_mini D:\phpStudy\www\App\Shangchengmanage\Controller\GoodsController.class.php 第 169 行.
NOTIC: [8] Undefined index: pic_arr D:\phpStudy\www\App\Shangchengmanage\Controller\GoodsController.class.php 第 170 行.
NOTIC: [8] Undefined variable: file_mini2 D:\phpStudy\www\App\Shangchengmanage\Controller\GoodsController.class.php 第 171 行.
SQL: SHOW COLUMNS FROM `dq_goods` [ RunTime:0.0110s ]
SQL: UPDATE `dq_goods` SET `is_show`='1',`fid`='50',`name`='aiguoxfq02',`xianjing`='100.00',`index_post`='2',`jifen`='150',`agxfq`='200',`jiangli`='0',`guige`='12个/箱',`kucun`='320',`paixu`='90',`user`='lizhiqiang',`date`='1503373260' WHERE `id` = 1695 [ RunTime:0.0440s ]
INFO: [ view_parse ] --START--
INFO: [ template_filter ] --START--
INFO: Run Behavior\ContentReplaceBehavior [ RunTime:0.000000s ]
INFO: [ template_filter ] --END-- [ RunTime:0.000000s ]
INFO: Run Behavior\ParseTemplateBehavior [ RunTime:0.015001s ]
INFO: [ view_parse ] --END-- [ RunTime:0.015001s ]
INFO: [ view_filter ] --START--
INFO: Run Behavior\WriteHtmlCacheBehavior [ RunTime:0.001000s ]
INFO: Run Behavior\TokenBuildBehavior [ RunTime:0.001000s ]
INFO: [ view_filter ] --END-- [ RunTime:0.002000s ]
INFO: [ app_end ] --START--
INFO: Run Behavior\ShowPageTraceBehavior [ RunTime:0.001000s ]
INFO: [ app_end ] --END-- [ RunTime:0.001000s ]

[ 2017-08-22T11:41:02+08:00 ] ::1 /shangchengmanage/goods/index/p/1.html
INFO: [ app_init ] --START--
INFO: Run Behavior\BuildLiteBehavior [ RunTime:0.000000s ]
INFO: [ app_init ] --END-- [ RunTime:0.001000s ]
INFO: [ app_begin ] --START--
INFO: Run Behavior\ReadHtmlCacheBehavior [ RunTime:0.000000s ]
INFO: [ app_begin ] --END-- [ RunTime:0.000000s ]
NOTIC: [8] A session had already been started - ignoring session_start() D:\phpStudy\www\App\Shangchengmanage\Controller\CommonController.class.php 第 10 行.
SQL: SHOW COLUMNS FROM `dq_goodsfenlei` [ RunTime:0.0130s ]
SQL: SELECT * FROM `dq_goodsfenlei` WHERE `is_show` = 1 AND `fid` = 0 ORDER BY id asc  [ RunTime:0.0010s ]
SQL: SHOW COLUMNS FROM `dq_goods` [ RunTime:0.0060s ]
SQL: SELECT COUNT(*) AS tp_count FROM `dq_goods` LIMIT 1   [ RunTime:0.0000s ]
SQL: SELECT * FROM `dq_goodsfenlei` WHERE `is_show` = 1 ORDER BY paixu asc  [ RunTime:0.0010s ]
SQL: SELECT * FROM `dq_goods` ORDER BY id desc LIMIT 0,15   [ RunTime:0.0000s ]
SQL: SHOW COLUMNS FROM `dq_goodsfenlei` [ RunTime:0.0040s ]
SQL: SELECT `name` FROM `dq_goodsfenlei` WHERE `id` = 50 LIMIT 1   [ RunTime:0.0000s ]
SQL: SELECT `name` FROM `dq_goodsfenlei` WHERE `id` = 41 LIMIT 1   [ RunTime:0.0010s ]
SQL: SELECT `name` FROM `dq_goodsfenlei` WHERE `id` = 51 LIMIT 1   [ RunTime:0.0000s ]
SQL: SELECT `name` FROM `dq_goodsfenlei` WHERE `id` = 51 LIMIT 1   [ RunTime:0.0000s ]
SQL: SELECT `name` FROM `dq_goodsfenlei` WHERE `id` = 51 LIMIT 1   [ RunTime:0.0010s ]
SQL: SELECT `name` FROM `dq_goodsfenlei` WHERE `id` = 51 LIMIT 1   [ RunTime:0.0000s ]
SQL: SELECT `name` FROM `dq_goodsfenlei` WHERE `id` = 51 LIMIT 1   [ RunTime:0.0000s ]
SQL: SELECT `name` FROM `dq_goodsfenlei` WHERE `id` = 51 LIMIT 1   [ RunTime:0.0010s ]
SQL: SELECT `name` FROM `dq_goodsfenlei` WHERE `id` = 51 LIMIT 1   [ RunTime:0.0000s ]
SQL: SELECT `name` FROM `dq_goodsfenlei` WHERE `id` = 51 LIMIT 1   [ RunTime:0.0000s ]
SQL: SELECT `name` FROM `dq_goodsfenlei` WHERE `id` = 51 LIMIT 1   [ RunTime:0.0010s ]
SQL: SELECT `name` FROM `dq_goodsfenlei` WHERE `id` = 56 LIMIT 1   [ RunTime:0.0000s ]
SQL: SELECT `name` FROM `dq_goodsfenlei` WHERE `id` = 51 LIMIT 1   [ RunTime:0.0000s ]
SQL: SELECT `name` FROM `dq_goodsfenlei` WHERE `id` = 51 LIMIT 1   [ RunTime:0.0010s ]
SQL: SELECT `name` FROM `dq_goodsfenlei` WHERE `id` = 54 LIMIT 1   [ RunTime:0.0000s ]
INFO: [ view_parse ] --START--
INFO: [ template_filter ] --START--
INFO: Run Behavior\ContentReplaceBehavior [ RunTime:0.000000s ]
INFO: [ template_filter ] --END-- [ RunTime:0.000000s ]
INFO: Run Behavior\ParseTemplateBehavior [ RunTime:0.011001s ]
INFO: [ view_parse ] --END-- [ RunTime:0.011001s ]
INFO: [ view_filter ] --START--
INFO: Run Behavior\WriteHtmlCacheBehavior [ RunTime:0.001000s ]
INFO: Run Behavior\TokenBuildBehavior [ RunTime:0.000000s ]
INFO: [ view_filter ] --END-- [ RunTime:0.001000s ]
INFO: [ app_end ] --START--
INFO: Run Behavior\ShowPageTraceBehavior [ RunTime:0.001000s ]
INFO: [ app_end ] --END-- [ RunTime:0.001000s ]

[ 2017-08-22T17:45:03+08:00 ] ::1 /shangchengmanage/goods/edit/id/1695
INFO: [ app_init ] --START--
INFO: Run Behavior\BuildLiteBehavior [ RunTime:0.000000s ]
INFO: [ app_init ] --END-- [ RunTime:0.000000s ]
INFO: [ app_begin ] --START--
INFO: Run Behavior\ReadHtmlCacheBehavior [ RunTime:0.000000s ]
INFO: [ app_begin ] --END-- [ RunTime:0.000000s ]
NOTIC: [8] A session had already been started - ignoring session_start() D:\phpStudy\www\App\Shangchengmanage\Controller\CommonController.class.php 第 10 行.
SQL: SHOW COLUMNS FROM `dq_goods` [ RunTime:0.0140s ]
SQL: SELECT * FROM `dq_goods` WHERE `id` = 1695 LIMIT 1   [ RunTime:0.0010s ]
SQL: SHOW COLUMNS FROM `dq_goodsfenlei` [ RunTime:0.0110s ]
SQL: SELECT * FROM `dq_goodsfenlei` WHERE `is_show` = 1 AND `fid` = 0 ORDER BY paixu asc  [ RunTime:0.0010s ]
SQL: SELECT * FROM `dq_goodsfenlei` WHERE `is_show` = 1 AND `id` = 50 ORDER BY paixu asc LIMIT 1   [ RunTime:0.0000s ]
NOTIC: [8] Undefined variable: pics2 D:\phpStudy\www\App\Shangchengmanage\Controller\GoodsController.class.php 第 92 行.
INFO: [ view_parse ] --START--
INFO: [ template_filter ] --START--
INFO: Run Behavior\ContentReplaceBehavior [ RunTime:0.000000s ]
INFO: [ template_filter ] --END-- [ RunTime:0.000000s ]
INFO: Run Behavior\ParseTemplateBehavior [ RunTime:0.031002s ]
INFO: [ view_parse ] --END-- [ RunTime:0.031002s ]
INFO: [ view_filter ] --START--
INFO: Run Behavior\WriteHtmlCacheBehavior [ RunTime:0.001000s ]
INFO: Run Behavior\TokenBuildBehavior [ RunTime:0.001000s ]
INFO: [ view_filter ] --END-- [ RunTime:0.003000s ]
INFO: [ app_end ] --START--
INFO: Run Behavior\ShowPageTraceBehavior [ RunTime:0.002000s ]
INFO: [ app_end ] --END-- [ RunTime:0.002000s ]

