[ 2017-07-17T10:54:34+08:00 ] ::1 /shangchengmanage/
INFO: [ app_init ] --START--
INFO: Run Behavior\BuildLiteBehavior [ RunTime:0.000000s ]
INFO: [ app_init ] --END-- [ RunTime:0.000000s ]
INFO: [ app_begin ] --START--
INFO: Run Behavior\ReadHtmlCacheBehavior [ RunTime:0.000000s ]
INFO: [ app_begin ] --END-- [ RunTime:0.000000s ]
NOTIC: [8] A session had already been started - ignoring session_start() D:\phpStudy\www\App\Shangchengmanage\Controller\CommonController.class.php 第 10 行.

[ 2017-07-17T10:54:35+08:00 ] ::1 /shangchengmanage/login/index.html
INFO: [ app_init ] --START--
INFO: Run Behavior\BuildLiteBehavior [ RunTime:0.000000s ]
INFO: [ app_init ] --END-- [ RunTime:0.000000s ]
INFO: [ app_begin ] --START--
INFO: Run Behavior\ReadHtmlCacheBehavior [ RunTime:0.001000s ]
INFO: [ app_begin ] --END-- [ RunTime:0.001000s ]
INFO: [ view_parse ] --START--
INFO: [ template_filter ] --START--
INFO: Run Behavior\ContentReplaceBehavior [ RunTime:0.000000s ]
INFO: [ template_filter ] --END-- [ RunTime:0.001000s ]
INFO: Run Behavior\ParseTemplateBehavior [ RunTime:0.271015s ]
INFO: [ view_parse ] --END-- [ RunTime:0.271015s ]
INFO: [ view_filter ] --START--
INFO: Run Behavior\WriteHtmlCacheBehavior [ RunTime:0.002000s ]
INFO: Run Behavior\TokenBuildBehavior [ RunTime:0.001001s ]
INFO: [ view_filter ] --END-- [ RunTime:0.003001s ]
INFO: [ app_end ] --START--
INFO: Run Behavior\ShowPageTraceBehavior [ RunTime:0.002000s ]
INFO: [ app_end ] --END-- [ RunTime:0.003000s ]

[ 2017-07-17T10:54:35+08:00 ] ::1 /Shangchengmanage/Login/verify.html
INFO: [ app_init ] --START--
INFO: Run Behavior\BuildLiteBehavior [ RunTime:0.000000s ]
INFO: [ app_init ] --END-- [ RunTime:0.001000s ]
INFO: [ app_begin ] --START--
INFO: Run Behavior\ReadHtmlCacheBehavior [ RunTime:0.001000s ]
INFO: [ app_begin ] --END-- [ RunTime:0.001000s ]
NOTIC: [8] Uninitialized string offset: 12 D:\phpStudy\www\Core\Library\Think\Verify.class.php 第 256 行.
NOTIC: [8] Uninitialized string offset: 28 D:\phpStudy\www\Core\Library\Think\Verify.class.php 第 256 行.
NOTIC: [8] Uninitialized string offset: 29 D:\phpStudy\www\Core\Library\Think\Verify.class.php 第 256 行.
NOTIC: [8] Uninitialized string offset: 15 D:\phpStudy\www\Core\Library\Think\Verify.class.php 第 256 行.
NOTIC: [8] Uninitialized string offset: 13 D:\phpStudy\www\Core\Library\Think\Verify.class.php 第 256 行.
NOTIC: [8] Uninitialized string offset: 12 D:\phpStudy\www\Core\Library\Think\Verify.class.php 第 256 行.
NOTIC: [8] Uninitialized string offset: 19 D:\phpStudy\www\Core\Library\Think\Verify.class.php 第 256 行.
NOTIC: [8] Uninitialized string offset: 21 D:\phpStudy\www\Core\Library\Think\Verify.class.php 第 256 行.
NOTIC: [8] Uninitialized string offset: 16 D:\phpStudy\www\Core\Library\Think\Verify.class.php 第 256 行.
NOTIC: [8] Uninitialized string offset: 24 D:\phpStudy\www\Core\Library\Think\Verify.class.php 第 256 行.
NOTIC: [8] Uninitialized string offset: 27 D:\phpStudy\www\Core\Library\Think\Verify.class.php 第 256 行.
NOTIC: [8] Uninitialized string offset: 13 D:\phpStudy\www\Core\Library\Think\Verify.class.php 第 256 行.
NOTIC: [8] Uninitialized string offset: 19 D:\phpStudy\www\Core\Library\Think\Verify.class.php 第 256 行.
NOTIC: [8] Uninitialized string offset: 24 D:\phpStudy\www\Core\Library\Think\Verify.class.php 第 256 行.
NOTIC: [8] Uninitialized string offset: 25 D:\phpStudy\www\Core\Library\Think\Verify.class.php 第 256 行.
NOTIC: [8] Uninitialized string offset: 21 D:\phpStudy\www\Core\Library\Think\Verify.class.php 第 256 行.
NOTIC: [8] Uninitialized string offset: 20 D:\phpStudy\www\Core\Library\Think\Verify.class.php 第 256 行.
NOTIC: [8] Uninitialized string offset: 22 D:\phpStudy\www\Core\Library\Think\Verify.class.php 第 256 行.
NOTIC: [8] Uninitialized string offset: 29 D:\phpStudy\www\Core\Library\Think\Verify.class.php 第 256 行.
NOTIC: [8] Uninitialized string offset: 29 D:\phpStudy\www\Core\Library\Think\Verify.class.php 第 256 行.
NOTIC: [8] Uninitialized string offset: 18 D:\phpStudy\www\Core\Library\Think\Verify.class.php 第 256 行.
NOTIC: [8] Uninitialized string offset: 29 D:\phpStudy\www\Core\Library\Think\Verify.class.php 第 256 行.
NOTIC: [8] Uninitialized string offset: 29 D:\phpStudy\www\Core\Library\Think\Verify.class.php 第 256 行.
NOTIC: [8] Uninitialized string offset: 23 D:\phpStudy\www\Core\Library\Think\Verify.class.php 第 256 行.
NOTIC: [8] Uninitialized string offset: 27 D:\phpStudy\www\Core\Library\Think\Verify.class.php 第 256 行.
NOTIC: [8] Uninitialized string offset: 12 D:\phpStudy\www\Core\Library\Think\Verify.class.php 第 256 行.
NOTIC: [8] Uninitialized string offset: 26 D:\phpStudy\www\Core\Library\Think\Verify.class.php 第 256 行.
NOTIC: [8] Uninitialized string offset: 15 D:\phpStudy\www\Core\Library\Think\Verify.class.php 第 256 行.
NOTIC: [8] Uninitialized string offset: 12 D:\phpStudy\www\Core\Library\Think\Verify.class.php 第 256 行.
NOTIC: [8] Uninitialized string offset: 18 D:\phpStudy\www\Core\Library\Think\Verify.class.php 第 256 行.
NOTIC: [8] Uninitialized string offset: 24 D:\phpStudy\www\Core\Library\Think\Verify.class.php 第 256 行.
NOTIC: [8] Uninitialized string offset: 26 D:\phpStudy\www\Core\Library\Think\Verify.class.php 第 256 行.
NOTIC: [8] Uninitialized string offset: 11 D:\phpStudy\www\Core\Library\Think\Verify.class.php 第 256 行.
NOTIC: [8] Uninitialized string offset: 16 D:\phpStudy\www\Core\Library\Think\Verify.class.php 第 256 行.
NOTIC: [8] Uninitialized string offset: 23 D:\phpStudy\www\Core\Library\Think\Verify.class.php 第 256 行.
NOTIC: [8] Uninitialized string offset: 15 D:\phpStudy\www\Core\Library\Think\Verify.class.php 第 256 行.
NOTIC: [8] Uninitialized string offset: 29 D:\phpStudy\www\Core\Library\Think\Verify.class.php 第 256 行.
NOTIC: [8] Uninitialized string offset: 18 D:\phpStudy\www\Core\Library\Think\Verify.class.php 第 256 行.
INFO: [ app_end ] --START--
INFO: Run Behavior\ShowPageTraceBehavior [ RunTime:0.001000s ]
INFO: [ app_end ] --END-- [ RunTime:0.001000s ]

[ 2017-07-17T10:55:08+08:00 ] ::1 /shangchengmanage/login/do_login
INFO: [ app_init ] --START--
INFO: Run Behavior\BuildLiteBehavior [ RunTime:0.000000s ]
INFO: [ app_init ] --END-- [ RunTime:0.000000s ]
INFO: [ app_begin ] --START--
INFO: Run Behavior\ReadHtmlCacheBehavior [ RunTime:0.001000s ]
INFO: [ app_begin ] --END-- [ RunTime:0.001000s ]
SQL: SHOW COLUMNS FROM `dq_admin` [ RunTime:0.0470s ]
SQL: SELECT `id`,`admin_name`,`admin_pass`,`admin_date`,`admin_ip`,`admin_ok`,`admin_type` FROM `dq_admin` WHERE `admin_name` = 'lizhiqiang' LIMIT 1   [ RunTime:0.0010s ]
NOTIC: [8] A session had already been started - ignoring session_start() D:\phpStudy\www\App\Shangchengmanage\Controller\LoginController.class.php 第 44 行.
SQL: UPDATE `dq_admin` SET `admin_date`='1500260108',`admin_ip`='0.0.0.0',`admin_login`=admin_login+1,`admin_olddate`='1499673625',`admin_oldip`='0.0.0.0' WHERE `id` = 24 [ RunTime:0.0010s ]

[ 2017-07-17T10:55:08+08:00 ] ::1 /shangchengmanage/admin/index.html
INFO: [ app_init ] --START--
INFO: Run Behavior\BuildLiteBehavior [ RunTime:0.000000s ]
INFO: [ app_init ] --END-- [ RunTime:0.001000s ]
INFO: [ app_begin ] --START--
INFO: Run Behavior\ReadHtmlCacheBehavior [ RunTime:0.000000s ]
INFO: [ app_begin ] --END-- [ RunTime:0.000000s ]
NOTIC: [8] A session had already been started - ignoring session_start() D:\phpStudy\www\App\Shangchengmanage\Controller\CommonController.class.php 第 10 行.
INFO: [ view_parse ] --START--
INFO: [ template_filter ] --START--
INFO: Run Behavior\ContentReplaceBehavior [ RunTime:0.000000s ]
INFO: [ template_filter ] --END-- [ RunTime:0.000000s ]
INFO: Run Behavior\ParseTemplateBehavior [ RunTime:0.020001s ]
INFO: [ view_parse ] --END-- [ RunTime:0.020001s ]
INFO: [ view_filter ] --START--
INFO: Run Behavior\WriteHtmlCacheBehavior [ RunTime:0.001000s ]
INFO: Run Behavior\TokenBuildBehavior [ RunTime:0.000000s ]
INFO: [ view_filter ] --END-- [ RunTime:0.001000s ]
INFO: [ app_end ] --START--
INFO: Run Behavior\ShowPageTraceBehavior [ RunTime:0.001000s ]
INFO: [ app_end ] --END-- [ RunTime:0.001000s ]

[ 2017-07-17T10:55:09+08:00 ] ::1 /shangchengmanage/user/index.html
INFO: [ app_init ] --START--
INFO: Run Behavior\BuildLiteBehavior [ RunTime:0.000000s ]
INFO: [ app_init ] --END-- [ RunTime:0.001000s ]
INFO: [ app_begin ] --START--
INFO: Run Behavior\ReadHtmlCacheBehavior [ RunTime:0.001000s ]
INFO: [ app_begin ] --END-- [ RunTime:0.001000s ]
NOTIC: [8] A session had already been started - ignoring session_start() D:\phpStudy\www\App\Shangchengmanage\Controller\CommonController.class.php 第 10 行.
SQL: SHOW COLUMNS FROM `dq_user` [ RunTime:0.0450s ]
SQL: SELECT COUNT(*) AS tp_count FROM `dq_user` LIMIT 1   [ RunTime:0.0000s ]
SQL: SELECT * FROM `dq_user` ORDER BY id desc LIMIT 0,15   [ RunTime:0.0250s ]
SQL: SELECT * FROM `dq_user` WHERE `user_login_bh` = 'B13815786032' LIMIT 1   [ RunTime:0.0050s ]
SQL: SELECT * FROM `dq_user` WHERE `user_login_bh` = 'A13815786032' LIMIT 1   [ RunTime:0.0040s ]
SQL: SELECT * FROM `dq_user` WHERE `user_login_bh` = 'B15897683817' LIMIT 1   [ RunTime:0.0030s ]
SQL: SELECT * FROM `dq_user` WHERE `user_login_bh` = 'A15897683817' LIMIT 1   [ RunTime:0.0030s ]
SQL: SELECT * FROM `dq_user` WHERE `user_login_bh` = 'B15897683817' LIMIT 1   [ RunTime:0.0010s ]
SQL: SELECT * FROM `dq_user` WHERE `user_login_bh` = 'A15897683817' LIMIT 1   [ RunTime:0.0010s ]
SQL: SELECT * FROM `dq_user` WHERE `user_login_bh` = 'B15897683817' LIMIT 1   [ RunTime:0.0010s ]
SQL: SELECT * FROM `dq_user` WHERE `user_login_bh` = 'A15897683817' LIMIT 1   [ RunTime:0.0010s ]
SQL: SELECT * FROM `dq_user` WHERE `user_login_bh` = 'B18612233424' LIMIT 1   [ RunTime:0.0010s ]
SQL: SELECT * FROM `dq_user` WHERE `user_login_bh` = 'B15897683817' LIMIT 1   [ RunTime:0.0010s ]
SQL: SELECT * FROM `dq_user` WHERE `user_login_bh` = 'B15897683817' LIMIT 1   [ RunTime:0.0010s ]
SQL: SELECT * FROM `dq_user` WHERE `user_login_bh` = 'A15897683817' LIMIT 1   [ RunTime:0.0010s ]
SQL: SELECT * FROM `dq_user` WHERE `user_login_bh` = 'B15897683817' LIMIT 1   [ RunTime:0.0010s ]
SQL: SELECT * FROM `dq_user` WHERE `user_login_bh` = 'A15897683817' LIMIT 1   [ RunTime:0.0010s ]
SQL: SELECT * FROM `dq_user` WHERE `user_login_bh` = 'B15897683817' LIMIT 1   [ RunTime:0.0010s ]
SQL: SELECT * FROM `dq_user` WHERE `user_login_bh` = 'A15897683817' LIMIT 1   [ RunTime:0.0010s ]
SQL: SELECT * FROM `dq_user` WHERE `user_login_bh` = 'B15897683817' LIMIT 1   [ RunTime:0.0010s ]
SQL: SELECT * FROM `dq_user` WHERE `user_login_bh` = 'A15897683817' LIMIT 1   [ RunTime:0.0010s ]
SQL: SELECT * FROM `dq_user` WHERE `user_login_bh` = 'A15538776863' LIMIT 1   [ RunTime:0.0010s ]
SQL: SELECT * FROM `dq_user` WHERE `user_login_bh` = 'A18337713522' LIMIT 1   [ RunTime:0.0010s ]
SQL: SELECT * FROM `dq_user` WHERE `user_login_bh` = 'B13647013525' LIMIT 1   [ RunTime:0.0010s ]
SQL: SELECT * FROM `dq_user` WHERE `user_login_bh` = 'A13647013525' LIMIT 1   [ RunTime:0.0010s ]
SQL: SELECT * FROM `dq_user` WHERE `user_login_bh` = 'A18500706612' LIMIT 1   [ RunTime:0.0010s ]
SQL: SELECT * FROM `dq_user` WHERE `user_login_bh` = 'A800001' LIMIT 1   [ RunTime:0.0010s ]
SQL: SELECT * FROM `dq_user` WHERE `user_login_bh` = 'A17301059458' LIMIT 1   [ RunTime:0.0010s ]
SQL: SELECT * FROM `dq_user` WHERE `user_login_bh` = 'A15810091688' LIMIT 1   [ RunTime:0.0010s ]
SQL: SELECT * FROM `dq_user` WHERE `user_login_bh` = 'A17301059458' LIMIT 1   [ RunTime:0.0010s ]
SQL: SELECT * FROM `dq_user` WHERE `user_login_bh` = 'A15810091688' LIMIT 1   [ RunTime:0.0010s ]
INFO: [ view_parse ] --START--
INFO: [ template_filter ] --START--
INFO: Run Behavior\ContentReplaceBehavior [ RunTime:0.000000s ]
INFO: [ template_filter ] --END-- [ RunTime:0.000000s ]
NOTIC: [8] Use of undefined constant GROUP_NAME - assumed 'GROUP_NAME' D:\phpStudy\www\App\Runtime\Cache\Shangchengmanage\f9973b170a5dccd6f55b8cb48c38571c.php 第 55 行.
NOTIC: [8] Undefined index: sj D:\phpStudy\www\App\Runtime\Cache\Shangchengmanage\f9973b170a5dccd6f55b8cb48c38571c.php 第 83 行.
NOTIC: [8] Undefined index: sj2 D:\phpStudy\www\App\Runtime\Cache\Shangchengmanage\f9973b170a5dccd6f55b8cb48c38571c.php 第 84 行.
NOTIC: [8] Undefined index: p D:\phpStudy\www\App\Runtime\Cache\Shangchengmanage\f9973b170a5dccd6f55b8cb48c38571c.php 第 110 行.
INFO: Run Behavior\ParseTemplateBehavior [ RunTime:0.026001s ]
INFO: [ view_parse ] --END-- [ RunTime:0.026001s ]
INFO: [ view_filter ] --START--
INFO: Run Behavior\WriteHtmlCacheBehavior [ RunTime:0.001000s ]
INFO: Run Behavior\TokenBuildBehavior [ RunTime:0.000000s ]
INFO: [ view_filter ] --END-- [ RunTime:0.001000s ]
INFO: [ app_end ] --START--
INFO: Run Behavior\ShowPageTraceBehavior [ RunTime:0.000000s ]
INFO: [ app_end ] --END-- [ RunTime:0.000000s ]

[ 2017-07-17T10:55:12+08:00 ] ::1 /shangchengmanage/goods/index.html
INFO: [ app_init ] --START--
INFO: Run Behavior\BuildLiteBehavior [ RunTime:0.000000s ]
INFO: [ app_init ] --END-- [ RunTime:0.001000s ]
INFO: [ app_begin ] --START--
INFO: Run Behavior\ReadHtmlCacheBehavior [ RunTime:0.000000s ]
INFO: [ app_begin ] --END-- [ RunTime:0.000000s ]
NOTIC: [8] A session had already been started - ignoring session_start() D:\phpStudy\www\App\Shangchengmanage\Controller\CommonController.class.php 第 10 行.
SQL: SHOW COLUMNS FROM `dq_goodsfenlei` [ RunTime:0.0240s ]
SQL: SELECT * FROM `dq_goodsfenlei` WHERE `is_show` = 1 AND `fid` = 0 ORDER BY id asc  [ RunTime:0.0020s ]
SQL: SHOW COLUMNS FROM `dq_goods` [ RunTime:0.0170s ]
SQL: SELECT COUNT(*) AS tp_count FROM `dq_goods` LIMIT 1   [ RunTime:0.0020s ]
SQL: SELECT * FROM `dq_goodsfenlei` WHERE `is_show` = 1 ORDER BY paixu asc  [ RunTime:0.0010s ]
SQL: SELECT * FROM `dq_goods` ORDER BY id desc LIMIT 0,15   [ RunTime:0.0010s ]
SQL: SHOW COLUMNS FROM `dq_goodsfenlei` [ RunTime:0.0090s ]
SQL: SELECT `name` FROM `dq_goodsfenlei` WHERE `id` = 40 LIMIT 1   [ RunTime:0.0010s ]
SQL: SELECT `name` FROM `dq_goodsfenlei` WHERE `id` = 0 LIMIT 1   [ RunTime:0.0000s ]
SQL: SELECT `name` FROM `dq_goodsfenlei` WHERE `id` = 0 LIMIT 1   [ RunTime:0.0010s ]
SQL: SELECT `name` FROM `dq_goodsfenlei` WHERE `id` = 0 LIMIT 1   [ RunTime:0.0000s ]
SQL: SELECT `name` FROM `dq_goodsfenlei` WHERE `id` = 0 LIMIT 1   [ RunTime:0.0010s ]
SQL: SELECT `name` FROM `dq_goodsfenlei` WHERE `id` = 0 LIMIT 1   [ RunTime:0.0000s ]
SQL: SELECT `name` FROM `dq_goodsfenlei` WHERE `id` = 0 LIMIT 1   [ RunTime:0.0000s ]
SQL: SELECT `name` FROM `dq_goodsfenlei` WHERE `id` = 0 LIMIT 1   [ RunTime:0.0000s ]
SQL: SELECT `name` FROM `dq_goodsfenlei` WHERE `id` = 0 LIMIT 1   [ RunTime:0.0000s ]
SQL: SELECT `name` FROM `dq_goodsfenlei` WHERE `id` = 0 LIMIT 1   [ RunTime:0.0010s ]
SQL: SELECT `name` FROM `dq_goodsfenlei` WHERE `id` = 0 LIMIT 1   [ RunTime:0.0000s ]
SQL: SELECT `name` FROM `dq_goodsfenlei` WHERE `id` = 0 LIMIT 1   [ RunTime:0.0000s ]
SQL: SELECT `name` FROM `dq_goodsfenlei` WHERE `id` = 0 LIMIT 1   [ RunTime:0.0010s ]
SQL: SELECT `name` FROM `dq_goodsfenlei` WHERE `id` = 0 LIMIT 1   [ RunTime:0.0000s ]
SQL: SELECT `name` FROM `dq_goodsfenlei` WHERE `id` = 0 LIMIT 1   [ RunTime:0.0000s ]
INFO: [ view_parse ] --START--
INFO: [ template_filter ] --START--
INFO: Run Behavior\ContentReplaceBehavior [ RunTime:0.000000s ]
INFO: [ template_filter ] --END-- [ RunTime:0.000000s ]
NOTIC: [8] Undefined variable: fl2 D:\phpStudy\www\App\Runtime\Cache\Shangchengmanage\658564a2a59dac332528c6b376214446.php 第 71 行.
INFO: Run Behavior\ParseTemplateBehavior [ RunTime:0.024002s ]
INFO: [ view_parse ] --END-- [ RunTime:0.024002s ]
INFO: [ view_filter ] --START--
INFO: Run Behavior\WriteHtmlCacheBehavior [ RunTime:0.001000s ]
INFO: Run Behavior\TokenBuildBehavior [ RunTime:0.000000s ]
INFO: [ view_filter ] --END-- [ RunTime:0.001000s ]
INFO: [ app_end ] --START--
INFO: Run Behavior\ShowPageTraceBehavior [ RunTime:0.001000s ]
INFO: [ app_end ] --END-- [ RunTime:0.001000s ]

[ 2017-07-17T10:55:17+08:00 ] ::1 /shangchengmanage/goods/reqCate2?id=17
INFO: [ app_init ] --START--
INFO: Run Behavior\BuildLiteBehavior [ RunTime:0.000000s ]
INFO: [ app_init ] --END-- [ RunTime:0.000000s ]
INFO: [ app_begin ] --START--
INFO: Run Behavior\ReadHtmlCacheBehavior [ RunTime:0.000000s ]
INFO: [ app_begin ] --END-- [ RunTime:0.000000s ]
NOTIC: [8] A session had already been started - ignoring session_start() D:\phpStudy\www\App\Shangchengmanage\Controller\CommonController.class.php 第 10 行.
SQL: SHOW COLUMNS FROM `dq_goodsfenlei` [ RunTime:0.0280s ]
SQL: SELECT * FROM `dq_goodsfenlei` WHERE `is_show` = 1 AND `fid` = 17 ORDER BY paixu asc  [ RunTime:0.0010s ]

[ 2017-07-17T10:55:42+08:00 ] ::1 /shangchengmanage/goods/search?keyword=&formhash=231cb4d8
INFO: [ app_init ] --START--
INFO: Run Behavior\BuildLiteBehavior [ RunTime:0.000000s ]
INFO: [ app_init ] --END-- [ RunTime:0.000000s ]
INFO: [ app_begin ] --START--
INFO: Run Behavior\ReadHtmlCacheBehavior [ RunTime:0.001000s ]
INFO: [ app_begin ] --END-- [ RunTime:0.001000s ]
NOTIC: [8] A session had already been started - ignoring session_start() D:\phpStudy\www\App\Shangchengmanage\Controller\CommonController.class.php 第 10 行.
SQL: SHOW COLUMNS FROM `dq_goodsfenlei` [ RunTime:0.0160s ]
SQL: SELECT * FROM `dq_goodsfenlei` WHERE `is_show` = 1 AND `fid` = 0 ORDER BY id asc  [ RunTime:0.0020s ]
SQL: SHOW COLUMNS FROM `dq_goods` [ RunTime:0.0150s ]
INFO: [ view_parse ] --START--
INFO: [ template_filter ] --START--
INFO: Run Behavior\ContentReplaceBehavior [ RunTime:0.000000s ]
INFO: [ template_filter ] --END-- [ RunTime:0.000000s ]
INFO: Run Behavior\ParseTemplateBehavior [ RunTime:0.025001s ]
INFO: [ view_parse ] --END-- [ RunTime:0.025001s ]
INFO: [ view_filter ] --START--
INFO: Run Behavior\WriteHtmlCacheBehavior [ RunTime:0.000000s ]
INFO: Run Behavior\TokenBuildBehavior [ RunTime:0.001000s ]
INFO: [ view_filter ] --END-- [ RunTime:0.001000s ]

[ 2017-07-17T10:55:50+08:00 ] ::1 /shangchengmanage/goods/reqCate2?id=19
INFO: [ app_init ] --START--
INFO: Run Behavior\BuildLiteBehavior [ RunTime:0.000000s ]
INFO: [ app_init ] --END-- [ RunTime:0.001000s ]
INFO: [ app_begin ] --START--
INFO: Run Behavior\ReadHtmlCacheBehavior [ RunTime:0.001000s ]
INFO: [ app_begin ] --END-- [ RunTime:0.001000s ]
NOTIC: [8] A session had already been started - ignoring session_start() D:\phpStudy\www\App\Shangchengmanage\Controller\CommonController.class.php 第 10 行.
SQL: SHOW COLUMNS FROM `dq_goodsfenlei` [ RunTime:0.0110s ]
SQL: SELECT * FROM `dq_goodsfenlei` WHERE `is_show` = 1 AND `fid` = 19 ORDER BY paixu asc  [ RunTime:0.0010s ]

[ 2017-07-17T10:55:51+08:00 ] ::1 /shangchengmanage/goods/search?keyword=&formhash=231cb4d8
INFO: [ app_init ] --START--
INFO: Run Behavior\BuildLiteBehavior [ RunTime:0.000000s ]
INFO: [ app_init ] --END-- [ RunTime:0.000000s ]
INFO: [ app_begin ] --START--
INFO: Run Behavior\ReadHtmlCacheBehavior [ RunTime:0.001000s ]
INFO: [ app_begin ] --END-- [ RunTime:0.001000s ]
NOTIC: [8] A session had already been started - ignoring session_start() D:\phpStudy\www\App\Shangchengmanage\Controller\CommonController.class.php 第 10 行.
SQL: SHOW COLUMNS FROM `dq_goodsfenlei` [ RunTime:0.0160s ]
SQL: SELECT * FROM `dq_goodsfenlei` WHERE `is_show` = 1 AND `fid` = 0 ORDER BY id asc  [ RunTime:0.0020s ]
SQL: SHOW COLUMNS FROM `dq_goods` [ RunTime:0.0140s ]
INFO: [ view_parse ] --START--
INFO: [ template_filter ] --START--
INFO: Run Behavior\ContentReplaceBehavior [ RunTime:0.000000s ]
INFO: [ template_filter ] --END-- [ RunTime:0.000000s ]
INFO: Run Behavior\ParseTemplateBehavior [ RunTime:0.008001s ]
INFO: [ view_parse ] --END-- [ RunTime:0.008001s ]
INFO: [ view_filter ] --START--
INFO: Run Behavior\WriteHtmlCacheBehavior [ RunTime:0.001000s ]
INFO: Run Behavior\TokenBuildBehavior [ RunTime:0.001000s ]
INFO: [ view_filter ] --END-- [ RunTime:0.002000s ]

[ 2017-07-17T10:56:03+08:00 ] ::1 /shangchengmanage/goods/index/p/2.html
INFO: [ app_init ] --START--
INFO: Run Behavior\BuildLiteBehavior [ RunTime:0.000000s ]
INFO: [ app_init ] --END-- [ RunTime:0.001000s ]
INFO: [ app_begin ] --START--
INFO: Run Behavior\ReadHtmlCacheBehavior [ RunTime:0.001000s ]
INFO: [ app_begin ] --END-- [ RunTime:0.001000s ]
NOTIC: [8] A session had already been started - ignoring session_start() D:\phpStudy\www\App\Shangchengmanage\Controller\CommonController.class.php 第 10 行.
SQL: SHOW COLUMNS FROM `dq_goodsfenlei` [ RunTime:0.0120s ]
SQL: SELECT * FROM `dq_goodsfenlei` WHERE `is_show` = 1 AND `fid` = 0 ORDER BY id asc  [ RunTime:0.0000s ]
SQL: SHOW COLUMNS FROM `dq_goods` [ RunTime:0.0110s ]
SQL: SELECT COUNT(*) AS tp_count FROM `dq_goods` LIMIT 1   [ RunTime:0.0020s ]
SQL: SELECT * FROM `dq_goodsfenlei` WHERE `is_show` = 1 ORDER BY paixu asc  [ RunTime:0.0010s ]
SQL: SELECT * FROM `dq_goods` ORDER BY id desc LIMIT 15,15   [ RunTime:0.0170s ]
SQL: SHOW COLUMNS FROM `dq_goodsfenlei` [ RunTime:0.0110s ]
SQL: SELECT `name` FROM `dq_goodsfenlei` WHERE `id` = 0 LIMIT 1   [ RunTime:0.0000s ]
SQL: SELECT `name` FROM `dq_goodsfenlei` WHERE `id` = 0 LIMIT 1   [ RunTime:0.0000s ]
SQL: SELECT `name` FROM `dq_goodsfenlei` WHERE `id` = 0 LIMIT 1   [ RunTime:0.0000s ]
SQL: SELECT `name` FROM `dq_goodsfenlei` WHERE `id` = 0 LIMIT 1   [ RunTime:0.0010s ]
SQL: SELECT `name` FROM `dq_goodsfenlei` WHERE `id` = 0 LIMIT 1   [ RunTime:0.0010s ]
SQL: SELECT `name` FROM `dq_goodsfenlei` WHERE `id` = 0 LIMIT 1   [ RunTime:0.0010s ]
SQL: SELECT `name` FROM `dq_goodsfenlei` WHERE `id` = 0 LIMIT 1   [ RunTime:0.0000s ]
SQL: SELECT `name` FROM `dq_goodsfenlei` WHERE `id` = 0 LIMIT 1   [ RunTime:0.0000s ]
SQL: SELECT `name` FROM `dq_goodsfenlei` WHERE `id` = 0 LIMIT 1   [ RunTime:0.0010s ]
SQL: SELECT `name` FROM `dq_goodsfenlei` WHERE `id` = 0 LIMIT 1   [ RunTime:0.0010s ]
SQL: SELECT `name` FROM `dq_goodsfenlei` WHERE `id` = 0 LIMIT 1   [ RunTime:0.0000s ]
SQL: SELECT `name` FROM `dq_goodsfenlei` WHERE `id` = 0 LIMIT 1   [ RunTime:0.0000s ]
SQL: SELECT `name` FROM `dq_goodsfenlei` WHERE `id` = 0 LIMIT 1   [ RunTime:0.0010s ]
SQL: SELECT `name` FROM `dq_goodsfenlei` WHERE `id` = 0 LIMIT 1   [ RunTime:0.0010s ]
SQL: SELECT `name` FROM `dq_goodsfenlei` WHERE `id` = 0 LIMIT 1   [ RunTime:0.0000s ]
INFO: [ view_parse ] --START--
INFO: [ template_filter ] --START--
INFO: Run Behavior\ContentReplaceBehavior [ RunTime:0.000000s ]
INFO: [ template_filter ] --END-- [ RunTime:0.000000s ]
NOTIC: [8] Undefined variable: fl2 D:\phpStudy\www\App\Runtime\Cache\Shangchengmanage\658564a2a59dac332528c6b376214446.php 第 71 行.
INFO: Run Behavior\ParseTemplateBehavior [ RunTime:0.021001s ]
INFO: [ view_parse ] --END-- [ RunTime:0.021001s ]
INFO: [ view_filter ] --START--
INFO: Run Behavior\WriteHtmlCacheBehavior [ RunTime:0.001001s ]
INFO: Run Behavior\TokenBuildBehavior [ RunTime:0.001000s ]
INFO: [ view_filter ] --END-- [ RunTime:0.002001s ]
INFO: [ app_end ] --START--
INFO: Run Behavior\ShowPageTraceBehavior [ RunTime:0.001000s ]
INFO: [ app_end ] --END-- [ RunTime:0.001000s ]

[ 2017-07-17T10:56:07+08:00 ] ::1 /shangchengmanage/goods/index/p/1.html
INFO: [ app_init ] --START--
INFO: Run Behavior\BuildLiteBehavior [ RunTime:0.000000s ]
INFO: [ app_init ] --END-- [ RunTime:0.001001s ]
INFO: [ app_begin ] --START--
INFO: Run Behavior\ReadHtmlCacheBehavior [ RunTime:0.001000s ]
INFO: [ app_begin ] --END-- [ RunTime:0.001000s ]
NOTIC: [8] A session had already been started - ignoring session_start() D:\phpStudy\www\App\Shangchengmanage\Controller\CommonController.class.php 第 10 行.
SQL: SHOW COLUMNS FROM `dq_goodsfenlei` [ RunTime:0.0150s ]
SQL: SELECT * FROM `dq_goodsfenlei` WHERE `is_show` = 1 AND `fid` = 0 ORDER BY id asc  [ RunTime:0.0010s ]
SQL: SHOW COLUMNS FROM `dq_goods` [ RunTime:0.0080s ]
SQL: SELECT COUNT(*) AS tp_count FROM `dq_goods` LIMIT 1   [ RunTime:0.0020s ]
SQL: SELECT * FROM `dq_goodsfenlei` WHERE `is_show` = 1 ORDER BY paixu asc  [ RunTime:0.0000s ]
SQL: SELECT * FROM `dq_goods` ORDER BY id desc LIMIT 0,15   [ RunTime:0.0010s ]
SQL: SHOW COLUMNS FROM `dq_goodsfenlei` [ RunTime:0.0080s ]
SQL: SELECT `name` FROM `dq_goodsfenlei` WHERE `id` = 40 LIMIT 1   [ RunTime:0.0010s ]
SQL: SELECT `name` FROM `dq_goodsfenlei` WHERE `id` = 0 LIMIT 1   [ RunTime:0.0000s ]
SQL: SELECT `name` FROM `dq_goodsfenlei` WHERE `id` = 0 LIMIT 1   [ RunTime:0.0010s ]
SQL: SELECT `name` FROM `dq_goodsfenlei` WHERE `id` = 0 LIMIT 1   [ RunTime:0.0010s ]
SQL: SELECT `name` FROM `dq_goodsfenlei` WHERE `id` = 0 LIMIT 1   [ RunTime:0.0000s ]
SQL: SELECT `name` FROM `dq_goodsfenlei` WHERE `id` = 0 LIMIT 1   [ RunTime:0.0000s ]
SQL: SELECT `name` FROM `dq_goodsfenlei` WHERE `id` = 0 LIMIT 1   [ RunTime:0.0000s ]
SQL: SELECT `name` FROM `dq_goodsfenlei` WHERE `id` = 0 LIMIT 1   [ RunTime:0.0000s ]
SQL: SELECT `name` FROM `dq_goodsfenlei` WHERE `id` = 0 LIMIT 1   [ RunTime:0.0010s ]
SQL: SELECT `name` FROM `dq_goodsfenlei` WHERE `id` = 0 LIMIT 1   [ RunTime:0.0000s ]
SQL: SELECT `name` FROM `dq_goodsfenlei` WHERE `id` = 0 LIMIT 1   [ RunTime:0.0010s ]
SQL: SELECT `name` FROM `dq_goodsfenlei` WHERE `id` = 0 LIMIT 1   [ RunTime:0.0000s ]
SQL: SELECT `name` FROM `dq_goodsfenlei` WHERE `id` = 0 LIMIT 1   [ RunTime:0.0000s ]
SQL: SELECT `name` FROM `dq_goodsfenlei` WHERE `id` = 0 LIMIT 1   [ RunTime:0.0000s ]
SQL: SELECT `name` FROM `dq_goodsfenlei` WHERE `id` = 0 LIMIT 1   [ RunTime:0.0000s ]
INFO: [ view_parse ] --START--
INFO: [ template_filter ] --START--
INFO: Run Behavior\ContentReplaceBehavior [ RunTime:0.000000s ]
INFO: [ template_filter ] --END-- [ RunTime:0.000000s ]
NOTIC: [8] Undefined variable: fl2 D:\phpStudy\www\App\Runtime\Cache\Shangchengmanage\658564a2a59dac332528c6b376214446.php 第 71 行.
INFO: Run Behavior\ParseTemplateBehavior [ RunTime:0.009000s ]
INFO: [ view_parse ] --END-- [ RunTime:0.009000s ]
INFO: [ view_filter ] --START--
INFO: Run Behavior\WriteHtmlCacheBehavior [ RunTime:0.000000s ]
INFO: Run Behavior\TokenBuildBehavior [ RunTime:0.001000s ]
INFO: [ view_filter ] --END-- [ RunTime:0.001000s ]
INFO: [ app_end ] --START--
INFO: Run Behavior\ShowPageTraceBehavior [ RunTime:0.001000s ]
INFO: [ app_end ] --END-- [ RunTime:0.001000s ]

[ 2017-07-17T10:56:46+08:00 ] ::1 /shangchengmanage/goods/index/p/2.html
INFO: [ app_init ] --START--
INFO: Run Behavior\BuildLiteBehavior [ RunTime:0.000000s ]
INFO: [ app_init ] --END-- [ RunTime:0.001000s ]
INFO: [ app_begin ] --START--
INFO: Run Behavior\ReadHtmlCacheBehavior [ RunTime:0.001000s ]
INFO: [ app_begin ] --END-- [ RunTime:0.001000s ]
NOTIC: [8] A session had already been started - ignoring session_start() D:\phpStudy\www\App\Shangchengmanage\Controller\CommonController.class.php 第 10 行.
SQL: SHOW COLUMNS FROM `dq_goodsfenlei` [ RunTime:0.0150s ]
SQL: SELECT * FROM `dq_goodsfenlei` WHERE `is_show` = 1 AND `fid` = 0 ORDER BY id asc  [ RunTime:0.0010s ]
SQL: SHOW COLUMNS FROM `dq_goods` [ RunTime:0.0100s ]
SQL: SELECT COUNT(*) AS tp_count FROM `dq_goods` LIMIT 1   [ RunTime:0.0030s ]
SQL: SELECT * FROM `dq_goodsfenlei` WHERE `is_show` = 1 ORDER BY paixu asc  [ RunTime:0.0010s ]
SQL: SELECT * FROM `dq_goods` ORDER BY id desc LIMIT 15,15   [ RunTime:0.0040s ]
SQL: SHOW COLUMNS FROM `dq_goodsfenlei` [ RunTime:0.0110s ]
SQL: SELECT `name` FROM `dq_goodsfenlei` WHERE `id` = 0 LIMIT 1   [ RunTime:0.0010s ]
SQL: SELECT `name` FROM `dq_goodsfenlei` WHERE `id` = 0 LIMIT 1   [ RunTime:0.0010s ]
SQL: SELECT `name` FROM `dq_goodsfenlei` WHERE `id` = 0 LIMIT 1   [ RunTime:0.0010s ]
SQL: SELECT `name` FROM `dq_goodsfenlei` WHERE `id` = 0 LIMIT 1   [ RunTime:0.0010s ]
SQL: SELECT `name` FROM `dq_goodsfenlei` WHERE `id` = 0 LIMIT 1   [ RunTime:0.0010s ]
SQL: SELECT `name` FROM `dq_goodsfenlei` WHERE `id` = 0 LIMIT 1   [ RunTime:0.0010s ]
SQL: SELECT `name` FROM `dq_goodsfenlei` WHERE `id` = 0 LIMIT 1   [ RunTime:0.0010s ]
SQL: SELECT `name` FROM `dq_goodsfenlei` WHERE `id` = 0 LIMIT 1   [ RunTime:0.0010s ]
SQL: SELECT `name` FROM `dq_goodsfenlei` WHERE `id` = 0 LIMIT 1   [ RunTime:0.0000s ]
SQL: SELECT `name` FROM `dq_goodsfenlei` WHERE `id` = 0 LIMIT 1   [ RunTime:0.0000s ]
SQL: SELECT `name` FROM `dq_goodsfenlei` WHERE `id` = 0 LIMIT 1   [ RunTime:0.0000s ]
SQL: SELECT `name` FROM `dq_goodsfenlei` WHERE `id` = 0 LIMIT 1   [ RunTime:0.0010s ]
SQL: SELECT `name` FROM `dq_goodsfenlei` WHERE `id` = 0 LIMIT 1   [ RunTime:0.0010s ]
SQL: SELECT `name` FROM `dq_goodsfenlei` WHERE `id` = 0 LIMIT 1   [ RunTime:0.0000s ]
SQL: SELECT `name` FROM `dq_goodsfenlei` WHERE `id` = 0 LIMIT 1   [ RunTime:0.0000s ]
INFO: [ view_parse ] --START--
INFO: [ template_filter ] --START--
INFO: Run Behavior\ContentReplaceBehavior [ RunTime:0.000000s ]
INFO: [ template_filter ] --END-- [ RunTime:0.000000s ]
NOTIC: [8] Undefined variable: fl2 D:\phpStudy\www\App\Runtime\Cache\Shangchengmanage\658564a2a59dac332528c6b376214446.php 第 71 行.
INFO: Run Behavior\ParseTemplateBehavior [ RunTime:0.019001s ]
INFO: [ view_parse ] --END-- [ RunTime:0.019001s ]
INFO: [ view_filter ] --START--
INFO: Run Behavior\WriteHtmlCacheBehavior [ RunTime:0.001000s ]
INFO: Run Behavior\TokenBuildBehavior [ RunTime:0.000000s ]
INFO: [ view_filter ] --END-- [ RunTime:0.001000s ]
INFO: [ app_end ] --START--
INFO: Run Behavior\ShowPageTraceBehavior [ RunTime:0.002000s ]
INFO: [ app_end ] --END-- [ RunTime:0.002000s ]

[ 2017-07-17T10:56:51+08:00 ] ::1 /shangchengmanage/goods/index/p/3.html
INFO: [ app_init ] --START--
INFO: Run Behavior\BuildLiteBehavior [ RunTime:0.000000s ]
INFO: [ app_init ] --END-- [ RunTime:0.001000s ]
INFO: [ app_begin ] --START--
INFO: Run Behavior\ReadHtmlCacheBehavior [ RunTime:0.001000s ]
INFO: [ app_begin ] --END-- [ RunTime:0.001000s ]
NOTIC: [8] A session had already been started - ignoring session_start() D:\phpStudy\www\App\Shangchengmanage\Controller\CommonController.class.php 第 10 行.
SQL: SHOW COLUMNS FROM `dq_goodsfenlei` [ RunTime:0.0150s ]
SQL: SELECT * FROM `dq_goodsfenlei` WHERE `is_show` = 1 AND `fid` = 0 ORDER BY id asc  [ RunTime:0.0010s ]
SQL: SHOW COLUMNS FROM `dq_goods` [ RunTime:0.0160s ]
SQL: SELECT COUNT(*) AS tp_count FROM `dq_goods` LIMIT 1   [ RunTime:0.0020s ]
SQL: SELECT * FROM `dq_goodsfenlei` WHERE `is_show` = 1 ORDER BY paixu asc  [ RunTime:0.0020s ]
SQL: SELECT * FROM `dq_goods` ORDER BY id desc LIMIT 30,15   [ RunTime:0.0020s ]
SQL: SHOW COLUMNS FROM `dq_goodsfenlei` [ RunTime:0.0150s ]
SQL: SELECT `name` FROM `dq_goodsfenlei` WHERE `id` = 0 LIMIT 1   [ RunTime:0.0010s ]
SQL: SELECT `name` FROM `dq_goodsfenlei` WHERE `id` = 0 LIMIT 1   [ RunTime:0.0010s ]
SQL: SELECT `name` FROM `dq_goodsfenlei` WHERE `id` = 0 LIMIT 1   [ RunTime:0.0010s ]
SQL: SELECT `name` FROM `dq_goodsfenlei` WHERE `id` = 0 LIMIT 1   [ RunTime:0.0010s ]
SQL: SELECT `name` FROM `dq_goodsfenlei` WHERE `id` = 0 LIMIT 1   [ RunTime:0.0010s ]
SQL: SELECT `name` FROM `dq_goodsfenlei` WHERE `id` = 0 LIMIT 1   [ RunTime:0.0010s ]
SQL: SELECT `name` FROM `dq_goodsfenlei` WHERE `id` = 0 LIMIT 1   [ RunTime:0.0010s ]
SQL: SELECT `name` FROM `dq_goodsfenlei` WHERE `id` = 0 LIMIT 1   [ RunTime:0.0010s ]
SQL: SELECT `name` FROM `dq_goodsfenlei` WHERE `id` = 0 LIMIT 1   [ RunTime:0.0010s ]
SQL: SELECT `name` FROM `dq_goodsfenlei` WHERE `id` = 0 LIMIT 1   [ RunTime:0.0000s ]
SQL: SELECT `name` FROM `dq_goodsfenlei` WHERE `id` = 0 LIMIT 1   [ RunTime:0.0010s ]
SQL: SELECT `name` FROM `dq_goodsfenlei` WHERE `id` = 0 LIMIT 1   [ RunTime:0.0000s ]
SQL: SELECT `name` FROM `dq_goodsfenlei` WHERE `id` = 0 LIMIT 1   [ RunTime:0.0000s ]
SQL: SELECT `name` FROM `dq_goodsfenlei` WHERE `id` = 0 LIMIT 1   [ RunTime:0.0000s ]
SQL: SELECT `name` FROM `dq_goodsfenlei` WHERE `id` = 0 LIMIT 1   [ RunTime:0.0000s ]
INFO: [ view_parse ] --START--
INFO: [ template_filter ] --START--
INFO: Run Behavior\ContentReplaceBehavior [ RunTime:0.000000s ]
INFO: [ template_filter ] --END-- [ RunTime:0.001000s ]
NOTIC: [8] Undefined variable: fl2 D:\phpStudy\www\App\Runtime\Cache\Shangchengmanage\658564a2a59dac332528c6b376214446.php 第 71 行.
INFO: Run Behavior\ParseTemplateBehavior [ RunTime:0.014000s ]
INFO: [ view_parse ] --END-- [ RunTime:0.014000s ]
INFO: [ view_filter ] --START--
INFO: Run Behavior\WriteHtmlCacheBehavior [ RunTime:0.001000s ]
INFO: Run Behavior\TokenBuildBehavior [ RunTime:0.000000s ]
INFO: [ view_filter ] --END-- [ RunTime:0.001000s ]
INFO: [ app_end ] --START--
INFO: Run Behavior\ShowPageTraceBehavior [ RunTime:0.001000s ]
INFO: [ app_end ] --END-- [ RunTime:0.001000s ]

[ 2017-07-17T11:10:16+08:00 ] ::1 /shangchengmanage/goods/reqCate2?id=17
INFO: [ app_init ] --START--
INFO: Run Behavior\BuildLiteBehavior [ RunTime:0.000000s ]
INFO: [ app_init ] --END-- [ RunTime:0.001000s ]
INFO: [ app_begin ] --START--
INFO: Run Behavior\ReadHtmlCacheBehavior [ RunTime:0.001000s ]
INFO: [ app_begin ] --END-- [ RunTime:0.001000s ]
NOTIC: [8] A session had already been started - ignoring session_start() D:\phpStudy\www\App\Shangchengmanage\Controller\CommonController.class.php 第 10 行.
SQL: SHOW COLUMNS FROM `dq_goodsfenlei` [ RunTime:0.0120s ]
SQL: SELECT * FROM `dq_goodsfenlei` WHERE `is_show` = 1 AND `fid` = 17 ORDER BY paixu asc  [ RunTime:0.0010s ]

[ 2017-07-17T11:10:17+08:00 ] ::1 /shangchengmanage/goods/search?keyword=&formhash=231cb4d8
INFO: [ app_init ] --START--
INFO: Run Behavior\BuildLiteBehavior [ RunTime:0.000000s ]
INFO: [ app_init ] --END-- [ RunTime:0.000000s ]
INFO: [ app_begin ] --START--
INFO: Run Behavior\ReadHtmlCacheBehavior [ RunTime:0.001000s ]
INFO: [ app_begin ] --END-- [ RunTime:0.001000s ]
NOTIC: [8] A session had already been started - ignoring session_start() D:\phpStudy\www\App\Shangchengmanage\Controller\CommonController.class.php 第 10 行.
SQL: SHOW COLUMNS FROM `dq_goodsfenlei` [ RunTime:0.0150s ]
SQL: SELECT * FROM `dq_goodsfenlei` WHERE `is_show` = 1 AND `fid` = 0 ORDER BY id asc  [ RunTime:0.0020s ]
SQL: SHOW COLUMNS FROM `dq_goods` [ RunTime:0.0160s ]
INFO: [ view_parse ] --START--
INFO: [ template_filter ] --START--
INFO: Run Behavior\ContentReplaceBehavior [ RunTime:0.000000s ]
INFO: [ template_filter ] --END-- [ RunTime:0.001000s ]
INFO: Run Behavior\ParseTemplateBehavior [ RunTime:0.011001s ]
INFO: [ view_parse ] --END-- [ RunTime:0.011001s ]
INFO: [ view_filter ] --START--
INFO: Run Behavior\WriteHtmlCacheBehavior [ RunTime:0.001000s ]
INFO: Run Behavior\TokenBuildBehavior [ RunTime:0.001000s ]
INFO: [ view_filter ] --END-- [ RunTime:0.002000s ]

[ 2017-07-17T11:23:44+08:00 ] ::1 /Shangchengmanage/Login/verify.html
INFO: [ app_init ] --START--
INFO: Run Behavior\BuildLiteBehavior [ RunTime:0.000000s ]
INFO: [ app_init ] --END-- [ RunTime:0.001000s ]
INFO: [ app_begin ] --START--
INFO: Run Behavior\ReadHtmlCacheBehavior [ RunTime:0.001000s ]
INFO: [ app_begin ] --END-- [ RunTime:0.001000s ]
NOTIC: [8] Uninitialized string offset: 11 D:\phpStudy\www\Core\Library\Think\Verify.class.php 第 256 行.
NOTIC: [8] Uninitialized string offset: 29 D:\phpStudy\www\Core\Library\Think\Verify.class.php 第 256 行.
NOTIC: [8] Uninitialized string offset: 19 D:\phpStudy\www\Core\Library\Think\Verify.class.php 第 256 行.
NOTIC: [8] Uninitialized string offset: 26 D:\phpStudy\www\Core\Library\Think\Verify.class.php 第 256 行.
NOTIC: [8] Uninitialized string offset: 21 D:\phpStudy\www\Core\Library\Think\Verify.class.php 第 256 行.
NOTIC: [8] Uninitialized string offset: 10 D:\phpStudy\www\Core\Library\Think\Verify.class.php 第 256 行.
NOTIC: [8] Uninitialized string offset: 16 D:\phpStudy\www\Core\Library\Think\Verify.class.php 第 256 行.
NOTIC: [8] Uninitialized string offset: 18 D:\phpStudy\www\Core\Library\Think\Verify.class.php 第 256 行.
NOTIC: [8] Uninitialized string offset: 23 D:\phpStudy\www\Core\Library\Think\Verify.class.php 第 256 行.
NOTIC: [8] Uninitialized string offset: 11 D:\phpStudy\www\Core\Library\Think\Verify.class.php 第 256 行.
NOTIC: [8] Uninitialized string offset: 12 D:\phpStudy\www\Core\Library\Think\Verify.class.php 第 256 行.
NOTIC: [8] Uninitialized string offset: 28 D:\phpStudy\www\Core\Library\Think\Verify.class.php 第 256 行.
NOTIC: [8] Uninitialized string offset: 23 D:\phpStudy\www\Core\Library\Think\Verify.class.php 第 256 行.
NOTIC: [8] Uninitialized string offset: 10 D:\phpStudy\www\Core\Library\Think\Verify.class.php 第 256 行.
NOTIC: [8] Uninitialized string offset: 17 D:\phpStudy\www\Core\Library\Think\Verify.class.php 第 256 行.
NOTIC: [8] Uninitialized string offset: 20 D:\phpStudy\www\Core\Library\Think\Verify.class.php 第 256 行.
NOTIC: [8] Uninitialized string offset: 13 D:\phpStudy\www\Core\Library\Think\Verify.class.php 第 256 行.
NOTIC: [8] Uninitialized string offset: 12 D:\phpStudy\www\Core\Library\Think\Verify.class.php 第 256 行.
NOTIC: [8] Uninitialized string offset: 19 D:\phpStudy\www\Core\Library\Think\Verify.class.php 第 256 行.
NOTIC: [8] Uninitialized string offset: 14 D:\phpStudy\www\Core\Library\Think\Verify.class.php 第 256 行.
NOTIC: [8] Uninitialized string offset: 11 D:\phpStudy\www\Core\Library\Think\Verify.class.php 第 256 行.
NOTIC: [8] Uninitialized string offset: 28 D:\phpStudy\www\Core\Library\Think\Verify.class.php 第 256 行.
NOTIC: [8] Uninitialized string offset: 29 D:\phpStudy\www\Core\Library\Think\Verify.class.php 第 256 行.
NOTIC: [8] Uninitialized string offset: 14 D:\phpStudy\www\Core\Library\Think\Verify.class.php 第 256 行.
NOTIC: [8] Uninitialized string offset: 16 D:\phpStudy\www\Core\Library\Think\Verify.class.php 第 256 行.
NOTIC: [8] Uninitialized string offset: 14 D:\phpStudy\www\Core\Library\Think\Verify.class.php 第 256 行.
NOTIC: [8] Uninitialized string offset: 26 D:\phpStudy\www\Core\Library\Think\Verify.class.php 第 256 行.
NOTIC: [8] Uninitialized string offset: 23 D:\phpStudy\www\Core\Library\Think\Verify.class.php 第 256 行.
INFO: [ app_end ] --START--
INFO: Run Behavior\ShowPageTraceBehavior [ RunTime:0.001000s ]
INFO: [ app_end ] --END-- [ RunTime:0.001000s ]

[ 2017-07-17T11:29:21+08:00 ] ::1 /shangchengmanage/goodsfenlei/index.html
INFO: [ app_init ] --START--
INFO: Run Behavior\BuildLiteBehavior [ RunTime:0.000000s ]
INFO: [ app_init ] --END-- [ RunTime:0.000000s ]
INFO: [ app_begin ] --START--
INFO: Run Behavior\ReadHtmlCacheBehavior [ RunTime:0.001000s ]
INFO: [ app_begin ] --END-- [ RunTime:0.001000s ]
NOTIC: [8] A session had already been started - ignoring session_start() D:\phpStudy\www\App\Shangchengmanage\Controller\CommonController.class.php 第 10 行.
SQL: SHOW COLUMNS FROM `dq_goodsfenlei` [ RunTime:0.0250s ]
SQL: SELECT COUNT(*) AS tp_count FROM `dq_goodsfenlei` LIMIT 1   [ RunTime:0.0010s ]
SQL: SELECT * FROM `dq_goodsfenlei` WHERE `fid` = 0 ORDER BY id desc  [ RunTime:0.0010s ]
SQL: SELECT * FROM `dq_goodsfenlei` WHERE `fid` = 41 ORDER BY id desc  [ RunTime:0.0010s ]
SQL: SELECT * FROM `dq_goodsfenlei` WHERE `fid` = 40 ORDER BY id desc  [ RunTime:0.0010s ]
SQL: SELECT * FROM `dq_goodsfenlei` WHERE `fid` = 39 ORDER BY id desc  [ RunTime:0.0000s ]
SQL: SELECT * FROM `dq_goodsfenlei` WHERE `fid` = 38 ORDER BY id desc  [ RunTime:0.0000s ]
SQL: SELECT * FROM `dq_goodsfenlei` WHERE `fid` = 37 ORDER BY id desc  [ RunTime:0.0000s ]
SQL: SELECT * FROM `dq_goodsfenlei` WHERE `fid` = 36 ORDER BY id desc  [ RunTime:0.0000s ]
SQL: SELECT * FROM `dq_goodsfenlei` WHERE `fid` = 35 ORDER BY id desc  [ RunTime:0.0000s ]
SQL: SELECT * FROM `dq_goodsfenlei` WHERE `fid` = 34 ORDER BY id desc  [ RunTime:0.0000s ]
SQL: SELECT * FROM `dq_goodsfenlei` WHERE `fid` = 33 ORDER BY id desc  [ RunTime:0.0000s ]
SQL: SELECT * FROM `dq_goodsfenlei` WHERE `fid` = 32 ORDER BY id desc  [ RunTime:0.0000s ]
SQL: SELECT * FROM `dq_goodsfenlei` WHERE `fid` = 31 ORDER BY id desc  [ RunTime:0.0000s ]
SQL: SELECT * FROM `dq_goodsfenlei` WHERE `fid` = 30 ORDER BY id desc  [ RunTime:0.0000s ]
SQL: SELECT * FROM `dq_goodsfenlei` WHERE `fid` = 29 ORDER BY id desc  [ RunTime:0.0000s ]
SQL: SELECT * FROM `dq_goodsfenlei` WHERE `fid` = 28 ORDER BY id desc  [ RunTime:0.0000s ]
SQL: SELECT * FROM `dq_goodsfenlei` WHERE `fid` = 27 ORDER BY id desc  [ RunTime:0.0000s ]
SQL: SELECT * FROM `dq_goodsfenlei` WHERE `fid` = 26 ORDER BY id desc  [ RunTime:0.0000s ]
SQL: SELECT * FROM `dq_goodsfenlei` WHERE `fid` = 25 ORDER BY id desc  [ RunTime:0.0000s ]
SQL: SELECT * FROM `dq_goodsfenlei` WHERE `fid` = 24 ORDER BY id desc  [ RunTime:0.0000s ]
SQL: SELECT * FROM `dq_goodsfenlei` WHERE `fid` = 23 ORDER BY id desc  [ RunTime:0.0000s ]
SQL: SELECT * FROM `dq_goodsfenlei` WHERE `fid` = 22 ORDER BY id desc  [ RunTime:0.0010s ]
SQL: SELECT * FROM `dq_goodsfenlei` WHERE `fid` = 21 ORDER BY id desc  [ RunTime:0.0000s ]
SQL: SELECT * FROM `dq_goodsfenlei` WHERE `fid` = 20 ORDER BY id desc  [ RunTime:0.0010s ]
SQL: SELECT * FROM `dq_goodsfenlei` WHERE `fid` = 19 ORDER BY id desc  [ RunTime:0.0000s ]
SQL: SELECT * FROM `dq_goodsfenlei` WHERE `fid` = 18 ORDER BY id desc  [ RunTime:0.0010s ]
SQL: SELECT * FROM `dq_goodsfenlei` WHERE `fid` = 17 ORDER BY id desc  [ RunTime:0.0000s ]
SQL: SELECT * FROM `dq_goodsfenlei` WHERE `fid` = 16 ORDER BY id desc  [ RunTime:0.0010s ]
SQL: SELECT * FROM `dq_goodsfenlei` WHERE `fid` = 15 ORDER BY id desc  [ RunTime:0.0000s ]
SQL: SELECT * FROM `dq_goodsfenlei` WHERE `fid` = 14 ORDER BY id desc  [ RunTime:0.0000s ]
SQL: SELECT * FROM `dq_goodsfenlei` WHERE `fid` = 12 ORDER BY id desc  [ RunTime:0.0000s ]
SQL: SELECT * FROM `dq_goodsfenlei` WHERE `fid` = 11 ORDER BY id desc  [ RunTime:0.0000s ]
SQL: SELECT * FROM `dq_goodsfenlei` WHERE `fid` = 9 ORDER BY id desc  [ RunTime:0.0000s ]
SQL: SELECT * FROM `dq_goodsfenlei` WHERE `fid` = 8 ORDER BY id desc  [ RunTime:0.0000s ]
SQL: SELECT * FROM `dq_goodsfenlei` WHERE `fid` = 6 ORDER BY id desc  [ RunTime:0.0010s ]
SQL: SELECT * FROM `dq_goodsfenlei` WHERE `fid` = 5 ORDER BY id desc  [ RunTime:0.0000s ]
SQL: SELECT * FROM `dq_goodsfenlei` WHERE `fid` = 3 ORDER BY id desc  [ RunTime:0.0010s ]
SQL: SELECT * FROM `dq_goodsfenlei` WHERE `fid` = 2 ORDER BY id desc  [ RunTime:0.0000s ]
INFO: [ view_parse ] --START--
INFO: [ template_filter ] --START--
INFO: Run Behavior\ContentReplaceBehavior [ RunTime:0.000000s ]
INFO: [ template_filter ] --END-- [ RunTime:0.000000s ]
NOTIC: [8] Undefined index: childs D:\phpStudy\www\App\Runtime\Cache\Shangchengmanage\4f17944c71dd8be9a9c55a7900aa54f2.php 第 94 行.
NOTIC: [2] Invalid argument supplied for foreach() D:\phpStudy\www\App\Runtime\Cache\Shangchengmanage\4f17944c71dd8be9a9c55a7900aa54f2.php 第 94 行.
NOTIC: [8] Undefined index: childs D:\phpStudy\www\App\Runtime\Cache\Shangchengmanage\4f17944c71dd8be9a9c55a7900aa54f2.php 第 94 行.
NOTIC: [2] Invalid argument supplied for foreach() D:\phpStudy\www\App\Runtime\Cache\Shangchengmanage\4f17944c71dd8be9a9c55a7900aa54f2.php 第 94 行.
NOTIC: [8] Undefined index: childs D:\phpStudy\www\App\Runtime\Cache\Shangchengmanage\4f17944c71dd8be9a9c55a7900aa54f2.php 第 94 行.
NOTIC: [2] Invalid argument supplied for foreach() D:\phpStudy\www\App\Runtime\Cache\Shangchengmanage\4f17944c71dd8be9a9c55a7900aa54f2.php 第 94 行.
NOTIC: [8] Undefined index: childs D:\phpStudy\www\App\Runtime\Cache\Shangchengmanage\4f17944c71dd8be9a9c55a7900aa54f2.php 第 94 行.
NOTIC: [2] Invalid argument supplied for foreach() D:\phpStudy\www\App\Runtime\Cache\Shangchengmanage\4f17944c71dd8be9a9c55a7900aa54f2.php 第 94 行.
NOTIC: [8] Undefined index: childs D:\phpStudy\www\App\Runtime\Cache\Shangchengmanage\4f17944c71dd8be9a9c55a7900aa54f2.php 第 94 行.
NOTIC: [2] Invalid argument supplied for foreach() D:\phpStudy\www\App\Runtime\Cache\Shangchengmanage\4f17944c71dd8be9a9c55a7900aa54f2.php 第 94 行.
NOTIC: [8] Undefined index: childs D:\phpStudy\www\App\Runtime\Cache\Shangchengmanage\4f17944c71dd8be9a9c55a7900aa54f2.php 第 94 行.
NOTIC: [2] Invalid argument supplied for foreach() D:\phpStudy\www\App\Runtime\Cache\Shangchengmanage\4f17944c71dd8be9a9c55a7900aa54f2.php 第 94 行.
NOTIC: [8] Undefined index: childs D:\phpStudy\www\App\Runtime\Cache\Shangchengmanage\4f17944c71dd8be9a9c55a7900aa54f2.php 第 94 行.
NOTIC: [2] Invalid argument supplied for foreach() D:\phpStudy\www\App\Runtime\Cache\Shangchengmanage\4f17944c71dd8be9a9c55a7900aa54f2.php 第 94 行.
NOTIC: [8] Undefined index: childs D:\phpStudy\www\App\Runtime\Cache\Shangchengmanage\4f17944c71dd8be9a9c55a7900aa54f2.php 第 94 行.
NOTIC: [2] Invalid argument supplied for foreach() D:\phpStudy\www\App\Runtime\Cache\Shangchengmanage\4f17944c71dd8be9a9c55a7900aa54f2.php 第 94 行.
NOTIC: [8] Undefined index: childs D:\phpStudy\www\App\Runtime\Cache\Shangchengmanage\4f17944c71dd8be9a9c55a7900aa54f2.php 第 94 行.
NOTIC: [2] Invalid argument supplied for foreach() D:\phpStudy\www\App\Runtime\Cache\Shangchengmanage\4f17944c71dd8be9a9c55a7900aa54f2.php 第 94 行.
NOTIC: [8] Undefined index: childs D:\phpStudy\www\App\Runtime\Cache\Shangchengmanage\4f17944c71dd8be9a9c55a7900aa54f2.php 第 94 行.
NOTIC: [2] Invalid argument supplied for foreach() D:\phpStudy\www\App\Runtime\Cache\Shangchengmanage\4f17944c71dd8be9a9c55a7900aa54f2.php 第 94 行.
NOTIC: [8] Undefined index: childs D:\phpStudy\www\App\Runtime\Cache\Shangchengmanage\4f17944c71dd8be9a9c55a7900aa54f2.php 第 94 行.
NOTIC: [2] Invalid argument supplied for foreach() D:\phpStudy\www\App\Runtime\Cache\Shangchengmanage\4f17944c71dd8be9a9c55a7900aa54f2.php 第 94 行.
NOTIC: [8] Undefined index: childs D:\phpStudy\www\App\Runtime\Cache\Shangchengmanage\4f17944c71dd8be9a9c55a7900aa54f2.php 第 94 行.
NOTIC: [2] Invalid argument supplied for foreach() D:\phpStudy\www\App\Runtime\Cache\Shangchengmanage\4f17944c71dd8be9a9c55a7900aa54f2.php 第 94 行.
NOTIC: [8] Undefined index: childs D:\phpStudy\www\App\Runtime\Cache\Shangchengmanage\4f17944c71dd8be9a9c55a7900aa54f2.php 第 94 行.
NOTIC: [2] Invalid argument supplied for foreach() D:\phpStudy\www\App\Runtime\Cache\Shangchengmanage\4f17944c71dd8be9a9c55a7900aa54f2.php 第 94 行.
NOTIC: [8] Undefined index: childs D:\phpStudy\www\App\Runtime\Cache\Shangchengmanage\4f17944c71dd8be9a9c55a7900aa54f2.php 第 94 行.
NOTIC: [2] Invalid argument supplied for foreach() D:\phpStudy\www\App\Runtime\Cache\Shangchengmanage\4f17944c71dd8be9a9c55a7900aa54f2.php 第 94 行.
NOTIC: [8] Undefined index: childs D:\phpStudy\www\App\Runtime\Cache\Shangchengmanage\4f17944c71dd8be9a9c55a7900aa54f2.php 第 94 行.
NOTIC: [2] Invalid argument supplied for foreach() D:\phpStudy\www\App\Runtime\Cache\Shangchengmanage\4f17944c71dd8be9a9c55a7900aa54f2.php 第 94 行.
NOTIC: [8] Undefined index: childs D:\phpStudy\www\App\Runtime\Cache\Shangchengmanage\4f17944c71dd8be9a9c55a7900aa54f2.php 第 94 行.
NOTIC: [2] Invalid argument supplied for foreach() D:\phpStudy\www\App\Runtime\Cache\Shangchengmanage\4f17944c71dd8be9a9c55a7900aa54f2.php 第 94 行.
NOTIC: [8] Undefined index: childs D:\phpStudy\www\App\Runtime\Cache\Shangchengmanage\4f17944c71dd8be9a9c55a7900aa54f2.php 第 94 行.
NOTIC: [2] Invalid argument supplied for foreach() D:\phpStudy\www\App\Runtime\Cache\Shangchengmanage\4f17944c71dd8be9a9c55a7900aa54f2.php 第 94 行.
NOTIC: [8] Undefined index: childs D:\phpStudy\www\App\Runtime\Cache\Shangchengmanage\4f17944c71dd8be9a9c55a7900aa54f2.php 第 94 行.
NOTIC: [2] Invalid argument supplied for foreach() D:\phpStudy\www\App\Runtime\Cache\Shangchengmanage\4f17944c71dd8be9a9c55a7900aa54f2.php 第 94 行.
NOTIC: [8] Undefined index: childs D:\phpStudy\www\App\Runtime\Cache\Shangchengmanage\4f17944c71dd8be9a9c55a7900aa54f2.php 第 94 行.
NOTIC: [2] Invalid argument supplied for foreach() D:\phpStudy\www\App\Runtime\Cache\Shangchengmanage\4f17944c71dd8be9a9c55a7900aa54f2.php 第 94 行.
NOTIC: [8] Undefined index: childs D:\phpStudy\www\App\Runtime\Cache\Shangchengmanage\4f17944c71dd8be9a9c55a7900aa54f2.php 第 94 行.
NOTIC: [2] Invalid argument supplied for foreach() D:\phpStudy\www\App\Runtime\Cache\Shangchengmanage\4f17944c71dd8be9a9c55a7900aa54f2.php 第 94 行.
NOTIC: [8] Undefined index: childs D:\phpStudy\www\App\Runtime\Cache\Shangchengmanage\4f17944c71dd8be9a9c55a7900aa54f2.php 第 94 行.
NOTIC: [2] Invalid argument supplied for foreach() D:\phpStudy\www\App\Runtime\Cache\Shangchengmanage\4f17944c71dd8be9a9c55a7900aa54f2.php 第 94 行.
NOTIC: [8] Undefined index: childs D:\phpStudy\www\App\Runtime\Cache\Shangchengmanage\4f17944c71dd8be9a9c55a7900aa54f2.php 第 94 行.
NOTIC: [2] Invalid argument supplied for foreach() D:\phpStudy\www\App\Runtime\Cache\Shangchengmanage\4f17944c71dd8be9a9c55a7900aa54f2.php 第 94 行.
NOTIC: [8] Undefined index: childs D:\phpStudy\www\App\Runtime\Cache\Shangchengmanage\4f17944c71dd8be9a9c55a7900aa54f2.php 第 94 行.
NOTIC: [2] Invalid argument supplied for foreach() D:\phpStudy\www\App\Runtime\Cache\Shangchengmanage\4f17944c71dd8be9a9c55a7900aa54f2.php 第 94 行.
NOTIC: [8] Undefined index: childs D:\phpStudy\www\App\Runtime\Cache\Shangchengmanage\4f17944c71dd8be9a9c55a7900aa54f2.php 第 94 行.
NOTIC: [2] Invalid argument supplied for foreach() D:\phpStudy\www\App\Runtime\Cache\Shangchengmanage\4f17944c71dd8be9a9c55a7900aa54f2.php 第 94 行.
NOTIC: [8] Undefined index: childs D:\phpStudy\www\App\Runtime\Cache\Shangchengmanage\4f17944c71dd8be9a9c55a7900aa54f2.php 第 94 行.
NOTIC: [2] Invalid argument supplied for foreach() D:\phpStudy\www\App\Runtime\Cache\Shangchengmanage\4f17944c71dd8be9a9c55a7900aa54f2.php 第 94 行.
NOTIC: [8] Undefined index: childs D:\phpStudy\www\App\Runtime\Cache\Shangchengmanage\4f17944c71dd8be9a9c55a7900aa54f2.php 第 94 行.
NOTIC: [2] Invalid argument supplied for foreach() D:\phpStudy\www\App\Runtime\Cache\Shangchengmanage\4f17944c71dd8be9a9c55a7900aa54f2.php 第 94 行.
NOTIC: [8] Undefined index: childs D:\phpStudy\www\App\Runtime\Cache\Shangchengmanage\4f17944c71dd8be9a9c55a7900aa54f2.php 第 94 行.
NOTIC: [2] Invalid argument supplied for foreach() D:\phpStudy\www\App\Runtime\Cache\Shangchengmanage\4f17944c71dd8be9a9c55a7900aa54f2.php 第 94 行.
NOTIC: [8] Undefined index: childs D:\phpStudy\www\App\Runtime\Cache\Shangchengmanage\4f17944c71dd8be9a9c55a7900aa54f2.php 第 94 行.
NOTIC: [2] Invalid argument supplied for foreach() D:\phpStudy\www\App\Runtime\Cache\Shangchengmanage\4f17944c71dd8be9a9c55a7900aa54f2.php 第 94 行.
NOTIC: [8] Undefined index: childs D:\phpStudy\www\App\Runtime\Cache\Shangchengmanage\4f17944c71dd8be9a9c55a7900aa54f2.php 第 94 行.
NOTIC: [2] Invalid argument supplied for foreach() D:\phpStudy\www\App\Runtime\Cache\Shangchengmanage\4f17944c71dd8be9a9c55a7900aa54f2.php 第 94 行.
NOTIC: [8] Undefined index: childs D:\phpStudy\www\App\Runtime\Cache\Shangchengmanage\4f17944c71dd8be9a9c55a7900aa54f2.php 第 94 行.
NOTIC: [2] Invalid argument supplied for foreach() D:\phpStudy\www\App\Runtime\Cache\Shangchengmanage\4f17944c71dd8be9a9c55a7900aa54f2.php 第 94 行.
NOTIC: [8] Undefined index: childs D:\phpStudy\www\App\Runtime\Cache\Shangchengmanage\4f17944c71dd8be9a9c55a7900aa54f2.php 第 94 行.
NOTIC: [2] Invalid argument supplied for foreach() D:\phpStudy\www\App\Runtime\Cache\Shangchengmanage\4f17944c71dd8be9a9c55a7900aa54f2.php 第 94 行.
NOTIC: [8] Undefined index: childs D:\phpStudy\www\App\Runtime\Cache\Shangchengmanage\4f17944c71dd8be9a9c55a7900aa54f2.php 第 94 行.
NOTIC: [2] Invalid argument supplied for foreach() D:\phpStudy\www\App\Runtime\Cache\Shangchengmanage\4f17944c71dd8be9a9c55a7900aa54f2.php 第 94 行.
NOTIC: [8] Undefined index: childs D:\phpStudy\www\App\Runtime\Cache\Shangchengmanage\4f17944c71dd8be9a9c55a7900aa54f2.php 第 94 行.
NOTIC: [2] Invalid argument supplied for foreach() D:\phpStudy\www\App\Runtime\Cache\Shangchengmanage\4f17944c71dd8be9a9c55a7900aa54f2.php 第 94 行.
NOTIC: [8] Undefined index: childs D:\phpStudy\www\App\Runtime\Cache\Shangchengmanage\4f17944c71dd8be9a9c55a7900aa54f2.php 第 94 行.
NOTIC: [2] Invalid argument supplied for foreach() D:\phpStudy\www\App\Runtime\Cache\Shangchengmanage\4f17944c71dd8be9a9c55a7900aa54f2.php 第 94 行.
NOTIC: [8] Undefined index: childs D:\phpStudy\www\App\Runtime\Cache\Shangchengmanage\4f17944c71dd8be9a9c55a7900aa54f2.php 第 94 行.
NOTIC: [2] Invalid argument supplied for foreach() D:\phpStudy\www\App\Runtime\Cache\Shangchengmanage\4f17944c71dd8be9a9c55a7900aa54f2.php 第 94 行.
NOTIC: [8] Undefined variable: page D:\phpStudy\www\App\Runtime\Cache\Shangchengmanage\4f17944c71dd8be9a9c55a7900aa54f2.php 第 109 行.
INFO: Run Behavior\ParseTemplateBehavior [ RunTime:0.021001s ]
INFO: [ view_parse ] --END-- [ RunTime:0.021001s ]
INFO: [ view_filter ] --START--
INFO: Run Behavior\WriteHtmlCacheBehavior [ RunTime:0.001000s ]
INFO: Run Behavior\TokenBuildBehavior [ RunTime:0.000000s ]
INFO: [ view_filter ] --END-- [ RunTime:0.001000s ]
INFO: [ app_end ] --START--
INFO: Run Behavior\ShowPageTraceBehavior [ RunTime:0.001000s ]
INFO: [ app_end ] --END-- [ RunTime:0.001000s ]

[ 2017-07-17T11:29:44+08:00 ] ::1 /shangchengmanage/goods/index.html
INFO: [ app_init ] --START--
INFO: Run Behavior\BuildLiteBehavior [ RunTime:0.000000s ]
INFO: [ app_init ] --END-- [ RunTime:0.001000s ]
INFO: [ app_begin ] --START--
INFO: Run Behavior\ReadHtmlCacheBehavior [ RunTime:0.000000s ]
INFO: [ app_begin ] --END-- [ RunTime:0.000000s ]
NOTIC: [8] A session had already been started - ignoring session_start() D:\phpStudy\www\App\Shangchengmanage\Controller\CommonController.class.php 第 10 行.
SQL: SHOW COLUMNS FROM `dq_goodsfenlei` [ RunTime:0.0200s ]
SQL: SELECT * FROM `dq_goodsfenlei` WHERE `is_show` = 1 AND `fid` = 0 ORDER BY id asc  [ RunTime:0.0010s ]
SQL: SHOW COLUMNS FROM `dq_goods` [ RunTime:0.0140s ]
SQL: SELECT COUNT(*) AS tp_count FROM `dq_goods` LIMIT 1   [ RunTime:0.0020s ]
SQL: SELECT * FROM `dq_goodsfenlei` WHERE `is_show` = 1 ORDER BY paixu asc  [ RunTime:0.0000s ]
SQL: SELECT * FROM `dq_goods` ORDER BY id desc LIMIT 0,15   [ RunTime:0.0000s ]
SQL: SHOW COLUMNS FROM `dq_goodsfenlei` [ RunTime:0.0140s ]
SQL: SELECT `name` FROM `dq_goodsfenlei` WHERE `id` = 40 LIMIT 1   [ RunTime:0.0010s ]
SQL: SELECT `name` FROM `dq_goodsfenlei` WHERE `id` = 0 LIMIT 1   [ RunTime:0.0000s ]
SQL: SELECT `name` FROM `dq_goodsfenlei` WHERE `id` = 0 LIMIT 1   [ RunTime:0.0000s ]
SQL: SELECT `name` FROM `dq_goodsfenlei` WHERE `id` = 0 LIMIT 1   [ RunTime:0.0000s ]
SQL: SELECT `name` FROM `dq_goodsfenlei` WHERE `id` = 0 LIMIT 1   [ RunTime:0.0000s ]
SQL: SELECT `name` FROM `dq_goodsfenlei` WHERE `id` = 0 LIMIT 1   [ RunTime:0.0000s ]
SQL: SELECT `name` FROM `dq_goodsfenlei` WHERE `id` = 0 LIMIT 1   [ RunTime:0.0000s ]
SQL: SELECT `name` FROM `dq_goodsfenlei` WHERE `id` = 0 LIMIT 1   [ RunTime:0.0000s ]
SQL: SELECT `name` FROM `dq_goodsfenlei` WHERE `id` = 0 LIMIT 1   [ RunTime:0.0010s ]
SQL: SELECT `name` FROM `dq_goodsfenlei` WHERE `id` = 0 LIMIT 1   [ RunTime:0.0000s ]
SQL: SELECT `name` FROM `dq_goodsfenlei` WHERE `id` = 0 LIMIT 1   [ RunTime:0.0000s ]
SQL: SELECT `name` FROM `dq_goodsfenlei` WHERE `id` = 0 LIMIT 1   [ RunTime:0.0010s ]
SQL: SELECT `name` FROM `dq_goodsfenlei` WHERE `id` = 0 LIMIT 1   [ RunTime:0.0000s ]
SQL: SELECT `name` FROM `dq_goodsfenlei` WHERE `id` = 0 LIMIT 1   [ RunTime:0.0000s ]
SQL: SELECT `name` FROM `dq_goodsfenlei` WHERE `id` = 0 LIMIT 1   [ RunTime:0.0010s ]
INFO: [ view_parse ] --START--
INFO: [ template_filter ] --START--
INFO: Run Behavior\ContentReplaceBehavior [ RunTime:0.000000s ]
INFO: [ template_filter ] --END-- [ RunTime:0.000000s ]
NOTIC: [8] Undefined variable: fl2 D:\phpStudy\www\App\Runtime\Cache\Shangchengmanage\658564a2a59dac332528c6b376214446.php 第 71 行.
INFO: Run Behavior\ParseTemplateBehavior [ RunTime:0.014000s ]
INFO: [ view_parse ] --END-- [ RunTime:0.014000s ]
INFO: [ view_filter ] --START--
INFO: Run Behavior\WriteHtmlCacheBehavior [ RunTime:0.000000s ]
INFO: Run Behavior\TokenBuildBehavior [ RunTime:0.001000s ]
INFO: [ view_filter ] --END-- [ RunTime:0.001000s ]
INFO: [ app_end ] --START--
INFO: Run Behavior\ShowPageTraceBehavior [ RunTime:0.000000s ]
INFO: [ app_end ] --END-- [ RunTime:0.000000s ]

[ 2017-07-17T11:29:49+08:00 ] ::1 /shangchengmanage/goods/reqCate2?id=19
INFO: [ app_init ] --START--
INFO: Run Behavior\BuildLiteBehavior [ RunTime:0.000000s ]
INFO: [ app_init ] --END-- [ RunTime:0.000000s ]
INFO: [ app_begin ] --START--
INFO: Run Behavior\ReadHtmlCacheBehavior [ RunTime:0.001000s ]
INFO: [ app_begin ] --END-- [ RunTime:0.001000s ]
NOTIC: [8] A session had already been started - ignoring session_start() D:\phpStudy\www\App\Shangchengmanage\Controller\CommonController.class.php 第 10 行.
SQL: SHOW COLUMNS FROM `dq_goodsfenlei` [ RunTime:0.0342s ]
SQL: SELECT * FROM `dq_goodsfenlei` WHERE `is_show` = 1 AND `fid` = 19 ORDER BY paixu asc  [ RunTime:0.0010s ]

[ 2017-07-17T11:32:17+08:00 ] ::1 /shangchengmanage/goods/index.html
INFO: [ app_init ] --START--
INFO: Run Behavior\BuildLiteBehavior [ RunTime:0.000000s ]
INFO: [ app_init ] --END-- [ RunTime:0.000000s ]
INFO: [ app_begin ] --START--
INFO: Run Behavior\ReadHtmlCacheBehavior [ RunTime:0.000000s ]
INFO: [ app_begin ] --END-- [ RunTime:0.001000s ]
NOTIC: [8] A session had already been started - ignoring session_start() D:\phpStudy\www\App\Shangchengmanage\Controller\CommonController.class.php 第 10 行.
SQL: SHOW COLUMNS FROM `dq_goodsfenlei` [ RunTime:0.0220s ]
SQL: SELECT * FROM `dq_goodsfenlei` WHERE `is_show` = 1 AND `fid` = 0 ORDER BY id asc  [ RunTime:0.0010s ]
SQL: SHOW COLUMNS FROM `dq_goods` [ RunTime:0.0150s ]
SQL: SELECT COUNT(*) AS tp_count FROM `dq_goods` LIMIT 1   [ RunTime:0.0010s ]
SQL: SELECT * FROM `dq_goodsfenlei` WHERE `is_show` = 1 ORDER BY paixu asc  [ RunTime:0.0000s ]
SQL: SELECT * FROM `dq_goods` ORDER BY id desc LIMIT 0,15   [ RunTime:0.0010s ]
SQL: SHOW COLUMNS FROM `dq_goodsfenlei` [ RunTime:0.0090s ]
SQL: SELECT `name` FROM `dq_goodsfenlei` WHERE `id` = 40 LIMIT 1   [ RunTime:0.0000s ]
SQL: SELECT `name` FROM `dq_goodsfenlei` WHERE `id` = 0 LIMIT 1   [ RunTime:0.0000s ]
SQL: SELECT `name` FROM `dq_goodsfenlei` WHERE `id` = 0 LIMIT 1   [ RunTime:0.0000s ]
SQL: SELECT `name` FROM `dq_goodsfenlei` WHERE `id` = 0 LIMIT 1   [ RunTime:0.0010s ]
SQL: SELECT `name` FROM `dq_goodsfenlei` WHERE `id` = 0 LIMIT 1   [ RunTime:0.0000s ]
SQL: SELECT `name` FROM `dq_goodsfenlei` WHERE `id` = 0 LIMIT 1   [ RunTime:0.0000s ]
SQL: SELECT `name` FROM `dq_goodsfenlei` WHERE `id` = 0 LIMIT 1   [ RunTime:0.0010s ]
SQL: SELECT `name` FROM `dq_goodsfenlei` WHERE `id` = 0 LIMIT 1   [ RunTime:0.0000s ]
SQL: SELECT `name` FROM `dq_goodsfenlei` WHERE `id` = 0 LIMIT 1   [ RunTime:0.0000s ]
SQL: SELECT `name` FROM `dq_goodsfenlei` WHERE `id` = 0 LIMIT 1   [ RunTime:0.0000s ]
SQL: SELECT `name` FROM `dq_goodsfenlei` WHERE `id` = 0 LIMIT 1   [ RunTime:0.0000s ]
SQL: SELECT `name` FROM `dq_goodsfenlei` WHERE `id` = 0 LIMIT 1   [ RunTime:0.0000s ]
SQL: SELECT `name` FROM `dq_goodsfenlei` WHERE `id` = 0 LIMIT 1   [ RunTime:0.0000s ]
SQL: SELECT `name` FROM `dq_goodsfenlei` WHERE `id` = 0 LIMIT 1   [ RunTime:0.0010s ]
SQL: SELECT `name` FROM `dq_goodsfenlei` WHERE `id` = 0 LIMIT 1   [ RunTime:0.0000s ]
INFO: [ view_parse ] --START--
INFO: [ template_filter ] --START--
INFO: Run Behavior\ContentReplaceBehavior [ RunTime:0.000000s ]
INFO: [ template_filter ] --END-- [ RunTime:0.000000s ]
NOTIC: [8] Undefined variable: fl2 D:\phpStudy\www\App\Runtime\Cache\Shangchengmanage\658564a2a59dac332528c6b376214446.php 第 71 行.
INFO: Run Behavior\ParseTemplateBehavior [ RunTime:0.011000s ]
INFO: [ view_parse ] --END-- [ RunTime:0.011000s ]
INFO: [ view_filter ] --START--
INFO: Run Behavior\WriteHtmlCacheBehavior [ RunTime:0.000000s ]
INFO: Run Behavior\TokenBuildBehavior [ RunTime:0.001000s ]
INFO: [ view_filter ] --END-- [ RunTime:0.001000s ]
INFO: [ app_end ] --START--
INFO: Run Behavior\ShowPageTraceBehavior [ RunTime:0.000000s ]
INFO: [ app_end ] --END-- [ RunTime:0.001000s ]

[ 2017-07-17T11:32:20+08:00 ] ::1 /shangchengmanage/goods/edit/id/1625
INFO: [ app_init ] --START--
INFO: Run Behavior\BuildLiteBehavior [ RunTime:0.000000s ]
INFO: [ app_init ] --END-- [ RunTime:0.000000s ]
INFO: [ app_begin ] --START--
INFO: Run Behavior\ReadHtmlCacheBehavior [ RunTime:0.000000s ]
INFO: [ app_begin ] --END-- [ RunTime:0.000000s ]
NOTIC: [8] A session had already been started - ignoring session_start() D:\phpStudy\www\App\Shangchengmanage\Controller\CommonController.class.php 第 10 行.
SQL: SHOW COLUMNS FROM `dq_goods` [ RunTime:0.0270s ]
SQL: SELECT * FROM `dq_goods` WHERE `id` = 1625 LIMIT 1   [ RunTime:0.0010s ]
SQL: SHOW COLUMNS FROM `dq_goodsfenlei` [ RunTime:0.0150s ]
SQL: SELECT * FROM `dq_goodsfenlei` WHERE `is_show` = 1 AND `fid` = 0 ORDER BY paixu asc  [ RunTime:0.0010s ]
SQL: SELECT * FROM `dq_goodsfenlei` WHERE `is_show` = 1 AND `id` = 42 ORDER BY paixu asc LIMIT 1   [ RunTime:0.0010s ]
SQL: SELECT * FROM `dq_goodsfenlei` WHERE `is_show` = 1 AND `fid` = 40 ORDER BY paixu asc  [ RunTime:0.0010s ]
NOTIC: [8] Undefined variable: pics2 D:\phpStudy\www\App\Shangchengmanage\Controller\GoodsController.class.php 第 91 行.
INFO: [ view_parse ] --START--
INFO: [ template_filter ] --START--
INFO: Run Behavior\ContentReplaceBehavior [ RunTime:0.000000s ]
INFO: [ template_filter ] --END-- [ RunTime:0.000000s ]
INFO: Run Behavior\ParseTemplateBehavior [ RunTime:0.021001s ]
INFO: [ view_parse ] --END-- [ RunTime:0.021001s ]
INFO: [ view_filter ] --START--
INFO: Run Behavior\WriteHtmlCacheBehavior [ RunTime:0.001001s ]
INFO: Run Behavior\TokenBuildBehavior [ RunTime:0.000000s ]
INFO: [ view_filter ] --END-- [ RunTime:0.001001s ]
INFO: [ app_end ] --START--
INFO: Run Behavior\ShowPageTraceBehavior [ RunTime:0.001000s ]
INFO: [ app_end ] --END-- [ RunTime:0.001000s ]

[ 2017-07-17T11:32:26+08:00 ] ::1 /shangchengmanage/goods/edit/id/1620
INFO: [ app_init ] --START--
INFO: Run Behavior\BuildLiteBehavior [ RunTime:0.000000s ]
INFO: [ app_init ] --END-- [ RunTime:0.001000s ]
INFO: [ app_begin ] --START--
INFO: Run Behavior\ReadHtmlCacheBehavior [ RunTime:0.001000s ]
INFO: [ app_begin ] --END-- [ RunTime:0.001000s ]
NOTIC: [8] A session had already been started - ignoring session_start() D:\phpStudy\www\App\Shangchengmanage\Controller\CommonController.class.php 第 10 行.
SQL: SHOW COLUMNS FROM `dq_goods` [ RunTime:0.0220s ]
SQL: SELECT * FROM `dq_goods` WHERE `id` = 1620 LIMIT 1   [ RunTime:0.0010s ]
SQL: SHOW COLUMNS FROM `dq_goodsfenlei` [ RunTime:0.0220s ]
SQL: SELECT * FROM `dq_goodsfenlei` WHERE `is_show` = 1 AND `fid` = 0 ORDER BY paixu asc  [ RunTime:0.0020s ]
SQL: SELECT * FROM `dq_goodsfenlei` WHERE `is_show` = 1 AND `id` = 37 ORDER BY paixu asc LIMIT 1   [ RunTime:0.0010s ]
SQL: SELECT * FROM `dq_goodsfenlei` WHERE `is_show` = 1 AND `fid` = 0 ORDER BY paixu asc  [ RunTime:0.0010s ]
INFO: [ view_parse ] --START--
INFO: [ template_filter ] --START--
INFO: Run Behavior\ContentReplaceBehavior [ RunTime:0.000000s ]
INFO: [ template_filter ] --END-- [ RunTime:0.000000s ]
NOTIC: [8] Array to string conversion D:\phpStudy\www\App\Runtime\Cache\Shangchengmanage\55bbc62c66feb4f83a07f2e0f4d94ce1.php 第 172 行.
INFO: Run Behavior\ParseTemplateBehavior [ RunTime:0.022002s ]
INFO: [ view_parse ] --END-- [ RunTime:0.022002s ]
INFO: [ view_filter ] --START--
INFO: Run Behavior\WriteHtmlCacheBehavior [ RunTime:0.000000s ]
INFO: Run Behavior\TokenBuildBehavior [ RunTime:0.000000s ]
INFO: [ view_filter ] --END-- [ RunTime:0.000000s ]
INFO: [ app_end ] --START--
INFO: Run Behavior\ShowPageTraceBehavior [ RunTime:0.000000s ]
INFO: [ app_end ] --END-- [ RunTime:0.000000s ]

[ 2017-07-17T15:40:58+08:00 ] ::1 /shangchengmanage/goods/index.html
INFO: [ app_init ] --START--
INFO: Run Behavior\BuildLiteBehavior [ RunTime:0.000000s ]
INFO: [ app_init ] --END-- [ RunTime:0.001000s ]
INFO: [ app_begin ] --START--
INFO: Run Behavior\ReadHtmlCacheBehavior [ RunTime:0.000000s ]
INFO: [ app_begin ] --END-- [ RunTime:0.000000s ]
NOTIC: [8] A session had already been started - ignoring session_start() D:\phpStudy\www\App\Shangchengmanage\Controller\CommonController.class.php 第 10 行.
SQL: SHOW COLUMNS FROM `dq_goodsfenlei` [ RunTime:0.0160s ]
SQL: SELECT * FROM `dq_goodsfenlei` WHERE `is_show` = 1 AND `fid` = 0 ORDER BY id asc  [ RunTime:0.0020s ]
SQL: SHOW COLUMNS FROM `dq_goods` [ RunTime:0.0160s ]
SQL: SELECT COUNT(*) AS tp_count FROM `dq_goods` LIMIT 1   [ RunTime:0.0030s ]
SQL: SELECT * FROM `dq_goodsfenlei` WHERE `is_show` = 1 ORDER BY paixu asc  [ RunTime:0.0010s ]
SQL: SELECT * FROM `dq_goods` ORDER BY id desc LIMIT 0,15   [ RunTime:0.0010s ]
SQL: SHOW COLUMNS FROM `dq_goodsfenlei` [ RunTime:0.0080s ]
SQL: SELECT `name` FROM `dq_goodsfenlei` WHERE `id` = 40 LIMIT 1   [ RunTime:0.0010s ]
SQL: SELECT `name` FROM `dq_goodsfenlei` WHERE `id` = 0 LIMIT 1   [ RunTime:0.0000s ]
SQL: SELECT `name` FROM `dq_goodsfenlei` WHERE `id` = 0 LIMIT 1   [ RunTime:0.0000s ]
SQL: SELECT `name` FROM `dq_goodsfenlei` WHERE `id` = 0 LIMIT 1   [ RunTime:0.0000s ]
SQL: SELECT `name` FROM `dq_goodsfenlei` WHERE `id` = 0 LIMIT 1   [ RunTime:0.0000s ]
SQL: SELECT `name` FROM `dq_goodsfenlei` WHERE `id` = 0 LIMIT 1   [ RunTime:0.0010s ]
SQL: SELECT `name` FROM `dq_goodsfenlei` WHERE `id` = 0 LIMIT 1   [ RunTime:0.0000s ]
SQL: SELECT `name` FROM `dq_goodsfenlei` WHERE `id` = 0 LIMIT 1   [ RunTime:0.0010s ]
SQL: SELECT `name` FROM `dq_goodsfenlei` WHERE `id` = 0 LIMIT 1   [ RunTime:0.0000s ]
SQL: SELECT `name` FROM `dq_goodsfenlei` WHERE `id` = 0 LIMIT 1   [ RunTime:0.0010s ]
SQL: SELECT `name` FROM `dq_goodsfenlei` WHERE `id` = 0 LIMIT 1   [ RunTime:0.0000s ]
SQL: SELECT `name` FROM `dq_goodsfenlei` WHERE `id` = 0 LIMIT 1   [ RunTime:0.0010s ]
SQL: SELECT `name` FROM `dq_goodsfenlei` WHERE `id` = 0 LIMIT 1   [ RunTime:0.0000s ]
SQL: SELECT `name` FROM `dq_goodsfenlei` WHERE `id` = 0 LIMIT 1   [ RunTime:0.0010s ]
SQL: SELECT `name` FROM `dq_goodsfenlei` WHERE `id` = 0 LIMIT 1   [ RunTime:0.0000s ]
INFO: [ view_parse ] --START--
INFO: [ template_filter ] --START--
INFO: Run Behavior\ContentReplaceBehavior [ RunTime:0.000000s ]
INFO: [ template_filter ] --END-- [ RunTime:0.000000s ]
NOTIC: [8] Undefined variable: fl2 D:\phpStudy\www\App\Runtime\Cache\Shangchengmanage\658564a2a59dac332528c6b376214446.php 第 71 行.
INFO: Run Behavior\ParseTemplateBehavior [ RunTime:0.015001s ]
INFO: [ view_parse ] --END-- [ RunTime:0.015001s ]
INFO: [ view_filter ] --START--
INFO: Run Behavior\WriteHtmlCacheBehavior [ RunTime:0.001000s ]
INFO: Run Behavior\TokenBuildBehavior [ RunTime:0.001000s ]
INFO: [ view_filter ] --END-- [ RunTime:0.002000s ]
INFO: [ app_end ] --START--
INFO: Run Behavior\ShowPageTraceBehavior [ RunTime:0.001000s ]
INFO: [ app_end ] --END-- [ RunTime:0.001000s ]

[ 2017-07-17T15:41:20+08:00 ] ::1 /shangchengmanage/goodsfenlei/index.html
INFO: [ app_init ] --START--
INFO: Run Behavior\BuildLiteBehavior [ RunTime:0.000000s ]
INFO: [ app_init ] --END-- [ RunTime:0.001000s ]
INFO: [ app_begin ] --START--
INFO: Run Behavior\ReadHtmlCacheBehavior [ RunTime:0.001000s ]
INFO: [ app_begin ] --END-- [ RunTime:0.001000s ]
NOTIC: [8] A session had already been started - ignoring session_start() D:\phpStudy\www\App\Shangchengmanage\Controller\CommonController.class.php 第 10 行.
SQL: SHOW COLUMNS FROM `dq_goodsfenlei` [ RunTime:0.0140s ]
SQL: SELECT COUNT(*) AS tp_count FROM `dq_goodsfenlei` LIMIT 1   [ RunTime:0.0010s ]
SQL: SELECT * FROM `dq_goodsfenlei` WHERE `fid` = 0 ORDER BY id desc  [ RunTime:0.0010s ]
SQL: SELECT * FROM `dq_goodsfenlei` WHERE `fid` = 41 ORDER BY id desc  [ RunTime:0.0010s ]
SQL: SELECT * FROM `dq_goodsfenlei` WHERE `fid` = 40 ORDER BY id desc  [ RunTime:0.0010s ]
SQL: SELECT * FROM `dq_goodsfenlei` WHERE `fid` = 39 ORDER BY id desc  [ RunTime:0.0010s ]
SQL: SELECT * FROM `dq_goodsfenlei` WHERE `fid` = 38 ORDER BY id desc  [ RunTime:0.0010s ]
SQL: SELECT * FROM `dq_goodsfenlei` WHERE `fid` = 37 ORDER BY id desc  [ RunTime:0.0010s ]
SQL: SELECT * FROM `dq_goodsfenlei` WHERE `fid` = 36 ORDER BY id desc  [ RunTime:0.0010s ]
SQL: SELECT * FROM `dq_goodsfenlei` WHERE `fid` = 35 ORDER BY id desc  [ RunTime:0.0000s ]
SQL: SELECT * FROM `dq_goodsfenlei` WHERE `fid` = 34 ORDER BY id desc  [ RunTime:0.0010s ]
SQL: SELECT * FROM `dq_goodsfenlei` WHERE `fid` = 33 ORDER BY id desc  [ RunTime:0.0000s ]
SQL: SELECT * FROM `dq_goodsfenlei` WHERE `fid` = 32 ORDER BY id desc  [ RunTime:0.0000s ]
SQL: SELECT * FROM `dq_goodsfenlei` WHERE `fid` = 31 ORDER BY id desc  [ RunTime:0.0010s ]
SQL: SELECT * FROM `dq_goodsfenlei` WHERE `fid` = 30 ORDER BY id desc  [ RunTime:0.0000s ]
SQL: SELECT * FROM `dq_goodsfenlei` WHERE `fid` = 29 ORDER BY id desc  [ RunTime:0.0000s ]
SQL: SELECT * FROM `dq_goodsfenlei` WHERE `fid` = 28 ORDER BY id desc  [ RunTime:0.0010s ]
SQL: SELECT * FROM `dq_goodsfenlei` WHERE `fid` = 27 ORDER BY id desc  [ RunTime:0.0000s ]
SQL: SELECT * FROM `dq_goodsfenlei` WHERE `fid` = 26 ORDER BY id desc  [ RunTime:0.0010s ]
SQL: SELECT * FROM `dq_goodsfenlei` WHERE `fid` = 25 ORDER BY id desc  [ RunTime:0.0000s ]
SQL: SELECT * FROM `dq_goodsfenlei` WHERE `fid` = 24 ORDER BY id desc  [ RunTime:0.0000s ]
SQL: SELECT * FROM `dq_goodsfenlei` WHERE `fid` = 23 ORDER BY id desc  [ RunTime:0.0010s ]
SQL: SELECT * FROM `dq_goodsfenlei` WHERE `fid` = 22 ORDER BY id desc  [ RunTime:0.0000s ]
SQL: SELECT * FROM `dq_goodsfenlei` WHERE `fid` = 21 ORDER BY id desc  [ RunTime:0.0010s ]
SQL: SELECT * FROM `dq_goodsfenlei` WHERE `fid` = 20 ORDER BY id desc  [ RunTime:0.0010s ]
SQL: SELECT * FROM `dq_goodsfenlei` WHERE `fid` = 19 ORDER BY id desc  [ RunTime:0.0000s ]
SQL: SELECT * FROM `dq_goodsfenlei` WHERE `fid` = 18 ORDER BY id desc  [ RunTime:0.0010s ]
SQL: SELECT * FROM `dq_goodsfenlei` WHERE `fid` = 17 ORDER BY id desc  [ RunTime:0.0000s ]
SQL: SELECT * FROM `dq_goodsfenlei` WHERE `fid` = 16 ORDER BY id desc  [ RunTime:0.0000s ]
SQL: SELECT * FROM `dq_goodsfenlei` WHERE `fid` = 15 ORDER BY id desc  [ RunTime:0.0010s ]
SQL: SELECT * FROM `dq_goodsfenlei` WHERE `fid` = 14 ORDER BY id desc  [ RunTime:0.0000s ]
SQL: SELECT * FROM `dq_goodsfenlei` WHERE `fid` = 12 ORDER BY id desc  [ RunTime:0.0010s ]
SQL: SELECT * FROM `dq_goodsfenlei` WHERE `fid` = 11 ORDER BY id desc  [ RunTime:0.0010s ]
SQL: SELECT * FROM `dq_goodsfenlei` WHERE `fid` = 9 ORDER BY id desc  [ RunTime:0.0000s ]
SQL: SELECT * FROM `dq_goodsfenlei` WHERE `fid` = 8 ORDER BY id desc  [ RunTime:0.0010s ]
SQL: SELECT * FROM `dq_goodsfenlei` WHERE `fid` = 6 ORDER BY id desc  [ RunTime:0.0000s ]
SQL: SELECT * FROM `dq_goodsfenlei` WHERE `fid` = 5 ORDER BY id desc  [ RunTime:0.0000s ]
SQL: SELECT * FROM `dq_goodsfenlei` WHERE `fid` = 3 ORDER BY id desc  [ RunTime:0.0010s ]
SQL: SELECT * FROM `dq_goodsfenlei` WHERE `fid` = 2 ORDER BY id desc  [ RunTime:0.0000s ]
INFO: [ view_parse ] --START--
INFO: [ template_filter ] --START--
INFO: Run Behavior\ContentReplaceBehavior [ RunTime:0.000000s ]
INFO: [ template_filter ] --END-- [ RunTime:0.000000s ]
NOTIC: [8] Undefined index: childs D:\phpStudy\www\App\Runtime\Cache\Shangchengmanage\4f17944c71dd8be9a9c55a7900aa54f2.php 第 94 行.
NOTIC: [2] Invalid argument supplied for foreach() D:\phpStudy\www\App\Runtime\Cache\Shangchengmanage\4f17944c71dd8be9a9c55a7900aa54f2.php 第 94 行.
NOTIC: [8] Undefined index: childs D:\phpStudy\www\App\Runtime\Cache\Shangchengmanage\4f17944c71dd8be9a9c55a7900aa54f2.php 第 94 行.
NOTIC: [2] Invalid argument supplied for foreach() D:\phpStudy\www\App\Runtime\Cache\Shangchengmanage\4f17944c71dd8be9a9c55a7900aa54f2.php 第 94 行.
NOTIC: [8] Undefined index: childs D:\phpStudy\www\App\Runtime\Cache\Shangchengmanage\4f17944c71dd8be9a9c55a7900aa54f2.php 第 94 行.
NOTIC: [2] Invalid argument supplied for foreach() D:\phpStudy\www\App\Runtime\Cache\Shangchengmanage\4f17944c71dd8be9a9c55a7900aa54f2.php 第 94 行.
NOTIC: [8] Undefined index: childs D:\phpStudy\www\App\Runtime\Cache\Shangchengmanage\4f17944c71dd8be9a9c55a7900aa54f2.php 第 94 行.
NOTIC: [2] Invalid argument supplied for foreach() D:\phpStudy\www\App\Runtime\Cache\Shangchengmanage\4f17944c71dd8be9a9c55a7900aa54f2.php 第 94 行.
NOTIC: [8] Undefined index: childs D:\phpStudy\www\App\Runtime\Cache\Shangchengmanage\4f17944c71dd8be9a9c55a7900aa54f2.php 第 94 行.
NOTIC: [2] Invalid argument supplied for foreach() D:\phpStudy\www\App\Runtime\Cache\Shangchengmanage\4f17944c71dd8be9a9c55a7900aa54f2.php 第 94 行.
NOTIC: [8] Undefined index: childs D:\phpStudy\www\App\Runtime\Cache\Shangchengmanage\4f17944c71dd8be9a9c55a7900aa54f2.php 第 94 行.
NOTIC: [2] Invalid argument supplied for foreach() D:\phpStudy\www\App\Runtime\Cache\Shangchengmanage\4f17944c71dd8be9a9c55a7900aa54f2.php 第 94 行.
NOTIC: [8] Undefined index: childs D:\phpStudy\www\App\Runtime\Cache\Shangchengmanage\4f17944c71dd8be9a9c55a7900aa54f2.php 第 94 行.
NOTIC: [2] Invalid argument supplied for foreach() D:\phpStudy\www\App\Runtime\Cache\Shangchengmanage\4f17944c71dd8be9a9c55a7900aa54f2.php 第 94 行.
NOTIC: [8] Undefined index: childs D:\phpStudy\www\App\Runtime\Cache\Shangchengmanage\4f17944c71dd8be9a9c55a7900aa54f2.php 第 94 行.
NOTIC: [2] Invalid argument supplied for foreach() D:\phpStudy\www\App\Runtime\Cache\Shangchengmanage\4f17944c71dd8be9a9c55a7900aa54f2.php 第 94 行.
NOTIC: [8] Undefined index: childs D:\phpStudy\www\App\Runtime\Cache\Shangchengmanage\4f17944c71dd8be9a9c55a7900aa54f2.php 第 94 行.
NOTIC: [2] Invalid argument supplied for foreach() D:\phpStudy\www\App\Runtime\Cache\Shangchengmanage\4f17944c71dd8be9a9c55a7900aa54f2.php 第 94 行.
NOTIC: [8] Undefined index: childs D:\phpStudy\www\App\Runtime\Cache\Shangchengmanage\4f17944c71dd8be9a9c55a7900aa54f2.php 第 94 行.
NOTIC: [2] Invalid argument supplied for foreach() D:\phpStudy\www\App\Runtime\Cache\Shangchengmanage\4f17944c71dd8be9a9c55a7900aa54f2.php 第 94 行.
NOTIC: [8] Undefined index: childs D:\phpStudy\www\App\Runtime\Cache\Shangchengmanage\4f17944c71dd8be9a9c55a7900aa54f2.php 第 94 行.
NOTIC: [2] Invalid argument supplied for foreach() D:\phpStudy\www\App\Runtime\Cache\Shangchengmanage\4f17944c71dd8be9a9c55a7900aa54f2.php 第 94 行.
NOTIC: [8] Undefined index: childs D:\phpStudy\www\App\Runtime\Cache\Shangchengmanage\4f17944c71dd8be9a9c55a7900aa54f2.php 第 94 行.
NOTIC: [2] Invalid argument supplied for foreach() D:\phpStudy\www\App\Runtime\Cache\Shangchengmanage\4f17944c71dd8be9a9c55a7900aa54f2.php 第 94 行.
NOTIC: [8] Undefined index: childs D:\phpStudy\www\App\Runtime\Cache\Shangchengmanage\4f17944c71dd8be9a9c55a7900aa54f2.php 第 94 行.
NOTIC: [2] Invalid argument supplied for foreach() D:\phpStudy\www\App\Runtime\Cache\Shangchengmanage\4f17944c71dd8be9a9c55a7900aa54f2.php 第 94 行.
NOTIC: [8] Undefined index: childs D:\phpStudy\www\App\Runtime\Cache\Shangchengmanage\4f17944c71dd8be9a9c55a7900aa54f2.php 第 94 行.
NOTIC: [2] Invalid argument supplied for foreach() D:\phpStudy\www\App\Runtime\Cache\Shangchengmanage\4f17944c71dd8be9a9c55a7900aa54f2.php 第 94 行.
NOTIC: [8] Undefined index: childs D:\phpStudy\www\App\Runtime\Cache\Shangchengmanage\4f17944c71dd8be9a9c55a7900aa54f2.php 第 94 行.
NOTIC: [2] Invalid argument supplied for foreach() D:\phpStudy\www\App\Runtime\Cache\Shangchengmanage\4f17944c71dd8be9a9c55a7900aa54f2.php 第 94 行.
NOTIC: [8] Undefined index: childs D:\phpStudy\www\App\Runtime\Cache\Shangchengmanage\4f17944c71dd8be9a9c55a7900aa54f2.php 第 94 行.
NOTIC: [2] Invalid argument supplied for foreach() D:\phpStudy\www\App\Runtime\Cache\Shangchengmanage\4f17944c71dd8be9a9c55a7900aa54f2.php 第 94 行.
NOTIC: [8] Undefined index: childs D:\phpStudy\www\App\Runtime\Cache\Shangchengmanage\4f17944c71dd8be9a9c55a7900aa54f2.php 第 94 行.
NOTIC: [2] Invalid argument supplied for foreach() D:\phpStudy\www\App\Runtime\Cache\Shangchengmanage\4f17944c71dd8be9a9c55a7900aa54f2.php 第 94 行.
NOTIC: [8] Undefined index: childs D:\phpStudy\www\App\Runtime\Cache\Shangchengmanage\4f17944c71dd8be9a9c55a7900aa54f2.php 第 94 行.
NOTIC: [2] Invalid argument supplied for foreach() D:\phpStudy\www\App\Runtime\Cache\Shangchengmanage\4f17944c71dd8be9a9c55a7900aa54f2.php 第 94 行.
NOTIC: [8] Undefined index: childs D:\phpStudy\www\App\Runtime\Cache\Shangchengmanage\4f17944c71dd8be9a9c55a7900aa54f2.php 第 94 行.
NOTIC: [2] Invalid argument supplied for foreach() D:\phpStudy\www\App\Runtime\Cache\Shangchengmanage\4f17944c71dd8be9a9c55a7900aa54f2.php 第 94 行.
NOTIC: [8] Undefined index: childs D:\phpStudy\www\App\Runtime\Cache\Shangchengmanage\4f17944c71dd8be9a9c55a7900aa54f2.php 第 94 行.
NOTIC: [2] Invalid argument supplied for foreach() D:\phpStudy\www\App\Runtime\Cache\Shangchengmanage\4f17944c71dd8be9a9c55a7900aa54f2.php 第 94 行.
NOTIC: [8] Undefined index: childs D:\phpStudy\www\App\Runtime\Cache\Shangchengmanage\4f17944c71dd8be9a9c55a7900aa54f2.php 第 94 行.
NOTIC: [2] Invalid argument supplied for foreach() D:\phpStudy\www\App\Runtime\Cache\Shangchengmanage\4f17944c71dd8be9a9c55a7900aa54f2.php 第 94 行.
NOTIC: [8] Undefined index: childs D:\phpStudy\www\App\Runtime\Cache\Shangchengmanage\4f17944c71dd8be9a9c55a7900aa54f2.php 第 94 行.
NOTIC: [2] Invalid argument supplied for foreach() D:\phpStudy\www\App\Runtime\Cache\Shangchengmanage\4f17944c71dd8be9a9c55a7900aa54f2.php 第 94 行.
NOTIC: [8] Undefined index: childs D:\phpStudy\www\App\Runtime\Cache\Shangchengmanage\4f17944c71dd8be9a9c55a7900aa54f2.php 第 94 行.
NOTIC: [2] Invalid argument supplied for foreach() D:\phpStudy\www\App\Runtime\Cache\Shangchengmanage\4f17944c71dd8be9a9c55a7900aa54f2.php 第 94 行.
NOTIC: [8] Undefined index: childs D:\phpStudy\www\App\Runtime\Cache\Shangchengmanage\4f17944c71dd8be9a9c55a7900aa54f2.php 第 94 行.
NOTIC: [2] Invalid argument supplied for foreach() D:\phpStudy\www\App\Runtime\Cache\Shangchengmanage\4f17944c71dd8be9a9c55a7900aa54f2.php 第 94 行.
NOTIC: [8] Undefined index: childs D:\phpStudy\www\App\Runtime\Cache\Shangchengmanage\4f17944c71dd8be9a9c55a7900aa54f2.php 第 94 行.
NOTIC: [2] Invalid argument supplied for foreach() D:\phpStudy\www\App\Runtime\Cache\Shangchengmanage\4f17944c71dd8be9a9c55a7900aa54f2.php 第 94 行.
NOTIC: [8] Undefined index: childs D:\phpStudy\www\App\Runtime\Cache\Shangchengmanage\4f17944c71dd8be9a9c55a7900aa54f2.php 第 94 行.
NOTIC: [2] Invalid argument supplied for foreach() D:\phpStudy\www\App\Runtime\Cache\Shangchengmanage\4f17944c71dd8be9a9c55a7900aa54f2.php 第 94 行.
NOTIC: [8] Undefined index: childs D:\phpStudy\www\App\Runtime\Cache\Shangchengmanage\4f17944c71dd8be9a9c55a7900aa54f2.php 第 94 行.
NOTIC: [2] Invalid argument supplied for foreach() D:\phpStudy\www\App\Runtime\Cache\Shangchengmanage\4f17944c71dd8be9a9c55a7900aa54f2.php 第 94 行.
NOTIC: [8] Undefined index: childs D:\phpStudy\www\App\Runtime\Cache\Shangchengmanage\4f17944c71dd8be9a9c55a7900aa54f2.php 第 94 行.
NOTIC: [2] Invalid argument supplied for foreach() D:\phpStudy\www\App\Runtime\Cache\Shangchengmanage\4f17944c71dd8be9a9c55a7900aa54f2.php 第 94 行.
NOTIC: [8] Undefined index: childs D:\phpStudy\www\App\Runtime\Cache\Shangchengmanage\4f17944c71dd8be9a9c55a7900aa54f2.php 第 94 行.
NOTIC: [2] Invalid argument supplied for foreach() D:\phpStudy\www\App\Runtime\Cache\Shangchengmanage\4f17944c71dd8be9a9c55a7900aa54f2.php 第 94 行.
NOTIC: [8] Undefined index: childs D:\phpStudy\www\App\Runtime\Cache\Shangchengmanage\4f17944c71dd8be9a9c55a7900aa54f2.php 第 94 行.
NOTIC: [2] Invalid argument supplied for foreach() D:\phpStudy\www\App\Runtime\Cache\Shangchengmanage\4f17944c71dd8be9a9c55a7900aa54f2.php 第 94 行.
NOTIC: [8] Undefined index: childs D:\phpStudy\www\App\Runtime\Cache\Shangchengmanage\4f17944c71dd8be9a9c55a7900aa54f2.php 第 94 行.
NOTIC: [2] Invalid argument supplied for foreach() D:\phpStudy\www\App\Runtime\Cache\Shangchengmanage\4f17944c71dd8be9a9c55a7900aa54f2.php 第 94 行.
NOTIC: [8] Undefined index: childs D:\phpStudy\www\App\Runtime\Cache\Shangchengmanage\4f17944c71dd8be9a9c55a7900aa54f2.php 第 94 行.
NOTIC: [2] Invalid argument supplied for foreach() D:\phpStudy\www\App\Runtime\Cache\Shangchengmanage\4f17944c71dd8be9a9c55a7900aa54f2.php 第 94 行.
NOTIC: [8] Undefined index: childs D:\phpStudy\www\App\Runtime\Cache\Shangchengmanage\4f17944c71dd8be9a9c55a7900aa54f2.php 第 94 行.
NOTIC: [2] Invalid argument supplied for foreach() D:\phpStudy\www\App\Runtime\Cache\Shangchengmanage\4f17944c71dd8be9a9c55a7900aa54f2.php 第 94 行.
NOTIC: [8] Undefined index: childs D:\phpStudy\www\App\Runtime\Cache\Shangchengmanage\4f17944c71dd8be9a9c55a7900aa54f2.php 第 94 行.
NOTIC: [2] Invalid argument supplied for foreach() D:\phpStudy\www\App\Runtime\Cache\Shangchengmanage\4f17944c71dd8be9a9c55a7900aa54f2.php 第 94 行.
NOTIC: [8] Undefined index: childs D:\phpStudy\www\App\Runtime\Cache\Shangchengmanage\4f17944c71dd8be9a9c55a7900aa54f2.php 第 94 行.
NOTIC: [2] Invalid argument supplied for foreach() D:\phpStudy\www\App\Runtime\Cache\Shangchengmanage\4f17944c71dd8be9a9c55a7900aa54f2.php 第 94 行.
NOTIC: [8] Undefined variable: page D:\phpStudy\www\App\Runtime\Cache\Shangchengmanage\4f17944c71dd8be9a9c55a7900aa54f2.php 第 109 行.
INFO: Run Behavior\ParseTemplateBehavior [ RunTime:0.013001s ]
INFO: [ view_parse ] --END-- [ RunTime:0.013001s ]
INFO: [ view_filter ] --START--
INFO: Run Behavior\WriteHtmlCacheBehavior [ RunTime:0.000000s ]
INFO: Run Behavior\TokenBuildBehavior [ RunTime:0.001000s ]
INFO: [ view_filter ] --END-- [ RunTime:0.001000s ]
INFO: [ app_end ] --START--
INFO: Run Behavior\ShowPageTraceBehavior [ RunTime:0.000000s ]
INFO: [ app_end ] --END-- [ RunTime:0.000000s ]

